Log file open, 05/12/16 14:46:36
LogInit:Display: Running engine for game: HafeezSpaceShooter
LogPlatformFile: Not using cached read wrapper
LogInit:Display: RandInit(2008272053) SRandInit(2008272054).
LogTaskGraph: Started task graph with 4 named threads and 5 total threads.
LogStats: Stats thread started at 0.104977
LogInit: Version: 4.11.2-2946394+++UE4+Release-4.11
LogInit: API Version: 2927265
LogInit: Compiled (64-bit): Apr 18 2016 02:18:46
LogInit: Compiled with Visual C++: 19.00.23026.00
LogInit: Build Configuration: Development
LogInit: Branch Name: ++UE4+Release-4.11
LogInit: Command line:  
LogInit: Base directory: C:/Program Files (x86)/Epic Games/4.11/Engine/Binaries/Win64/
LogInit: Installed Engine Build: 1
LogInit: Using libcurl 7.41.0
LogInit:  - built for x86_64-pc-win32
LogInit:  - supports SSL with WinSSL
LogInit:  - other features:
LogInit:      CURL_VERSION_SSL
LogInit:      CURL_VERSION_IPV6
LogInit:      CURL_VERSION_ASYNCHDNS
LogInit:      CURL_VERSION_LARGEFILE
LogInit:      CURL_VERSION_IDN
LogInit:  CurlRequestOptions (configurable via config and command line):
LogInit:  - bVerifyPeer = true  - Libcurl will verify peer certificate
LogInit:  - bUseHttpProxy = false  - Libcurl will NOT use HTTP proxy
LogInit:  - bDontReuseConnections = false  - Libcurl will reuse connections
LogInit:  - CertBundlePath = nullptr  - Libcurl will use whatever was configured at build time.
LogInit: Presizing for max 16777216 objects, including 0 objects not considered by GC, pre-allocating 0 bytes for permanent pool.
LogInit: Object subsystem initialized
[2016.05.12-18.46.37:213][  0]LogInit: Selected Device Profile: [Windows]
[2016.05.12-18.46.37:213][  0]LogInit: Applying CVar settings loaded from the selected device profile: [Windows]
[2016.05.12-18.46.37:250][  0]LogInit: Computer: UZAIR_HAFEEZ
[2016.05.12-18.46.37:250][  0]LogInit: User: UzairHafeez
[2016.05.12-18.46.37:250][  0]LogInit: CPU Page size=65536, Cores=2
[2016.05.12-18.46.37:250][  0]LogInit: High frequency timer resolution =2.240905 MHz
[2016.05.12-18.46.37:250][  0]LogMemory: Memory total: Physical=3.9GB (4GB approx)
[2016.05.12-18.46.37:250][  0]LogMemory: Platform Memory Stats for Windows
[2016.05.12-18.46.37:250][  0]LogMemory: Process Physical Memory: 310.52 MB used, 310.52 MB peak
[2016.05.12-18.46.37:250][  0]LogMemory: Process Virtual Memory: 315.24 MB used, 315.24 MB peak
[2016.05.12-18.46.37:250][  0]LogMemory: Physical Memory: 3078.40 MB used, 3979.78 MB total
[2016.05.12-18.46.37:250][  0]LogMemory: Virtual Memory: 629.86 MB used, 134217728.00 MB total
[2016.05.12-18.46.37:747][  0]LogTextLocalizationManager: No specific translations for ('en-US') exist, so ('en') translations will be used.
[2016.05.12-18.46.38:486][  0]LogD3D11RHI: D3D11 adapters:
[2016.05.12-18.46.38:853][  0]LogD3D11RHI:    0. 'Intel(R) HD Graphics Family' (Feature Level 11_0)
[2016.05.12-18.46.38:853][  0]LogD3D11RHI:       32MB of dedicated video memory, 0MB of dedicated system memory, and 1760MB of shared system memory, 1 output[s]
[2016.05.12-18.46.38:855][  0]LogD3D11RHI:    1. 'Microsoft Basic Render Driver' (Feature Level 11_0)
[2016.05.12-18.46.38:855][  0]LogD3D11RHI:       0MB of dedicated video memory, 0MB of dedicated system memory, and 256MB of shared system memory, 0 output[s]
[2016.05.12-18.46.38:855][  0]LogD3D11RHI: Chosen D3D11 Adapter: 0
[2016.05.12-18.46.38:859][  0]LogD3D11RHI: Creating new Direct3DDevice
[2016.05.12-18.46.38:860][  0]LogD3D11RHI:     Adapter Name: Intel(R) HD Graphics Family
[2016.05.12-18.46.38:860][  0]LogD3D11RHI:   Driver Version: 10.18.14.4062 (internal 10.18.14.4062)
[2016.05.12-18.46.38:860][  0]LogD3D11RHI:      Driver Date: 12-15-2014
[2016.05.12-18.46.38:860][  0]LogRHI: Texture pool is 638 MB (70% of 912 MB)
[2016.05.12-18.46.38:868][  0]LogD3D11RHI: Async texture creation enabled
[2016.05.12-18.46.38:877][  0]LogShaderCompilers: Guid format shader working directory is -39 characters bigger than the processId version (../../../../../../Users/Uzair Hafeez/Desktop/SpaceShooterFinalVersion/HafeezSpaceShooter/Intermediate/Shaders/WorkingDirectory/1112/).
[2016.05.12-18.46.38:877][  0]LogShaderCompilers: Cleaned the shader compiler working directory 'C:/Users/UZAIRH~1/AppData/Local/Temp/UnrealShaderWorkingDir/1B65686348387FE57DAB11B1B5E6FE35/'.
[2016.05.12-18.46.38:877][  0]LogShaderCompilers:Display: Using Local Shader Compiler.
[2016.05.12-18.46.47:568][  0]LogTemp:Display: Loaded TP AllDesktopTargetPlatform
[2016.05.12-18.46.47:597][  0]LogTemp:Display: Loaded TP WindowsClientTargetPlatform
[2016.05.12-18.46.47:616][  0]LogTemp:Display: Loaded TP WindowsNoEditorTargetPlatform
[2016.05.12-18.46.47:635][  0]LogTemp:Display: Loaded TP WindowsServerTargetPlatform
[2016.05.12-18.46.47:661][  0]LogTemp:Display: Loaded TP WindowsTargetPlatform
[2016.05.12-18.46.47:711][  0]LogTemp:Display: Loaded TP AndroidTargetPlatform
[2016.05.12-18.46.47:774][  0]LogTemp:Display: Loaded TP Android_ASTCTargetPlatform
[2016.05.12-18.46.47:795][  0]LogTemp:Display: Loaded TP Android_ATCTargetPlatform
[2016.05.12-18.46.47:815][  0]LogTemp:Display: Loaded TP Android_DXTTargetPlatform
[2016.05.12-18.46.47:840][  0]LogTemp:Display: Loaded TP Android_ETC1TargetPlatform
[2016.05.12-18.46.47:867][  0]LogTemp:Display: Loaded TP Android_ETC2TargetPlatform
[2016.05.12-18.46.47:918][  0]LogTemp:Display: Loaded TP Android_MultiTargetPlatform
[2016.05.12-18.46.47:918][  0]LogTemp:Display: Loaded TP Android_PVRTCTargetPlatform
[2016.05.12-18.46.47:952][  0]LogTemp:Display: Loaded TP HTML5TargetPlatform
[2016.05.12-18.46.48:055][  0]LogTemp:Display: Loaded TP IOSTargetPlatform
[2016.05.12-18.46.48:066][  0]LogTemp:Display: Loaded TP TVOSTargetPlatform
[2016.05.12-18.46.48:086][  0]LogTemp:Display: Loaded TP LinuxNoEditorTargetPlatform
[2016.05.12-18.46.48:108][  0]LogTemp:Display: Loaded TP LinuxServerTargetPlatform
[2016.05.12-18.46.48:151][  0]LogTemp:Display: Loaded TP LinuxTargetPlatform
[2016.05.12-18.46.48:151][  0]LogTargetPlatformManager:Display: Building Assets For Windows
[2016.05.12-18.46.49:164][  0]LogDerivedDataCache:Display: Max Cache Size: 512 MB
[2016.05.12-18.46.50:225][  0]LogDerivedDataCache: Loaded boot cache 1.04s 46MB C:/Users/Uzair Hafeez/AppData/Local/UnrealEngine/4.11/DerivedDataCache/Boot.ddc.
[2016.05.12-18.46.50:225][  0]LogDerivedDataCache:Display: Loaded Boot cache: C:/Users/Uzair Hafeez/AppData/Local/UnrealEngine/4.11/DerivedDataCache/Boot.ddc
[2016.05.12-18.46.50:225][  0]LogDerivedDataCache: FDerivedDataBackendGraph:  Pak pak cache file ../../../../../../Users/Uzair Hafeez/Desktop/SpaceShooterFinalVersion/HafeezSpaceShooter/DerivedDataCache/DDC.ddp not found, will not use a pak cache.
[2016.05.12-18.46.50:225][  0]LogDerivedDataCache: Unable to find inner node Pak for hierarchical cache Hierarchy.
[2016.05.12-18.46.50:225][  0]LogDerivedDataCache: FDerivedDataBackendGraph:  CompressedPak pak cache file ../../../../../../Users/Uzair Hafeez/Desktop/SpaceShooterFinalVersion/HafeezSpaceShooter/DerivedDataCache/Compressed.ddp not found, will not use a pak cache.
[2016.05.12-18.46.50:225][  0]LogDerivedDataCache: Unable to find inner node CompressedPak for hierarchical cache Hierarchy.
[2016.05.12-18.46.50:378][  0]LogDerivedDataCache:Display: Pak cache opened for reading ../../../Engine/DerivedDataCache/Compressed.ddp.
[2016.05.12-18.46.50:459][  0]LogDerivedDataCache: Using Local data cache path C:/Users/Uzair Hafeez/AppData/Local/UnrealEngine/Common/DerivedDataCache: Writable
[2016.05.12-18.47.14:964][  0]LogInit: Selected Device Profile: [Windows]
[2016.05.12-18.47.15:249][  0]LogContentStreaming: Texture pool size is 0.00 MB
[2016.05.12-18.47.15:777][  0]LogMaterial: Uniform references updated for custom material expression Custom.
[2016.05.12-18.47.16:339][  0]LogMeshUtilities: No automatic mesh reduction module available
[2016.05.12-18.47.16:339][  0]LogMeshUtilities: No automatic mesh merging module available
[2016.05.12-18.47.16:339][  0]LogMeshUtilities: No distributed automatic mesh merging module available
[2016.05.12-18.47.18:562][  0]LogUObjectArray: 27679 objects as part of root set at end of initial load.
[2016.05.12-18.47.18:562][  0]LogUObjectAllocator: 5591592 out of 0 bytes used by permanent object pool.
[2016.05.12-18.47.18:562][  0]LogUObjectArray: CloseDisregardForGC: 0/0 objects in disregard for GC pool
[2016.05.12-18.47.18:588][  0]LogInit: WinSock: version 1.1 (2.2), MaxSocks=32767, MaxUdp=65467
[2016.05.12-18.47.21:646][  0]LogSlate: SlateFontCache - WITH_FREETYPE: 1, WITH_HARFBUZZ: 1
[2016.05.12-18.47.21:646][  0]LogSlate: SlateFontCache - WITH_FREETYPE: 1, WITH_HARFBUZZ: 1
[2016.05.12-18.47.27:562][  0]LogStreaming:Warning: Failed to read file '../../../Engine/Content/Editor/Slate/Common/Selection_16x.png' error.
[2016.05.12-18.47.27:563][  0]LogSlate: Could not find file for Slate resource: ../../../Engine/Content/Editor/Slate/Common/Selection_16x.png
[2016.05.12-18.47.27:563][  0]LogStreaming:Warning: Failed to read file '../../../Engine/Content/Editor/Slate/Common/Selection_16x.png' error.
[2016.05.12-18.47.27:563][  0]LogSlate: Could not find file for Slate resource: ../../../Engine/Content/Editor/Slate/Common/Selection_16x.png
[2016.05.12-18.47.27:563][  0]LogStreaming:Warning: Failed to read file '../../../Engine/Content/Editor/Slate/Common/Selection_16x.png' error.
[2016.05.12-18.47.27:563][  0]LogSlate: Could not find file for Slate resource: ../../../Engine/Content/Editor/Slate/Common/Selection_16x.png
[2016.05.12-18.47.46:352][  0]LogUdpMessaging: Initializing bridge on interface 0.0.0.0:0 to multicast group 230.0.0.1:6666.
[2016.05.12-18.47.47:178][  0]LogAssetRegistry: FAssetRegistry took 0.0225 seconds to start up
[2016.05.12-18.47.50:789][  0]SourceControl: Info Source control is disabled
[2016.05.12-18.47.50:805][  0]SourceControl: Info Source control is disabled
[2016.05.12-18.47.51:083][  0]SourceControl: Info Source control is disabled
[2016.05.12-18.47.51:251][  0]SourceControl: Info Source control is disabled
[2016.05.12-18.47.53:147][  0]LogHMD: Failed to initialize OpenVR with code 110
[2016.05.12-18.47.53:995][  0]LogEngine: Initializing Engine...
[2016.05.12-18.47.55:151][  0]LogAIModule: Creating AISystem for world NewWorld
[2016.05.12-18.47.55:416][  0]LogInit: XAudio2 using 'Speakers (High Definition Audio Device)' : 2 channels at 44.1 kHz using 16 bits per sample (channel mask 0x3)
[2016.05.12-18.47.55:472][  0]LogInit: FAudioDevice initialized.
[2016.05.12-18.47.55:503][  0]LogDerivedDataCache: Saved boot cache 0.03s 46MB C:/Users/Uzair Hafeez/AppData/Local/UnrealEngine/4.11/DerivedDataCache/Boot.ddc.
[2016.05.12-18.47.55:655][  0]LogInit: Texture streaming: Enabled
[2016.05.12-18.47.58:043][  0]LogInit: Transaction tracking system initialized
[2016.05.12-18.47.59:026][  0]BlueprintLog: New page: Editor Load
[2016.05.12-18.48.12:762][  0]LocalizationService: Info Localization service is disabled
[2016.05.12-18.48.16:119][  0]LogConsoleResponse:Display: 
[2016.05.12-18.48.25:172][  0]LogFileCache: Scanning file cache for directory 'C:/Users/Uzair Hafeez/Desktop/SpaceShooterFinalVersion/HafeezSpaceShooter/Content/' took 0.06s
[2016.05.12-18.48.25:172][  0]LogCook:Display: Max memory allowance for cook 8192mb
[2016.05.12-18.48.25:172][  0]LogCook:Display: Mobile HDR setting 1
[2016.05.12-18.48.25:182][  0]LogCook:Display: Done creating registry. It took  0.00s.
[2016.05.12-18.48.28:524][  0]SourceControl: Info Source control is disabled
[2016.05.12-18.48.28:800][  0]Cmd: MAP LOAD FILE="../../../../../../Users/Uzair Hafeez/Desktop/SpaceShooterFinalVersion/HafeezSpaceShooter/Content/Maps/Main.umap" TEMPLATE=0 SHOWPROGRESS=1 FEATURELEVEL=3
[2016.05.12-18.48.28:942][  0]LightingResults: New page: Lighting Build
[2016.05.12-18.48.30:001][  0]MapCheck: New page: Map Check
[2016.05.12-18.48.30:001][  0]LightingResults: New page: Lighting Build
[2016.05.12-18.49.17:842][  0]LogAIModule: Creating AISystem for world Main
[2016.05.12-18.49.39:307][  0]LogEditorServer: Finished looking for orphan Actors (0.210 secs)
[2016.05.12-18.49.43:134][  0]Cmd: MAP CHECKDEP NOCLEARLOG
[2016.05.12-18.49.45:138][  0]MapCheck: Info Map check complete: 0 Error(s), 0 Warning(s), took 2,004.571ms to complete.
[2016.05.12-18.49.45:452][  0]LogFileHelpers: Loading map 'Main' took 76.729
[2016.05.12-18.50.07:231][  0]LogCollectionManager: Loaded 0 collections in 0.002972 seconds
[2016.05.12-18.50.08:533][  0]LogFileCache: Scanning file cache for directory 'C:/Users/Uzair Hafeez/Desktop/SpaceShooterFinalVersion/HafeezSpaceShooter/Saved/Collections/' took 0.01s
[2016.05.12-18.50.08:533][  0]LogFileCache: Scanning file cache for directory 'C:/Users/Uzair Hafeez/Desktop/SpaceShooterFinalVersion/HafeezSpaceShooter/Content/Developers/UzairHafeez/Collections/' took 0.01s
[2016.05.12-18.50.08:533][  0]LogFileCache: Scanning file cache for directory 'C:/Users/Uzair Hafeez/Desktop/SpaceShooterFinalVersion/HafeezSpaceShooter/Content/Collections/' took 0.01s
[2016.05.12-18.50.08:533][  0]LogCollectionManager: Rebuilt the GUID cache for 0 collections in 0.000013 seconds
[2016.05.12-18.50.08:624][  0]LogContentBrowser: Native class hierarchy populated in 0.0908 seconds. Added 1979 classes and 343 folders.
[2016.05.12-18.50.09:573][  0]LogStats: UGameplayTagsManager::ConstructGameplayTagTree: Construct from data asset -  0.172 s
[2016.05.12-18.50.09:575][  0]LogStats: UGameplayTagsManager::ConstructGameplayTagTree: GameplayTagTreeChangedEvent.Broadcast -  0.002 s
[2016.05.12-18.50.09:576][  0]LogContentBrowser: Native class hierarchy updated for 'GameplayTags' in 0.0006 seconds. Added 12 classes and 0 folders.
[2016.05.12-18.50.10:299][  0]LogContentBrowser: Native class hierarchy updated for 'WidgetCarousel' in 0.0009 seconds. Added 0 classes and 0 folders.
[2016.05.12-18.50.18:190][  0]LogContentBrowser: Native class hierarchy updated for 'SuperSearch' in 0.0005 seconds. Added 1 classes and 2 folders.
[2016.05.12-18.50.42:625][  0]LogContentBrowser: Native class hierarchy updated for 'AddContentDialog' in 0.0005 seconds. Added 0 classes and 0 folders.
[2016.05.12-18.50.46:791][  0]LogContentBrowser: Native class hierarchy updated for 'SceneOutliner' in 0.0004 seconds. Added 1 classes and 2 folders.
[2016.05.12-18.51.09:804][  0]LogCrashTracker: Crashtracker disabled due to settings.
[2016.05.12-18.51.11:368][  0]LogUObjectGlobals:Warning: Failed to find object 'Class None.'
[2016.05.12-18.51.13:561][  0]LogContentBrowser: Native class hierarchy updated for 'HierarchicalLODOutliner' in 0.0005 seconds. Added 1 classes and 2 folders.
[2016.05.12-18.51.13:691][  0]LogLoad: Full Startup: 278.65 seconds (BP compile: 2.58 seconds)
[2016.05.12-18.51.13:879][  0]LogExternalProfiler: Found external profiler: VSPerf
[2016.05.12-18.51.13:879][  0]LogExternalProfiler: Using external profiler: VSPerf
[2016.05.12-18.51.14:481][  0]LogOcInput: OculusInput pre-init called
[2016.05.12-18.51.29:025][  0]LogContentStreaming: Texture pool size now 200 MB
[2016.05.12-18.51.33:230][  0]LogRenderer: Reallocating scene render targets to support 876x380 (Frame:2).
[2016.05.12-18.51.37:802][  4]LogAssetRegistry: Asset discovery search completed in 230.6466 seconds
[2016.05.12-18.51.37:802][  4]LogCollectionManager: Rebuilt the object cache for 0 collections in 0.000001 seconds (found 0 objects)
[2016.05.12-18.51.37:802][  4]LogCollectionManager: Fixed up redirectors for 0 collections in 0.000040 seconds (updated 0 objects)
[2016.05.12-20.22.05:498][314]LogContentBrowser: Native class hierarchy updated for 'BlueprintGraph' in 0.0010 seconds. Added 108 classes and 0 folders.
[2016.05.12-20.34.48:178][859]LogWindowsTextInputMethodSystem:Display: IME system now deactivated.
[2016.05.12-20.34.48:892][860]Cmd: QUIT_EDITOR
[2016.05.12-20.34.49:765][860]LogExit: Preparing to exit.
[2016.05.12-20.34.51:261][860]LogExit: Editor shut down
[2016.05.12-20.34.51:262][860]LogExit: Transaction tracking system shut down
[2016.05.12-20.34.55:492][860]LogObj: Freed 0b from 0 cluster array pools.
[2016.05.12-20.34.55:492][860]LogExit: Object subsystem successfully closed.
[2016.05.12-20.34.55:989][860]LogD3D11RHI: Shutdown
[2016.05.12-20.34.55:989][860]LogD3D11RHI: CleanupD3DDevice
[2016.05.12-20.34.56:176][860]LogD3D11RHI: ~FD3D11DynamicRHI
[2016.05.12-20.34.56:513][860]LogDerivedDataCache: Shutdown
[2016.05.12-20.34.57:701][860]LogModuleManager: Shutting down and abandoning module BlueprintGraph (205)
[2016.05.12-20.34.57:716][860]LogModuleManager: Shutting down and abandoning module HierarchicalLODOutliner (204)
[2016.05.12-20.34.57:729][860]LogModuleManager: Shutting down and abandoning module CrashTracker (203)
[2016.05.12-20.34.57:729][860]LogModuleManager: Shutting down and abandoning module SceneOutliner (202)
[2016.05.12-20.34.57:757][860]LogModuleManager: Shutting down and abandoning module SuperSearch (201)
[2016.05.12-20.34.57:757][860]LogModuleManager: Shutting down and abandoning module WidgetCarousel (200)
[2016.05.12-20.34.57:757][860]LogModuleManager: Shutting down and abandoning module AddContentDialog (199)
[2016.05.12-20.34.57:781][860]LogModuleManager: Shutting down and abandoning module GameplayTags (198)
[2016.05.12-20.34.57:781][860]LogModuleManager: Shutting down and abandoning module EditorWidgets (197)
[2016.05.12-20.34.57:781][860]LogModuleManager: Shutting down and abandoning module CollectionManager (196)
[2016.05.12-20.34.57:801][860]LogModuleManager: Shutting down and abandoning module StatsViewer (195)
[2016.05.12-20.34.57:839][860]LogModuleManager: Shutting down and abandoning module FoliageEdit (194)
[2016.05.12-20.34.57:855][860]LogModuleManager: Shutting down and abandoning module LandscapeEditor (193)
[2016.05.12-20.34.57:923][860]LogModuleManager: Shutting down and abandoning module ActorPickerMode (192)
[2016.05.12-20.34.57:923][860]LogModuleManager: Shutting down and abandoning module GeometryMode (191)
[2016.05.12-20.34.57:923][860]LogModuleManager: Shutting down and abandoning module TextureAlignMode (190)
[2016.05.12-20.34.57:923][860]LogModuleManager: Shutting down and abandoning module BspMode (189)
[2016.05.12-20.34.57:923][860]LogModuleManager: Shutting down and abandoning module PlacementMode (188)
[2016.05.12-20.34.57:923][860]LogModuleManager: Shutting down and abandoning module AutomationWorker (187)
[2016.05.12-20.34.57:923][860]LogModuleManager: Shutting down and abandoning module CharacterAI (186)
[2016.05.12-20.34.57:923][860]LogModuleManager: Shutting down and abandoning module SmartSnapping (185)
[2016.05.12-20.34.57:923][860]LogModuleManager: Shutting down and abandoning module ViewportSnapping (184)
[2016.05.12-20.34.57:924][860]LogModuleManager: Shutting down and abandoning module LogVisualizer (183)
[2016.05.12-20.34.58:090][860]LogModuleManager: Shutting down and abandoning module GameProjectGeneration (182)
[2016.05.12-20.34.58:139][860]LogModuleManager: Shutting down and abandoning module IntroTutorials (181)
[2016.05.12-20.34.58:168][860]LogModuleManager: Shutting down and abandoning module EditorLiveStreaming (180)
[2016.05.12-20.34.58:168][860]LogModuleManager: Shutting down and abandoning module IOSPlatformEditor (179)
[2016.05.12-20.34.58:482][860]LogModuleManager: Shutting down and abandoning module HTML5PlatformEditor (178)
[2016.05.12-20.34.58:482][860]LogModuleManager: Shutting down and abandoning module AndroidDeviceDetection (177)
[2016.05.12-20.34.59:178][860]LogModuleManager: Shutting down and abandoning module AndroidPlatformEditor (176)
[2016.05.12-20.34.59:178][860]LogModuleManager: Shutting down and abandoning module IOSRuntimeSettings (175)
[2016.05.12-20.34.59:178][860]LogModuleManager: Shutting down and abandoning module AndroidRuntimeSettings (174)
[2016.05.12-20.34.59:178][860]LogModuleManager: Shutting down and abandoning module MergeActors (173)
[2016.05.12-20.34.59:200][860]LogModuleManager: Shutting down and abandoning module SizeMap (172)
[2016.05.12-20.34.59:230][860]LogModuleManager: Shutting down and abandoning module TreeMap (171)
[2016.05.12-20.34.59:274][860]LogModuleManager: Shutting down and abandoning module ReferenceViewer (170)
[2016.05.12-20.34.59:281][860]LogModuleManager: Shutting down and abandoning module LocalizationService (169)
[2016.05.12-20.34.59:323][860]LogModuleManager: Shutting down and abandoning module LocalizationDashboard (168)
[2016.05.12-20.34.59:334][860]LogModuleManager: Shutting down and abandoning module HardwareTargeting (167)
[2016.05.12-20.34.59:334][860]LogModuleManager: Shutting down and abandoning module DeviceProfileEditor (166)
[2016.05.12-20.34.59:413][860]LogModuleManager: Shutting down and abandoning module UndoHistory (165)
[2016.05.12-20.34.59:425][860]LogModuleManager: Shutting down and abandoning module UserFeedback (164)
[2016.05.12-20.34.59:425][860]LogModuleManager: Shutting down and abandoning module XmlParser (163)
[2016.05.12-20.34.59:436][860]LogModuleManager: Shutting down and abandoning module Blutility (162)
[2016.05.12-20.34.59:494][860]LogModuleManager: Shutting down and abandoning module ProjectTargetPlatformEditor (161)
[2016.05.12-20.34.59:495][860]LogModuleManager: Shutting down and abandoning module ProjectSettingsViewer (160)
[2016.05.12-20.34.59:495][860]LogModuleManager: Shutting down and abandoning module InputBindingEditor (159)
[2016.05.12-20.34.59:548][860]LogModuleManager: Shutting down and abandoning module EditorSettingsViewer (158)
[2016.05.12-20.34.59:548][860]LogModuleManager: Shutting down and abandoning module SettingsEditor (157)
[2016.05.12-20.34.59:607][860]LogModuleManager: Shutting down and abandoning module ProjectLauncher (156)
[2016.05.12-20.34.59:637][860]LogModuleManager: Shutting down and abandoning module SessionFrontend (155)
[2016.05.12-20.34.59:666][860]LogModuleManager: Shutting down and abandoning module ProfilerClient (154)
[2016.05.12-20.34.59:688][860]LogModuleManager: Shutting down and abandoning module TargetDeviceServices (153)
[2016.05.12-20.34.59:701][860]LogModuleManager: Shutting down and abandoning module DeviceManager (152)
[2016.05.12-20.34.59:770][860]LogModuleManager: Shutting down and abandoning module AutomationController (151)
[2016.05.12-20.34.59:860][860]LogModuleManager: Shutting down and abandoning module AutomationWindow (150)
[2016.05.12-20.34.59:993][860]LogModuleManager: Shutting down and abandoning module Layers (149)
[2016.05.12-20.35.00:097][860]LogModuleManager: Shutting down and abandoning module ComponentVisualizers (148)
[2016.05.12-20.35.00:097][860]LogModuleManager: Shutting down and abandoning module DetailCustomizations (147)
[2016.05.12-20.35.00:135][860]LogModuleManager: Shutting down and abandoning module PackagesDialog (146)
[2016.05.12-20.35.00:167][860]LogModuleManager: Shutting down and abandoning module Persona (145)
[2016.05.12-20.35.00:312][860]LogModuleManager: Shutting down and abandoning module Kismet (144)
[2016.05.12-20.35.00:320][860]LogModuleManager: Shutting down and abandoning module GraphEditor (143)
[2016.05.12-20.35.00:320][860]LogModuleManager: Shutting down and abandoning module ClassViewer (142)
[2016.05.12-20.35.00:356][860]LogModuleManager: Shutting down and abandoning module Toolbox (141)
[2016.05.12-20.35.00:367][860]LogModuleManager: Shutting down and abandoning module ModuleUI (140)
[2016.05.12-20.35.00:393][860]LogModuleManager: Shutting down and abandoning module MovieSceneTools (139)
[2016.05.12-20.35.00:454][860]LogModuleManager: Shutting down and abandoning module OutputLog (138)
[2016.05.12-20.35.00:486][860]LogModuleManager: Shutting down and abandoning module GammaUI (137)
[2016.05.12-20.35.00:537][860]LogModuleManager: Shutting down and abandoning module Documentation (136)
[2016.05.12-20.35.00:537][860]LogModuleManager: Shutting down and abandoning module StreamingPauseRendering (135)
[2016.05.12-20.35.00:537][860]LogModuleManager: Shutting down and abandoning module AnalyticsET (134)
[2016.05.12-20.35.00:537][860]LogModuleManager: Shutting down and abandoning module Analytics (133)
[2016.05.12-20.35.00:537][860]LogModuleManager: Shutting down and abandoning module PortalServices (132)
[2016.05.12-20.35.00:537][860]LogModuleManager: Shutting down and abandoning module PortalRpc (131)
[2016.05.12-20.35.00:537][860]LogModuleManager: Shutting down and abandoning module MessagingRpc (130)
[2016.05.12-20.35.00:537][860]LogModuleManager: Shutting down and abandoning module AITestSuite (129)
[2016.05.12-20.35.00:553][860]LogModuleManager: Shutting down and abandoning module GameplayDebugger (128)
[2016.05.12-20.35.00:553][860]LogModuleManager: Shutting down and abandoning module AIModule (127)
[2016.05.12-20.35.00:553][860]LogModuleManager: Shutting down and abandoning module ProfilerService (126)
[2016.05.12-20.35.00:619][860]LogModuleManager: Shutting down and abandoning module TaskGraph (125)
[2016.05.12-20.35.00:740][860]LogModuleManager: Shutting down and abandoning module SlateRemote (124)
[2016.05.12-20.35.00:740][860]LogModuleManager: Shutting down and abandoning module SteamVRController (123)
[2016.05.12-20.35.00:740][860]LogModuleManager: Shutting down and abandoning module SteamVR (122)
[2016.05.12-20.35.00:740][860]LogModuleManager: Shutting down and abandoning module ProceduralMeshComponent (121)
[2016.05.12-20.35.00:740][860]LogModuleManager: Shutting down and abandoning module OculusLibrary (120)
[2016.05.12-20.35.00:740][860]LogModuleManager: Shutting down and abandoning module OculusInput (119)
[2016.05.12-20.35.00:740][860]LogModuleManager: Shutting down and abandoning module CustomMeshComponent (118)
[2016.05.12-20.35.00:740][860]LogModuleManager: Shutting down and abandoning module CableComponent (117)
[2016.05.12-20.35.00:740][860]LogModuleManager: Shutting down and abandoning module ArchVisCharacter (116)
[2016.05.12-20.35.00:740][860]LogModuleManager: Shutting down and abandoning module MediaPlayerEditor (115)
[2016.05.12-20.35.00:788][860]LogModuleManager: Shutting down and abandoning module HTML5Networking (114)
[2016.05.12-20.35.00:788][860]LogModuleManager: Shutting down and abandoning module SpeedTreeImporter (113)
[2016.05.12-20.35.00:788][860]LogModuleManager: Shutting down and abandoning module PluginBrowser (112)
[2016.05.12-20.35.00:839][860]LogModuleManager: Shutting down and abandoning module EpicSurvey (111)
[2016.05.12-20.35.00:857][860]LogModuleManager: Shutting down and abandoning module DesktopPlatform (110)
[2016.05.12-20.35.00:906][860]LogModuleManager: Shutting down and abandoning module VisualStudioSourceCodeAccess (109)
[2016.05.12-20.35.00:928][860]LogModuleManager: Shutting down and abandoning module UObjectPlugin (108)
[2016.05.12-20.35.00:928][860]LogModuleManager: Shutting down and abandoning module SubversionSourceControl (107)
[2016.05.12-20.35.00:943][860]LogModuleManager: Shutting down and abandoning module PerforceSourceControl (106)
[2016.05.12-20.35.00:985][860]LogModuleManager: Shutting down and abandoning module SourceControl (105)
[2016.05.12-20.35.01:043][860]LogModuleManager: Shutting down and abandoning module GitSourceControl (104)
[2016.05.12-20.35.01:101][860]LogModuleManager: Shutting down and abandoning module LightPropagationVolumeEditor (103)
[2016.05.12-20.35.01:101][860]LogModuleManager: Shutting down and abandoning module PaperTiledImporter (102)
[2016.05.12-20.35.01:113][860]LogModuleManager: Shutting down and abandoning module PaperSpriteSheetImporter (101)
[2016.05.12-20.35.01:113][860]LogModuleManager: Shutting down and abandoning module MeshPaint (100)
[2016.05.12-20.35.01:122][860]LogModuleManager: Shutting down and abandoning module HotReload (99)
[2016.05.12-20.35.01:198][860]LogModuleManager: Shutting down and abandoning module MainFrame (98)
[2016.05.12-20.35.01:198][860]LogModuleManager: Shutting down and abandoning module LevelEditor (97)
[2016.05.12-20.35.01:209][860]LogModuleManager: Shutting down and abandoning module DirectoryWatcher (96)
[2016.05.12-20.35.01:243][860]LogModuleManager: Shutting down and abandoning module AssetRegistry (95)
[2016.05.12-20.35.01:554][860]LogModuleManager: Shutting down and abandoning module ContentBrowser (94)
[2016.05.12-20.35.01:555][860]LogModuleManager: Shutting down and abandoning module Paper2DEditor (93)
[2016.05.12-20.35.01:578][860]LogModuleManager: Shutting down and abandoning module UdpMessaging (92)
[2016.05.12-20.35.01:679][860]LogModuleManager: Shutting down and abandoning module LightPropagationVolumeRuntime (91)
[2016.05.12-20.35.01:679][860]LogModuleManager: Shutting down and abandoning module Paper2D (90)
[2016.05.12-20.35.01:732][860]LogModuleManager: Shutting down and abandoning module WindowsMoviePlayer (89)
[2016.05.12-20.35.01:853][860]LogModuleManager: Shutting down and abandoning module Media (88)
[2016.05.12-20.35.01:853][860]LogModuleManager: Shutting down and abandoning module WmfMedia (87)
[2016.05.12-20.35.01:963][860]LogModuleManager: Shutting down and abandoning module MediaAssets (86)
[2016.05.12-20.35.01:963][860]LogModuleManager: Shutting down and abandoning module GameLiveStreaming (85)
[2016.05.12-20.35.01:964][860]LogModuleManager: Shutting down and abandoning module GameplayTagsEditor (84)
[2016.05.12-20.35.01:964][860]LogModuleManager: Shutting down and abandoning module OnlineBlueprintSupport (83)
[2016.05.12-20.35.01:964][860]LogModuleManager: Shutting down and abandoning module GameplayTasksEditor (82)
[2016.05.12-20.35.01:964][860]LogModuleManager: Shutting down and abandoning module PropertyEditor (81)
[2016.05.12-20.35.01:964][860]LogModuleManager: Shutting down and abandoning module BehaviorTreeEditor (80)
[2016.05.12-20.35.02:010][860]LogModuleManager: Shutting down and abandoning module FunctionalTesting (79)
[2016.05.12-20.35.02:010][860]LogModuleManager: Shutting down and abandoning module CollisionAnalyzer (78)
[2016.05.12-20.35.02:074][860]LogModuleManager: Shutting down and abandoning module WorkspaceMenuStructure (77)
[2016.05.12-20.35.02:074][860]LogModuleManager: Shutting down and abandoning module MessageLog (76)
[2016.05.12-20.35.02:074][860]LogModuleManager: Shutting down and abandoning module Sequencer (75)
[2016.05.12-20.35.02:142][860]LogModuleManager: Shutting down and abandoning module AssetTools (74)
[2016.05.12-20.35.02:198][860]LogModuleManager: Shutting down and abandoning module UMGEditor (73)
[2016.05.12-20.35.02:265][860]LogModuleManager: Shutting down and abandoning module UMG (72)
[2016.05.12-20.35.02:356][860]LogModuleManager: Shutting down and abandoning module SlateReflector (71)
[2016.05.12-20.35.02:411][860]LogModuleManager: Shutting down and abandoning module Slate (70)
[2016.05.12-20.35.02:411][860]LogModuleManager: Shutting down and abandoning module EditorStyle (69)
[2016.05.12-20.35.02:499][860]LogModuleManager: Shutting down and abandoning module SessionServices (68)
[2016.05.12-20.35.02:499][860]LogModuleManager: Shutting down and abandoning module SourceCodeAccess (67)
[2016.05.12-20.35.02:507][860]LogModuleManager: Shutting down and abandoning module HeadMountedDisplay (66)
[2016.05.12-20.35.02:507][860]LogModuleManager: Shutting down and abandoning module XAudio2 (65)
[2016.05.12-20.35.02:507][860]LogModuleManager: Shutting down and abandoning module Networking (63)
[2016.05.12-20.35.02:507][860]LogModuleManager: Shutting down and abandoning module Core (62)
[2016.05.12-20.35.02:507][860]LogModuleManager: Shutting down and abandoning module KismetCompiler (61)
[2016.05.12-20.35.02:522][860]LogModuleManager: Shutting down and abandoning module PhysXFormats (60)
[2016.05.12-20.35.02:534][860]LogModuleManager: Shutting down and abandoning module MeshUtilities (59)
[2016.05.12-20.35.02:592][860]LogModuleManager: Shutting down and abandoning module CookingStats (58)
[2016.05.12-20.35.02:593][860]LogModuleManager: Shutting down and abandoning module DerivedDataCache (57)
[2016.05.12-20.35.02:593][860]LogDerivedDataCache: Shutdown
[2016.05.12-20.35.02:593][860]LogModuleManager: Shutting down and abandoning module ShaderFormatOpenGL (56)
[2016.05.12-20.35.02:627][860]LogModuleManager: Shutting down and abandoning module ShaderFormatD3D (55)
[2016.05.12-20.35.02:650][860]LogModuleManager: Shutting down and abandoning module MetalShaderFormat (54)
[2016.05.12-20.35.02:701][860]LogModuleManager: Shutting down and abandoning module TextureFormatUncompressed (53)
[2016.05.12-20.35.02:701][860]LogModuleManager: Shutting down and abandoning module TextureFormatPVR (52)
[2016.05.12-20.35.02:717][860]LogModuleManager: Shutting down and abandoning module TextureFormatIntelISPCTexComp (51)
[2016.05.12-20.35.02:727][860]LogModuleManager: Shutting down and abandoning module TextureFormatDXT (50)
[2016.05.12-20.35.02:734][860]LogModuleManager: Shutting down and abandoning module ImageWrapper (49)
[2016.05.12-20.35.02:734][860]LogModuleManager: Shutting down and abandoning module TextureFormatASTC (48)
[2016.05.12-20.35.02:734][860]LogModuleManager: Shutting down and abandoning module TextureFormatAndroid (47)
[2016.05.12-20.35.02:735][860]LogModuleManager: Shutting down and abandoning module AudioFormatOpus (46)
[2016.05.12-20.35.02:763][860]LogModuleManager: Shutting down and abandoning module AudioFormatOgg (45)
[2016.05.12-20.35.02:781][860]LogModuleManager: Shutting down and abandoning module AudioFormatADPCM (44)
[2016.05.12-20.35.02:804][860]LogModuleManager: Shutting down and abandoning module LinuxTargetPlatform (43)
[2016.05.12-20.35.02:804][860]LogModuleManager: Shutting down and abandoning module LinuxServerTargetPlatform (42)
[2016.05.12-20.35.02:825][860]LogModuleManager: Shutting down and abandoning module LinuxNoEditorTargetPlatform (41)
[2016.05.12-20.35.02:859][860]LogModuleManager: Shutting down and abandoning module TVOSTargetPlatform (40)
[2016.05.12-20.35.02:886][860]LogModuleManager: Shutting down and abandoning module Messaging (39)
[2016.05.12-20.35.02:886][860]LogModuleManager: Shutting down and abandoning module IOSTargetPlatform (38)
[2016.05.12-20.35.02:886][860]LogModuleManager: Shutting down and abandoning module HTML5TargetPlatform (37)
[2016.05.12-20.35.02:886][860]LogModuleManager: Shutting down and abandoning module Android_PVRTCTargetPlatform (36)
[2016.05.12-20.35.02:886][860]LogModuleManager: Shutting down and abandoning module Android_MultiTargetPlatform (35)
[2016.05.12-20.35.02:907][860]LogModuleManager: Shutting down and abandoning module Android_ETC2TargetPlatform (34)
[2016.05.12-20.35.02:907][860]LogModuleManager: Shutting down and abandoning module Android_ETC1TargetPlatform (33)
[2016.05.12-20.35.02:907][860]LogModuleManager: Shutting down and abandoning module Android_DXTTargetPlatform (32)
[2016.05.12-20.35.02:907][860]LogModuleManager: Shutting down and abandoning module Android_ATCTargetPlatform (31)
[2016.05.12-20.35.02:907][860]LogModuleManager: Shutting down and abandoning module Android_ASTCTargetPlatform (30)
[2016.05.12-20.35.02:907][860]LogModuleManager: Shutting down and abandoning module AndroidTargetPlatform (29)
[2016.05.12-20.35.02:907][860]LogModuleManager: Shutting down and abandoning module WindowsTargetPlatform (28)
[2016.05.12-20.35.02:907][860]LogModuleManager: Shutting down and abandoning module WindowsServerTargetPlatform (27)
[2016.05.12-20.35.02:917][860]LogModuleManager: Shutting down and abandoning module WindowsNoEditorTargetPlatform (26)
[2016.05.12-20.35.02:922][860]LogModuleManager: Shutting down and abandoning module WindowsClientTargetPlatform (25)
[2016.05.12-20.35.02:925][860]LogModuleManager: Shutting down and abandoning module AllDesktopTargetPlatform (24)
[2016.05.12-20.35.02:925][860]LogModuleManager: Shutting down and abandoning module TargetPlatform (23)
[2016.05.12-20.35.02:934][860]LogModuleManager: Shutting down and abandoning module InputCore (22)
[2016.05.12-20.35.02:934][860]LogModuleManager: Shutting down and abandoning module Settings (21)
[2016.05.12-20.35.02:934][860]LogModuleManager: Shutting down and abandoning module OnlineSubsystem (19)
[2016.05.12-20.35.02:934][860]LogModuleManager: Shutting down and abandoning module HTTP (18)
[2016.05.12-20.35.04:936][860]LogModuleManager: Shutting down and abandoning module XMPP (17)
[2016.05.12-20.35.04:997][860]LogModuleManager: Shutting down and abandoning module OculusRift (16)
[2016.05.12-20.35.05:030][860]LogModuleManager: Shutting down and abandoning module ExampleDeviceProfileSelector (15)
[2016.05.12-20.35.05:030][860]LogModuleManager: Shutting down and abandoning module TextureCompressor (14)
[2016.05.12-20.35.05:177][860]LogModuleManager: Shutting down and abandoning module ShaderCore (13)
[2016.05.12-20.35.05:177][860]LogModuleManager: Shutting down and abandoning module Landscape (12)
[2016.05.12-20.35.05:177][860]LogModuleManager: Shutting down and abandoning module SlateRHIRenderer (11)
[2016.05.12-20.35.05:186][860]LogModuleManager: Shutting down and abandoning module OpenGLDrv (10)
[2016.05.12-20.35.05:232][860]LogModuleManager: Shutting down and abandoning module D3D11RHI (9)
[2016.05.12-20.35.05:232][860]LogModuleManager: Shutting down and abandoning module AnimGraphRuntime (8)
[2016.05.12-20.35.05:232][860]LogModuleManager: Shutting down and abandoning module Renderer (7)
[2016.05.12-20.35.05:232][860]LogModuleManager: Shutting down and abandoning module Engine (6)
[2016.05.12-20.35.05:232][860]LogModuleManager: Shutting down and abandoning module CoreUObject (5)
[2016.05.12-20.35.05:232][860]LogModuleManager: Shutting down and abandoning module NetworkFile (4)
[2016.05.12-20.35.05:324][860]LogModuleManager: Shutting down and abandoning module StreamingFile (3)
[2016.05.12-20.35.05:361][860]LogModuleManager: Shutting down and abandoning module SandboxFile (2)
[2016.05.12-20.35.05:368][860]LogModuleManager: Shutting down and abandoning module PakFile (1)
[2016.05.12-20.35.05:447][860]LogExit: Exiting.
[2016.05.12-20.35.05:501][860]Log file closed, 05/12/16 16:35:05
