Log file open, 05/11/16 13:37:22
LogInit:Display: Running engine for game: HafeezSpaceShooter
LogPlatformFile: Not using cached read wrapper
LogInit:Display: RandInit(930981710) SRandInit(930981711).
LogTaskGraph: Started task graph with 4 named threads and 5 total threads.
LogStats: Stats thread started at 0.069633
LogInit: Version: 4.11.2-2946394+++UE4+Release-4.11
LogInit: API Version: 2927265
LogInit: Compiled (64-bit): Apr 18 2016 02:18:46
LogInit: Compiled with Visual C++: 19.00.23026.00
LogInit: Build Configuration: Development
LogInit: Branch Name: ++UE4+Release-4.11
LogInit: Command line:  
LogInit: Base directory: C:/Program Files (x86)/Epic Games/4.11/Engine/Binaries/Win64/
LogInit: Installed Engine Build: 1
LogInit: Using libcurl 7.41.0
LogInit:  - built for x86_64-pc-win32
LogInit:  - supports SSL with WinSSL
LogInit:  - other features:
LogInit:      CURL_VERSION_SSL
LogInit:      CURL_VERSION_IPV6
LogInit:      CURL_VERSION_ASYNCHDNS
LogInit:      CURL_VERSION_LARGEFILE
LogInit:      CURL_VERSION_IDN
LogInit:  CurlRequestOptions (configurable via config and command line):
LogInit:  - bVerifyPeer = true  - Libcurl will verify peer certificate
LogInit:  - bUseHttpProxy = false  - Libcurl will NOT use HTTP proxy
LogInit:  - bDontReuseConnections = false  - Libcurl will reuse connections
LogInit:  - CertBundlePath = nullptr  - Libcurl will use whatever was configured at build time.
LogInit: Presizing for max 16777216 objects, including 0 objects not considered by GC, pre-allocating 0 bytes for permanent pool.
LogInit: Object subsystem initialized
[2016.05.11-17.37.22:939][  0]LogInit: Selected Device Profile: [Windows]
[2016.05.11-17.37.22:939][  0]LogInit: Applying CVar settings loaded from the selected device profile: [Windows]
[2016.05.11-17.37.22:951][  0]LogInit: Computer: UZAIR_HAFEEZ
[2016.05.11-17.37.22:951][  0]LogInit: User: UzairHafeez
[2016.05.11-17.37.22:951][  0]LogInit: CPU Page size=65536, Cores=2
[2016.05.11-17.37.22:951][  0]LogInit: High frequency timer resolution =2.240905 MHz
[2016.05.11-17.37.22:951][  0]LogMemory: Memory total: Physical=3.9GB (4GB approx)
[2016.05.11-17.37.22:951][  0]LogMemory: Platform Memory Stats for Windows
[2016.05.11-17.37.22:951][  0]LogMemory: Process Physical Memory: 310.48 MB used, 310.48 MB peak
[2016.05.11-17.37.22:951][  0]LogMemory: Process Virtual Memory: 315.18 MB used, 315.18 MB peak
[2016.05.11-17.37.22:951][  0]LogMemory: Physical Memory: 1910.45 MB used, 3979.78 MB total
[2016.05.11-17.37.22:951][  0]LogMemory: Virtual Memory: 629.86 MB used, 134217728.00 MB total
[2016.05.11-17.37.22:986][  0]LogTextLocalizationManager: No specific translations for ('en-US') exist, so ('en') translations will be used.
[2016.05.11-17.37.23:470][  0]LogD3D11RHI: D3D11 adapters:
[2016.05.11-17.37.23:479][  0]LogD3D11RHI:    0. 'Intel(R) HD Graphics Family' (Feature Level 11_0)
[2016.05.11-17.37.23:479][  0]LogD3D11RHI:       32MB of dedicated video memory, 0MB of dedicated system memory, and 1760MB of shared system memory, 1 output[s]
[2016.05.11-17.37.23:480][  0]LogD3D11RHI:    1. 'Microsoft Basic Render Driver' (Feature Level 11_0)
[2016.05.11-17.37.23:480][  0]LogD3D11RHI:       0MB of dedicated video memory, 0MB of dedicated system memory, and 256MB of shared system memory, 0 output[s]
[2016.05.11-17.37.23:480][  0]LogD3D11RHI: Chosen D3D11 Adapter: 0
[2016.05.11-17.37.23:485][  0]LogD3D11RHI: Creating new Direct3DDevice
[2016.05.11-17.37.23:485][  0]LogD3D11RHI:     Adapter Name: Intel(R) HD Graphics Family
[2016.05.11-17.37.23:485][  0]LogD3D11RHI:   Driver Version: 10.18.14.4062 (internal 10.18.14.4062)
[2016.05.11-17.37.23:485][  0]LogD3D11RHI:      Driver Date: 12-15-2014
[2016.05.11-17.37.23:485][  0]LogRHI: Texture pool is 638 MB (70% of 912 MB)
[2016.05.11-17.37.23:493][  0]LogD3D11RHI: Async texture creation enabled
[2016.05.11-17.37.23:501][  0]LogShaderCompilers: Guid format shader working directory is -41 characters bigger than the processId version (../../../../../../Users/Uzair Hafeez/Downloads/SpaceShooterFinalVersion/HafeezSpaceShooter/Intermediate/Shaders/WorkingDirectory/4140/).
[2016.05.11-17.37.23:502][  0]LogShaderCompilers: Cleaned the shader compiler working directory 'C:/Users/UZAIRH~1/AppData/Local/Temp/UnrealShaderWorkingDir/A62C28CB4EE2DCB0790416872C63F0F1/'.
[2016.05.11-17.37.23:502][  0]LogShaderCompilers:Display: Using Local Shader Compiler.
[2016.05.11-17.37.24:824][  0]LogTemp:Display: Loaded TP AllDesktopTargetPlatform
[2016.05.11-17.37.24:830][  0]LogTemp:Display: Loaded TP WindowsClientTargetPlatform
[2016.05.11-17.37.24:836][  0]LogTemp:Display: Loaded TP WindowsNoEditorTargetPlatform
[2016.05.11-17.37.24:843][  0]LogTemp:Display: Loaded TP WindowsServerTargetPlatform
[2016.05.11-17.37.24:853][  0]LogTemp:Display: Loaded TP WindowsTargetPlatform
[2016.05.11-17.37.24:860][  0]LogTemp:Display: Loaded TP AndroidTargetPlatform
[2016.05.11-17.37.24:864][  0]LogTemp:Display: Loaded TP Android_ASTCTargetPlatform
[2016.05.11-17.37.24:869][  0]LogTemp:Display: Loaded TP Android_ATCTargetPlatform
[2016.05.11-17.37.24:873][  0]LogTemp:Display: Loaded TP Android_DXTTargetPlatform
[2016.05.11-17.37.24:878][  0]LogTemp:Display: Loaded TP Android_ETC1TargetPlatform
[2016.05.11-17.37.24:883][  0]LogTemp:Display: Loaded TP Android_ETC2TargetPlatform
[2016.05.11-17.37.24:892][  0]LogTemp:Display: Loaded TP Android_MultiTargetPlatform
[2016.05.11-17.37.24:892][  0]LogTemp:Display: Loaded TP Android_PVRTCTargetPlatform
[2016.05.11-17.37.24:894][  0]LogTemp:Display: Loaded TP HTML5TargetPlatform
[2016.05.11-17.37.24:912][  0]LogTemp:Display: Loaded TP IOSTargetPlatform
[2016.05.11-17.37.24:916][  0]LogTemp:Display: Loaded TP TVOSTargetPlatform
[2016.05.11-17.37.24:920][  0]LogTemp:Display: Loaded TP LinuxNoEditorTargetPlatform
[2016.05.11-17.37.24:923][  0]LogTemp:Display: Loaded TP LinuxServerTargetPlatform
[2016.05.11-17.37.24:928][  0]LogTemp:Display: Loaded TP LinuxTargetPlatform
[2016.05.11-17.37.24:928][  0]LogTargetPlatformManager:Display: Building Assets For Windows
[2016.05.11-17.37.25:020][  0]LogDerivedDataCache:Display: Max Cache Size: 512 MB
[2016.05.11-17.37.25:098][  0]LogDerivedDataCache: Loaded boot cache 0.08s 46MB C:/Users/Uzair Hafeez/AppData/Local/UnrealEngine/4.11/DerivedDataCache/Boot.ddc.
[2016.05.11-17.37.25:098][  0]LogDerivedDataCache:Display: Loaded Boot cache: C:/Users/Uzair Hafeez/AppData/Local/UnrealEngine/4.11/DerivedDataCache/Boot.ddc
[2016.05.11-17.37.25:098][  0]LogDerivedDataCache: FDerivedDataBackendGraph:  Pak pak cache file ../../../../../../Users/Uzair Hafeez/Downloads/SpaceShooterFinalVersion/HafeezSpaceShooter/DerivedDataCache/DDC.ddp not found, will not use a pak cache.
[2016.05.11-17.37.25:098][  0]LogDerivedDataCache: Unable to find inner node Pak for hierarchical cache Hierarchy.
[2016.05.11-17.37.25:098][  0]LogDerivedDataCache: FDerivedDataBackendGraph:  CompressedPak pak cache file ../../../../../../Users/Uzair Hafeez/Downloads/SpaceShooterFinalVersion/HafeezSpaceShooter/DerivedDataCache/Compressed.ddp not found, will not use a pak cache.
[2016.05.11-17.37.25:098][  0]LogDerivedDataCache: Unable to find inner node CompressedPak for hierarchical cache Hierarchy.
[2016.05.11-17.37.25:123][  0]LogDerivedDataCache:Display: Pak cache opened for reading ../../../Engine/DerivedDataCache/Compressed.ddp.
[2016.05.11-17.37.25:136][  0]LogDerivedDataCache: Using Local data cache path C:/Users/Uzair Hafeez/AppData/Local/UnrealEngine/Common/DerivedDataCache: Writable
[2016.05.11-17.37.25:348][  0]LogInit: Selected Device Profile: [Windows]
[2016.05.11-17.37.25:349][  0]LogContentStreaming: Texture pool size is 0.00 MB
[2016.05.11-17.37.25:402][  0]LogMaterial: Uniform references updated for custom material expression Custom.
[2016.05.11-17.37.25:557][  0]LogMeshUtilities: No automatic mesh reduction module available
[2016.05.11-17.37.25:557][  0]LogMeshUtilities: No automatic mesh merging module available
[2016.05.11-17.37.25:557][  0]LogMeshUtilities: No distributed automatic mesh merging module available
[2016.05.11-17.37.25:927][  0]LogUObjectArray: 27679 objects as part of root set at end of initial load.
[2016.05.11-17.37.25:927][  0]LogUObjectAllocator: 5591592 out of 0 bytes used by permanent object pool.
[2016.05.11-17.37.25:927][  0]LogUObjectArray: CloseDisregardForGC: 0/0 objects in disregard for GC pool
[2016.05.11-17.37.25:935][  0]LogInit: WinSock: version 1.1 (2.2), MaxSocks=32767, MaxUdp=65467
[2016.05.11-17.37.26:065][  0]LogSlate: SlateFontCache - WITH_FREETYPE: 1, WITH_HARFBUZZ: 1
[2016.05.11-17.37.26:065][  0]LogSlate: SlateFontCache - WITH_FREETYPE: 1, WITH_HARFBUZZ: 1
[2016.05.11-17.37.26:265][  0]LogStreaming:Warning: Failed to read file '../../../Engine/Content/Editor/Slate/Common/Selection_16x.png' error.
[2016.05.11-17.37.26:265][  0]LogSlate: Could not find file for Slate resource: ../../../Engine/Content/Editor/Slate/Common/Selection_16x.png
[2016.05.11-17.37.26:265][  0]LogStreaming:Warning: Failed to read file '../../../Engine/Content/Editor/Slate/Common/Selection_16x.png' error.
[2016.05.11-17.37.26:265][  0]LogSlate: Could not find file for Slate resource: ../../../Engine/Content/Editor/Slate/Common/Selection_16x.png
[2016.05.11-17.37.26:265][  0]LogStreaming:Warning: Failed to read file '../../../Engine/Content/Editor/Slate/Common/Selection_16x.png' error.
[2016.05.11-17.37.26:265][  0]LogSlate: Could not find file for Slate resource: ../../../Engine/Content/Editor/Slate/Common/Selection_16x.png
[2016.05.11-17.37.27:186][  0]LogUdpMessaging: Initializing bridge on interface 0.0.0.0:0 to multicast group 230.0.0.1:6666.
[2016.05.11-17.37.27:301][  0]LogAssetRegistry: FAssetRegistry took 0.0224 seconds to start up
[2016.05.11-17.37.27:525][  0]SourceControl: Info Source control is disabled
[2016.05.11-17.37.27:526][  0]SourceControl: Info Source control is disabled
[2016.05.11-17.37.27:537][  0]SourceControl: Info Source control is disabled
[2016.05.11-17.37.27:547][  0]SourceControl: Info Source control is disabled
[2016.05.11-17.37.27:713][  0]LogHMD: Failed to initialize OpenVR with code 110
[2016.05.11-17.37.27:796][  0]LogEngine: Initializing Engine...
[2016.05.11-17.37.27:966][  0]LogAIModule: Creating AISystem for world NewWorld
[2016.05.11-17.37.27:971][  0]LogInit: XAudio2 using 'Speakers (High Definition Audio Device)' : 2 channels at 44.1 kHz using 16 bits per sample (channel mask 0x3)
[2016.05.11-17.37.28:029][  0]LogInit: FAudioDevice initialized.
[2016.05.11-17.37.28:058][  0]LogDerivedDataCache: Saved boot cache 0.03s 46MB C:/Users/Uzair Hafeez/AppData/Local/UnrealEngine/4.11/DerivedDataCache/Boot.ddc.
[2016.05.11-17.37.28:065][  0]LogInit: Texture streaming: Enabled
[2016.05.11-17.37.28:179][  0]LogInit: Transaction tracking system initialized
[2016.05.11-17.37.28:212][  0]BlueprintLog: New page: Editor Load
[2016.05.11-17.37.28:321][  0]LocalizationService: Info Localization service is disabled
[2016.05.11-17.37.28:633][  0]LogConsoleResponse:Display: 
[2016.05.11-17.37.28:842][  0]LogCook:Display: Max memory allowance for cook 8192mb
[2016.05.11-17.37.28:842][  0]LogCook:Display: Mobile HDR setting 1
[2016.05.11-17.37.28:842][  0]LogCook:Display: Done creating registry. It took  0.00s.
[2016.05.11-17.37.28:974][  0]LogFileCache: Scanning file cache for directory 'C:/Users/Uzair Hafeez/Downloads/SpaceShooterFinalVersion/HafeezSpaceShooter/Content/' took 0.01s
[2016.05.11-17.37.28:974][  0]SourceControl: Info Source control is disabled
[2016.05.11-17.37.28:974][  0]Cmd: MAP LOAD FILE="../../../../../../Users/Uzair Hafeez/Downloads/SpaceShooterFinalVersion/HafeezSpaceShooter/Content/Maps/Main.umap" TEMPLATE=0 SHOWPROGRESS=1 FEATURELEVEL=3
[2016.05.11-17.37.28:975][  0]LightingResults: New page: Lighting Build
[2016.05.11-17.37.28:982][  0]MapCheck: New page: Map Check
[2016.05.11-17.37.28:982][  0]LightingResults: New page: Lighting Build
[2016.05.11-17.37.30:117][  0]LogAIModule: Creating AISystem for world Main
[2016.05.11-17.37.30:130][  0]LogEditorServer: Finished looking for orphan Actors (0.000 secs)
[2016.05.11-17.37.30:131][  0]Cmd: MAP CHECKDEP NOCLEARLOG
[2016.05.11-17.37.30:265][  0]MapCheck: Info Map check complete: 0 Error(s), 0 Warning(s), took 133.567ms to complete.
[2016.05.11-17.37.30:266][  0]LogFileHelpers: Loading map 'Main' took 1.292
[2016.05.11-17.37.30:402][  0]LogCollectionManager: Loaded 0 collections in 0.002840 seconds
[2016.05.11-17.37.30:444][  0]LogFileCache: Scanning file cache for directory 'C:/Users/Uzair Hafeez/Downloads/SpaceShooterFinalVersion/HafeezSpaceShooter/Saved/Collections/' took 0.01s
[2016.05.11-17.37.30:444][  0]LogFileCache: Scanning file cache for directory 'C:/Users/Uzair Hafeez/Downloads/SpaceShooterFinalVersion/HafeezSpaceShooter/Content/Developers/UzairHafeez/Collections/' took 0.01s
[2016.05.11-17.37.30:444][  0]LogFileCache: Scanning file cache for directory 'C:/Users/Uzair Hafeez/Downloads/SpaceShooterFinalVersion/HafeezSpaceShooter/Content/Collections/' took 0.01s
[2016.05.11-17.37.30:444][  0]LogCollectionManager: Rebuilt the GUID cache for 0 collections in 0.000003 seconds
[2016.05.11-17.37.30:454][  0]LogContentBrowser: Native class hierarchy populated in 0.0096 seconds. Added 1979 classes and 343 folders.
[2016.05.11-17.37.30:459][  0]LogStats: UGameplayTagsManager::ConstructGameplayTagTree: Construct from data asset -  0.000 s
[2016.05.11-17.37.30:460][  0]LogStats: UGameplayTagsManager::ConstructGameplayTagTree: GameplayTagTreeChangedEvent.Broadcast -  0.000 s
[2016.05.11-17.37.30:460][  0]LogContentBrowser: Native class hierarchy updated for 'GameplayTags' in 0.0008 seconds. Added 12 classes and 0 folders.
[2016.05.11-17.37.30:470][  0]LogContentBrowser: Native class hierarchy updated for 'WidgetCarousel' in 0.0005 seconds. Added 0 classes and 0 folders.
[2016.05.11-17.37.30:482][  0]LogContentBrowser: Native class hierarchy updated for 'SuperSearch' in 0.0007 seconds. Added 1 classes and 2 folders.
[2016.05.11-17.37.30:570][  0]LogContentBrowser: Native class hierarchy updated for 'AddContentDialog' in 0.0006 seconds. Added 0 classes and 0 folders.
[2016.05.11-17.37.30:575][  0]LogContentBrowser: Native class hierarchy updated for 'SceneOutliner' in 0.0005 seconds. Added 1 classes and 2 folders.
[2016.05.11-17.37.30:619][  0]LogCrashTracker: Crashtracker disabled due to settings.
[2016.05.11-17.37.30:626][  0]LogUObjectGlobals:Warning: Failed to find object 'Class None.'
[2016.05.11-17.37.30:658][  0]LogContentBrowser: Native class hierarchy updated for 'HierarchicalLODOutliner' in 0.0005 seconds. Added 1 classes and 2 folders.
[2016.05.11-17.37.30:658][  0]LogLoad: Full Startup: 8.57 seconds (BP compile: 0.34 seconds)
[2016.05.11-17.37.30:658][  0]LogExternalProfiler: Found external profiler: VSPerf
[2016.05.11-17.37.30:658][  0]LogExternalProfiler: Using external profiler: VSPerf
[2016.05.11-17.37.30:668][  0]LogOcInput: OculusInput pre-init called
[2016.05.11-17.37.30:743][  0]LogContentStreaming: Texture pool size now 200 MB
[2016.05.11-17.37.30:993][  0]LogRenderer: Reallocating scene render targets to support 876x380 (Frame:2).
[2016.05.11-17.37.31:938][  2]LogAssetRegistry: Asset discovery search completed in 4.6593 seconds
[2016.05.11-17.37.31:938][  2]LogCollectionManager: Rebuilt the object cache for 0 collections in 0.000002 seconds (found 0 objects)
[2016.05.11-17.37.31:938][  2]LogCollectionManager: Fixed up redirectors for 0 collections in 0.000038 seconds (updated 0 objects)
[2016.05.11-17.38.56:148][876]LogMaterial: Missing cached shader map for material Background, compiling. 
[2016.05.11-17.38.56:510][876]LogMaterial: Missing cached shader map for material Background, compiling. 
[2016.05.11-17.38.56:518][876]LogMaterial: 0.00 seconds spent updating 1 materials, 1 interfaces, 0 instances, 0 with static permutations.
[2016.05.11-17.38.56:554][876]LogMaterial: Missing cached shader map for material FMatExpressionPreview MaterialExpressionConstant3Vector_0, compiling. 
[2016.05.11-17.38.56:611][876]LogMaterial: Missing cached shader map for material FMatExpressionPreview MaterialExpressionTextureSample_2, compiling. 
[2016.05.11-17.38.56:671][876]LogMaterial: Missing cached shader map for material FMatExpressionPreview MaterialExpressionTextureSample_5, compiling. 
[2016.05.11-17.38.56:675][876]LogMaterial: Missing cached shader map for material FMatExpressionPreview MaterialExpressionTextureSample_8, compiling. 
[2016.05.11-17.38.56:695][876]LogMaterial: Missing cached shader map for material FMatExpressionPreview MaterialExpressionTextureSample_9, compiling. 
[2016.05.11-17.38.56:733][876]LogMaterial: Missing cached shader map for material FMatExpressionPreview MaterialExpressionConstant3Vector_2, compiling. 
[2016.05.11-17.38.56:738][876]LogMaterial: Missing cached shader map for material FMatExpressionPreview MaterialExpressionConstant3Vector_3, compiling. 
[2016.05.11-17.38.56:742][876]LogMaterial: Missing cached shader map for material FMatExpressionPreview MaterialExpressionConstant3Vector_4, compiling. 
[2016.05.11-17.38.56:746][876]LogMaterial: Missing cached shader map for material FMatExpressionPreview MaterialExpressionTextureSample_10, compiling. 
[2016.05.11-17.38.56:800][876]LogMaterial: Missing cached shader map for material FMatExpressionPreview MaterialExpressionConstant_3, compiling. 
[2016.05.11-17.38.56:841][876]LogMaterial: Missing cached shader map for material FMatExpressionPreview MaterialExpressionConstant_4, compiling. 
[2016.05.11-17.39.04:920][109]MaterialEditorStats: Info Base pass shader with static lighting: 83 instructions
[2016.05.11-17.39.04:920][109]MaterialEditorStats: Info Base pass shader with only dynamic lighting: 54 instructions
[2016.05.11-17.39.04:920][109]MaterialEditorStats: Info Vertex shader: 31 instructions
[2016.05.11-17.39.04:920][109]MaterialEditorStats: Info Texture samplers: 4/16
[2016.05.11-17.41.35:366][654]LogMaterial: Missing cached shader map for material FMatExpressionPreview MaterialExpressionConstant3Vector_3, compiling. 
[2016.05.11-18.16.56:329][583]LogMaterialEditor: Saving and Compiling material Background
[2016.05.11-18.16.58:202][583]LogMaterial: Missing cached shader map for material Background, compiling. 
[2016.05.11-18.16.58:223][583]LogMaterial: 0.00 seconds spent updating 1 materials, 1 interfaces, 0 instances, 0 with static permutations.
[2016.05.11-18.16.58:377][583]LogMaterial: Missing cached shader map for material Background, compiling. 
[2016.05.11-18.16.58:535][583]LogMaterial: Missing cached shader map for material Background, compiling. 
[2016.05.11-18.16.58:571][583]LogMaterial: 0.00 seconds spent updating 1 materials, 1 interfaces, 0 instances, 0 with static permutations.
[2016.05.11-18.17.06:754][583]LogSavePackage: Save=105.72ms
[2016.05.11-18.17.06:754][583]LogSavePackage: Moving '../../../../../../Users/Uzair Hafeez/Downloads/SpaceShooterFinalVersion/HafeezSpaceShooter/Saved/Background8AC6E6154E65968E2F068E83CBBD4AD2.tmp' to '../../../../../../Users/Uzair Hafeez/Downloads/SpaceShooterFinalVersion/HafeezSpaceShooter/Content/ExampleContent/Input_Examples/Materials/Background.uasset'
[2016.05.11-18.17.06:758][583]LogSavePackage: Total save time: 420.23ms
[2016.05.11-18.17.06:758][583]LogSavePackage:Display: Finished SavePackage ../../../../../../Users/Uzair Hafeez/Downloads/SpaceShooterFinalVersion/HafeezSpaceShooter/Content/ExampleContent/Input_Examples/Materials/Background.uasset
[2016.05.11-18.17.06:826][584]MaterialEditorStats: Info Base pass shader with static lighting: 112 instructions
[2016.05.11-18.17.06:826][584]MaterialEditorStats: Info Base pass shader with only dynamic lighting: 82 instructions
[2016.05.11-18.17.06:826][584]MaterialEditorStats: Info Vertex shader: 31 instructions
[2016.05.11-18.17.06:826][584]MaterialEditorStats: Info Texture samplers: 5/16
[2016.05.11-18.25.04:219][752]LogPlayLevel: PlayLevel: No blueprints needed recompiling
[2016.05.11-18.25.06:204][752]PIE: New page: PIE session: Main (May 11, 2016, 9:25:04 AM)
[2016.05.11-18.25.06:204][752]LogPlayLevel: Creating play world package: /Game/Maps/UEDPIE_0_Main
[2016.05.11-18.25.06:206][752]LogPlayLevel: PIE: StaticDuplicateObject took: (0.001946s)
[2016.05.11-18.25.06:207][752]LogAIModule: Creating AISystem for world Main
[2016.05.11-18.25.06:207][752]LogPlayLevel: PIE: World Init took: (0.000935s)
[2016.05.11-18.25.06:207][752]LogPlayLevel: PIE: Created PIE world by copying editor world from /Game/Maps/Main.Main to /Game/Maps/UEDPIE_0_Main.Main (0.003132s)
[2016.05.11-18.25.06:622][752]LogInit: XAudio2 using 'Speakers (High Definition Audio Device)' : 2 channels at 44.1 kHz using 16 bits per sample (channel mask 0x3)
[2016.05.11-18.25.06:629][752]LogInit: FAudioDevice initialized.
[2016.05.11-18.25.07:864][752]LogWorld: Game class is 'Shooter_C'
[2016.05.11-18.25.08:034][752]LogWorld: Bringing World /Game/Maps/UEDPIE_0_Main.Main up for play (max tick rate 60) at 2016.05.11-14.25.08
[2016.05.11-18.25.08:278][752]LogWorld: Bringing up level for play took: 0.246894
[2016.05.11-18.25.09:224][752]LogContentBrowser: Native class hierarchy updated for 'MovieSceneCapture' in 0.0005 seconds. Added 9 classes and 0 folders.
[2016.05.11-18.25.09:226][752]PIE: Info Play in editor start time for /Game/Maps/UEDPIE_0_Main 5.174
[2016.05.11-18.25.38:159][240]LogContentBrowser: Native class hierarchy updated for 'BlueprintGraph' in 0.0010 seconds. Added 108 classes and 0 folders.
[2016.05.11-18.26.24:199][857]BlueprintLog: New page: Compile BPGameController
[2016.05.11-18.26.24:720][857]BlueprintEditorCompileResults: Info [2942.63] Compile of BPGameController successful! [in 514 ms]
[2016.05.11-18.26.28:988][ 46]LogSavePackage: Save=257.58ms
[2016.05.11-18.26.28:988][ 46]LogSavePackage: Moving '../../../../../../Users/Uzair Hafeez/Downloads/SpaceShooterFinalVersion/HafeezSpaceShooter/Saved/BPGameController290C29244C8FDA0A5F1FB2B0DAB1555B.tmp' to '../../../../../../Users/Uzair Hafeez/Downloads/SpaceShooterFinalVersion/HafeezSpaceShooter/Content/Blueprints/BPGameController.uasset'
[2016.05.11-18.26.28:991][ 46]LogSavePackage: Total save time: 429.71ms
[2016.05.11-18.26.28:991][ 46]LogSavePackage:Display: Finished SavePackage ../../../../../../Users/Uzair Hafeez/Downloads/SpaceShooterFinalVersion/HafeezSpaceShooter/Content/Blueprints/BPGameController.uasset
[2016.05.11-18.26.29:721][ 90]BlueprintLog: New page: Compile BPGameController
[2016.05.11-18.26.29:914][ 90]BlueprintEditorCompileResults: Info [2947.83] Compile of BPGameController successful! [in 193 ms]
[2016.05.11-18.26.31:537][166]LogSavePackage: Save=229.63ms
[2016.05.11-18.26.31:537][166]LogSavePackage: Moving '../../../../../../Users/Uzair Hafeez/Downloads/SpaceShooterFinalVersion/HafeezSpaceShooter/Saved/BPGameController2CFF2AFA4F853EEDCC5A59A05E533BD1.tmp' to '../../../../../../Users/Uzair Hafeez/Downloads/SpaceShooterFinalVersion/HafeezSpaceShooter/Content/Blueprints/BPGameController.uasset'
[2016.05.11-18.26.31:540][166]LogSavePackage: Total save time: 252.70ms
[2016.05.11-18.26.31:540][166]LogSavePackage:Display: Finished SavePackage ../../../../../../Users/Uzair Hafeez/Downloads/SpaceShooterFinalVersion/HafeezSpaceShooter/Content/Blueprints/BPGameController.uasset
[2016.05.11-18.28.00:685][ 27]BlueprintLog: New page: Compile BPPlayer
[2016.05.11-18.28.00:994][ 27]BlueprintEditorCompileResults: Info [3038.91] Compile of BPPlayer successful! [in 309 ms]
[2016.05.11-18.28.02:130][ 89]Cmd: OBJ SAVEPACKAGE PACKAGE="/Game/Blueprints/BPPlayer" FILE="../../../../../../Users/Uzair Hafeez/Downloads/SpaceShooterFinalVersion/HafeezSpaceShooter/Content/Blueprints/BPPlayer.uasset" SILENT=true
[2016.05.11-18.28.02:398][ 89]LogSavePackage: Save=210.99ms
[2016.05.11-18.28.02:398][ 89]LogSavePackage: Moving '../../../../../../Users/Uzair Hafeez/Downloads/SpaceShooterFinalVersion/HafeezSpaceShooter/Saved/BPPlayerF92DA0A64E23D0C38E75BD871632E416.tmp' to '../../../../../../Users/Uzair Hafeez/Downloads/SpaceShooterFinalVersion/HafeezSpaceShooter/Content/Blueprints/BPPlayer.uasset'
[2016.05.11-18.28.02:401][ 89]LogSavePackage: Total save time: 269.83ms
[2016.05.11-18.28.02:401][ 89]LogSavePackage:Display: Finished SavePackage ../../../../../../Users/Uzair Hafeez/Downloads/SpaceShooterFinalVersion/HafeezSpaceShooter/Content/Blueprints/BPPlayer.uasset
[2016.05.11-18.28.58:325][927]BlueprintLog: New page: Compile BPPlayer
[2016.05.11-18.28.58:596][927]BlueprintEditorCompileResults: Info [3096.51] Compile of BPPlayer successful! [in 271 ms]
[2016.05.11-18.28.59:408][969]Cmd: OBJ SAVEPACKAGE PACKAGE="/Game/Blueprints/BPPlayer" FILE="../../../../../../Users/Uzair Hafeez/Downloads/SpaceShooterFinalVersion/HafeezSpaceShooter/Content/Blueprints/BPPlayer.uasset" SILENT=true
[2016.05.11-18.28.59:665][969]LogSavePackage: Save=227.38ms
[2016.05.11-18.28.59:665][969]LogSavePackage: Moving '../../../../../../Users/Uzair Hafeez/Downloads/SpaceShooterFinalVersion/HafeezSpaceShooter/Saved/BPPlayer8C578AA242D1E9DDD627C29556805AB9.tmp' to '../../../../../../Users/Uzair Hafeez/Downloads/SpaceShooterFinalVersion/HafeezSpaceShooter/Content/Blueprints/BPPlayer.uasset'
[2016.05.11-18.28.59:670][969]LogSavePackage: Total save time: 260.53ms
[2016.05.11-18.28.59:670][969]LogSavePackage:Display: Finished SavePackage ../../../../../../Users/Uzair Hafeez/Downloads/SpaceShooterFinalVersion/HafeezSpaceShooter/Content/Blueprints/BPPlayer.uasset
[2016.05.11-18.29.00:388][  9]Cmd: OBJ SAVEPACKAGE PACKAGE="/Game/Blueprints/BPPlayer" FILE="../../../../../../Users/Uzair Hafeez/Downloads/SpaceShooterFinalVersion/HafeezSpaceShooter/Content/Blueprints/BPPlayer.uasset" SILENT=true
[2016.05.11-18.29.00:617][  9]LogSavePackage: Save=206.87ms
[2016.05.11-18.29.00:617][  9]LogSavePackage: Moving '../../../../../../Users/Uzair Hafeez/Downloads/SpaceShooterFinalVersion/HafeezSpaceShooter/Saved/BPPlayer4475EFEE440CC9053663FAA1350E1C00.tmp' to '../../../../../../Users/Uzair Hafeez/Downloads/SpaceShooterFinalVersion/HafeezSpaceShooter/Content/Blueprints/BPPlayer.uasset'
[2016.05.11-18.29.00:619][  9]LogSavePackage: Total save time: 229.68ms
[2016.05.11-18.29.00:619][  9]LogSavePackage:Display: Finished SavePackage ../../../../../../Users/Uzair Hafeez/Downloads/SpaceShooterFinalVersion/HafeezSpaceShooter/Content/Blueprints/BPPlayer.uasset
[2016.05.11-18.29.02:254][105]LogPlayLevel: PlayLevel: No blueprints needed recompiling
[2016.05.11-18.29.02:254][105]PIE: New page: PIE session: Main (May 11, 2016, 9:29:02 AM)
[2016.05.11-18.29.02:254][105]LogPlayLevel: Creating play world package: /Game/Maps/UEDPIE_0_Main
[2016.05.11-18.29.02:256][105]LogPlayLevel: PIE: StaticDuplicateObject took: (0.002535s)
[2016.05.11-18.29.02:257][105]LogAIModule: Creating AISystem for world Main
[2016.05.11-18.29.02:257][105]LogPlayLevel: PIE: World Init took: (0.001030s)
[2016.05.11-18.29.02:258][105]LogPlayLevel: PIE: Created PIE world by copying editor world from /Game/Maps/Main.Main to /Game/Maps/UEDPIE_0_Main.Main (0.003820s)
[2016.05.11-18.29.02:303][105]LogInit: XAudio2 using 'Speakers (High Definition Audio Device)' : 2 channels at 44.1 kHz using 16 bits per sample (channel mask 0x3)
[2016.05.11-18.29.02:310][105]LogInit: FAudioDevice initialized.
[2016.05.11-18.29.02:340][105]LogWorld: Game class is 'Shooter_C'
[2016.05.11-18.29.02:343][105]LogWorld: Bringing World /Game/Maps/UEDPIE_0_Main.Main up for play (max tick rate 60) at 2016.05.11-14.29.02
[2016.05.11-18.29.02:344][105]LogWorld: Bringing up level for play took: 0.003031
[2016.05.11-18.29.02:346][105]PIE: Info Play in editor start time for /Game/Maps/UEDPIE_0_Main 0.294
[2016.05.11-18.29.33:234][920]LogScript:Warning: Accessed None trying to read property CallFunc_GetPlayerPawn_ReturnValue
	BPEnemy2_C /Game/Maps/UEDPIE_0_Main.Main:PersistentLevel.BPEnemy2_C_7
	Function /Game/Blueprints/BPEnemy2.BPEnemy2_C:ExecuteUbergraph_BPEnemy2:0467
[2016.05.11-18.29.33:235][920]PIE:Error: Error Blueprint Runtime Error: Accessed None trying to read property CallFunc_GetPlayerPawn_ReturnValue from function: 'ExecuteUbergraph_BPEnemy2' from node: Branch in graph: EventGraph in object: BPEnemy2
[2016.05.11-18.29.51:049][899]BlueprintLog: New page: Compile BPGameController
[2016.05.11-18.29.51:285][899]BlueprintEditorCompileResults: Info [3149.20] Compile of BPGameController successful! [in 235 ms]
[2016.05.11-18.29.58:307][268]BlueprintLog: New page: Compile BPPlayer
[2016.05.11-18.29.58:659][268]BlueprintEditorCompileResults: Info [3156.57] Compile of BPPlayer successful! [in 351 ms]
[2016.05.11-18.30.06:368][442]BlueprintLog: New page: Compile BPPlayer
[2016.05.11-18.30.06:606][442]BlueprintEditorCompileResults: Info [3164.52] Compile of BPPlayer successful! [in 237 ms]
[2016.05.11-18.30.07:762][504]Cmd: OBJ SAVEPACKAGE PACKAGE="/Game/Blueprints/BPPlayer" FILE="../../../../../../Users/Uzair Hafeez/Downloads/SpaceShooterFinalVersion/HafeezSpaceShooter/Content/Blueprints/BPPlayer.uasset" SILENT=true
[2016.05.11-18.30.08:091][504]LogSavePackage: Save=297.73ms
[2016.05.11-18.30.08:091][504]LogSavePackage: Moving '../../../../../../Users/Uzair Hafeez/Downloads/SpaceShooterFinalVersion/HafeezSpaceShooter/Saved/BPPlayerA23AE0D94E7873ACE6315D8B80111847.tmp' to '../../../../../../Users/Uzair Hafeez/Downloads/SpaceShooterFinalVersion/HafeezSpaceShooter/Content/Blueprints/BPPlayer.uasset'
[2016.05.11-18.30.08:095][504]LogSavePackage: Total save time: 331.08ms
[2016.05.11-18.30.08:095][504]LogSavePackage:Display: Finished SavePackage ../../../../../../Users/Uzair Hafeez/Downloads/SpaceShooterFinalVersion/HafeezSpaceShooter/Content/Blueprints/BPPlayer.uasset
[2016.05.11-18.30.09:608][583]Cmd: OBJ SAVEPACKAGE PACKAGE="/Game/Blueprints/BPEnemy" FILE="../../../../../../Users/Uzair Hafeez/Downloads/SpaceShooterFinalVersion/HafeezSpaceShooter/Content/Blueprints/BPEnemy.uasset" SILENT=true
[2016.05.11-18.30.09:840][583]LogSavePackage: Save=190.49ms
[2016.05.11-18.30.09:840][583]LogSavePackage: Moving '../../../../../../Users/Uzair Hafeez/Downloads/SpaceShooterFinalVersion/HafeezSpaceShooter/Saved/BPEnemyA0EBCA5D4B588EF04E983DA3404044C4.tmp' to '../../../../../../Users/Uzair Hafeez/Downloads/SpaceShooterFinalVersion/HafeezSpaceShooter/Content/Blueprints/BPEnemy.uasset'
[2016.05.11-18.30.09:842][583]LogSavePackage: Total save time: 232.48ms
[2016.05.11-18.30.09:842][583]LogSavePackage:Display: Finished SavePackage ../../../../../../Users/Uzair Hafeez/Downloads/SpaceShooterFinalVersion/HafeezSpaceShooter/Content/Blueprints/BPEnemy.uasset
[2016.05.11-18.30.11:322][659]Cmd: OBJ SAVEPACKAGE PACKAGE="/Game/Blueprints/BPEnemy2" FILE="../../../../../../Users/Uzair Hafeez/Downloads/SpaceShooterFinalVersion/HafeezSpaceShooter/Content/Blueprints/BPEnemy2.uasset" SILENT=true
[2016.05.11-18.30.11:591][659]LogSavePackage: Save=170.65ms
[2016.05.11-18.30.11:592][659]LogSavePackage: Moving '../../../../../../Users/Uzair Hafeez/Downloads/SpaceShooterFinalVersion/HafeezSpaceShooter/Saved/BPEnemy218ED7623408FF3E1ABAF7888040C21E8.tmp' to '../../../../../../Users/Uzair Hafeez/Downloads/SpaceShooterFinalVersion/HafeezSpaceShooter/Content/Blueprints/BPEnemy2.uasset'
[2016.05.11-18.30.11:594][659]LogSavePackage: Total save time: 270.92ms
[2016.05.11-18.30.11:594][659]LogSavePackage:Display: Finished SavePackage ../../../../../../Users/Uzair Hafeez/Downloads/SpaceShooterFinalVersion/HafeezSpaceShooter/Content/Blueprints/BPEnemy2.uasset
[2016.05.11-18.30.12:974][713]LogSavePackage: Save=232.67ms
[2016.05.11-18.30.12:974][713]LogSavePackage: Moving '../../../../../../Users/Uzair Hafeez/Downloads/SpaceShooterFinalVersion/HafeezSpaceShooter/Saved/BPGameController475152784A84D9A14256FA9331BC09EF.tmp' to '../../../../../../Users/Uzair Hafeez/Downloads/SpaceShooterFinalVersion/HafeezSpaceShooter/Content/Blueprints/BPGameController.uasset'
[2016.05.11-18.30.12:978][713]LogSavePackage: Total save time: 257.62ms
[2016.05.11-18.30.12:978][713]LogSavePackage:Display: Finished SavePackage ../../../../../../Users/Uzair Hafeez/Downloads/SpaceShooterFinalVersion/HafeezSpaceShooter/Content/Blueprints/BPGameController.uasset
[2016.05.11-18.30.14:895][827]LogPlayLevel: PlayLevel: No blueprints needed recompiling
[2016.05.11-18.30.14:895][827]PIE: New page: PIE session: Main (May 11, 2016, 9:30:14 AM)
[2016.05.11-18.30.14:895][827]LogPlayLevel: Creating play world package: /Game/Maps/UEDPIE_0_Main
[2016.05.11-18.30.14:897][827]LogPlayLevel: PIE: StaticDuplicateObject took: (0.002130s)
[2016.05.11-18.30.14:898][827]LogAIModule: Creating AISystem for world Main
[2016.05.11-18.30.14:898][827]LogPlayLevel: PIE: World Init took: (0.000889s)
[2016.05.11-18.30.14:898][827]LogPlayLevel: PIE: Created PIE world by copying editor world from /Game/Maps/Main.Main to /Game/Maps/UEDPIE_0_Main.Main (0.003247s)
[2016.05.11-18.30.14:939][827]LogInit: XAudio2 using 'Speakers (High Definition Audio Device)' : 2 channels at 44.1 kHz using 16 bits per sample (channel mask 0x3)
[2016.05.11-18.30.14:946][827]LogInit: FAudioDevice initialized.
[2016.05.11-18.30.14:979][827]LogWorld: Game class is 'Shooter_C'
[2016.05.11-18.30.14:983][827]LogWorld: Bringing World /Game/Maps/UEDPIE_0_Main.Main up for play (max tick rate 60) at 2016.05.11-14.30.14
[2016.05.11-18.30.14:983][827]LogWorld: Bringing up level for play took: 0.003264
[2016.05.11-18.30.14:986][827]PIE: Info Play in editor start time for /Game/Maps/UEDPIE_0_Main 0.934
[2016.05.11-18.30.29:204][648]LogScript:Warning: Accessed None trying to read property CallFunc_GetPlayerPawn_ReturnValue
	BPEnemy_C /Game/Maps/UEDPIE_0_Main.Main:PersistentLevel.BPEnemy_C_18
	Function /Game/Blueprints/BPEnemy.BPEnemy_C:ExecuteUbergraph_BPEnemy:0467
[2016.05.11-18.30.29:204][648]PIE:Error: Error Blueprint Runtime Error: Accessed None trying to read property CallFunc_GetPlayerPawn_ReturnValue from function: 'ExecuteUbergraph_BPEnemy' from node: Branch in graph: EventGraph in object: BPEnemy
[2016.05.11-18.30.29:319][655]LogScript:Warning: Accessed None trying to read property CallFunc_GetPlayerPawn_ReturnValue
	BPEnemy_C /Game/Maps/UEDPIE_0_Main.Main:PersistentLevel.BPEnemy_C_14
	Function /Game/Blueprints/BPEnemy.BPEnemy_C:ExecuteUbergraph_BPEnemy:0467
[2016.05.11-18.30.29:319][655]PIE:Error: Error Blueprint Runtime Error: Accessed None trying to read property CallFunc_GetPlayerPawn_ReturnValue from function: 'ExecuteUbergraph_BPEnemy' from node: Branch in graph: EventGraph in object: BPEnemy
[2016.05.11-18.30.29:321][655]LogScript:Warning: Accessed None trying to read property CallFunc_GetPlayerPawn_ReturnValue
	BPEnemy2_C /Game/Maps/UEDPIE_0_Main.Main:PersistentLevel.BPEnemy2_C_11
	Function /Game/Blueprints/BPEnemy2.BPEnemy2_C:ExecuteUbergraph_BPEnemy2:0467
[2016.05.11-18.30.29:322][655]PIE:Error: Error Blueprint Runtime Error: Accessed None trying to read property CallFunc_GetPlayerPawn_ReturnValue from function: 'ExecuteUbergraph_BPEnemy2' from node: Branch in graph: EventGraph in object: BPEnemy2
[2016.05.11-18.30.29:337][656]LogScript:Warning: Accessed None trying to read property CallFunc_GetPlayerPawn_ReturnValue
	BPEnemy_C /Game/Maps/UEDPIE_0_Main.Main:PersistentLevel.BPEnemy_C_16
	Function /Game/Blueprints/BPEnemy.BPEnemy_C:ExecuteUbergraph_BPEnemy:0467
[2016.05.11-18.30.29:337][656]PIE:Error: Error Blueprint Runtime Error: Accessed None trying to read property CallFunc_GetPlayerPawn_ReturnValue from function: 'ExecuteUbergraph_BPEnemy' from node: Branch in graph: EventGraph in object: BPEnemy
[2016.05.11-18.30.29:403][660]LogScript:Warning: Accessed None trying to read property CallFunc_GetPlayerPawn_ReturnValue
	BPEnemy_C /Game/Maps/UEDPIE_0_Main.Main:PersistentLevel.BPEnemy_C_15
	Function /Game/Blueprints/BPEnemy.BPEnemy_C:ExecuteUbergraph_BPEnemy:0467
[2016.05.11-18.30.29:403][660]PIE:Error: Error Blueprint Runtime Error: Accessed None trying to read property CallFunc_GetPlayerPawn_ReturnValue from function: 'ExecuteUbergraph_BPEnemy' from node: Branch in graph: EventGraph in object: BPEnemy
[2016.05.11-18.30.29:537][668]LogScript:Warning: Accessed None trying to read property CallFunc_GetPlayerPawn_ReturnValue
	BPEnemy_C /Game/Maps/UEDPIE_0_Main.Main:PersistentLevel.BPEnemy_C_17
	Function /Game/Blueprints/BPEnemy.BPEnemy_C:ExecuteUbergraph_BPEnemy:0467
[2016.05.11-18.30.29:537][668]PIE:Error: Error Blueprint Runtime Error: Accessed None trying to read property CallFunc_GetPlayerPawn_ReturnValue from function: 'ExecuteUbergraph_BPEnemy' from node: Branch in graph: EventGraph in object: BPEnemy
[2016.05.11-18.32.24:124][646]Cmd: OBJ SAVEPACKAGE PACKAGE="/Game/Blueprints/BPPlayer" FILE="../../../../../../Users/Uzair Hafeez/Downloads/SpaceShooterFinalVersion/HafeezSpaceShooter/Content/Blueprints/BPPlayer.uasset" SILENT=true
[2016.05.11-18.32.24:361][646]LogSavePackage: Save=205.81ms
[2016.05.11-18.32.24:361][646]LogSavePackage: Moving '../../../../../../Users/Uzair Hafeez/Downloads/SpaceShooterFinalVersion/HafeezSpaceShooter/Saved/BPPlayer7FB89A9D461E4597DD1E70852D9C4FB9.tmp' to '../../../../../../Users/Uzair Hafeez/Downloads/SpaceShooterFinalVersion/HafeezSpaceShooter/Content/Blueprints/BPPlayer.uasset'
[2016.05.11-18.32.24:363][646]LogSavePackage: Total save time: 236.66ms
[2016.05.11-18.32.24:363][646]LogSavePackage:Display: Finished SavePackage ../../../../../../Users/Uzair Hafeez/Downloads/SpaceShooterFinalVersion/HafeezSpaceShooter/Content/Blueprints/BPPlayer.uasset
[2016.05.11-18.33.40:074][ 43]BlueprintLog: New page: Compile BPGameController
[2016.05.11-18.33.40:350][ 43]BlueprintEditorCompileResults: Info [3378.26] Compile of BPGameController successful! [in 274 ms]
[2016.05.11-18.33.41:502][124]LogActorComponent: UnregisterComponent: (/Engine/Transient.EditorFloorComp) Not registered. Aborting.
[2016.05.11-18.33.42:727][214]BlueprintLog: New page: Compile BPEnemy
[2016.05.11-18.33.42:892][214]BlueprintEditorCompileResults: Info [3380.80] Compile of BPEnemy successful! [in 164 ms]
[2016.05.11-18.33.44:058][314]LogActorComponent: UnregisterComponent: (/Engine/Transient.EditorFloorComp) Not registered. Aborting.
[2016.05.11-18.33.45:343][401]BlueprintLog: New page: Compile BPEnemy2
[2016.05.11-18.33.45:506][401]BlueprintEditorCompileResults: Info [3383.42] Compile of BPEnemy2 successful! [in 162 ms]
[2016.05.11-18.33.46:351][470]LogActorComponent: UnregisterComponent: (/Engine/Transient.EditorFloorComp) Not registered. Aborting.
[2016.05.11-18.34.13:397][722]LogSavePackage: Save=101.94ms
[2016.05.11-18.34.13:397][722]LogSavePackage: Moving '../../../../../../Users/Uzair Hafeez/Downloads/SpaceShooterFinalVersion/HafeezSpaceShooter/Saved/Main_Auto14E9F8CD04AC333F07B6D86959D2D90CE.tmp' to '../../../../../../Users/Uzair Hafeez/Downloads/SpaceShooterFinalVersion/HafeezSpaceShooter/Saved/Autosaves/Game/Maps/Main_Auto1.umap'
[2016.05.11-18.34.13:398][722]LogSavePackage: Total save time: 132.98ms
[2016.05.11-18.34.13:398][722]LogSavePackage:Display: Finished SavePackage ../../../../../../Users/Uzair Hafeez/Downloads/SpaceShooterFinalVersion/HafeezSpaceShooter/Saved/Autosaves/Game/Maps/Main_Auto1.umap
[2016.05.11-18.34.13:405][722]LogFileHelpers: Editor autosave (incl. sublevels) for '/Game/Maps/Main' took 0.298
[2016.05.11-18.34.13:405][722]LogFileHelpers: Editor autosave (incl. sublevels) for all levels took 0.298
[2016.05.11-18.34.13:422][722]OBJ SavePackage: Generating thumbnails for [1] asset(s) in package [/Game/Blueprints/BPEnemy] ([1] browsable assets)...
[2016.05.11-18.34.13:439][722]OBJ SavePackage:     Rendered thumbnail for [Blueprint /Game/Blueprints/BPEnemy.BPEnemy]
[2016.05.11-18.34.13:439][722]OBJ SavePackage: Finished generating thumbnails for package [/Game/Blueprints/BPEnemy]
[2016.05.11-18.34.13:640][722]LogSavePackage: Save=178.92ms
[2016.05.11-18.34.13:640][722]LogSavePackage: Moving '../../../../../../Users/Uzair Hafeez/Downloads/SpaceShooterFinalVersion/HafeezSpaceShooter/Saved/BPEnemy_Auto10069C99940B3B6DE0E0EC4A4D3B2F9C0.tmp' to '../../../../../../Users/Uzair Hafeez/Downloads/SpaceShooterFinalVersion/HafeezSpaceShooter/Saved/Autosaves/Game/Blueprints/BPEnemy_Auto1.uasset'
[2016.05.11-18.34.13:686][722]LogSavePackage: Total save time: 245.64ms
[2016.05.11-18.34.13:686][722]LogSavePackage:Display: Finished SavePackage ../../../../../../Users/Uzair Hafeez/Downloads/SpaceShooterFinalVersion/HafeezSpaceShooter/Saved/Autosaves/Game/Blueprints/BPEnemy_Auto1.uasset
[2016.05.11-18.34.13:686][722]LogFileHelpers: Auto-saving content packages took 0.269
[2016.05.11-18.43.33:577][879]LogPlayLevel: PlayLevel: No blueprints needed recompiling
[2016.05.11-18.43.33:577][879]PIE: New page: PIE session: Main (May 11, 2016, 9:43:33 AM)
[2016.05.11-18.43.33:578][879]LogPlayLevel: Creating play world package: /Game/Maps/UEDPIE_0_Main
[2016.05.11-18.43.33:580][879]LogPlayLevel: PIE: StaticDuplicateObject took: (0.002740s)
[2016.05.11-18.43.33:582][879]LogAIModule: Creating AISystem for world Main
[2016.05.11-18.43.33:582][879]LogPlayLevel: PIE: World Init took: (0.001241s)
[2016.05.11-18.43.33:582][879]LogPlayLevel: PIE: Created PIE world by copying editor world from /Game/Maps/Main.Main to /Game/Maps/UEDPIE_0_Main.Main (0.004317s)
[2016.05.11-18.43.33:631][879]LogInit: XAudio2 using 'Speakers (High Definition Audio Device)' : 2 channels at 44.1 kHz using 16 bits per sample (channel mask 0x3)
[2016.05.11-18.43.33:638][879]LogInit: FAudioDevice initialized.
[2016.05.11-18.43.33:668][879]LogWorld: Game class is 'Shooter_C'
[2016.05.11-18.43.33:671][879]LogWorld: Bringing World /Game/Maps/UEDPIE_0_Main.Main up for play (max tick rate 0) at 2016.05.11-14.43.33
[2016.05.11-18.43.33:671][879]LogWorld: Bringing up level for play took: 0.003117
[2016.05.11-18.43.33:674][879]PIE: Info Play in editor start time for /Game/Maps/UEDPIE_0_Main -0.378
[2016.05.11-18.46.20:567][628]LogFileHelpers: Editor autosave (incl. sublevels) for '/Game/Maps/Main' took 0.047
[2016.05.11-18.46.20:574][628]OBJ SavePackage: Generating thumbnails for [0] asset(s) in package [/Game/Blueprints/BPPlayer] ([1] browsable assets)...
[2016.05.11-18.46.20:574][628]OBJ SavePackage: Finished generating thumbnails for package [/Game/Blueprints/BPPlayer]
[2016.05.11-18.46.20:864][628]LogSavePackage: Save=240.25ms
[2016.05.11-18.46.20:864][628]LogSavePackage: Moving '../../../../../../Users/Uzair Hafeez/Downloads/SpaceShooterFinalVersion/HafeezSpaceShooter/Saved/BPPlayer_Auto2100605524E81AFC11688428528004B8F.tmp' to '../../../../../../Users/Uzair Hafeez/Downloads/SpaceShooterFinalVersion/HafeezSpaceShooter/Saved/Autosaves/Game/Blueprints/BPPlayer_Auto2.uasset'
[2016.05.11-18.46.20:885][628]LogSavePackage: Total save time: 309.65ms
[2016.05.11-18.46.20:885][628]LogSavePackage:Display: Finished SavePackage ../../../../../../Users/Uzair Hafeez/Downloads/SpaceShooterFinalVersion/HafeezSpaceShooter/Saved/Autosaves/Game/Blueprints/BPPlayer_Auto2.uasset
[2016.05.11-18.46.20:885][628]LogFileHelpers: Auto-saving content packages took 0.317
[2016.05.11-19.12.01:630][525]LogPlayLevel: PlayLevel: No blueprints needed recompiling
[2016.05.11-19.12.01:630][525]PIE: New page: PIE session: Main (May 11, 2016, 10:12:01 AM)
[2016.05.11-19.12.01:630][525]LogPlayLevel: Creating play world package: /Game/Maps/UEDPIE_0_Main
[2016.05.11-19.12.01:632][525]LogPlayLevel: PIE: StaticDuplicateObject took: (0.001934s)
[2016.05.11-19.12.01:633][525]LogAIModule: Creating AISystem for world Main
[2016.05.11-19.12.01:633][525]LogPlayLevel: PIE: World Init took: (0.001270s)
[2016.05.11-19.12.01:634][525]LogPlayLevel: PIE: Created PIE world by copying editor world from /Game/Maps/Main.Main to /Game/Maps/UEDPIE_0_Main.Main (0.003430s)
[2016.05.11-19.12.01:688][525]LogInit: XAudio2 using 'Speakers (High Definition Audio Device)' : 2 channels at 44.1 kHz using 16 bits per sample (channel mask 0x3)
[2016.05.11-19.12.01:700][525]LogInit: FAudioDevice initialized.
[2016.05.11-19.12.01:879][525]LogWorld: Game class is 'Shooter_C'
[2016.05.11-19.12.01:883][525]LogWorld: Bringing World /Game/Maps/UEDPIE_0_Main.Main up for play (max tick rate 60) at 2016.05.11-15.12.01
[2016.05.11-19.12.01:883][525]LogWorld: Bringing up level for play took: 0.002979
[2016.05.11-19.12.01:884][525]LogGameMode: Warning - PATHS NOT DEFINED or NO PLAYERSTART with positive rating
[2016.05.11-19.12.01:896][525]PIE: Info Play in editor start time for /Game/Maps/UEDPIE_0_Main -0.156
[2016.05.11-19.12.05:490][674]LogScript:Warning: FLatentActionManager::ProcessLatentActions: CallbackTarget is None.
[2016.05.11-19.12.09:686][850]LogScript:Warning: FLatentActionManager::ProcessLatentActions: CallbackTarget is None.
[2016.05.11-19.39.45:714][961]LogSavePackage: Save=239.97ms
[2016.05.11-19.39.45:714][961]LogSavePackage: Moving '../../../../../../Users/Uzair Hafeez/Downloads/SpaceShooterFinalVersion/HafeezSpaceShooter/Saved/BPGameController3FE4DFF946FBFF76F49192B6821016EF.tmp' to '../../../../../../Users/Uzair Hafeez/Downloads/SpaceShooterFinalVersion/HafeezSpaceShooter/Content/Blueprints/BPGameController.uasset'
[2016.05.11-19.39.45:717][961]LogSavePackage: Total save time: 274.59ms
[2016.05.11-19.39.45:717][961]LogSavePackage:Display: Finished SavePackage ../../../../../../Users/Uzair Hafeez/Downloads/SpaceShooterFinalVersion/HafeezSpaceShooter/Content/Blueprints/BPGameController.uasset
[2016.05.11-19.39.48:590][183]LogSavePackage: Save=41.32ms
[2016.05.11-19.39.48:590][183]LogSavePackage: Moving '../../../../../../Users/Uzair Hafeez/Downloads/SpaceShooterFinalVersion/HafeezSpaceShooter/Saved/Main02C6AB154E6A7E2F2318A3AAB6B4CF83.tmp' to '../../../../../../Users/Uzair Hafeez/Downloads/SpaceShooterFinalVersion/HafeezSpaceShooter/Content/Maps/Main.umap'
[2016.05.11-19.39.48:594][183]LogSavePackage: Total save time: 67.73ms
[2016.05.11-19.39.48:594][183]LogSavePackage:Display: Finished SavePackage ../../../../../../Users/Uzair Hafeez/Downloads/SpaceShooterFinalVersion/HafeezSpaceShooter/Content/Maps/Main.umap
[2016.05.11-19.39.49:828][281]LogActorComponent: UnregisterComponent: (/Engine/Transient.EditorFloorComp) Not registered. Aborting.
[2016.05.11-19.39.50:774][351]LogSavePackage: Save=28.46ms
[2016.05.11-19.39.50:774][351]LogSavePackage: Moving '../../../../../../Users/Uzair Hafeez/Downloads/SpaceShooterFinalVersion/HafeezSpaceShooter/Saved/Main186E3EFB4FCC328B5516AAA82374B238.tmp' to '../../../../../../Users/Uzair Hafeez/Downloads/SpaceShooterFinalVersion/HafeezSpaceShooter/Content/Maps/Main.umap'
[2016.05.11-19.39.50:776][351]LogSavePackage: Total save time: 52.05ms
[2016.05.11-19.39.50:776][351]LogSavePackage:Display: Finished SavePackage ../../../../../../Users/Uzair Hafeez/Downloads/SpaceShooterFinalVersion/HafeezSpaceShooter/Content/Maps/Main.umap
[2016.05.11-19.39.51:952][455]LogActorComponent: UnregisterComponent: (/Engine/Transient.EditorFloorComp) Not registered. Aborting.
[2016.05.11-19.39.55:682][778]LogSavePackage: Save=28.97ms
[2016.05.11-19.39.55:682][778]LogSavePackage: Moving '../../../../../../Users/Uzair Hafeez/Downloads/SpaceShooterFinalVersion/HafeezSpaceShooter/Saved/Main62DFC4FE453E351B5C6DD197A3A7AAFF.tmp' to '../../../../../../Users/Uzair Hafeez/Downloads/SpaceShooterFinalVersion/HafeezSpaceShooter/Content/Maps/Main.umap'
[2016.05.11-19.39.55:684][778]LogSavePackage: Total save time: 52.13ms
[2016.05.11-19.39.55:684][778]LogSavePackage:Display: Finished SavePackage ../../../../../../Users/Uzair Hafeez/Downloads/SpaceShooterFinalVersion/HafeezSpaceShooter/Content/Maps/Main.umap
[2016.05.11-19.39.59:877][ 17]Cmd: OBJ SAVEPACKAGE PACKAGE="/Game/Blueprints/BPEnemy" FILE="../../../../../../Users/Uzair Hafeez/Downloads/SpaceShooterFinalVersion/HafeezSpaceShooter/Content/Blueprints/BPEnemy.uasset" SILENT=true
[2016.05.11-19.40.00:079][ 17]LogSavePackage: Save=174.80ms
[2016.05.11-19.40.00:079][ 17]LogSavePackage: Moving '../../../../../../Users/Uzair Hafeez/Downloads/SpaceShooterFinalVersion/HafeezSpaceShooter/Saved/BPEnemy0981EB794CBC7A511A50B08C341A7044.tmp' to '../../../../../../Users/Uzair Hafeez/Downloads/SpaceShooterFinalVersion/HafeezSpaceShooter/Content/Blueprints/BPEnemy.uasset'
[2016.05.11-19.40.00:083][ 17]LogSavePackage: Total save time: 204.94ms
[2016.05.11-19.40.00:083][ 17]LogSavePackage:Display: Finished SavePackage ../../../../../../Users/Uzair Hafeez/Downloads/SpaceShooterFinalVersion/HafeezSpaceShooter/Content/Blueprints/BPEnemy.uasset
[2016.05.11-19.40.00:091][ 17]Cmd: OBJ SAVEPACKAGE PACKAGE="/Game/Blueprints/BPPlayer" FILE="../../../../../../Users/Uzair Hafeez/Downloads/SpaceShooterFinalVersion/HafeezSpaceShooter/Content/Blueprints/BPPlayer.uasset" SILENT=true
[2016.05.11-19.40.00:323][ 17]LogSavePackage: Save=207.53ms
[2016.05.11-19.40.00:324][ 17]LogSavePackage: Moving '../../../../../../Users/Uzair Hafeez/Downloads/SpaceShooterFinalVersion/HafeezSpaceShooter/Saved/BPPlayerC55030584692D141F6161084497FC482.tmp' to '../../../../../../Users/Uzair Hafeez/Downloads/SpaceShooterFinalVersion/HafeezSpaceShooter/Content/Blueprints/BPPlayer.uasset'
[2016.05.11-19.40.00:327][ 17]LogSavePackage: Total save time: 234.37ms
[2016.05.11-19.40.00:327][ 17]LogSavePackage:Display: Finished SavePackage ../../../../../../Users/Uzair Hafeez/Downloads/SpaceShooterFinalVersion/HafeezSpaceShooter/Content/Blueprints/BPPlayer.uasset
[2016.05.11-19.40.00:584][ 17]LogWindowsTextInputMethodSystem:Display: IME system now deactivated.
[2016.05.11-19.40.00:971][ 18]Cmd: QUIT_EDITOR
[2016.05.11-19.40.02:783][ 18]LogExit: Preparing to exit.
[2016.05.11-19.40.05:506][ 18]LogExit: Editor shut down
[2016.05.11-19.40.05:591][ 18]LogExit: Transaction tracking system shut down
[2016.05.11-19.40.10:176][ 18]LogObj: Freed 0b from 0 cluster array pools.
[2016.05.11-19.40.10:177][ 18]LogExit: Object subsystem successfully closed.
[2016.05.11-19.40.11:055][ 18]LogD3D11RHI: Shutdown
[2016.05.11-19.40.11:055][ 18]LogD3D11RHI: CleanupD3DDevice
[2016.05.11-19.40.11:793][ 18]LogD3D11RHI: ~FD3D11DynamicRHI
[2016.05.11-19.40.11:947][ 18]LogDerivedDataCache: Shutdown
[2016.05.11-19.40.13:755][ 18]LogModuleManager: Shutting down and abandoning module BlueprintGraph (208)
[2016.05.11-19.40.13:755][ 18]LogModuleManager: Shutting down and abandoning module MovieSceneCapture (207)
[2016.05.11-19.40.13:790][ 18]LogModuleManager: Shutting down and abandoning module ExternalImagePicker (206)
[2016.05.11-19.40.13:872][ 18]LogModuleManager: Shutting down and abandoning module MaterialEditor (205)
[2016.05.11-19.40.13:872][ 18]LogModuleManager: Shutting down and abandoning module HierarchicalLODOutliner (204)
[2016.05.11-19.40.13:894][ 18]LogModuleManager: Shutting down and abandoning module CrashTracker (203)
[2016.05.11-19.40.13:894][ 18]LogModuleManager: Shutting down and abandoning module SceneOutliner (202)
[2016.05.11-19.40.13:911][ 18]LogModuleManager: Shutting down and abandoning module SuperSearch (201)
[2016.05.11-19.40.13:911][ 18]LogModuleManager: Shutting down and abandoning module WidgetCarousel (200)
[2016.05.11-19.40.13:911][ 18]LogModuleManager: Shutting down and abandoning module AddContentDialog (199)
[2016.05.11-19.40.13:954][ 18]LogModuleManager: Shutting down and abandoning module GameplayTags (198)
[2016.05.11-19.40.13:954][ 18]LogModuleManager: Shutting down and abandoning module EditorWidgets (197)
[2016.05.11-19.40.13:954][ 18]LogModuleManager: Shutting down and abandoning module CollectionManager (196)
[2016.05.11-19.40.13:979][ 18]LogModuleManager: Shutting down and abandoning module StatsViewer (195)
[2016.05.11-19.40.14:037][ 18]LogModuleManager: Shutting down and abandoning module FoliageEdit (194)
[2016.05.11-19.40.14:053][ 18]LogModuleManager: Shutting down and abandoning module LandscapeEditor (193)
[2016.05.11-19.40.14:095][ 18]LogModuleManager: Shutting down and abandoning module ActorPickerMode (192)
[2016.05.11-19.40.14:095][ 18]LogModuleManager: Shutting down and abandoning module GeometryMode (191)
[2016.05.11-19.40.14:095][ 18]LogModuleManager: Shutting down and abandoning module TextureAlignMode (190)
[2016.05.11-19.40.14:095][ 18]LogModuleManager: Shutting down and abandoning module BspMode (189)
[2016.05.11-19.40.14:095][ 18]LogModuleManager: Shutting down and abandoning module PlacementMode (188)
[2016.05.11-19.40.14:095][ 18]LogModuleManager: Shutting down and abandoning module AutomationWorker (187)
[2016.05.11-19.40.14:095][ 18]LogModuleManager: Shutting down and abandoning module CharacterAI (186)
[2016.05.11-19.40.14:095][ 18]LogModuleManager: Shutting down and abandoning module SmartSnapping (185)
[2016.05.11-19.40.14:095][ 18]LogModuleManager: Shutting down and abandoning module ViewportSnapping (184)
[2016.05.11-19.40.14:095][ 18]LogModuleManager: Shutting down and abandoning module LogVisualizer (183)
[2016.05.11-19.40.14:144][ 18]LogModuleManager: Shutting down and abandoning module GameProjectGeneration (182)
[2016.05.11-19.40.14:203][ 18]LogModuleManager: Shutting down and abandoning module IntroTutorials (181)
[2016.05.11-19.40.14:233][ 18]LogModuleManager: Shutting down and abandoning module EditorLiveStreaming (180)
[2016.05.11-19.40.14:233][ 18]LogModuleManager: Shutting down and abandoning module IOSPlatformEditor (179)
[2016.05.11-19.40.14:258][ 18]LogModuleManager: Shutting down and abandoning module HTML5PlatformEditor (178)
[2016.05.11-19.40.14:258][ 18]LogModuleManager: Shutting down and abandoning module AndroidDeviceDetection (177)
[2016.05.11-19.40.14:622][ 18]LogModuleManager: Shutting down and abandoning module AndroidPlatformEditor (176)
[2016.05.11-19.40.14:622][ 18]LogModuleManager: Shutting down and abandoning module IOSRuntimeSettings (175)
[2016.05.11-19.40.14:622][ 18]LogModuleManager: Shutting down and abandoning module AndroidRuntimeSettings (174)
[2016.05.11-19.40.14:622][ 18]LogModuleManager: Shutting down and abandoning module MergeActors (173)
[2016.05.11-19.40.14:650][ 18]LogModuleManager: Shutting down and abandoning module SizeMap (172)
[2016.05.11-19.40.14:663][ 18]LogModuleManager: Shutting down and abandoning module TreeMap (171)
[2016.05.11-19.40.14:729][ 18]LogModuleManager: Shutting down and abandoning module ReferenceViewer (170)
[2016.05.11-19.40.14:758][ 18]LogModuleManager: Shutting down and abandoning module LocalizationService (169)
[2016.05.11-19.40.14:768][ 18]LogModuleManager: Shutting down and abandoning module LocalizationDashboard (168)
[2016.05.11-19.40.14:801][ 18]LogModuleManager: Shutting down and abandoning module HardwareTargeting (167)
[2016.05.11-19.40.14:801][ 18]LogModuleManager: Shutting down and abandoning module DeviceProfileEditor (166)
[2016.05.11-19.40.14:843][ 18]LogModuleManager: Shutting down and abandoning module UndoHistory (165)
[2016.05.11-19.40.14:859][ 18]LogModuleManager: Shutting down and abandoning module UserFeedback (164)
[2016.05.11-19.40.14:859][ 18]LogModuleManager: Shutting down and abandoning module XmlParser (163)
[2016.05.11-19.40.14:870][ 18]LogModuleManager: Shutting down and abandoning module Blutility (162)
[2016.05.11-19.40.14:883][ 18]LogModuleManager: Shutting down and abandoning module ProjectTargetPlatformEditor (161)
[2016.05.11-19.40.14:884][ 18]LogModuleManager: Shutting down and abandoning module ProjectSettingsViewer (160)
[2016.05.11-19.40.14:884][ 18]LogModuleManager: Shutting down and abandoning module InputBindingEditor (159)
[2016.05.11-19.40.14:936][ 18]LogModuleManager: Shutting down and abandoning module EditorSettingsViewer (158)
[2016.05.11-19.40.14:936][ 18]LogModuleManager: Shutting down and abandoning module SettingsEditor (157)
[2016.05.11-19.40.14:972][ 18]LogModuleManager: Shutting down and abandoning module ProjectLauncher (156)
[2016.05.11-19.40.15:000][ 18]LogModuleManager: Shutting down and abandoning module SessionFrontend (155)
[2016.05.11-19.40.15:036][ 18]LogModuleManager: Shutting down and abandoning module ProfilerClient (154)
[2016.05.11-19.40.15:083][ 18]LogModuleManager: Shutting down and abandoning module TargetDeviceServices (153)
[2016.05.11-19.40.15:083][ 18]LogModuleManager: Shutting down and abandoning module DeviceManager (152)
[2016.05.11-19.40.15:148][ 18]LogModuleManager: Shutting down and abandoning module AutomationController (151)
[2016.05.11-19.40.15:178][ 18]LogModuleManager: Shutting down and abandoning module AutomationWindow (150)
[2016.05.11-19.40.15:222][ 18]LogModuleManager: Shutting down and abandoning module Layers (149)
[2016.05.11-19.40.15:363][ 18]LogModuleManager: Shutting down and abandoning module ComponentVisualizers (148)
[2016.05.11-19.40.15:363][ 18]LogModuleManager: Shutting down and abandoning module DetailCustomizations (147)
[2016.05.11-19.40.15:417][ 18]LogModuleManager: Shutting down and abandoning module PackagesDialog (146)
[2016.05.11-19.40.15:417][ 18]LogModuleManager: Shutting down and abandoning module Persona (145)
[2016.05.11-19.40.15:528][ 18]LogModuleManager: Shutting down and abandoning module Kismet (144)
[2016.05.11-19.40.15:541][ 18]LogModuleManager: Shutting down and abandoning module GraphEditor (143)
[2016.05.11-19.40.15:542][ 18]LogModuleManager: Shutting down and abandoning module ClassViewer (142)
[2016.05.11-19.40.15:561][ 18]LogModuleManager: Shutting down and abandoning module Toolbox (141)
[2016.05.11-19.40.15:589][ 18]LogModuleManager: Shutting down and abandoning module ModuleUI (140)
[2016.05.11-19.40.16:048][ 18]LogModuleManager: Shutting down and abandoning module MovieSceneTools (139)
[2016.05.11-19.40.16:131][ 18]LogModuleManager: Shutting down and abandoning module OutputLog (138)
[2016.05.11-19.40.16:289][ 18]LogModuleManager: Shutting down and abandoning module GammaUI (137)
[2016.05.11-19.40.16:428][ 18]LogModuleManager: Shutting down and abandoning module Documentation (136)
[2016.05.11-19.40.16:428][ 18]LogModuleManager: Shutting down and abandoning module StreamingPauseRendering (135)
[2016.05.11-19.40.16:428][ 18]LogModuleManager: Shutting down and abandoning module AnalyticsET (134)
[2016.05.11-19.40.16:428][ 18]LogModuleManager: Shutting down and abandoning module Analytics (133)
[2016.05.11-19.40.16:428][ 18]LogModuleManager: Shutting down and abandoning module PortalServices (132)
[2016.05.11-19.40.16:428][ 18]LogModuleManager: Shutting down and abandoning module PortalRpc (131)
[2016.05.11-19.40.16:428][ 18]LogModuleManager: Shutting down and abandoning module MessagingRpc (130)
[2016.05.11-19.40.16:428][ 18]LogModuleManager: Shutting down and abandoning module AITestSuite (129)
[2016.05.11-19.40.16:463][ 18]LogModuleManager: Shutting down and abandoning module GameplayDebugger (128)
[2016.05.11-19.40.16:505][ 18]LogModuleManager: Shutting down and abandoning module AIModule (127)
[2016.05.11-19.40.16:505][ 18]LogModuleManager: Shutting down and abandoning module ProfilerService (126)
[2016.05.11-19.40.16:795][ 18]LogModuleManager: Shutting down and abandoning module TaskGraph (125)
[2016.05.11-19.40.16:884][ 18]LogModuleManager: Shutting down and abandoning module SlateRemote (124)
[2016.05.11-19.40.16:884][ 18]LogModuleManager: Shutting down and abandoning module SteamVRController (123)
[2016.05.11-19.40.16:884][ 18]LogModuleManager: Shutting down and abandoning module SteamVR (122)
[2016.05.11-19.40.16:884][ 18]LogModuleManager: Shutting down and abandoning module ProceduralMeshComponent (121)
[2016.05.11-19.40.16:884][ 18]LogModuleManager: Shutting down and abandoning module OculusLibrary (120)
[2016.05.11-19.40.16:884][ 18]LogModuleManager: Shutting down and abandoning module OculusInput (119)
[2016.05.11-19.40.16:884][ 18]LogModuleManager: Shutting down and abandoning module CustomMeshComponent (118)
[2016.05.11-19.40.16:884][ 18]LogModuleManager: Shutting down and abandoning module CableComponent (117)
[2016.05.11-19.40.16:884][ 18]LogModuleManager: Shutting down and abandoning module ArchVisCharacter (116)
[2016.05.11-19.40.16:884][ 18]LogModuleManager: Shutting down and abandoning module MediaPlayerEditor (115)
[2016.05.11-19.40.17:060][ 18]LogModuleManager: Shutting down and abandoning module HTML5Networking (114)
[2016.05.11-19.40.17:060][ 18]LogModuleManager: Shutting down and abandoning module SpeedTreeImporter (113)
[2016.05.11-19.40.17:060][ 18]LogModuleManager: Shutting down and abandoning module PluginBrowser (112)
[2016.05.11-19.40.17:091][ 18]LogModuleManager: Shutting down and abandoning module EpicSurvey (111)
[2016.05.11-19.40.17:144][ 18]LogModuleManager: Shutting down and abandoning module DesktopPlatform (110)
[2016.05.11-19.40.17:173][ 18]LogModuleManager: Shutting down and abandoning module VisualStudioSourceCodeAccess (109)
[2016.05.11-19.40.17:215][ 18]LogModuleManager: Shutting down and abandoning module UObjectPlugin (108)
[2016.05.11-19.40.17:215][ 18]LogModuleManager: Shutting down and abandoning module SubversionSourceControl (107)
[2016.05.11-19.40.17:230][ 18]LogModuleManager: Shutting down and abandoning module PerforceSourceControl (106)
[2016.05.11-19.40.17:342][ 18]LogModuleManager: Shutting down and abandoning module SourceControl (105)
[2016.05.11-19.40.17:398][ 18]LogModuleManager: Shutting down and abandoning module GitSourceControl (104)
[2016.05.11-19.40.17:429][ 18]LogModuleManager: Shutting down and abandoning module LightPropagationVolumeEditor (103)
[2016.05.11-19.40.17:429][ 18]LogModuleManager: Shutting down and abandoning module PaperTiledImporter (102)
[2016.05.11-19.40.17:445][ 18]LogModuleManager: Shutting down and abandoning module PaperSpriteSheetImporter (101)
[2016.05.11-19.40.17:445][ 18]LogModuleManager: Shutting down and abandoning module MeshPaint (100)
[2016.05.11-19.40.17:476][ 18]LogModuleManager: Shutting down and abandoning module HotReload (99)
[2016.05.11-19.40.17:502][ 18]LogModuleManager: Shutting down and abandoning module MainFrame (98)
[2016.05.11-19.40.17:502][ 18]LogModuleManager: Shutting down and abandoning module LevelEditor (97)
[2016.05.11-19.40.17:503][ 18]LogModuleManager: Shutting down and abandoning module DirectoryWatcher (96)
[2016.05.11-19.40.17:540][ 18]LogModuleManager: Shutting down and abandoning module AssetRegistry (95)
[2016.05.11-19.40.17:763][ 18]LogModuleManager: Shutting down and abandoning module ContentBrowser (94)
[2016.05.11-19.40.17:764][ 18]LogModuleManager: Shutting down and abandoning module Paper2DEditor (93)
[2016.05.11-19.40.17:850][ 18]LogModuleManager: Shutting down and abandoning module UdpMessaging (92)
[2016.05.11-19.40.17:951][ 18]LogModuleManager: Shutting down and abandoning module LightPropagationVolumeRuntime (91)
[2016.05.11-19.40.17:951][ 18]LogModuleManager: Shutting down and abandoning module Paper2D (90)
[2016.05.11-19.40.17:990][ 18]LogModuleManager: Shutting down and abandoning module WindowsMoviePlayer (89)
[2016.05.11-19.40.18:040][ 18]LogModuleManager: Shutting down and abandoning module Media (88)
[2016.05.11-19.40.18:040][ 18]LogModuleManager: Shutting down and abandoning module WmfMedia (87)
[2016.05.11-19.40.18:078][ 18]LogModuleManager: Shutting down and abandoning module MediaAssets (86)
[2016.05.11-19.40.18:078][ 18]LogModuleManager: Shutting down and abandoning module GameLiveStreaming (85)
[2016.05.11-19.40.18:078][ 18]LogModuleManager: Shutting down and abandoning module GameplayTagsEditor (84)
[2016.05.11-19.40.18:078][ 18]LogModuleManager: Shutting down and abandoning module OnlineBlueprintSupport (83)
[2016.05.11-19.40.18:078][ 18]LogModuleManager: Shutting down and abandoning module GameplayTasksEditor (82)
[2016.05.11-19.40.18:078][ 18]LogModuleManager: Shutting down and abandoning module PropertyEditor (81)
[2016.05.11-19.40.18:079][ 18]LogModuleManager: Shutting down and abandoning module BehaviorTreeEditor (80)
[2016.05.11-19.40.18:114][ 18]LogModuleManager: Shutting down and abandoning module FunctionalTesting (79)
[2016.05.11-19.40.18:114][ 18]LogModuleManager: Shutting down and abandoning module CollisionAnalyzer (78)
[2016.05.11-19.40.18:172][ 18]LogModuleManager: Shutting down and abandoning module WorkspaceMenuStructure (77)
[2016.05.11-19.40.18:172][ 18]LogModuleManager: Shutting down and abandoning module MessageLog (76)
[2016.05.11-19.40.18:172][ 18]LogModuleManager: Shutting down and abandoning module Sequencer (75)
[2016.05.11-19.40.18:229][ 18]LogModuleManager: Shutting down and abandoning module AssetTools (74)
[2016.05.11-19.40.18:335][ 18]LogModuleManager: Shutting down and abandoning module UMGEditor (73)
[2016.05.11-19.40.18:696][ 18]LogModuleManager: Shutting down and abandoning module UMG (72)
[2016.05.11-19.40.18:809][ 18]LogModuleManager: Shutting down and abandoning module SlateReflector (71)
[2016.05.11-19.40.18:953][ 18]LogModuleManager: Shutting down and abandoning module Slate (70)
[2016.05.11-19.40.18:953][ 18]LogModuleManager: Shutting down and abandoning module EditorStyle (69)
[2016.05.11-19.40.18:956][ 18]LogModuleManager: Shutting down and abandoning module SessionServices (68)
[2016.05.11-19.40.18:956][ 18]LogModuleManager: Shutting down and abandoning module SourceCodeAccess (67)
[2016.05.11-19.40.18:956][ 18]LogModuleManager: Shutting down and abandoning module HeadMountedDisplay (66)
[2016.05.11-19.40.18:956][ 18]LogModuleManager: Shutting down and abandoning module XAudio2 (65)
[2016.05.11-19.40.18:956][ 18]LogModuleManager: Shutting down and abandoning module Networking (63)
[2016.05.11-19.40.18:956][ 18]LogModuleManager: Shutting down and abandoning module Core (62)
[2016.05.11-19.40.18:956][ 18]LogModuleManager: Shutting down and abandoning module KismetCompiler (61)
[2016.05.11-19.40.19:008][ 18]LogModuleManager: Shutting down and abandoning module PhysXFormats (60)
[2016.05.11-19.40.19:043][ 18]LogModuleManager: Shutting down and abandoning module MeshUtilities (59)
[2016.05.11-19.40.19:073][ 18]LogModuleManager: Shutting down and abandoning module CookingStats (58)
[2016.05.11-19.40.19:073][ 18]LogModuleManager: Shutting down and abandoning module DerivedDataCache (57)
[2016.05.11-19.40.19:073][ 18]LogDerivedDataCache: Shutdown
[2016.05.11-19.40.19:073][ 18]LogModuleManager: Shutting down and abandoning module ShaderFormatOpenGL (56)
[2016.05.11-19.40.19:114][ 18]LogModuleManager: Shutting down and abandoning module ShaderFormatD3D (55)
[2016.05.11-19.40.19:130][ 18]LogModuleManager: Shutting down and abandoning module MetalShaderFormat (54)
[2016.05.11-19.40.19:198][ 18]LogModuleManager: Shutting down and abandoning module TextureFormatUncompressed (53)
[2016.05.11-19.40.19:199][ 18]LogModuleManager: Shutting down and abandoning module TextureFormatPVR (52)
[2016.05.11-19.40.19:237][ 18]LogModuleManager: Shutting down and abandoning module TextureFormatIntelISPCTexComp (51)
[2016.05.11-19.40.19:263][ 18]LogModuleManager: Shutting down and abandoning module TextureFormatDXT (50)
[2016.05.11-19.40.19:299][ 18]LogModuleManager: Shutting down and abandoning module ImageWrapper (49)
[2016.05.11-19.40.19:299][ 18]LogModuleManager: Shutting down and abandoning module TextureFormatASTC (48)
[2016.05.11-19.40.19:299][ 18]LogModuleManager: Shutting down and abandoning module TextureFormatAndroid (47)
[2016.05.11-19.40.19:299][ 18]LogModuleManager: Shutting down and abandoning module AudioFormatOpus (46)
[2016.05.11-19.40.19:316][ 18]LogModuleManager: Shutting down and abandoning module AudioFormatOgg (45)
[2016.05.11-19.40.19:378][ 18]LogModuleManager: Shutting down and abandoning module AudioFormatADPCM (44)
[2016.05.11-19.40.19:424][ 18]LogModuleManager: Shutting down and abandoning module LinuxTargetPlatform (43)
[2016.05.11-19.40.19:424][ 18]LogModuleManager: Shutting down and abandoning module LinuxServerTargetPlatform (42)
[2016.05.11-19.40.19:434][ 18]LogModuleManager: Shutting down and abandoning module LinuxNoEditorTargetPlatform (41)
[2016.05.11-19.40.19:457][ 18]LogModuleManager: Shutting down and abandoning module TVOSTargetPlatform (40)
[2016.05.11-19.40.19:457][ 18]LogModuleManager: Shutting down and abandoning module Messaging (39)
[2016.05.11-19.40.19:457][ 18]LogModuleManager: Shutting down and abandoning module IOSTargetPlatform (38)
[2016.05.11-19.40.19:457][ 18]LogModuleManager: Shutting down and abandoning module HTML5TargetPlatform (37)
[2016.05.11-19.40.19:457][ 18]LogModuleManager: Shutting down and abandoning module Android_PVRTCTargetPlatform (36)
[2016.05.11-19.40.19:457][ 18]LogModuleManager: Shutting down and abandoning module Android_MultiTargetPlatform (35)
[2016.05.11-19.40.19:505][ 18]LogModuleManager: Shutting down and abandoning module Android_ETC2TargetPlatform (34)
[2016.05.11-19.40.19:505][ 18]LogModuleManager: Shutting down and abandoning module Android_ETC1TargetPlatform (33)
[2016.05.11-19.40.19:505][ 18]LogModuleManager: Shutting down and abandoning module Android_DXTTargetPlatform (32)
[2016.05.11-19.40.19:505][ 18]LogModuleManager: Shutting down and abandoning module Android_ATCTargetPlatform (31)
[2016.05.11-19.40.19:505][ 18]LogModuleManager: Shutting down and abandoning module Android_ASTCTargetPlatform (30)
[2016.05.11-19.40.19:505][ 18]LogModuleManager: Shutting down and abandoning module AndroidTargetPlatform (29)
[2016.05.11-19.40.19:505][ 18]LogModuleManager: Shutting down and abandoning module WindowsTargetPlatform (28)
[2016.05.11-19.40.19:505][ 18]LogModuleManager: Shutting down and abandoning module WindowsServerTargetPlatform (27)
[2016.05.11-19.40.19:515][ 18]LogModuleManager: Shutting down and abandoning module WindowsNoEditorTargetPlatform (26)
[2016.05.11-19.40.19:542][ 18]LogModuleManager: Shutting down and abandoning module WindowsClientTargetPlatform (25)
[2016.05.11-19.40.19:555][ 18]LogModuleManager: Shutting down and abandoning module AllDesktopTargetPlatform (24)
[2016.05.11-19.40.19:555][ 18]LogModuleManager: Shutting down and abandoning module TargetPlatform (23)
[2016.05.11-19.40.19:556][ 18]LogModuleManager: Shutting down and abandoning module InputCore (22)
[2016.05.11-19.40.19:556][ 18]LogModuleManager: Shutting down and abandoning module Settings (21)
[2016.05.11-19.40.19:556][ 18]LogModuleManager: Shutting down and abandoning module OnlineSubsystem (19)
[2016.05.11-19.40.19:556][ 18]LogModuleManager: Shutting down and abandoning module HTTP (18)
[2016.05.11-19.40.21:628][ 18]LogModuleManager: Shutting down and abandoning module XMPP (17)
[2016.05.11-19.40.21:696][ 18]LogModuleManager: Shutting down and abandoning module OculusRift (16)
[2016.05.11-19.40.21:838][ 18]LogModuleManager: Shutting down and abandoning module ExampleDeviceProfileSelector (15)
[2016.05.11-19.40.21:838][ 18]LogModuleManager: Shutting down and abandoning module TextureCompressor (14)
[2016.05.11-19.40.21:985][ 18]LogModuleManager: Shutting down and abandoning module ShaderCore (13)
[2016.05.11-19.40.21:986][ 18]LogModuleManager: Shutting down and abandoning module Landscape (12)
[2016.05.11-19.40.21:986][ 18]LogModuleManager: Shutting down and abandoning module SlateRHIRenderer (11)
[2016.05.11-19.40.22:045][ 18]LogModuleManager: Shutting down and abandoning module OpenGLDrv (10)
[2016.05.11-19.40.22:074][ 18]LogModuleManager: Shutting down and abandoning module D3D11RHI (9)
[2016.05.11-19.40.22:074][ 18]LogModuleManager: Shutting down and abandoning module AnimGraphRuntime (8)
[2016.05.11-19.40.22:074][ 18]LogModuleManager: Shutting down and abandoning module Renderer (7)
[2016.05.11-19.40.22:074][ 18]LogModuleManager: Shutting down and abandoning module Engine (6)
[2016.05.11-19.40.22:074][ 18]LogModuleManager: Shutting down and abandoning module CoreUObject (5)
[2016.05.11-19.40.22:074][ 18]LogModuleManager: Shutting down and abandoning module NetworkFile (4)
[2016.05.11-19.40.22:099][ 18]LogModuleManager: Shutting down and abandoning module StreamingFile (3)
[2016.05.11-19.40.22:114][ 18]LogModuleManager: Shutting down and abandoning module SandboxFile (2)
[2016.05.11-19.40.22:132][ 18]LogModuleManager: Shutting down and abandoning module PakFile (1)
[2016.05.11-19.40.22:261][ 18]LogExit: Exiting.
[2016.05.11-19.40.29:244][ 18]Log file closed, 05/11/16 15:40:29
