Log file open, 05/11/16 11:46:22
LogInit:Display: Running engine for game: HafeezSpaceShooter
LogPlatformFile: Not using cached read wrapper
LogInit:Display: RandInit(-841425336) SRandInit(-841425336).
LogTaskGraph: Started task graph with 4 named threads and 5 total threads.
LogStats: Stats thread started at 0.141576
LogInit: Version: 4.11.2-2946394+++UE4+Release-4.11
LogInit: API Version: 2927265
LogInit: Compiled (64-bit): Apr 18 2016 02:18:46
LogInit: Compiled with Visual C++: 19.00.23026.00
LogInit: Build Configuration: Development
LogInit: Branch Name: ++UE4+Release-4.11
LogInit: Command line:  
LogInit: Base directory: C:/Program Files (x86)/Epic Games/4.11/Engine/Binaries/Win64/
LogInit: Installed Engine Build: 1
LogInit: Using libcurl 7.41.0
LogInit:  - built for x86_64-pc-win32
LogInit:  - supports SSL with WinSSL
LogInit:  - other features:
LogInit:      CURL_VERSION_SSL
LogInit:      CURL_VERSION_IPV6
LogInit:      CURL_VERSION_ASYNCHDNS
LogInit:      CURL_VERSION_LARGEFILE
LogInit:      CURL_VERSION_IDN
LogInit:  CurlRequestOptions (configurable via config and command line):
LogInit:  - bVerifyPeer = true  - Libcurl will verify peer certificate
LogInit:  - bUseHttpProxy = false  - Libcurl will NOT use HTTP proxy
LogInit:  - bDontReuseConnections = false  - Libcurl will reuse connections
LogInit:  - CertBundlePath = nullptr  - Libcurl will use whatever was configured at build time.
LogInit: Presizing for max 16777216 objects, including 0 objects not considered by GC, pre-allocating 0 bytes for permanent pool.
LogInit: Object subsystem initialized
[2016.05.11-15.46.22:972][  0]LogInit: Selected Device Profile: [Windows]
[2016.05.11-15.46.22:972][  0]LogInit: Applying CVar settings loaded from the selected device profile: [Windows]
[2016.05.11-15.46.22:982][  0]LogInit: Computer: UZAIR_HAFEEZ
[2016.05.11-15.46.22:982][  0]LogInit: User: UzairHafeez
[2016.05.11-15.46.22:982][  0]LogInit: CPU Page size=65536, Cores=2
[2016.05.11-15.46.22:982][  0]LogInit: High frequency timer resolution =2.240907 MHz
[2016.05.11-15.46.22:982][  0]LogMemory: Memory total: Physical=3.9GB (4GB approx)
[2016.05.11-15.46.22:982][  0]LogMemory: Platform Memory Stats for Windows
[2016.05.11-15.46.22:982][  0]LogMemory: Process Physical Memory: 310.41 MB used, 310.41 MB peak
[2016.05.11-15.46.22:982][  0]LogMemory: Process Virtual Memory: 315.25 MB used, 315.25 MB peak
[2016.05.11-15.46.22:982][  0]LogMemory: Physical Memory: 2501.58 MB used, 3979.78 MB total
[2016.05.11-15.46.22:982][  0]LogMemory: Virtual Memory: 629.86 MB used, 134217728.00 MB total
[2016.05.11-15.46.23:627][  0]LogTextLocalizationManager: No specific translations for ('en-US') exist, so ('en') translations will be used.
[2016.05.11-15.46.24:282][  0]LogD3D11RHI: D3D11 adapters:
[2016.05.11-15.46.24:293][  0]LogD3D11RHI:    0. 'Intel(R) HD Graphics Family' (Feature Level 11_0)
[2016.05.11-15.46.24:293][  0]LogD3D11RHI:       32MB of dedicated video memory, 0MB of dedicated system memory, and 1760MB of shared system memory, 1 output[s]
[2016.05.11-15.46.24:294][  0]LogD3D11RHI:    1. 'Microsoft Basic Render Driver' (Feature Level 11_0)
[2016.05.11-15.46.24:294][  0]LogD3D11RHI:       0MB of dedicated video memory, 0MB of dedicated system memory, and 256MB of shared system memory, 0 output[s]
[2016.05.11-15.46.24:294][  0]LogD3D11RHI: Chosen D3D11 Adapter: 0
[2016.05.11-15.46.24:299][  0]LogD3D11RHI: Creating new Direct3DDevice
[2016.05.11-15.46.24:300][  0]LogD3D11RHI:     Adapter Name: Intel(R) HD Graphics Family
[2016.05.11-15.46.24:300][  0]LogD3D11RHI:   Driver Version: 10.18.14.4062 (internal 10.18.14.4062)
[2016.05.11-15.46.24:300][  0]LogD3D11RHI:      Driver Date: 12-15-2014
[2016.05.11-15.46.24:300][  0]LogRHI: Texture pool is 638 MB (70% of 912 MB)
[2016.05.11-15.46.24:308][  0]LogD3D11RHI: Async texture creation enabled
[2016.05.11-15.46.24:319][  0]LogShaderCompilers: Guid format shader working directory is -31 characters bigger than the processId version (../../../../../../Users/Uzair Hafeez/Documents/Unreal Projects/HafeezSpaceShooter/Intermediate/Shaders/WorkingDirectory/492/).
[2016.05.11-15.46.24:319][  0]LogShaderCompilers: Cleaned the shader compiler working directory 'C:/Users/UZAIRH~1/AppData/Local/Temp/UnrealShaderWorkingDir/0CBB063346F22317C56C068A2CC1B18D/'.
[2016.05.11-15.46.24:319][  0]LogShaderCompilers:Display: Using Local Shader Compiler.
[2016.05.11-15.46.29:419][  0]LogTemp:Display: Loaded TP AllDesktopTargetPlatform
[2016.05.11-15.46.29:446][  0]LogTemp:Display: Loaded TP WindowsClientTargetPlatform
[2016.05.11-15.46.29:482][  0]LogTemp:Display: Loaded TP WindowsNoEditorTargetPlatform
[2016.05.11-15.46.29:522][  0]LogTemp:Display: Loaded TP WindowsServerTargetPlatform
[2016.05.11-15.46.29:577][  0]LogTemp:Display: Loaded TP WindowsTargetPlatform
[2016.05.11-15.46.29:668][  0]LogTemp:Display: Loaded TP AndroidTargetPlatform
[2016.05.11-15.46.29:730][  0]LogTemp:Display: Loaded TP Android_ASTCTargetPlatform
[2016.05.11-15.46.29:800][  0]LogTemp:Display: Loaded TP Android_ATCTargetPlatform
[2016.05.11-15.46.29:833][  0]LogTemp:Display: Loaded TP Android_DXTTargetPlatform
[2016.05.11-15.46.29:901][  0]LogTemp:Display: Loaded TP Android_ETC1TargetPlatform
[2016.05.11-15.46.29:956][  0]LogTemp:Display: Loaded TP Android_ETC2TargetPlatform
[2016.05.11-15.46.30:034][  0]LogTemp:Display: Loaded TP Android_MultiTargetPlatform
[2016.05.11-15.46.30:034][  0]LogTemp:Display: Loaded TP Android_PVRTCTargetPlatform
[2016.05.11-15.46.30:064][  0]LogTemp:Display: Loaded TP HTML5TargetPlatform
[2016.05.11-15.46.30:228][  0]LogTemp:Display: Loaded TP IOSTargetPlatform
[2016.05.11-15.46.30:247][  0]LogTemp:Display: Loaded TP TVOSTargetPlatform
[2016.05.11-15.46.30:300][  0]LogTemp:Display: Loaded TP LinuxNoEditorTargetPlatform
[2016.05.11-15.46.30:324][  0]LogTemp:Display: Loaded TP LinuxServerTargetPlatform
[2016.05.11-15.46.30:389][  0]LogTemp:Display: Loaded TP LinuxTargetPlatform
[2016.05.11-15.46.30:389][  0]LogTargetPlatformManager:Display: Building Assets For Windows
[2016.05.11-15.46.31:660][  0]LogDerivedDataCache:Display: Max Cache Size: 512 MB
[2016.05.11-15.46.32:338][  0]LogDerivedDataCache: Loaded boot cache 0.61s 46MB C:/Users/Uzair Hafeez/AppData/Local/UnrealEngine/4.11/DerivedDataCache/Boot.ddc.
[2016.05.11-15.46.32:338][  0]LogDerivedDataCache:Display: Loaded Boot cache: C:/Users/Uzair Hafeez/AppData/Local/UnrealEngine/4.11/DerivedDataCache/Boot.ddc
[2016.05.11-15.46.32:338][  0]LogDerivedDataCache: FDerivedDataBackendGraph:  Pak pak cache file ../../../../../../Users/Uzair Hafeez/Documents/Unreal Projects/HafeezSpaceShooter/DerivedDataCache/DDC.ddp not found, will not use a pak cache.
[2016.05.11-15.46.32:338][  0]LogDerivedDataCache: Unable to find inner node Pak for hierarchical cache Hierarchy.
[2016.05.11-15.46.32:339][  0]LogDerivedDataCache: FDerivedDataBackendGraph:  CompressedPak pak cache file ../../../../../../Users/Uzair Hafeez/Documents/Unreal Projects/HafeezSpaceShooter/DerivedDataCache/Compressed.ddp not found, will not use a pak cache.
[2016.05.11-15.46.32:339][  0]LogDerivedDataCache: Unable to find inner node CompressedPak for hierarchical cache Hierarchy.
[2016.05.11-15.46.32:458][  0]LogDerivedDataCache:Display: Pak cache opened for reading ../../../Engine/DerivedDataCache/Compressed.ddp.
[2016.05.11-15.46.32:503][  0]LogDerivedDataCache: Using Local data cache path C:/Users/Uzair Hafeez/AppData/Local/UnrealEngine/Common/DerivedDataCache: Writable
[2016.05.11-15.46.35:822][  0]LogInit: Selected Device Profile: [Windows]
[2016.05.11-15.46.35:871][  0]LogContentStreaming: Texture pool size is 0.00 MB
[2016.05.11-15.46.36:311][  0]LogMaterial: Uniform references updated for custom material expression Custom.
[2016.05.11-15.46.36:860][  0]LogMeshUtilities: No automatic mesh reduction module available
[2016.05.11-15.46.36:860][  0]LogMeshUtilities: No automatic mesh merging module available
[2016.05.11-15.46.36:860][  0]LogMeshUtilities: No distributed automatic mesh merging module available
[2016.05.11-15.46.39:255][  0]LogUObjectArray: 27679 objects as part of root set at end of initial load.
[2016.05.11-15.46.39:255][  0]LogUObjectAllocator: 5591592 out of 0 bytes used by permanent object pool.
[2016.05.11-15.46.39:255][  0]LogUObjectArray: CloseDisregardForGC: 0/0 objects in disregard for GC pool
[2016.05.11-15.46.39:290][  0]LogInit: WinSock: version 1.1 (2.2), MaxSocks=32767, MaxUdp=65467
[2016.05.11-15.46.42:384][  0]LogSlate: SlateFontCache - WITH_FREETYPE: 1, WITH_HARFBUZZ: 1
[2016.05.11-15.46.42:384][  0]LogSlate: SlateFontCache - WITH_FREETYPE: 1, WITH_HARFBUZZ: 1
[2016.05.11-15.46.48:452][  0]LogStreaming:Warning: Failed to read file '../../../Engine/Content/Editor/Slate/Common/Selection_16x.png' error.
[2016.05.11-15.46.48:452][  0]LogSlate: Could not find file for Slate resource: ../../../Engine/Content/Editor/Slate/Common/Selection_16x.png
[2016.05.11-15.46.48:452][  0]LogStreaming:Warning: Failed to read file '../../../Engine/Content/Editor/Slate/Common/Selection_16x.png' error.
[2016.05.11-15.46.48:452][  0]LogSlate: Could not find file for Slate resource: ../../../Engine/Content/Editor/Slate/Common/Selection_16x.png
[2016.05.11-15.46.48:452][  0]LogStreaming:Warning: Failed to read file '../../../Engine/Content/Editor/Slate/Common/Selection_16x.png' error.
[2016.05.11-15.46.48:452][  0]LogSlate: Could not find file for Slate resource: ../../../Engine/Content/Editor/Slate/Common/Selection_16x.png
[2016.05.11-15.47.07:239][  0]LogUdpMessaging: Initializing bridge on interface 0.0.0.0:0 to multicast group 230.0.0.1:6666.
[2016.05.11-15.47.08:422][  0]LogAssetRegistry: FAssetRegistry took 0.0225 seconds to start up
[2016.05.11-15.47.13:837][  0]SourceControl: Info Source control is disabled
[2016.05.11-15.47.13:839][  0]SourceControl: Info Source control is disabled
[2016.05.11-15.47.14:484][  0]SourceControl: Info Source control is disabled
[2016.05.11-15.47.14:733][  0]SourceControl: Info Source control is disabled
[2016.05.11-15.47.18:267][  0]LogHMD: Failed to initialize OpenVR with code 110
[2016.05.11-15.47.18:841][  0]LogEngine: Initializing Engine...
[2016.05.11-15.47.20:743][  0]LogAIModule: Creating AISystem for world NewWorld
[2016.05.11-15.47.20:772][  0]LogInit: XAudio2 using 'Speakers (High Definition Audio Device)' : 2 channels at 44.1 kHz using 16 bits per sample (channel mask 0x3)
[2016.05.11-15.47.20:790][  0]LogInit: FAudioDevice initialized.
[2016.05.11-15.47.20:828][  0]LogDerivedDataCache: Saved boot cache 0.04s 46MB C:/Users/Uzair Hafeez/AppData/Local/UnrealEngine/4.11/DerivedDataCache/Boot.ddc.
[2016.05.11-15.47.20:837][  0]LogInit: Texture streaming: Enabled
[2016.05.11-15.47.21:404][  0]LogInit: Transaction tracking system initialized
[2016.05.11-15.47.22:729][  0]BlueprintLog: New page: Editor Load
[2016.05.11-15.47.28:764][  0]LocalizationService: Info Localization service is disabled
[2016.05.11-15.47.30:268][  0]LogConsoleResponse:Display: 
[2016.05.11-15.47.33:331][  0]LogCook:Display: Max memory allowance for cook 8192mb
[2016.05.11-15.47.33:331][  0]LogCook:Display: Mobile HDR setting 1
[2016.05.11-15.47.33:331][  0]LogCook:Display: Done creating registry. It took  0.00s.
[2016.05.11-15.47.33:440][  0]LogFileCache: Scanning file cache for directory 'C:/Users/Uzair Hafeez/Documents/Unreal Projects/HafeezSpaceShooter/Content/' took 0.04s
[2016.05.11-15.47.34:904][  0]SourceControl: Info Source control is disabled
[2016.05.11-15.47.34:904][  0]Cmd: MAP LOAD FILE="../../../../../../Users/Uzair Hafeez/Documents/Unreal Projects/HafeezSpaceShooter/Content/Maps/Main.umap" TEMPLATE=0 SHOWPROGRESS=1 FEATURELEVEL=3
[2016.05.11-15.47.34:913][  0]LightingResults: New page: Lighting Build
[2016.05.11-15.47.34:918][  0]MapCheck: New page: Map Check
[2016.05.11-15.47.34:918][  0]LightingResults: New page: Lighting Build
[2016.05.11-15.47.38:731][  0]LogAIModule: Creating AISystem for world Main
[2016.05.11-15.47.39:327][  0]LogEditorServer: Finished looking for orphan Actors (0.000 secs)
[2016.05.11-15.47.39:328][  0]Cmd: MAP CHECKDEP NOCLEARLOG
[2016.05.11-15.47.39:438][  0]MapCheck: Info Map check complete: 0 Error(s), 0 Warning(s), took 109.644ms to complete.
[2016.05.11-15.47.39:438][  0]LogFileHelpers: Loading map 'Main' took 4.534
[2016.05.11-15.47.40:133][  0]LogCollectionManager: Loaded 0 collections in 0.002454 seconds
[2016.05.11-15.47.40:181][  0]LogFileCache: Scanning file cache for directory 'C:/Users/Uzair Hafeez/Documents/Unreal Projects/HafeezSpaceShooter/Saved/Collections/' took 0.01s
[2016.05.11-15.47.40:181][  0]LogFileCache: Scanning file cache for directory 'C:/Users/Uzair Hafeez/Documents/Unreal Projects/HafeezSpaceShooter/Content/Developers/UzairHafeez/Collections/' took 0.01s
[2016.05.11-15.47.40:181][  0]LogFileCache: Scanning file cache for directory 'C:/Users/Uzair Hafeez/Documents/Unreal Projects/HafeezSpaceShooter/Content/Collections/' took 0.01s
[2016.05.11-15.47.40:181][  0]LogCollectionManager: Rebuilt the GUID cache for 0 collections in 0.000010 seconds
[2016.05.11-15.47.40:194][  0]LogContentBrowser: Native class hierarchy populated in 0.0127 seconds. Added 1979 classes and 343 folders.
[2016.05.11-15.47.40:201][  0]LogStats: UGameplayTagsManager::ConstructGameplayTagTree: Construct from data asset -  0.000 s
[2016.05.11-15.47.40:201][  0]LogStats: UGameplayTagsManager::ConstructGameplayTagTree: GameplayTagTreeChangedEvent.Broadcast -  0.000 s
[2016.05.11-15.47.40:202][  0]LogContentBrowser: Native class hierarchy updated for 'GameplayTags' in 0.0007 seconds. Added 12 classes and 0 folders.
[2016.05.11-15.47.40:212][  0]LogContentBrowser: Native class hierarchy updated for 'WidgetCarousel' in 0.0013 seconds. Added 0 classes and 0 folders.
[2016.05.11-15.47.40:728][  0]LogContentBrowser: Native class hierarchy updated for 'SuperSearch' in 0.0005 seconds. Added 1 classes and 2 folders.
[2016.05.11-15.47.43:043][  0]LogContentBrowser: Native class hierarchy updated for 'AddContentDialog' in 0.0005 seconds. Added 0 classes and 0 folders.
[2016.05.11-15.47.43:327][  0]LogContentBrowser: Native class hierarchy updated for 'SceneOutliner' in 0.0007 seconds. Added 1 classes and 2 folders.
[2016.05.11-15.47.43:498][  0]LogCrashTracker: Crashtracker disabled due to settings.
[2016.05.11-15.47.43:506][  0]LogUObjectGlobals:Warning: Failed to find object 'Class None.'
[2016.05.11-15.47.43:616][  0]LogContentBrowser: Native class hierarchy updated for 'HierarchicalLODOutliner' in 0.0010 seconds. Added 1 classes and 2 folders.
[2016.05.11-15.47.43:617][  0]LogLoad: Full Startup: 82.97 seconds (BP compile: 0.38 seconds)
[2016.05.11-15.47.43:617][  0]LogExternalProfiler: Found external profiler: VSPerf
[2016.05.11-15.47.43:617][  0]LogExternalProfiler: Using external profiler: VSPerf
[2016.05.11-15.47.43:634][  0]LogOcInput: OculusInput pre-init called
[2016.05.11-15.47.43:888][  0]LogContentStreaming: Texture pool size now 200 MB
[2016.05.11-15.47.44:456][  0]LogRenderer: Reallocating scene render targets to support 876x380 (Frame:2).
[2016.05.11-15.47.46:236][  2]Cmd: ACTOR HIDE SELECTED
[2016.05.11-15.47.49:398][  2]LogAssetRegistry: Asset discovery search completed in 40.9992 seconds
[2016.05.11-15.47.49:398][  2]LogCollectionManager: Rebuilt the object cache for 0 collections in 0.000002 seconds (found 0 objects)
[2016.05.11-15.47.49:398][  2]LogCollectionManager: Fixed up redirectors for 0 collections in 0.000059 seconds (updated 0 objects)
[2016.05.11-15.48.48:553][762]LogPlayLevel: PlayLevel: No blueprints needed recompiling
[2016.05.11-15.48.48:782][762]PIE: New page: PIE session: Main (May 11, 2016, 6:48:48 AM)
[2016.05.11-15.48.48:796][762]LogPlayLevel: Creating play world package: /Game/Maps/UEDPIE_0_Main
[2016.05.11-15.48.48:869][762]LogPlayLevel: PIE: StaticDuplicateObject took: (0.072927s)
[2016.05.11-15.48.48:875][762]LogAIModule: Creating AISystem for world Main
[2016.05.11-15.48.48:875][762]LogPlayLevel: PIE: World Init took: (0.005540s)
[2016.05.11-15.48.48:888][762]LogPlayLevel: PIE: Created PIE world by copying editor world from /Game/Maps/Main.Main to /Game/Maps/UEDPIE_0_Main.Main (0.091521s)
[2016.05.11-15.48.49:126][762]LogInit: XAudio2 using 'Speakers (High Definition Audio Device)' : 2 channels at 44.1 kHz using 16 bits per sample (channel mask 0x3)
[2016.05.11-15.48.49:133][762]LogInit: FAudioDevice initialized.
[2016.05.11-15.48.49:534][762]LogWorld: Game class is 'Shooter_C'
[2016.05.11-15.48.49:675][762]LogWorld: Bringing World /Game/Maps/UEDPIE_0_Main.Main up for play (max tick rate 60) at 2016.05.11-11.48.49
[2016.05.11-15.48.49:730][762]LogWorld: Bringing up level for play took: 0.056562
[2016.05.11-15.48.50:013][762]LogContentBrowser: Native class hierarchy updated for 'MovieSceneCapture' in 0.0005 seconds. Added 9 classes and 0 folders.
[2016.05.11-15.48.50:281][762]PIE: Info Play in editor start time for /Game/Maps/UEDPIE_0_Main 1.81
[2016.05.11-15.49.21:587][ 18]LogContentBrowser: Native class hierarchy updated for 'BlueprintGraph' in 0.0010 seconds. Added 108 classes and 0 folders.
[2016.05.11-15.51.34:828][690]BlueprintLog: New page: Compile BPGameController
[2016.05.11-15.51.34:908][690]LogBlueprint:Warning: [compiler BPGameController] Warning Can't parse default value '(X=330.000000,Y=0.000000,Z=-150.000000)' for  (none) . Property: ProjectileCleanTop.
[2016.05.11-15.51.34:908][690]LogBlueprint:Warning: [compiler BPGameController] Warning Can't parse default value '(X=330.000000,Y=0.000000,Z=-150.000000)' for  (none) . Property: ProjectileCleanLower.
[2016.05.11-15.51.35:682][690]LogBlueprint:Warning: [compiler BPGameController] Warning [0315.03] Compile of BPGameController successful, but with 2 Warning(s) [in 853 ms]
[2016.05.11-15.51.35:682][690]BlueprintEditorCompileResults:Warning: Warning Can't parse default value '(X=330.000000,Y=0.000000,Z=-150.000000)' for  (none) . Property: ProjectileCleanTop.
[2016.05.11-15.51.35:682][690]BlueprintEditorCompileResults:Warning: Warning Can't parse default value '(X=330.000000,Y=0.000000,Z=-150.000000)' for  (none) . Property: ProjectileCleanLower.
[2016.05.11-15.51.35:682][690]BlueprintEditorCompileResults:Warning: Warning [0315.03] Compile of BPGameController successful, but with 2 Warning(s) [in 853 ms]
[2016.05.11-15.53.14:748][544]LogRenderer: Reallocating scene render targets to support 876x456 (Frame:890).
[2016.05.11-15.54.54:422][212]BlueprintLog: New page: Compile BPGameController
[2016.05.11-15.54.54:896][212]BlueprintEditorCompileResults: Info [0514.25] Compile of BPGameController successful! [in 474 ms]
[2016.05.11-15.59.16:347][615]BlueprintLog: New page: Compile BPGameController
[2016.05.11-15.59.16:638][615]BlueprintEditorCompileResults: Info [0775.99] Compile of BPGameController successful! [in 291 ms]
[2016.05.11-15.59.21:407][834]LogSavePackage: Save=356.80ms
[2016.05.11-15.59.21:407][834]LogSavePackage: Moving '../../../../../../Users/Uzair Hafeez/Documents/Unreal Projects/HafeezSpaceShooter/Saved/BPGameControllerE461EBB7443A71DA060BE18DAE5E2B4A.tmp' to '../../../../../../Users/Uzair Hafeez/Documents/Unreal Projects/HafeezSpaceShooter/Content/Blueprints/BPGameController.uasset'
[2016.05.11-15.59.21:413][834]LogSavePackage: Total save time: 931.65ms
[2016.05.11-15.59.21:413][834]LogSavePackage:Display: Finished SavePackage ../../../../../../Users/Uzair Hafeez/Documents/Unreal Projects/HafeezSpaceShooter/Content/Blueprints/BPGameController.uasset
[2016.05.11-15.59.37:457][788]LogPlayLevel: PlayLevel: No blueprints needed recompiling
[2016.05.11-15.59.37:457][788]PIE: New page: PIE session: Main (May 11, 2016, 6:59:37 AM)
[2016.05.11-15.59.37:457][788]LogPlayLevel: Creating play world package: /Game/Maps/UEDPIE_0_Main
[2016.05.11-15.59.37:459][788]LogPlayLevel: PIE: StaticDuplicateObject took: (0.001767s)
[2016.05.11-15.59.37:460][788]LogAIModule: Creating AISystem for world Main
[2016.05.11-15.59.37:460][788]LogPlayLevel: PIE: World Init took: (0.000798s)
[2016.05.11-15.59.37:460][788]LogPlayLevel: PIE: Created PIE world by copying editor world from /Game/Maps/Main.Main to /Game/Maps/UEDPIE_0_Main.Main (0.002787s)
[2016.05.11-15.59.37:538][788]LogInit: XAudio2 using 'Speakers (High Definition Audio Device)' : 2 channels at 44.1 kHz using 16 bits per sample (channel mask 0x3)
[2016.05.11-15.59.37:559][788]LogInit: FAudioDevice initialized.
[2016.05.11-15.59.37:592][788]LogWorld: Game class is 'Shooter_C'
[2016.05.11-15.59.37:595][788]LogWorld: Bringing World /Game/Maps/UEDPIE_0_Main.Main up for play (max tick rate 60) at 2016.05.11-11.59.37
[2016.05.11-15.59.37:615][788]LogWorld: Bringing up level for play took: 0.021793
[2016.05.11-15.59.37:617][788]PIE: Info Play in editor start time for /Game/Maps/UEDPIE_0_Main 1.145
[2016.05.11-15.59.58:449][776]LogPlayLevel: PlayLevel: No blueprints needed recompiling
[2016.05.11-15.59.58:449][776]PIE: New page: PIE session: Main (May 11, 2016, 6:59:58 AM)
[2016.05.11-15.59.58:449][776]LogPlayLevel: Creating play world package: /Game/Maps/UEDPIE_0_Main
[2016.05.11-15.59.58:451][776]LogPlayLevel: PIE: StaticDuplicateObject took: (0.002320s)
[2016.05.11-15.59.58:452][776]LogAIModule: Creating AISystem for world Main
[2016.05.11-15.59.58:452][776]LogPlayLevel: PIE: World Init took: (0.000917s)
[2016.05.11-15.59.58:453][776]LogPlayLevel: PIE: Created PIE world by copying editor world from /Game/Maps/Main.Main to /Game/Maps/UEDPIE_0_Main.Main (0.003542s)
[2016.05.11-15.59.58:507][776]LogInit: XAudio2 using 'Speakers (High Definition Audio Device)' : 2 channels at 44.1 kHz using 16 bits per sample (channel mask 0x3)
[2016.05.11-15.59.58:513][776]LogInit: FAudioDevice initialized.
[2016.05.11-15.59.58:545][776]LogWorld: Game class is 'Shooter_C'
[2016.05.11-15.59.58:548][776]LogWorld: Bringing World /Game/Maps/UEDPIE_0_Main.Main up for play (max tick rate 60) at 2016.05.11-11.59.58
[2016.05.11-15.59.58:548][776]LogWorld: Bringing up level for play took: 0.002776
[2016.05.11-15.59.58:551][776]PIE: Info Play in editor start time for /Game/Maps/UEDPIE_0_Main 0.079
[2016.05.11-16.00.36:433][992]LogSavePackage: Save=120.33ms
[2016.05.11-16.00.36:433][992]LogSavePackage: Moving '../../../../../../Users/Uzair Hafeez/Documents/Unreal Projects/HafeezSpaceShooter/Saved/Main_Auto1938B27924FC88B425262409A840825F6.tmp' to '../../../../../../Users/Uzair Hafeez/Documents/Unreal Projects/HafeezSpaceShooter/Saved/Autosaves/Game/Maps/Main_Auto1.umap'
[2016.05.11-16.00.36:435][992]LogSavePackage: Total save time: 143.31ms
[2016.05.11-16.00.36:435][992]LogSavePackage:Display: Finished SavePackage ../../../../../../Users/Uzair Hafeez/Documents/Unreal Projects/HafeezSpaceShooter/Saved/Autosaves/Game/Maps/Main_Auto1.umap
[2016.05.11-16.00.36:437][992]LogFileHelpers: Editor autosave (incl. sublevels) for '/Game/Maps/Main' took 0.237
[2016.05.11-16.00.36:437][992]LogFileHelpers: Editor autosave (incl. sublevels) for all levels took 0.237
[2016.05.11-16.05.26:399][608]BlueprintLog: New page: Compile BPEnemy
[2016.05.11-16.05.26:579][608]BlueprintEditorCompileResults: Info [1145.93] Compile of BPEnemy successful! [in 179 ms]
[2016.05.11-16.07.31:434][ 20]BlueprintLog: New page: Compile BPEnemy2
[2016.05.11-16.07.31:613][ 20]BlueprintEditorCompileResults: Info [1270.96] Compile of BPEnemy2 successful! [in 179 ms]
[2016.05.11-16.07.33:442][122]Cmd: OBJ SAVEPACKAGE PACKAGE="/Game/Blueprints/BPEnemy2" FILE="../../../../../../Users/Uzair Hafeez/Documents/Unreal Projects/HafeezSpaceShooter/Content/Blueprints/BPEnemy2.uasset" SILENT=true
[2016.05.11-16.07.33:710][122]LogSavePackage: Save=211.70ms
[2016.05.11-16.07.33:710][122]LogSavePackage: Moving '../../../../../../Users/Uzair Hafeez/Documents/Unreal Projects/HafeezSpaceShooter/Saved/BPEnemy21D183FFD413ECAF64E698994C85CAC81.tmp' to '../../../../../../Users/Uzair Hafeez/Documents/Unreal Projects/HafeezSpaceShooter/Content/Blueprints/BPEnemy2.uasset'
[2016.05.11-16.07.33:714][122]LogSavePackage: Total save time: 269.12ms
[2016.05.11-16.07.33:714][122]LogSavePackage:Display: Finished SavePackage ../../../../../../Users/Uzair Hafeez/Documents/Unreal Projects/HafeezSpaceShooter/Content/Blueprints/BPEnemy2.uasset
[2016.05.11-16.07.56:245][471]LogPlayLevel: PlayLevel: No blueprints needed recompiling
[2016.05.11-16.07.56:245][471]PIE: New page: PIE session: Main (May 11, 2016, 7:07:56 AM)
[2016.05.11-16.07.56:245][471]LogPlayLevel: Creating play world package: /Game/Maps/UEDPIE_0_Main
[2016.05.11-16.07.56:247][471]LogPlayLevel: PIE: StaticDuplicateObject took: (0.001702s)
[2016.05.11-16.07.56:248][471]LogAIModule: Creating AISystem for world Main
[2016.05.11-16.07.56:248][471]LogPlayLevel: PIE: World Init took: (0.000973s)
[2016.05.11-16.07.56:248][471]LogPlayLevel: PIE: Created PIE world by copying editor world from /Game/Maps/Main.Main to /Game/Maps/UEDPIE_0_Main.Main (0.002878s)
[2016.05.11-16.07.56:319][471]LogInit: XAudio2 using 'Speakers (High Definition Audio Device)' : 2 channels at 44.1 kHz using 16 bits per sample (channel mask 0x3)
[2016.05.11-16.07.56:327][471]LogInit: FAudioDevice initialized.
[2016.05.11-16.07.56:359][471]LogWorld: Game class is 'Shooter_C'
[2016.05.11-16.07.56:362][471]LogWorld: Bringing World /Game/Maps/UEDPIE_0_Main.Main up for play (max tick rate 60) at 2016.05.11-12.07.56
[2016.05.11-16.07.56:363][471]LogWorld: Bringing up level for play took: 0.002951
[2016.05.11-16.07.56:365][471]PIE: Info Play in editor start time for /Game/Maps/UEDPIE_0_Main -0.107
[2016.05.11-16.08.29:459][315]LogTexture:Display: Building textures: ThumbnailTexture (DXT1)
[2016.05.11-16.08.31:529][427]BlueprintLog: New page: Compile BPEnemy
[2016.05.11-16.08.31:709][427]BlueprintEditorCompileResults: Info [1331.06] Compile of BPEnemy successful! [in 179 ms]
[2016.05.11-16.08.33:517][533]LogPlayLevel: PlayLevel: No blueprints needed recompiling
[2016.05.11-16.08.33:518][533]PIE: New page: PIE session: Main (May 11, 2016, 7:08:33 AM)
[2016.05.11-16.08.33:518][533]LogPlayLevel: Creating play world package: /Game/Maps/UEDPIE_0_Main
[2016.05.11-16.08.33:519][533]LogPlayLevel: PIE: StaticDuplicateObject took: (0.001722s)
[2016.05.11-16.08.33:520][533]LogAIModule: Creating AISystem for world Main
[2016.05.11-16.08.33:520][533]LogPlayLevel: PIE: World Init took: (0.000721s)
[2016.05.11-16.08.33:520][533]LogPlayLevel: PIE: Created PIE world by copying editor world from /Game/Maps/Main.Main to /Game/Maps/UEDPIE_0_Main.Main (0.002702s)
[2016.05.11-16.08.33:569][533]LogInit: XAudio2 using 'Speakers (High Definition Audio Device)' : 2 channels at 44.1 kHz using 16 bits per sample (channel mask 0x3)
[2016.05.11-16.08.33:577][533]LogInit: FAudioDevice initialized.
[2016.05.11-16.08.33:609][533]LogWorld: Game class is 'Shooter_C'
[2016.05.11-16.08.33:612][533]LogWorld: Bringing World /Game/Maps/UEDPIE_0_Main.Main up for play (max tick rate 60) at 2016.05.11-12.08.33
[2016.05.11-16.08.33:612][533]LogWorld: Bringing up level for play took: 0.002784
[2016.05.11-16.08.33:615][533]PIE: Info Play in editor start time for /Game/Maps/UEDPIE_0_Main -0.857
[2016.05.11-16.08.55:528][781]BlueprintLog: New page: Compile BPEnemy
[2016.05.11-16.08.55:707][781]BlueprintEditorCompileResults: Info [1355.06] Compile of BPEnemy successful! [in 178 ms]
[2016.05.11-16.09.04:420][297]LogPlayLevel: PlayLevel: No blueprints needed recompiling
[2016.05.11-16.09.04:421][297]PIE: New page: PIE session: Main (May 11, 2016, 7:09:04 AM)
[2016.05.11-16.09.04:421][297]LogPlayLevel: Creating play world package: /Game/Maps/UEDPIE_0_Main
[2016.05.11-16.09.04:423][297]LogPlayLevel: PIE: StaticDuplicateObject took: (0.002038s)
[2016.05.11-16.09.04:424][297]LogAIModule: Creating AISystem for world Main
[2016.05.11-16.09.04:424][297]LogPlayLevel: PIE: World Init took: (0.000868s)
[2016.05.11-16.09.04:424][297]LogPlayLevel: PIE: Created PIE world by copying editor world from /Game/Maps/Main.Main to /Game/Maps/UEDPIE_0_Main.Main (0.003182s)
[2016.05.11-16.09.04:477][297]LogInit: XAudio2 using 'Speakers (High Definition Audio Device)' : 2 channels at 44.1 kHz using 16 bits per sample (channel mask 0x3)
[2016.05.11-16.09.04:483][297]LogInit: FAudioDevice initialized.
[2016.05.11-16.09.04:517][297]LogWorld: Game class is 'Shooter_C'
[2016.05.11-16.09.04:520][297]LogWorld: Bringing World /Game/Maps/UEDPIE_0_Main.Main up for play (max tick rate 60) at 2016.05.11-12.09.04
[2016.05.11-16.09.04:521][297]LogWorld: Bringing up level for play took: 0.002874
[2016.05.11-16.09.04:522][297]PIE: Info Play in editor start time for /Game/Maps/UEDPIE_0_Main 0.051
[2016.05.11-16.09.45:610][668]LogTexture:Display: Building textures: T_soft_smoke (AutoDXT)
[2016.05.11-16.09.45:841][668]LogTexture:Display: Building textures: T_SmokeSubUV_8X8 (AutoDXT)
[2016.05.11-16.09.47:474][668]LogTexture:Display: Building textures: ThumbnailTexture (DXT1)
[2016.05.11-16.09.49:736][795]BlueprintLog: New page: Compile BPEnemy2
[2016.05.11-16.09.49:915][795]BlueprintEditorCompileResults: Info [1409.27] Compile of BPEnemy2 successful! [in 179 ms]
[2016.05.11-16.09.51:554][891]LogPlayLevel: PlayLevel: No blueprints needed recompiling
[2016.05.11-16.09.51:555][891]PIE: New page: PIE session: Main (May 11, 2016, 7:09:51 AM)
[2016.05.11-16.09.51:555][891]LogPlayLevel: Creating play world package: /Game/Maps/UEDPIE_0_Main
[2016.05.11-16.09.51:557][891]LogPlayLevel: PIE: StaticDuplicateObject took: (0.002364s)
[2016.05.11-16.09.51:558][891]LogAIModule: Creating AISystem for world Main
[2016.05.11-16.09.51:558][891]LogPlayLevel: PIE: World Init took: (0.000955s)
[2016.05.11-16.09.51:558][891]LogPlayLevel: PIE: Created PIE world by copying editor world from /Game/Maps/Main.Main to /Game/Maps/UEDPIE_0_Main.Main (0.003612s)
[2016.05.11-16.09.51:608][891]LogInit: XAudio2 using 'Speakers (High Definition Audio Device)' : 2 channels at 44.1 kHz using 16 bits per sample (channel mask 0x3)
[2016.05.11-16.09.51:615][891]LogInit: FAudioDevice initialized.
[2016.05.11-16.09.51:646][891]LogWorld: Game class is 'Shooter_C'
[2016.05.11-16.09.51:649][891]LogWorld: Bringing World /Game/Maps/UEDPIE_0_Main.Main up for play (max tick rate 60) at 2016.05.11-12.09.51
[2016.05.11-16.09.51:650][891]LogWorld: Bringing up level for play took: 0.002843
[2016.05.11-16.09.51:652][891]PIE: Info Play in editor start time for /Game/Maps/UEDPIE_0_Main -0.82
[2016.05.11-16.10.10:972][977]LogScript:Warning: FLatentActionManager::ProcessLatentActions: CallbackTarget is None.
[2016.05.11-16.10.33:706][311]BlueprintLog: New page: Compile BPEnemy
[2016.05.11-16.10.33:886][311]BlueprintEditorCompileResults: Info [1453.24] Compile of BPEnemy successful! [in 179 ms]
[2016.05.11-16.10.41:667][774]BlueprintLog: New page: Compile BPEnemy2
[2016.05.11-16.10.41:844][774]BlueprintEditorCompileResults: Info [1461.19] Compile of BPEnemy2 successful! [in 177 ms]
[2016.05.11-16.10.43:838][891]LogPlayLevel: PlayLevel: No blueprints needed recompiling
[2016.05.11-16.10.43:838][891]PIE: New page: PIE session: Main (May 11, 2016, 7:10:43 AM)
[2016.05.11-16.10.43:838][891]LogPlayLevel: Creating play world package: /Game/Maps/UEDPIE_0_Main
[2016.05.11-16.10.43:840][891]LogPlayLevel: PIE: StaticDuplicateObject took: (0.001942s)
[2016.05.11-16.10.43:841][891]LogAIModule: Creating AISystem for world Main
[2016.05.11-16.10.43:841][891]LogPlayLevel: PIE: World Init took: (0.000729s)
[2016.05.11-16.10.43:841][891]LogPlayLevel: PIE: Created PIE world by copying editor world from /Game/Maps/Main.Main to /Game/Maps/UEDPIE_0_Main.Main (0.002934s)
[2016.05.11-16.10.43:891][891]LogInit: XAudio2 using 'Speakers (High Definition Audio Device)' : 2 channels at 44.1 kHz using 16 bits per sample (channel mask 0x3)
[2016.05.11-16.10.43:900][891]LogInit: FAudioDevice initialized.
[2016.05.11-16.10.43:933][891]LogWorld: Game class is 'Shooter_C'
[2016.05.11-16.10.43:936][891]LogWorld: Bringing World /Game/Maps/UEDPIE_0_Main.Main up for play (max tick rate 60) at 2016.05.11-12.10.43
[2016.05.11-16.10.43:937][891]LogWorld: Bringing up level for play took: 0.002878
[2016.05.11-16.10.43:939][891]PIE: Info Play in editor start time for /Game/Maps/UEDPIE_0_Main -0.533
[2016.05.11-16.12.54:617][245]LogFileHelpers: Editor autosave (incl. sublevels) for '/Game/Maps/Main' took 0.057
[2016.05.11-16.12.54:623][245]OBJ SavePackage: Generating thumbnails for [1] asset(s) in package [/Game/Blueprints/BPEnemy] ([1] browsable assets)...
[2016.05.11-16.12.54:641][245]OBJ SavePackage:     Rendered thumbnail for [Blueprint /Game/Blueprints/BPEnemy.BPEnemy]
[2016.05.11-16.12.54:641][245]OBJ SavePackage: Finished generating thumbnails for package [/Game/Blueprints/BPEnemy]
[2016.05.11-16.12.54:887][245]LogSavePackage: Save=197.21ms
[2016.05.11-16.12.54:887][245]LogSavePackage: Moving '../../../../../../Users/Uzair Hafeez/Documents/Unreal Projects/HafeezSpaceShooter/Saved/BPEnemy_Auto2ED8CD7B54270A1B5CF830D8BCF20A31B.tmp' to '../../../../../../Users/Uzair Hafeez/Documents/Unreal Projects/HafeezSpaceShooter/Saved/Autosaves/Game/Blueprints/BPEnemy_Auto2.uasset'
[2016.05.11-16.12.54:905][245]LogSavePackage: Total save time: 260.75ms
[2016.05.11-16.12.54:905][245]LogSavePackage:Display: Finished SavePackage ../../../../../../Users/Uzair Hafeez/Documents/Unreal Projects/HafeezSpaceShooter/Saved/Autosaves/Game/Blueprints/BPEnemy_Auto2.uasset
[2016.05.11-16.12.54:910][245]OBJ SavePackage: Generating thumbnails for [1] asset(s) in package [/Game/Blueprints/BPEnemy2] ([1] browsable assets)...
[2016.05.11-16.12.54:927][245]OBJ SavePackage:     Rendered thumbnail for [Blueprint /Game/Blueprints/BPEnemy2.BPEnemy2]
[2016.05.11-16.12.54:927][245]OBJ SavePackage: Finished generating thumbnails for package [/Game/Blueprints/BPEnemy2]
[2016.05.11-16.12.55:148][245]LogSavePackage: Save=195.07ms
[2016.05.11-16.12.55:148][245]LogSavePackage: Moving '../../../../../../Users/Uzair Hafeez/Documents/Unreal Projects/HafeezSpaceShooter/Saved/BPEnemy2_Auto220CA87414BB910F9ACF37D82310F9AFB.tmp' to '../../../../../../Users/Uzair Hafeez/Documents/Unreal Projects/HafeezSpaceShooter/Saved/Autosaves/Game/Blueprints/BPEnemy2_Auto2.uasset'
[2016.05.11-16.12.55:151][245]LogSavePackage: Total save time: 222.41ms
[2016.05.11-16.12.55:151][245]LogSavePackage:Display: Finished SavePackage ../../../../../../Users/Uzair Hafeez/Documents/Unreal Projects/HafeezSpaceShooter/Saved/Autosaves/Game/Blueprints/BPEnemy2_Auto2.uasset
[2016.05.11-16.12.55:151][245]LogFileHelpers: Auto-saving content packages took 0.532
[2016.05.11-16.15.32:803][565]BlueprintLog: New page: Compile BPProjectile
[2016.05.11-16.15.32:958][565]BlueprintEditorCompileResults: Info [1752.31] Compile of BPProjectile successful! [in 155 ms]
[2016.05.11-16.15.34:826][674]LogPlayLevel: PlayLevel: No blueprints needed recompiling
[2016.05.11-16.15.34:826][674]PIE: New page: PIE session: Main (May 11, 2016, 7:15:34 AM)
[2016.05.11-16.15.34:826][674]LogPlayLevel: Creating play world package: /Game/Maps/UEDPIE_0_Main
[2016.05.11-16.15.34:828][674]LogPlayLevel: PIE: StaticDuplicateObject took: (0.001644s)
[2016.05.11-16.15.34:829][674]LogAIModule: Creating AISystem for world Main
[2016.05.11-16.15.34:829][674]LogPlayLevel: PIE: World Init took: (0.000804s)
[2016.05.11-16.15.34:829][674]LogPlayLevel: PIE: Created PIE world by copying editor world from /Game/Maps/Main.Main to /Game/Maps/UEDPIE_0_Main.Main (0.002646s)
[2016.05.11-16.15.34:880][674]LogInit: XAudio2 using 'Speakers (High Definition Audio Device)' : 2 channels at 44.1 kHz using 16 bits per sample (channel mask 0x3)
[2016.05.11-16.15.34:888][674]LogInit: FAudioDevice initialized.
[2016.05.11-16.15.34:922][674]LogWorld: Game class is 'Shooter_C'
[2016.05.11-16.15.34:925][674]LogWorld: Bringing World /Game/Maps/UEDPIE_0_Main.Main up for play (max tick rate 60) at 2016.05.11-12.15.34
[2016.05.11-16.15.34:926][674]LogWorld: Bringing up level for play took: 0.003215
[2016.05.11-16.15.34:928][674]PIE: Info Play in editor start time for /Game/Maps/UEDPIE_0_Main 0.457
[2016.05.11-16.15.40:344][961]LogScript:Warning: FLatentActionManager::ProcessLatentActions: CallbackTarget is None.
[2016.05.11-16.16.47:278][720]BlueprintLog: New page: Compile BPProjectileEnemy
[2016.05.11-16.16.47:477][720]BlueprintEditorCompileResults: Info [1826.83] Compile of BPProjectileEnemy successful! [in 198 ms]
[2016.05.11-16.16.48:919][802]LogPlayLevel: PlayLevel: No blueprints needed recompiling
[2016.05.11-16.16.48:919][802]PIE: New page: PIE session: Main (May 11, 2016, 7:16:48 AM)
[2016.05.11-16.16.48:919][802]LogPlayLevel: Creating play world package: /Game/Maps/UEDPIE_0_Main
[2016.05.11-16.16.48:923][802]LogPlayLevel: PIE: StaticDuplicateObject took: (0.002996s)
[2016.05.11-16.16.48:923][802]LogAIModule: Creating AISystem for world Main
[2016.05.11-16.16.48:924][802]LogPlayLevel: PIE: World Init took: (0.000937s)
[2016.05.11-16.16.48:924][802]LogPlayLevel: PIE: Created PIE world by copying editor world from /Game/Maps/Main.Main to /Game/Maps/UEDPIE_0_Main.Main (0.004280s)
[2016.05.11-16.16.48:980][802]LogInit: XAudio2 using 'Speakers (High Definition Audio Device)' : 2 channels at 44.1 kHz using 16 bits per sample (channel mask 0x3)
[2016.05.11-16.16.48:986][802]LogInit: FAudioDevice initialized.
[2016.05.11-16.16.49:016][802]LogWorld: Game class is 'Shooter_C'
[2016.05.11-16.16.49:019][802]LogWorld: Bringing World /Game/Maps/UEDPIE_0_Main.Main up for play (max tick rate 60) at 2016.05.11-12.16.49
[2016.05.11-16.16.49:020][802]LogWorld: Bringing up level for play took: 0.002899
[2016.05.11-16.16.49:022][802]PIE: Info Play in editor start time for /Game/Maps/UEDPIE_0_Main 0.55
[2016.05.11-16.17.15:900][280]BlueprintLog: New page: Compile BPProjectileEnemy
[2016.05.11-16.17.16:083][280]BlueprintEditorCompileResults: Info [1855.43] Compile of BPProjectileEnemy successful! [in 183 ms]
[2016.05.11-16.17.17:904][385]LogPlayLevel: PlayLevel: No blueprints needed recompiling
[2016.05.11-16.17.17:904][385]PIE: New page: PIE session: Main (May 11, 2016, 7:17:17 AM)
[2016.05.11-16.17.17:905][385]LogPlayLevel: Creating play world package: /Game/Maps/UEDPIE_0_Main
[2016.05.11-16.17.17:907][385]LogPlayLevel: PIE: StaticDuplicateObject took: (0.002681s)
[2016.05.11-16.17.17:910][385]LogAIModule: Creating AISystem for world Main
[2016.05.11-16.17.17:910][385]LogPlayLevel: PIE: World Init took: (0.002594s)
[2016.05.11-16.17.17:910][385]LogPlayLevel: PIE: Created PIE world by copying editor world from /Game/Maps/Main.Main to /Game/Maps/UEDPIE_0_Main.Main (0.005900s)
[2016.05.11-16.17.17:962][385]LogInit: XAudio2 using 'Speakers (High Definition Audio Device)' : 2 channels at 44.1 kHz using 16 bits per sample (channel mask 0x3)
[2016.05.11-16.17.17:968][385]LogInit: FAudioDevice initialized.
[2016.05.11-16.17.17:997][385]LogWorld: Game class is 'Shooter_C'
[2016.05.11-16.17.18:000][385]LogWorld: Bringing World /Game/Maps/UEDPIE_0_Main.Main up for play (max tick rate 60) at 2016.05.11-12.17.18
[2016.05.11-16.17.18:001][385]LogWorld: Bringing up level for play took: 0.002956
[2016.05.11-16.17.18:003][385]PIE: Info Play in editor start time for /Game/Maps/UEDPIE_0_Main -0.47
[2016.05.11-16.17.41:491][650]LogScript:Warning: FLatentActionManager::ProcessLatentActions: CallbackTarget is None.
[2016.05.11-16.17.57:145][492]LogScript:Warning: FLatentActionManager::ProcessLatentActions: CallbackTarget is None.
[2016.05.11-16.18.27:658][209]BlueprintLog: New page: Compile BPProjectile
[2016.05.11-16.18.27:878][209]BlueprintEditorCompileResults: Info [1927.23] Compile of BPProjectile successful! [in 220 ms]
[2016.05.11-16.18.30:350][354]LogPlayLevel: PlayLevel: No blueprints needed recompiling
[2016.05.11-16.18.30:350][354]PIE: New page: PIE session: Main (May 11, 2016, 7:18:30 AM)
[2016.05.11-16.18.30:350][354]LogPlayLevel: Creating play world package: /Game/Maps/UEDPIE_0_Main
[2016.05.11-16.18.30:353][354]LogPlayLevel: PIE: StaticDuplicateObject took: (0.002117s)
[2016.05.11-16.18.30:353][354]LogAIModule: Creating AISystem for world Main
[2016.05.11-16.18.30:353][354]LogPlayLevel: PIE: World Init took: (0.000913s)
[2016.05.11-16.18.30:354][354]LogPlayLevel: PIE: Created PIE world by copying editor world from /Game/Maps/Main.Main to /Game/Maps/UEDPIE_0_Main.Main (0.003392s)
[2016.05.11-16.18.30:409][354]LogInit: XAudio2 using 'Speakers (High Definition Audio Device)' : 2 channels at 44.1 kHz using 16 bits per sample (channel mask 0x3)
[2016.05.11-16.18.30:418][354]LogInit: FAudioDevice initialized.
[2016.05.11-16.18.30:455][354]LogWorld: Game class is 'Shooter_C'
[2016.05.11-16.18.30:460][354]LogWorld: Bringing World /Game/Maps/UEDPIE_0_Main.Main up for play (max tick rate 60) at 2016.05.11-12.18.30
[2016.05.11-16.18.30:460][354]LogWorld: Bringing up level for play took: 0.003823
[2016.05.11-16.18.30:463][354]PIE: Info Play in editor start time for /Game/Maps/UEDPIE_0_Main -0.009
[2016.05.11-16.19.25:360][592]BlueprintLog: New page: Compile BPProjectile
[2016.05.11-16.19.25:580][592]BlueprintEditorCompileResults: Info [1984.93] Compile of BPProjectile successful! [in 220 ms]
[2016.05.11-16.19.27:372][696]LogPlayLevel: PlayLevel: No blueprints needed recompiling
[2016.05.11-16.19.27:372][696]PIE: New page: PIE session: Main (May 11, 2016, 7:19:27 AM)
[2016.05.11-16.19.27:372][696]LogPlayLevel: Creating play world package: /Game/Maps/UEDPIE_0_Main
[2016.05.11-16.19.27:375][696]LogPlayLevel: PIE: StaticDuplicateObject took: (0.002718s)
[2016.05.11-16.19.27:377][696]LogAIModule: Creating AISystem for world Main
[2016.05.11-16.19.27:378][696]LogPlayLevel: PIE: World Init took: (0.002643s)
[2016.05.11-16.19.27:378][696]LogPlayLevel: PIE: Created PIE world by copying editor world from /Game/Maps/Main.Main to /Game/Maps/UEDPIE_0_Main.Main (0.005858s)
[2016.05.11-16.19.27:430][696]LogInit: XAudio2 using 'Speakers (High Definition Audio Device)' : 2 channels at 44.1 kHz using 16 bits per sample (channel mask 0x3)
[2016.05.11-16.19.27:436][696]LogInit: FAudioDevice initialized.
[2016.05.11-16.19.27:475][696]LogWorld: Game class is 'Shooter_C'
[2016.05.11-16.19.27:480][696]LogWorld: Bringing World /Game/Maps/UEDPIE_0_Main.Main up for play (max tick rate 60) at 2016.05.11-12.19.27
[2016.05.11-16.19.27:481][696]LogWorld: Bringing up level for play took: 0.005487
[2016.05.11-16.19.27:483][696]PIE: Info Play in editor start time for /Game/Maps/UEDPIE_0_Main 1.011
[2016.05.11-16.24.20:554][617]BlueprintLog: New page: Compile BPProjectileEnemy
[2016.05.11-16.24.20:737][617]BlueprintEditorCompileResults: Info [2280.09] Compile of BPProjectileEnemy successful! [in 181 ms]
[2016.05.11-16.24.21:755][663]LogSavePackage: Save=61.89ms
[2016.05.11-16.24.21:755][663]LogSavePackage: Moving '../../../../../../Users/Uzair Hafeez/Documents/Unreal Projects/HafeezSpaceShooter/Saved/BPProjectileEnemyC1865822404E2DACDD740692FAB965AC.tmp' to '../../../../../../Users/Uzair Hafeez/Documents/Unreal Projects/HafeezSpaceShooter/Content/Blueprints/BPProjectileEnemy.uasset'
[2016.05.11-16.24.21:759][663]LogSavePackage: Total save time: 147.13ms
[2016.05.11-16.24.21:759][663]LogSavePackage:Display: Finished SavePackage ../../../../../../Users/Uzair Hafeez/Documents/Unreal Projects/HafeezSpaceShooter/Content/Blueprints/BPProjectileEnemy.uasset
[2016.05.11-16.24.23:110][744]LogActorComponent: UnregisterComponent: (/Engine/Transient.EditorFloorComp) Not registered. Aborting.
[2016.05.11-16.24.25:858][905]BlueprintLog: New page: Compile BPProjectile
[2016.05.11-16.24.26:012][905]BlueprintEditorCompileResults: Info [2285.36] Compile of BPProjectile successful! [in 154 ms]
[2016.05.11-16.24.26:708][942]Cmd: OBJ SAVEPACKAGE PACKAGE="/Game/Blueprints/BPProjectile" FILE="../../../../../../Users/Uzair Hafeez/Documents/Unreal Projects/HafeezSpaceShooter/Content/Blueprints/BPProjectile.uasset" SILENT=true
[2016.05.11-16.24.26:873][942]LogSavePackage: Save=76.20ms
[2016.05.11-16.24.26:873][942]LogSavePackage: Moving '../../../../../../Users/Uzair Hafeez/Documents/Unreal Projects/HafeezSpaceShooter/Saved/BPProjectile6517F61847DED55CC06986820A6230A3.tmp' to '../../../../../../Users/Uzair Hafeez/Documents/Unreal Projects/HafeezSpaceShooter/Content/Blueprints/BPProjectile.uasset'
[2016.05.11-16.24.26:877][942]LogSavePackage: Total save time: 166.87ms
[2016.05.11-16.24.26:877][942]LogSavePackage:Display: Finished SavePackage ../../../../../../Users/Uzair Hafeez/Documents/Unreal Projects/HafeezSpaceShooter/Content/Blueprints/BPProjectile.uasset
[2016.05.11-16.24.28:075][ 14]LogActorComponent: UnregisterComponent: (/Engine/Transient.EditorFloorComp) Not registered. Aborting.
[2016.05.11-16.24.39:495][676]BlueprintLog: New page: Compile BPGameController
[2016.05.11-16.24.39:729][676]BlueprintEditorCompileResults: Info [2299.08] Compile of BPGameController successful! [in 233 ms]
[2016.05.11-16.24.40:699][702]LogSavePackage: Save=262.25ms
[2016.05.11-16.24.40:699][702]LogSavePackage: Moving '../../../../../../Users/Uzair Hafeez/Documents/Unreal Projects/HafeezSpaceShooter/Saved/BPGameControllerB8D980E14E9CB7AA1373A3A577C83C14.tmp' to '../../../../../../Users/Uzair Hafeez/Documents/Unreal Projects/HafeezSpaceShooter/Content/Blueprints/BPGameController.uasset'
[2016.05.11-16.24.40:701][702]LogSavePackage: Total save time: 392.85ms
[2016.05.11-16.24.40:701][702]LogSavePackage:Display: Finished SavePackage ../../../../../../Users/Uzair Hafeez/Documents/Unreal Projects/HafeezSpaceShooter/Content/Blueprints/BPGameController.uasset
[2016.05.11-16.24.41:501][750]LogActorComponent: UnregisterComponent: (/Engine/Transient.EditorFloorComp) Not registered. Aborting.
[2016.05.11-16.25.11:745][547]BlueprintLog: New page: Compile BPEnemy
[2016.05.11-16.25.11:921][547]BlueprintEditorCompileResults: Info [2331.27] Compile of BPEnemy successful! [in 176 ms]
[2016.05.11-16.25.12:561][580]Cmd: OBJ SAVEPACKAGE PACKAGE="/Game/Blueprints/BPEnemy" FILE="../../../../../../Users/Uzair Hafeez/Documents/Unreal Projects/HafeezSpaceShooter/Content/Blueprints/BPEnemy.uasset" SILENT=true
[2016.05.11-16.25.12:779][580]LogSavePackage: Save=194.24ms
[2016.05.11-16.25.12:779][580]LogSavePackage: Moving '../../../../../../Users/Uzair Hafeez/Documents/Unreal Projects/HafeezSpaceShooter/Saved/BPEnemy8BF1E9784E3790CA8286DC864DCEFC7E.tmp' to '../../../../../../Users/Uzair Hafeez/Documents/Unreal Projects/HafeezSpaceShooter/Content/Blueprints/BPEnemy.uasset'
[2016.05.11-16.25.12:783][580]LogSavePackage: Total save time: 220.09ms
[2016.05.11-16.25.12:783][580]LogSavePackage:Display: Finished SavePackage ../../../../../../Users/Uzair Hafeez/Documents/Unreal Projects/HafeezSpaceShooter/Content/Blueprints/BPEnemy.uasset
[2016.05.11-16.25.13:899][647]LogActorComponent: UnregisterComponent: (/Engine/Transient.EditorFloorComp) Not registered. Aborting.
[2016.05.11-16.25.15:090][711]Cmd: OBJ SAVEPACKAGE PACKAGE="/Game/Maps/Main" FILE="../../../../../../Users/Uzair Hafeez/Documents/Unreal Projects/HafeezSpaceShooter/Content/Maps/Main.umap" SILENT=true AUTOSAVING=false KEEPDIRTY=false
[2016.05.11-16.25.15:211][711]LogSavePackage: Save=43.71ms
[2016.05.11-16.25.15:211][711]LogSavePackage: Moving '../../../../../../Users/Uzair Hafeez/Documents/Unreal Projects/HafeezSpaceShooter/Saved/Main45C4043847B4D9EE73583194306E631E.tmp' to '../../../../../../Users/Uzair Hafeez/Documents/Unreal Projects/HafeezSpaceShooter/Content/Maps/Main.umap'
[2016.05.11-16.25.15:215][711]LogSavePackage: Total save time: 70.76ms
[2016.05.11-16.25.15:215][711]LogSavePackage:Display: Finished SavePackage ../../../../../../Users/Uzair Hafeez/Documents/Unreal Projects/HafeezSpaceShooter/Content/Maps/Main.umap
[2016.05.11-16.25.18:298][891]BlueprintLog: New page: Compile BPEnemy2
[2016.05.11-16.25.18:482][891]BlueprintEditorCompileResults: Info [2337.83] Compile of BPEnemy2 successful! [in 182 ms]
[2016.05.11-16.25.19:084][922]Cmd: OBJ SAVEPACKAGE PACKAGE="/Game/Blueprints/BPEnemy2" FILE="../../../../../../Users/Uzair Hafeez/Documents/Unreal Projects/HafeezSpaceShooter/Content/Blueprints/BPEnemy2.uasset" SILENT=true
[2016.05.11-16.25.19:294][922]LogSavePackage: Save=185.90ms
[2016.05.11-16.25.19:294][922]LogSavePackage: Moving '../../../../../../Users/Uzair Hafeez/Documents/Unreal Projects/HafeezSpaceShooter/Saved/BPEnemy2743C907B480A7B1F989662BD2BC29479.tmp' to '../../../../../../Users/Uzair Hafeez/Documents/Unreal Projects/HafeezSpaceShooter/Content/Blueprints/BPEnemy2.uasset'
[2016.05.11-16.25.19:299][922]LogSavePackage: Total save time: 213.32ms
[2016.05.11-16.25.19:299][922]LogSavePackage:Display: Finished SavePackage ../../../../../../Users/Uzair Hafeez/Documents/Unreal Projects/HafeezSpaceShooter/Content/Blueprints/BPEnemy2.uasset
[2016.05.11-16.25.21:812][ 73]LogActorComponent: UnregisterComponent: (/Engine/Transient.EditorFloorComp) Not registered. Aborting.
[2016.05.11-16.26.45:880][505]LogFactory: FactoryCreateBinary: SoundWave with ReimportSoundFactory (0 0 ../../../../../../Users/Uzair Hafeez/Downloads/Explosion2.wav)
[2016.05.11-16.26.45:905][505]LogAudioDerivedData:Display: Building compressed audio format OGG wave Explosion2...
[2016.05.11-16.26.45:971][505]LogAudioDerivedData:Warning: Updated SoundWave->RawPCMDataSize during cooking SoundWave /Game/Blueprints/Audio/Explosion2.Explosion2.
[2016.05.11-16.26.48:067][618]Cmd: OBJ SAVEPACKAGE PACKAGE="/Game/Maps/Main" FILE="../../../../../../Users/Uzair Hafeez/Documents/Unreal Projects/HafeezSpaceShooter/Content/Maps/Main.umap" SILENT=true AUTOSAVING=false KEEPDIRTY=false
[2016.05.11-16.26.48:257][618]LogSavePackage: Save=30.95ms
[2016.05.11-16.26.48:257][618]LogSavePackage: Moving '../../../../../../Users/Uzair Hafeez/Documents/Unreal Projects/HafeezSpaceShooter/Saved/MainD1458F4C4D663C40CDA5F99E9ECC324D.tmp' to '../../../../../../Users/Uzair Hafeez/Documents/Unreal Projects/HafeezSpaceShooter/Content/Maps/Main.umap'
[2016.05.11-16.26.48:259][618]LogSavePackage: Total save time: 61.03ms
[2016.05.11-16.26.48:259][618]LogSavePackage:Display: Finished SavePackage ../../../../../../Users/Uzair Hafeez/Documents/Unreal Projects/HafeezSpaceShooter/Content/Maps/Main.umap
[2016.05.11-16.26.56:679][ 83]BlueprintLog: New page: Compile BPGameController
[2016.05.11-16.26.56:895][ 83]BlueprintEditorCompileResults: Info [2436.24] Compile of BPGameController successful! [in 214 ms]
[2016.05.11-16.27.01:256][332]LogPlayLevel: PlayLevel: No blueprints needed recompiling
[2016.05.11-16.27.01:256][332]PIE: New page: PIE session: Main (May 11, 2016, 7:27:01 AM)
[2016.05.11-16.27.01:256][332]LogPlayLevel: Creating play world package: /Game/Maps/UEDPIE_0_Main
[2016.05.11-16.27.01:258][332]LogPlayLevel: PIE: StaticDuplicateObject took: (0.001614s)
[2016.05.11-16.27.01:259][332]LogAIModule: Creating AISystem for world Main
[2016.05.11-16.27.01:259][332]LogPlayLevel: PIE: World Init took: (0.000663s)
[2016.05.11-16.27.01:259][332]LogPlayLevel: PIE: Created PIE world by copying editor world from /Game/Maps/Main.Main to /Game/Maps/UEDPIE_0_Main.Main (0.002475s)
[2016.05.11-16.27.01:298][332]LogInit: XAudio2 using 'Speakers (High Definition Audio Device)' : 2 channels at 44.1 kHz using 16 bits per sample (channel mask 0x3)
[2016.05.11-16.27.01:306][332]LogInit: FAudioDevice initialized.
[2016.05.11-16.27.01:338][332]LogWorld: Game class is 'Shooter_C'
[2016.05.11-16.27.01:341][332]LogWorld: Bringing World /Game/Maps/UEDPIE_0_Main.Main up for play (max tick rate 60) at 2016.05.11-12.27.01
[2016.05.11-16.27.01:341][332]LogWorld: Bringing up level for play took: 0.002820
[2016.05.11-16.27.01:344][332]PIE: Info Play in editor start time for /Game/Maps/UEDPIE_0_Main 0.871
[2016.05.11-16.27.19:770][364]LogScript:Warning: FLatentActionManager::ProcessLatentActions: CallbackTarget is None.
[2016.05.11-16.27.25:162][678]LogScript:Warning: Accessed None trying to read property CallFunc_GetPlayerPawn_ReturnValue
	BPEnemy_C /Game/Maps/UEDPIE_0_Main.Main:PersistentLevel.BPEnemy_C_4
	Function /Game/Blueprints/BPEnemy.BPEnemy_C:ExecuteUbergraph_BPEnemy:0467
[2016.05.11-16.27.25:162][678]PIE:Error: Error Blueprint Runtime Error: Accessed None trying to read property CallFunc_GetPlayerPawn_ReturnValue from function: 'ExecuteUbergraph_BPEnemy' from node: Branch in graph: EventGraph in object: BPEnemy
[2016.05.11-16.27.42:334][222]Cmd: OBJ SAVEPACKAGE PACKAGE="/Game/Maps/Main" FILE="../../../../../../Users/Uzair Hafeez/Documents/Unreal Projects/HafeezSpaceShooter/Content/Maps/Main.umap" SILENT=true AUTOSAVING=false KEEPDIRTY=false
[2016.05.11-16.27.42:424][222]LogSavePackage: Save=30.76ms
[2016.05.11-16.27.42:424][222]LogSavePackage: Moving '../../../../../../Users/Uzair Hafeez/Documents/Unreal Projects/HafeezSpaceShooter/Saved/Main0FAF830B43DFE63BED5D89B062A56420.tmp' to '../../../../../../Users/Uzair Hafeez/Documents/Unreal Projects/HafeezSpaceShooter/Content/Maps/Main.umap'
[2016.05.11-16.27.42:430][222]LogSavePackage: Total save time: 59.16ms
[2016.05.11-16.27.42:430][222]LogSavePackage:Display: Finished SavePackage ../../../../../../Users/Uzair Hafeez/Documents/Unreal Projects/HafeezSpaceShooter/Content/Maps/Main.umap
[2016.05.11-16.27.43:264][268]Cmd: OBJ SAVEPACKAGE PACKAGE="/Game/Maps/Main" FILE="../../../../../../Users/Uzair Hafeez/Documents/Unreal Projects/HafeezSpaceShooter/Content/Maps/Main.umap" SILENT=true AUTOSAVING=false KEEPDIRTY=false
[2016.05.11-16.27.43:368][268]LogSavePackage: Save=32.75ms
[2016.05.11-16.27.43:368][268]LogSavePackage: Moving '../../../../../../Users/Uzair Hafeez/Documents/Unreal Projects/HafeezSpaceShooter/Saved/MainAB910DC349D34DA1A8B7E2AC19F66CAB.tmp' to '../../../../../../Users/Uzair Hafeez/Documents/Unreal Projects/HafeezSpaceShooter/Content/Maps/Main.umap'
[2016.05.11-16.27.43:370][268]LogSavePackage: Total save time: 56.78ms
[2016.05.11-16.27.43:370][268]LogSavePackage:Display: Finished SavePackage ../../../../../../Users/Uzair Hafeez/Documents/Unreal Projects/HafeezSpaceShooter/Content/Maps/Main.umap
[2016.05.11-16.27.49:188][490]LogSavePackage: Save=5.94ms
[2016.05.11-16.27.49:188][490]LogSavePackage: Moving '../../../../../../Users/Uzair Hafeez/Documents/Unreal Projects/HafeezSpaceShooter/Saved/Explosion2E147EC0A421397C100E613A897CF3C79.tmp' to '../../../../../../Users/Uzair Hafeez/Documents/Unreal Projects/HafeezSpaceShooter/Content/Blueprints/Audio/Explosion2.uasset'
[2016.05.11-16.27.49:191][490]LogSavePackage: Total save time: 9.94ms
[2016.05.11-16.27.49:192][490]LogSavePackage:Display: Finished SavePackage ../../../../../../Users/Uzair Hafeez/Documents/Unreal Projects/HafeezSpaceShooter/Content/Blueprints/Audio/Explosion2.uasset
[2016.05.11-16.27.50:074][539]LogSavePackage: Save=2.56ms
[2016.05.11-16.27.50:074][539]LogSavePackage: Moving '../../../../../../Users/Uzair Hafeez/Documents/Unreal Projects/HafeezSpaceShooter/Saved/Explosion20780499B4197522A2A66769769407597.tmp' to '../../../../../../Users/Uzair Hafeez/Documents/Unreal Projects/HafeezSpaceShooter/Content/Blueprints/Audio/Explosion2.uasset'
[2016.05.11-16.27.50:076][539]LogSavePackage: Total save time: 35.59ms
[2016.05.11-16.27.50:076][539]LogSavePackage:Display: Finished SavePackage ../../../../../../Users/Uzair Hafeez/Documents/Unreal Projects/HafeezSpaceShooter/Content/Blueprints/Audio/Explosion2.uasset
[2016.05.11-16.27.53:005][696]Cmd: OBJ SAVEPACKAGE PACKAGE="/Game/Maps/Main" FILE="../../../../../../Users/Uzair Hafeez/Documents/Unreal Projects/HafeezSpaceShooter/Content/Maps/Main.umap" SILENT=true AUTOSAVING=false KEEPDIRTY=false
[2016.05.11-16.27.53:092][696]LogSavePackage: Save=30.52ms
[2016.05.11-16.27.53:092][696]LogSavePackage: Moving '../../../../../../Users/Uzair Hafeez/Documents/Unreal Projects/HafeezSpaceShooter/Saved/MainDCFD3F184F57501DD02D7C8FE423B8E5.tmp' to '../../../../../../Users/Uzair Hafeez/Documents/Unreal Projects/HafeezSpaceShooter/Content/Maps/Main.umap'
[2016.05.11-16.27.53:094][696]LogSavePackage: Total save time: 52.37ms
[2016.05.11-16.27.53:094][696]LogSavePackage:Display: Finished SavePackage ../../../../../../Users/Uzair Hafeez/Documents/Unreal Projects/HafeezSpaceShooter/Content/Maps/Main.umap
[2016.05.11-16.27.54:938][803]LogPlayLevel: PlayLevel: No blueprints needed recompiling
[2016.05.11-16.27.54:939][803]PIE: New page: PIE session: Main (May 11, 2016, 7:27:54 AM)
[2016.05.11-16.27.54:939][803]LogPlayLevel: Creating play world package: /Game/Maps/UEDPIE_0_Main
[2016.05.11-16.27.54:941][803]LogPlayLevel: PIE: StaticDuplicateObject took: (0.002379s)
[2016.05.11-16.27.54:942][803]LogAIModule: Creating AISystem for world Main
[2016.05.11-16.27.54:942][803]LogPlayLevel: PIE: World Init took: (0.000834s)
[2016.05.11-16.27.54:942][803]LogPlayLevel: PIE: Created PIE world by copying editor world from /Game/Maps/Main.Main to /Game/Maps/UEDPIE_0_Main.Main (0.003478s)
[2016.05.11-16.27.54:986][803]LogInit: XAudio2 using 'Speakers (High Definition Audio Device)' : 2 channels at 44.1 kHz using 16 bits per sample (channel mask 0x3)
[2016.05.11-16.27.54:992][803]LogInit: FAudioDevice initialized.
[2016.05.11-16.27.55:030][803]LogWorld: Game class is 'Shooter_C'
[2016.05.11-16.27.55:034][803]LogWorld: Bringing World /Game/Maps/UEDPIE_0_Main.Main up for play (max tick rate 60) at 2016.05.11-12.27.55
[2016.05.11-16.27.55:035][803]LogWorld: Bringing up level for play took: 0.004549
[2016.05.11-16.27.55:039][803]PIE: Info Play in editor start time for /Game/Maps/UEDPIE_0_Main 0.567
[2016.05.11-16.28.01:932][192]LogScript:Warning: Accessed None trying to read property CallFunc_GetPlayerPawn_ReturnValue
	BPEnemy_C /Game/Maps/UEDPIE_0_Main.Main:PersistentLevel.BPEnemy_C_7
	Function /Game/Blueprints/BPEnemy.BPEnemy_C:ExecuteUbergraph_BPEnemy:0467
[2016.05.11-16.28.01:932][192]PIE:Error: Error Blueprint Runtime Error: Accessed None trying to read property CallFunc_GetPlayerPawn_ReturnValue from function: 'ExecuteUbergraph_BPEnemy' from node: Branch in graph: EventGraph in object: BPEnemy
[2016.05.11-16.28.08:873][592]Cmd: OBJ SAVEPACKAGE PACKAGE="/Game/Maps/Main" FILE="../../../../../../Users/Uzair Hafeez/Documents/Unreal Projects/HafeezSpaceShooter/Content/Maps/Main.umap" SILENT=true AUTOSAVING=false KEEPDIRTY=false
[2016.05.11-16.28.08:966][592]LogSavePackage: Save=30.68ms
[2016.05.11-16.28.08:966][592]LogSavePackage: Moving '../../../../../../Users/Uzair Hafeez/Documents/Unreal Projects/HafeezSpaceShooter/Saved/Main85F9868E47DE33835D4E85A09AE20A2F.tmp' to '../../../../../../Users/Uzair Hafeez/Documents/Unreal Projects/HafeezSpaceShooter/Content/Maps/Main.umap'
[2016.05.11-16.28.08:968][592]LogSavePackage: Total save time: 54.57ms
[2016.05.11-16.28.08:968][592]LogSavePackage:Display: Finished SavePackage ../../../../../../Users/Uzair Hafeez/Documents/Unreal Projects/HafeezSpaceShooter/Content/Maps/Main.umap
[2016.05.11-16.28.16:970][771]LogSavePackage: Save=259.45ms
[2016.05.11-16.28.16:971][771]LogSavePackage: Moving '../../../../../../Users/Uzair Hafeez/Documents/Unreal Projects/HafeezSpaceShooter/Saved/BPGameControllerC5CD153644705313454ADDBE4FE79ADE.tmp' to '../../../../../../Users/Uzair Hafeez/Documents/Unreal Projects/HafeezSpaceShooter/Content/Blueprints/BPGameController.uasset'
[2016.05.11-16.28.16:974][771]LogSavePackage: Total save time: 287.36ms
[2016.05.11-16.28.16:974][771]LogSavePackage:Display: Finished SavePackage ../../../../../../Users/Uzair Hafeez/Documents/Unreal Projects/HafeezSpaceShooter/Content/Blueprints/BPGameController.uasset
[2016.05.11-16.28.17:140][771]LogWindowsTextInputMethodSystem:Display: IME system now deactivated.
[2016.05.11-16.28.17:439][772]Cmd: QUIT_EDITOR
[2016.05.11-16.28.18:874][772]LogExit: Preparing to exit.
[2016.05.11-16.28.19:857][772]LogExit: Editor shut down
[2016.05.11-16.28.19:857][772]LogExit: Transaction tracking system shut down
[2016.05.11-16.28.21:656][772]LogObj: Freed 0b from 0 cluster array pools.
[2016.05.11-16.28.21:657][772]LogExit: Object subsystem successfully closed.
[2016.05.11-16.28.21:888][772]LogD3D11RHI: Shutdown
[2016.05.11-16.28.21:888][772]LogD3D11RHI: CleanupD3DDevice
[2016.05.11-16.28.22:057][772]LogD3D11RHI: ~FD3D11DynamicRHI
[2016.05.11-16.28.22:236][772]LogDerivedDataCache: Shutdown
[2016.05.11-16.28.23:324][772]LogModuleManager: Shutting down and abandoning module BlueprintGraph (206)
[2016.05.11-16.28.23:324][772]LogModuleManager: Shutting down and abandoning module MovieSceneCapture (205)
[2016.05.11-16.28.23:324][772]LogModuleManager: Shutting down and abandoning module HierarchicalLODOutliner (204)
[2016.05.11-16.28.23:352][772]LogModuleManager: Shutting down and abandoning module CrashTracker (203)
[2016.05.11-16.28.23:352][772]LogModuleManager: Shutting down and abandoning module SceneOutliner (202)
[2016.05.11-16.28.23:368][772]LogModuleManager: Shutting down and abandoning module SuperSearch (201)
[2016.05.11-16.28.23:368][772]LogModuleManager: Shutting down and abandoning module WidgetCarousel (200)
[2016.05.11-16.28.23:368][772]LogModuleManager: Shutting down and abandoning module AddContentDialog (199)
[2016.05.11-16.28.23:390][772]LogModuleManager: Shutting down and abandoning module GameplayTags (198)
[2016.05.11-16.28.23:390][772]LogModuleManager: Shutting down and abandoning module EditorWidgets (197)
[2016.05.11-16.28.23:391][772]LogModuleManager: Shutting down and abandoning module CollectionManager (196)
[2016.05.11-16.28.23:391][772]LogModuleManager: Shutting down and abandoning module StatsViewer (195)
[2016.05.11-16.28.23:458][772]LogModuleManager: Shutting down and abandoning module FoliageEdit (194)
[2016.05.11-16.28.23:478][772]LogModuleManager: Shutting down and abandoning module LandscapeEditor (193)
[2016.05.11-16.28.23:508][772]LogModuleManager: Shutting down and abandoning module ActorPickerMode (192)
[2016.05.11-16.28.23:508][772]LogModuleManager: Shutting down and abandoning module GeometryMode (191)
[2016.05.11-16.28.23:508][772]LogModuleManager: Shutting down and abandoning module TextureAlignMode (190)
[2016.05.11-16.28.23:508][772]LogModuleManager: Shutting down and abandoning module BspMode (189)
[2016.05.11-16.28.23:508][772]LogModuleManager: Shutting down and abandoning module PlacementMode (188)
[2016.05.11-16.28.23:508][772]LogModuleManager: Shutting down and abandoning module AutomationWorker (187)
[2016.05.11-16.28.23:508][772]LogModuleManager: Shutting down and abandoning module CharacterAI (186)
[2016.05.11-16.28.23:508][772]LogModuleManager: Shutting down and abandoning module SmartSnapping (185)
[2016.05.11-16.28.23:508][772]LogModuleManager: Shutting down and abandoning module ViewportSnapping (184)
[2016.05.11-16.28.23:508][772]LogModuleManager: Shutting down and abandoning module LogVisualizer (183)
[2016.05.11-16.28.23:601][772]LogModuleManager: Shutting down and abandoning module GameProjectGeneration (182)
[2016.05.11-16.28.23:650][772]LogModuleManager: Shutting down and abandoning module IntroTutorials (181)
[2016.05.11-16.28.23:679][772]LogModuleManager: Shutting down and abandoning module EditorLiveStreaming (180)
[2016.05.11-16.28.23:679][772]LogModuleManager: Shutting down and abandoning module IOSPlatformEditor (179)
[2016.05.11-16.28.23:704][772]LogModuleManager: Shutting down and abandoning module HTML5PlatformEditor (178)
[2016.05.11-16.28.23:704][772]LogModuleManager: Shutting down and abandoning module AndroidDeviceDetection (177)
[2016.05.11-16.28.24:316][772]LogModuleManager: Shutting down and abandoning module AndroidPlatformEditor (176)
[2016.05.11-16.28.24:316][772]LogModuleManager: Shutting down and abandoning module IOSRuntimeSettings (175)
[2016.05.11-16.28.24:316][772]LogModuleManager: Shutting down and abandoning module AndroidRuntimeSettings (174)
[2016.05.11-16.28.24:316][772]LogModuleManager: Shutting down and abandoning module MergeActors (173)
[2016.05.11-16.28.24:340][772]LogModuleManager: Shutting down and abandoning module SizeMap (172)
[2016.05.11-16.28.24:364][772]LogModuleManager: Shutting down and abandoning module TreeMap (171)
[2016.05.11-16.28.24:375][772]LogModuleManager: Shutting down and abandoning module ReferenceViewer (170)
[2016.05.11-16.28.24:393][772]LogModuleManager: Shutting down and abandoning module LocalizationService (169)
[2016.05.11-16.28.24:402][772]LogModuleManager: Shutting down and abandoning module LocalizationDashboard (168)
[2016.05.11-16.28.24:434][772]LogModuleManager: Shutting down and abandoning module HardwareTargeting (167)
[2016.05.11-16.28.24:434][772]LogModuleManager: Shutting down and abandoning module DeviceProfileEditor (166)
[2016.05.11-16.28.24:456][772]LogModuleManager: Shutting down and abandoning module UndoHistory (165)
[2016.05.11-16.28.24:471][772]LogModuleManager: Shutting down and abandoning module UserFeedback (164)
[2016.05.11-16.28.24:471][772]LogModuleManager: Shutting down and abandoning module XmlParser (163)
[2016.05.11-16.28.24:482][772]LogModuleManager: Shutting down and abandoning module Blutility (162)
[2016.05.11-16.28.24:482][772]LogModuleManager: Shutting down and abandoning module ProjectTargetPlatformEditor (161)
[2016.05.11-16.28.24:482][772]LogModuleManager: Shutting down and abandoning module ProjectSettingsViewer (160)
[2016.05.11-16.28.24:482][772]LogModuleManager: Shutting down and abandoning module InputBindingEditor (159)
[2016.05.11-16.28.24:508][772]LogModuleManager: Shutting down and abandoning module EditorSettingsViewer (158)
[2016.05.11-16.28.24:508][772]LogModuleManager: Shutting down and abandoning module SettingsEditor (157)
[2016.05.11-16.28.24:539][772]LogModuleManager: Shutting down and abandoning module ProjectLauncher (156)
[2016.05.11-16.28.24:565][772]LogModuleManager: Shutting down and abandoning module SessionFrontend (155)
[2016.05.11-16.28.24:580][772]LogModuleManager: Shutting down and abandoning module ProfilerClient (154)
[2016.05.11-16.28.24:592][772]LogModuleManager: Shutting down and abandoning module TargetDeviceServices (153)
[2016.05.11-16.28.24:592][772]LogModuleManager: Shutting down and abandoning module DeviceManager (152)
[2016.05.11-16.28.24:654][772]LogModuleManager: Shutting down and abandoning module AutomationController (151)
[2016.05.11-16.28.24:665][772]LogModuleManager: Shutting down and abandoning module AutomationWindow (150)
[2016.05.11-16.28.24:677][772]LogModuleManager: Shutting down and abandoning module Layers (149)
[2016.05.11-16.28.24:700][772]LogModuleManager: Shutting down and abandoning module ComponentVisualizers (148)
[2016.05.11-16.28.24:700][772]LogModuleManager: Shutting down and abandoning module DetailCustomizations (147)
[2016.05.11-16.28.24:719][772]LogModuleManager: Shutting down and abandoning module PackagesDialog (146)
[2016.05.11-16.28.24:720][772]LogModuleManager: Shutting down and abandoning module Persona (145)
[2016.05.11-16.28.24:797][772]LogModuleManager: Shutting down and abandoning module Kismet (144)
[2016.05.11-16.28.24:810][772]LogModuleManager: Shutting down and abandoning module GraphEditor (143)
[2016.05.11-16.28.24:810][772]LogModuleManager: Shutting down and abandoning module ClassViewer (142)
[2016.05.11-16.28.24:841][772]LogModuleManager: Shutting down and abandoning module Toolbox (141)
[2016.05.11-16.28.24:869][772]LogModuleManager: Shutting down and abandoning module ModuleUI (140)
[2016.05.11-16.28.24:883][772]LogModuleManager: Shutting down and abandoning module MovieSceneTools (139)
[2016.05.11-16.28.24:896][772]LogModuleManager: Shutting down and abandoning module OutputLog (138)
[2016.05.11-16.28.24:922][772]LogModuleManager: Shutting down and abandoning module GammaUI (137)
[2016.05.11-16.28.24:939][772]LogModuleManager: Shutting down and abandoning module Documentation (136)
[2016.05.11-16.28.24:939][772]LogModuleManager: Shutting down and abandoning module StreamingPauseRendering (135)
[2016.05.11-16.28.24:939][772]LogModuleManager: Shutting down and abandoning module AnalyticsET (134)
[2016.05.11-16.28.24:939][772]LogModuleManager: Shutting down and abandoning module Analytics (133)
[2016.05.11-16.28.24:939][772]LogModuleManager: Shutting down and abandoning module PortalServices (132)
[2016.05.11-16.28.24:939][772]LogModuleManager: Shutting down and abandoning module PortalRpc (131)
[2016.05.11-16.28.24:939][772]LogModuleManager: Shutting down and abandoning module MessagingRpc (130)
[2016.05.11-16.28.24:939][772]LogModuleManager: Shutting down and abandoning module AITestSuite (129)
[2016.05.11-16.28.24:955][772]LogModuleManager: Shutting down and abandoning module GameplayDebugger (128)
[2016.05.11-16.28.24:964][772]LogModuleManager: Shutting down and abandoning module AIModule (127)
[2016.05.11-16.28.24:964][772]LogModuleManager: Shutting down and abandoning module ProfilerService (126)
[2016.05.11-16.28.25:008][772]LogModuleManager: Shutting down and abandoning module TaskGraph (125)
[2016.05.11-16.28.25:020][772]LogModuleManager: Shutting down and abandoning module SlateRemote (124)
[2016.05.11-16.28.25:020][772]LogModuleManager: Shutting down and abandoning module SteamVRController (123)
[2016.05.11-16.28.25:020][772]LogModuleManager: Shutting down and abandoning module SteamVR (122)
[2016.05.11-16.28.25:020][772]LogModuleManager: Shutting down and abandoning module ProceduralMeshComponent (121)
[2016.05.11-16.28.25:020][772]LogModuleManager: Shutting down and abandoning module OculusLibrary (120)
[2016.05.11-16.28.25:020][772]LogModuleManager: Shutting down and abandoning module OculusInput (119)
[2016.05.11-16.28.25:020][772]LogModuleManager: Shutting down and abandoning module CustomMeshComponent (118)
[2016.05.11-16.28.25:020][772]LogModuleManager: Shutting down and abandoning module CableComponent (117)
[2016.05.11-16.28.25:029][772]LogModuleManager: Shutting down and abandoning module ArchVisCharacter (116)
[2016.05.11-16.28.25:029][772]LogModuleManager: Shutting down and abandoning module MediaPlayerEditor (115)
[2016.05.11-16.28.25:108][772]LogModuleManager: Shutting down and abandoning module HTML5Networking (114)
[2016.05.11-16.28.25:108][772]LogModuleManager: Shutting down and abandoning module SpeedTreeImporter (113)
[2016.05.11-16.28.25:108][772]LogModuleManager: Shutting down and abandoning module PluginBrowser (112)
[2016.05.11-16.28.25:146][772]LogModuleManager: Shutting down and abandoning module EpicSurvey (111)
[2016.05.11-16.28.25:181][772]LogModuleManager: Shutting down and abandoning module DesktopPlatform (110)
[2016.05.11-16.28.25:215][772]LogModuleManager: Shutting down and abandoning module VisualStudioSourceCodeAccess (109)
[2016.05.11-16.28.25:230][772]LogModuleManager: Shutting down and abandoning module UObjectPlugin (108)
[2016.05.11-16.28.25:230][772]LogModuleManager: Shutting down and abandoning module SubversionSourceControl (107)
[2016.05.11-16.28.25:245][772]LogModuleManager: Shutting down and abandoning module PerforceSourceControl (106)
[2016.05.11-16.28.25:366][772]LogModuleManager: Shutting down and abandoning module SourceControl (105)
[2016.05.11-16.28.25:457][772]LogModuleManager: Shutting down and abandoning module GitSourceControl (104)
[2016.05.11-16.28.25:491][772]LogModuleManager: Shutting down and abandoning module LightPropagationVolumeEditor (103)
[2016.05.11-16.28.25:491][772]LogModuleManager: Shutting down and abandoning module PaperTiledImporter (102)
[2016.05.11-16.28.25:504][772]LogModuleManager: Shutting down and abandoning module PaperSpriteSheetImporter (101)
[2016.05.11-16.28.25:504][772]LogModuleManager: Shutting down and abandoning module MeshPaint (100)
[2016.05.11-16.28.25:504][772]LogModuleManager: Shutting down and abandoning module HotReload (99)
[2016.05.11-16.28.25:638][772]LogModuleManager: Shutting down and abandoning module MainFrame (98)
[2016.05.11-16.28.25:638][772]LogModuleManager: Shutting down and abandoning module LevelEditor (97)
[2016.05.11-16.28.25:639][772]LogModuleManager: Shutting down and abandoning module DirectoryWatcher (96)
[2016.05.11-16.28.25:640][772]LogModuleManager: Shutting down and abandoning module AssetRegistry (95)
[2016.05.11-16.28.25:708][772]LogModuleManager: Shutting down and abandoning module ContentBrowser (94)
[2016.05.11-16.28.25:710][772]LogModuleManager: Shutting down and abandoning module Paper2DEditor (93)
[2016.05.11-16.28.25:787][772]LogModuleManager: Shutting down and abandoning module UdpMessaging (92)
[2016.05.11-16.28.25:888][772]LogModuleManager: Shutting down and abandoning module LightPropagationVolumeRuntime (91)
[2016.05.11-16.28.25:888][772]LogModuleManager: Shutting down and abandoning module Paper2D (90)
[2016.05.11-16.28.25:949][772]LogModuleManager: Shutting down and abandoning module WindowsMoviePlayer (89)
[2016.05.11-16.28.26:011][772]LogModuleManager: Shutting down and abandoning module Media (88)
[2016.05.11-16.28.26:011][772]LogModuleManager: Shutting down and abandoning module WmfMedia (87)
[2016.05.11-16.28.26:055][772]LogModuleManager: Shutting down and abandoning module MediaAssets (86)
[2016.05.11-16.28.26:055][772]LogModuleManager: Shutting down and abandoning module GameLiveStreaming (85)
[2016.05.11-16.28.26:055][772]LogModuleManager: Shutting down and abandoning module GameplayTagsEditor (84)
[2016.05.11-16.28.26:055][772]LogModuleManager: Shutting down and abandoning module OnlineBlueprintSupport (83)
[2016.05.11-16.28.26:055][772]LogModuleManager: Shutting down and abandoning module GameplayTasksEditor (82)
[2016.05.11-16.28.26:055][772]LogModuleManager: Shutting down and abandoning module PropertyEditor (81)
[2016.05.11-16.28.26:055][772]LogModuleManager: Shutting down and abandoning module BehaviorTreeEditor (80)
[2016.05.11-16.28.26:206][772]LogModuleManager: Shutting down and abandoning module FunctionalTesting (79)
[2016.05.11-16.28.26:206][772]LogModuleManager: Shutting down and abandoning module CollisionAnalyzer (78)
[2016.05.11-16.28.26:261][772]LogModuleManager: Shutting down and abandoning module WorkspaceMenuStructure (77)
[2016.05.11-16.28.26:262][772]LogModuleManager: Shutting down and abandoning module MessageLog (76)
[2016.05.11-16.28.26:262][772]LogModuleManager: Shutting down and abandoning module Sequencer (75)
[2016.05.11-16.28.26:322][772]LogModuleManager: Shutting down and abandoning module AssetTools (74)
[2016.05.11-16.28.26:472][772]LogModuleManager: Shutting down and abandoning module UMGEditor (73)
[2016.05.11-16.28.26:523][772]LogModuleManager: Shutting down and abandoning module UMG (72)
[2016.05.11-16.28.26:613][772]LogModuleManager: Shutting down and abandoning module SlateReflector (71)
[2016.05.11-16.28.26:675][772]LogModuleManager: Shutting down and abandoning module Slate (70)
[2016.05.11-16.28.26:675][772]LogModuleManager: Shutting down and abandoning module EditorStyle (69)
[2016.05.11-16.28.26:678][772]LogModuleManager: Shutting down and abandoning module SessionServices (68)
[2016.05.11-16.28.26:678][772]LogModuleManager: Shutting down and abandoning module SourceCodeAccess (67)
[2016.05.11-16.28.26:678][772]LogModuleManager: Shutting down and abandoning module HeadMountedDisplay (66)
[2016.05.11-16.28.26:678][772]LogModuleManager: Shutting down and abandoning module XAudio2 (65)
[2016.05.11-16.28.26:678][772]LogModuleManager: Shutting down and abandoning module Networking (63)
[2016.05.11-16.28.26:678][772]LogModuleManager: Shutting down and abandoning module Core (62)
[2016.05.11-16.28.26:678][772]LogModuleManager: Shutting down and abandoning module KismetCompiler (61)
[2016.05.11-16.28.26:712][772]LogModuleManager: Shutting down and abandoning module PhysXFormats (60)
[2016.05.11-16.28.26:724][772]LogModuleManager: Shutting down and abandoning module MeshUtilities (59)
[2016.05.11-16.28.26:755][772]LogModuleManager: Shutting down and abandoning module CookingStats (58)
[2016.05.11-16.28.26:755][772]LogModuleManager: Shutting down and abandoning module DerivedDataCache (57)
[2016.05.11-16.28.26:755][772]LogDerivedDataCache: Shutdown
[2016.05.11-16.28.26:755][772]LogModuleManager: Shutting down and abandoning module ShaderFormatOpenGL (56)
[2016.05.11-16.28.26:755][772]LogModuleManager: Shutting down and abandoning module ShaderFormatD3D (55)
[2016.05.11-16.28.26:755][772]LogModuleManager: Shutting down and abandoning module MetalShaderFormat (54)
[2016.05.11-16.28.26:755][772]LogModuleManager: Shutting down and abandoning module TextureFormatUncompressed (53)
[2016.05.11-16.28.26:755][772]LogModuleManager: Shutting down and abandoning module TextureFormatPVR (52)
[2016.05.11-16.28.26:852][772]LogModuleManager: Shutting down and abandoning module TextureFormatIntelISPCTexComp (51)
[2016.05.11-16.28.26:878][772]LogModuleManager: Shutting down and abandoning module TextureFormatDXT (50)
[2016.05.11-16.28.26:878][772]LogModuleManager: Shutting down and abandoning module ImageWrapper (49)
[2016.05.11-16.28.26:878][772]LogModuleManager: Shutting down and abandoning module TextureFormatASTC (48)
[2016.05.11-16.28.26:878][772]LogModuleManager: Shutting down and abandoning module TextureFormatAndroid (47)
[2016.05.11-16.28.26:878][772]LogModuleManager: Shutting down and abandoning module AudioFormatOpus (46)
[2016.05.11-16.28.26:886][772]LogModuleManager: Shutting down and abandoning module AudioFormatOgg (45)
[2016.05.11-16.28.26:886][772]LogModuleManager: Shutting down and abandoning module AudioFormatADPCM (44)
[2016.05.11-16.28.26:895][772]LogModuleManager: Shutting down and abandoning module LinuxTargetPlatform (43)
[2016.05.11-16.28.26:895][772]LogModuleManager: Shutting down and abandoning module LinuxServerTargetPlatform (42)
[2016.05.11-16.28.26:895][772]LogModuleManager: Shutting down and abandoning module LinuxNoEditorTargetPlatform (41)
[2016.05.11-16.28.26:950][772]LogModuleManager: Shutting down and abandoning module TVOSTargetPlatform (40)
[2016.05.11-16.28.26:950][772]LogModuleManager: Shutting down and abandoning module Messaging (39)
[2016.05.11-16.28.26:950][772]LogModuleManager: Shutting down and abandoning module IOSTargetPlatform (38)
[2016.05.11-16.28.26:950][772]LogModuleManager: Shutting down and abandoning module HTML5TargetPlatform (37)
[2016.05.11-16.28.26:950][772]LogModuleManager: Shutting down and abandoning module Android_PVRTCTargetPlatform (36)
[2016.05.11-16.28.26:950][772]LogModuleManager: Shutting down and abandoning module Android_MultiTargetPlatform (35)
[2016.05.11-16.28.26:965][772]LogModuleManager: Shutting down and abandoning module Android_ETC2TargetPlatform (34)
[2016.05.11-16.28.26:965][772]LogModuleManager: Shutting down and abandoning module Android_ETC1TargetPlatform (33)
[2016.05.11-16.28.26:965][772]LogModuleManager: Shutting down and abandoning module Android_DXTTargetPlatform (32)
[2016.05.11-16.28.26:965][772]LogModuleManager: Shutting down and abandoning module Android_ATCTargetPlatform (31)
[2016.05.11-16.28.26:965][772]LogModuleManager: Shutting down and abandoning module Android_ASTCTargetPlatform (30)
[2016.05.11-16.28.26:965][772]LogModuleManager: Shutting down and abandoning module AndroidTargetPlatform (29)
[2016.05.11-16.28.26:965][772]LogModuleManager: Shutting down and abandoning module WindowsTargetPlatform (28)
[2016.05.11-16.28.26:965][772]LogModuleManager: Shutting down and abandoning module WindowsServerTargetPlatform (27)
[2016.05.11-16.28.26:975][772]LogModuleManager: Shutting down and abandoning module WindowsNoEditorTargetPlatform (26)
[2016.05.11-16.28.27:024][772]LogModuleManager: Shutting down and abandoning module WindowsClientTargetPlatform (25)
[2016.05.11-16.28.27:105][772]LogModuleManager: Shutting down and abandoning module AllDesktopTargetPlatform (24)
[2016.05.11-16.28.27:105][772]LogModuleManager: Shutting down and abandoning module TargetPlatform (23)
[2016.05.11-16.28.27:105][772]LogModuleManager: Shutting down and abandoning module InputCore (22)
[2016.05.11-16.28.27:105][772]LogModuleManager: Shutting down and abandoning module Settings (21)
[2016.05.11-16.28.27:105][772]LogModuleManager: Shutting down and abandoning module OnlineSubsystem (19)
[2016.05.11-16.28.27:105][772]LogModuleManager: Shutting down and abandoning module HTTP (18)
[2016.05.11-16.28.28:106][772]LogModuleManager: Shutting down and abandoning module XMPP (17)
[2016.05.11-16.28.28:138][772]LogModuleManager: Shutting down and abandoning module OculusRift (16)
[2016.05.11-16.28.28:155][772]LogModuleManager: Shutting down and abandoning module ExampleDeviceProfileSelector (15)
[2016.05.11-16.28.28:155][772]LogModuleManager: Shutting down and abandoning module TextureCompressor (14)
[2016.05.11-16.28.28:169][772]LogModuleManager: Shutting down and abandoning module ShaderCore (13)
[2016.05.11-16.28.28:169][772]LogModuleManager: Shutting down and abandoning module Landscape (12)
[2016.05.11-16.28.28:169][772]LogModuleManager: Shutting down and abandoning module SlateRHIRenderer (11)
[2016.05.11-16.28.28:180][772]LogModuleManager: Shutting down and abandoning module OpenGLDrv (10)
[2016.05.11-16.28.28:217][772]LogModuleManager: Shutting down and abandoning module D3D11RHI (9)
[2016.05.11-16.28.28:217][772]LogModuleManager: Shutting down and abandoning module AnimGraphRuntime (8)
[2016.05.11-16.28.28:217][772]LogModuleManager: Shutting down and abandoning module Renderer (7)
[2016.05.11-16.28.28:217][772]LogModuleManager: Shutting down and abandoning module Engine (6)
[2016.05.11-16.28.28:217][772]LogModuleManager: Shutting down and abandoning module CoreUObject (5)
[2016.05.11-16.28.28:217][772]LogModuleManager: Shutting down and abandoning module NetworkFile (4)
[2016.05.11-16.28.28:228][772]LogModuleManager: Shutting down and abandoning module StreamingFile (3)
[2016.05.11-16.28.28:242][772]LogModuleManager: Shutting down and abandoning module SandboxFile (2)
[2016.05.11-16.28.28:249][772]LogModuleManager: Shutting down and abandoning module PakFile (1)
[2016.05.11-16.28.28:275][772]LogExit: Exiting.
[2016.05.11-16.28.28:293][772]Log file closed, 05/11/16 12:28:28
