Log file open, 05/11/16 12:39:07
LogInit:Display: Running engine for game: HafeezSpaceShooter
LogPlatformFile: Not using cached read wrapper
LogInit:Display: RandInit(1964072521) SRandInit(1964072522).
LogTaskGraph: Started task graph with 4 named threads and 5 total threads.
LogStats: Stats thread started at 0.064560
LogInit: Version: 4.11.2-2946394+++UE4+Release-4.11
LogInit: API Version: 2927265
LogInit: Compiled (64-bit): Apr 18 2016 02:18:46
LogInit: Compiled with Visual C++: 19.00.23026.00
LogInit: Build Configuration: Development
LogInit: Branch Name: ++UE4+Release-4.11
LogInit: Command line:  
LogInit: Base directory: C:/Program Files (x86)/Epic Games/4.11/Engine/Binaries/Win64/
LogInit: Installed Engine Build: 1
LogInit: Using libcurl 7.41.0
LogInit:  - built for x86_64-pc-win32
LogInit:  - supports SSL with WinSSL
LogInit:  - other features:
LogInit:      CURL_VERSION_SSL
LogInit:      CURL_VERSION_IPV6
LogInit:      CURL_VERSION_ASYNCHDNS
LogInit:      CURL_VERSION_LARGEFILE
LogInit:      CURL_VERSION_IDN
LogInit:  CurlRequestOptions (configurable via config and command line):
LogInit:  - bVerifyPeer = true  - Libcurl will verify peer certificate
LogInit:  - bUseHttpProxy = false  - Libcurl will NOT use HTTP proxy
LogInit:  - bDontReuseConnections = false  - Libcurl will reuse connections
LogInit:  - CertBundlePath = nullptr  - Libcurl will use whatever was configured at build time.
LogInit: Presizing for max 16777216 objects, including 0 objects not considered by GC, pre-allocating 0 bytes for permanent pool.
LogInit: Object subsystem initialized
[2016.05.11-16.39.07:647][  0]LogInit: Selected Device Profile: [Windows]
[2016.05.11-16.39.07:647][  0]LogInit: Applying CVar settings loaded from the selected device profile: [Windows]
[2016.05.11-16.39.07:658][  0]LogInit: Computer: UZAIR_HAFEEZ
[2016.05.11-16.39.07:658][  0]LogInit: User: UzairHafeez
[2016.05.11-16.39.07:658][  0]LogInit: CPU Page size=65536, Cores=2
[2016.05.11-16.39.07:658][  0]LogInit: High frequency timer resolution =2.240907 MHz
[2016.05.11-16.39.07:659][  0]LogMemory: Memory total: Physical=3.9GB (4GB approx)
[2016.05.11-16.39.07:659][  0]LogMemory: Platform Memory Stats for Windows
[2016.05.11-16.39.07:659][  0]LogMemory: Process Physical Memory: 310.38 MB used, 310.38 MB peak
[2016.05.11-16.39.07:659][  0]LogMemory: Process Virtual Memory: 315.22 MB used, 315.22 MB peak
[2016.05.11-16.39.07:659][  0]LogMemory: Physical Memory: 1487.75 MB used, 3979.78 MB total
[2016.05.11-16.39.07:659][  0]LogMemory: Virtual Memory: 629.86 MB used, 134217728.00 MB total
[2016.05.11-16.39.07:696][  0]LogTextLocalizationManager: No specific translations for ('en-US') exist, so ('en') translations will be used.
[2016.05.11-16.39.08:225][  0]LogD3D11RHI: D3D11 adapters:
[2016.05.11-16.39.08:238][  0]LogD3D11RHI:    0. 'Intel(R) HD Graphics Family' (Feature Level 11_0)
[2016.05.11-16.39.08:238][  0]LogD3D11RHI:       32MB of dedicated video memory, 0MB of dedicated system memory, and 1760MB of shared system memory, 1 output[s]
[2016.05.11-16.39.08:240][  0]LogD3D11RHI:    1. 'Microsoft Basic Render Driver' (Feature Level 11_0)
[2016.05.11-16.39.08:240][  0]LogD3D11RHI:       0MB of dedicated video memory, 0MB of dedicated system memory, and 256MB of shared system memory, 0 output[s]
[2016.05.11-16.39.08:240][  0]LogD3D11RHI: Chosen D3D11 Adapter: 0
[2016.05.11-16.39.08:244][  0]LogD3D11RHI: Creating new Direct3DDevice
[2016.05.11-16.39.08:244][  0]LogD3D11RHI:     Adapter Name: Intel(R) HD Graphics Family
[2016.05.11-16.39.08:244][  0]LogD3D11RHI:   Driver Version: 10.18.14.4062 (internal 10.18.14.4062)
[2016.05.11-16.39.08:244][  0]LogD3D11RHI:      Driver Date: 12-15-2014
[2016.05.11-16.39.08:244][  0]LogRHI: Texture pool is 638 MB (70% of 912 MB)
[2016.05.11-16.39.08:252][  0]LogD3D11RHI: Async texture creation enabled
[2016.05.11-16.39.08:260][  0]LogShaderCompilers: Guid format shader working directory is -32 characters bigger than the processId version (../../../../../../Users/Uzair Hafeez/Documents/Unreal Projects/HafeezSpaceShooter/Intermediate/Shaders/WorkingDirectory/1508/).
[2016.05.11-16.39.08:260][  0]LogShaderCompilers: Cleaned the shader compiler working directory 'C:/Users/UZAIRH~1/AppData/Local/Temp/UnrealShaderWorkingDir/7BCA9D76424F99F17663E0A4C1460E1D/'.
[2016.05.11-16.39.08:260][  0]LogShaderCompilers:Display: Using Local Shader Compiler.
[2016.05.11-16.39.12:546][  0]LogTemp:Display: Loaded TP AllDesktopTargetPlatform
[2016.05.11-16.39.12:553][  0]LogTemp:Display: Loaded TP WindowsClientTargetPlatform
[2016.05.11-16.39.12:561][  0]LogTemp:Display: Loaded TP WindowsNoEditorTargetPlatform
[2016.05.11-16.39.12:568][  0]LogTemp:Display: Loaded TP WindowsServerTargetPlatform
[2016.05.11-16.39.12:575][  0]LogTemp:Display: Loaded TP WindowsTargetPlatform
[2016.05.11-16.39.12:579][  0]LogTemp:Display: Loaded TP AndroidTargetPlatform
[2016.05.11-16.39.12:583][  0]LogTemp:Display: Loaded TP Android_ASTCTargetPlatform
[2016.05.11-16.39.12:590][  0]LogTemp:Display: Loaded TP Android_ATCTargetPlatform
[2016.05.11-16.39.12:595][  0]LogTemp:Display: Loaded TP Android_DXTTargetPlatform
[2016.05.11-16.39.12:600][  0]LogTemp:Display: Loaded TP Android_ETC1TargetPlatform
[2016.05.11-16.39.12:605][  0]LogTemp:Display: Loaded TP Android_ETC2TargetPlatform
[2016.05.11-16.39.12:614][  0]LogTemp:Display: Loaded TP Android_MultiTargetPlatform
[2016.05.11-16.39.12:614][  0]LogTemp:Display: Loaded TP Android_PVRTCTargetPlatform
[2016.05.11-16.39.12:615][  0]LogTemp:Display: Loaded TP HTML5TargetPlatform
[2016.05.11-16.39.12:637][  0]LogTemp:Display: Loaded TP IOSTargetPlatform
[2016.05.11-16.39.12:641][  0]LogTemp:Display: Loaded TP TVOSTargetPlatform
[2016.05.11-16.39.12:645][  0]LogTemp:Display: Loaded TP LinuxNoEditorTargetPlatform
[2016.05.11-16.39.12:649][  0]LogTemp:Display: Loaded TP LinuxServerTargetPlatform
[2016.05.11-16.39.12:654][  0]LogTemp:Display: Loaded TP LinuxTargetPlatform
[2016.05.11-16.39.12:654][  0]LogTargetPlatformManager:Display: Building Assets For Windows
[2016.05.11-16.39.12:762][  0]LogDerivedDataCache:Display: Max Cache Size: 512 MB
[2016.05.11-16.39.13:398][  0]LogDerivedDataCache: Loaded boot cache 0.64s 46MB C:/Users/Uzair Hafeez/AppData/Local/UnrealEngine/4.11/DerivedDataCache/Boot.ddc.
[2016.05.11-16.39.13:398][  0]LogDerivedDataCache:Display: Loaded Boot cache: C:/Users/Uzair Hafeez/AppData/Local/UnrealEngine/4.11/DerivedDataCache/Boot.ddc
[2016.05.11-16.39.13:398][  0]LogDerivedDataCache: FDerivedDataBackendGraph:  Pak pak cache file ../../../../../../Users/Uzair Hafeez/Documents/Unreal Projects/HafeezSpaceShooter/DerivedDataCache/DDC.ddp not found, will not use a pak cache.
[2016.05.11-16.39.13:398][  0]LogDerivedDataCache: Unable to find inner node Pak for hierarchical cache Hierarchy.
[2016.05.11-16.39.13:398][  0]LogDerivedDataCache: FDerivedDataBackendGraph:  CompressedPak pak cache file ../../../../../../Users/Uzair Hafeez/Documents/Unreal Projects/HafeezSpaceShooter/DerivedDataCache/Compressed.ddp not found, will not use a pak cache.
[2016.05.11-16.39.13:398][  0]LogDerivedDataCache: Unable to find inner node CompressedPak for hierarchical cache Hierarchy.
[2016.05.11-16.39.13:490][  0]LogDerivedDataCache:Display: Pak cache opened for reading ../../../Engine/DerivedDataCache/Compressed.ddp.
[2016.05.11-16.39.13:515][  0]LogDerivedDataCache: Using Local data cache path C:/Users/Uzair Hafeez/AppData/Local/UnrealEngine/Common/DerivedDataCache: Writable
[2016.05.11-16.39.13:778][  0]LogInit: Selected Device Profile: [Windows]
[2016.05.11-16.39.13:779][  0]LogContentStreaming: Texture pool size is 0.00 MB
[2016.05.11-16.39.13:894][  0]LogMaterial: Uniform references updated for custom material expression Custom.
[2016.05.11-16.39.14:082][  0]LogMeshUtilities: No automatic mesh reduction module available
[2016.05.11-16.39.14:082][  0]LogMeshUtilities: No automatic mesh merging module available
[2016.05.11-16.39.14:082][  0]LogMeshUtilities: No distributed automatic mesh merging module available
[2016.05.11-16.39.14:552][  0]LogUObjectArray: 27679 objects as part of root set at end of initial load.
[2016.05.11-16.39.14:552][  0]LogUObjectAllocator: 5591592 out of 0 bytes used by permanent object pool.
[2016.05.11-16.39.14:552][  0]LogUObjectArray: CloseDisregardForGC: 0/0 objects in disregard for GC pool
[2016.05.11-16.39.14:560][  0]LogInit: WinSock: version 1.1 (2.2), MaxSocks=32767, MaxUdp=65467
[2016.05.11-16.39.14:719][  0]LogSlate: SlateFontCache - WITH_FREETYPE: 1, WITH_HARFBUZZ: 1
[2016.05.11-16.39.14:719][  0]LogSlate: SlateFontCache - WITH_FREETYPE: 1, WITH_HARFBUZZ: 1
[2016.05.11-16.39.14:935][  0]LogStreaming:Warning: Failed to read file '../../../Engine/Content/Editor/Slate/Common/Selection_16x.png' error.
[2016.05.11-16.39.14:935][  0]LogSlate: Could not find file for Slate resource: ../../../Engine/Content/Editor/Slate/Common/Selection_16x.png
[2016.05.11-16.39.14:935][  0]LogStreaming:Warning: Failed to read file '../../../Engine/Content/Editor/Slate/Common/Selection_16x.png' error.
[2016.05.11-16.39.14:935][  0]LogSlate: Could not find file for Slate resource: ../../../Engine/Content/Editor/Slate/Common/Selection_16x.png
[2016.05.11-16.39.14:935][  0]LogStreaming:Warning: Failed to read file '../../../Engine/Content/Editor/Slate/Common/Selection_16x.png' error.
[2016.05.11-16.39.14:935][  0]LogSlate: Could not find file for Slate resource: ../../../Engine/Content/Editor/Slate/Common/Selection_16x.png
[2016.05.11-16.39.17:577][  0]LogUdpMessaging: Initializing bridge on interface 0.0.0.0:0 to multicast group 230.0.0.1:6666.
[2016.05.11-16.39.18:117][  0]LogAssetRegistry: FAssetRegistry took 0.0227 seconds to start up
[2016.05.11-16.39.18:492][  0]SourceControl: Info Source control is disabled
[2016.05.11-16.39.18:494][  0]SourceControl: Info Source control is disabled
[2016.05.11-16.39.18:543][  0]SourceControl: Info Source control is disabled
[2016.05.11-16.39.18:556][  0]SourceControl: Info Source control is disabled
[2016.05.11-16.39.18:815][  0]LogHMD: Failed to initialize OpenVR with code 110
[2016.05.11-16.39.18:934][  0]LogEngine: Initializing Engine...
[2016.05.11-16.39.19:452][  0]LogAIModule: Creating AISystem for world NewWorld
[2016.05.11-16.39.19:458][  0]LogInit: XAudio2 using 'Speakers (High Definition Audio Device)' : 2 channels at 44.1 kHz using 16 bits per sample (channel mask 0x3)
[2016.05.11-16.39.19:476][  0]LogInit: FAudioDevice initialized.
[2016.05.11-16.39.19:533][  0]LogDerivedDataCache: Saved boot cache 0.06s 46MB C:/Users/Uzair Hafeez/AppData/Local/UnrealEngine/4.11/DerivedDataCache/Boot.ddc.
[2016.05.11-16.39.19:543][  0]LogInit: Texture streaming: Enabled
[2016.05.11-16.39.19:572][  0]LogInit: Transaction tracking system initialized
[2016.05.11-16.39.19:606][  0]BlueprintLog: New page: Editor Load
[2016.05.11-16.39.19:813][  0]LocalizationService: Info Localization service is disabled
[2016.05.11-16.39.20:125][  0]LogConsoleResponse:Display: 
[2016.05.11-16.39.21:876][  0]LogCook:Display: Max memory allowance for cook 8192mb
[2016.05.11-16.39.21:876][  0]LogCook:Display: Mobile HDR setting 1
[2016.05.11-16.39.21:876][  0]LogCook:Display: Done creating registry. It took  0.00s.
[2016.05.11-16.39.22:032][  0]LogFileCache: Scanning file cache for directory 'C:/Users/Uzair Hafeez/Documents/Unreal Projects/HafeezSpaceShooter/Content/' took 0.01s
[2016.05.11-16.39.22:032][  0]SourceControl: Info Source control is disabled
[2016.05.11-16.39.22:032][  0]Cmd: MAP LOAD FILE="../../../../../../Users/Uzair Hafeez/Documents/Unreal Projects/HafeezSpaceShooter/Content/Maps/Main.umap" TEMPLATE=0 SHOWPROGRESS=1 FEATURELEVEL=3
[2016.05.11-16.39.22:052][  0]LightingResults: New page: Lighting Build
[2016.05.11-16.39.22:055][  0]MapCheck: New page: Map Check
[2016.05.11-16.39.22:055][  0]LightingResults: New page: Lighting Build
[2016.05.11-16.39.24:737][  0]LogAIModule: Creating AISystem for world Main
[2016.05.11-16.39.24:846][  0]LogEditorServer: Finished looking for orphan Actors (0.000 secs)
[2016.05.11-16.39.24:847][  0]Cmd: MAP CHECKDEP NOCLEARLOG
[2016.05.11-16.39.24:955][  0]MapCheck: Info Map check complete: 0 Error(s), 0 Warning(s), took 107.3ms to complete.
[2016.05.11-16.39.24:955][  0]LogFileHelpers: Loading map 'Main' took 2.923
[2016.05.11-16.39.25:112][  0]LogCollectionManager: Loaded 0 collections in 0.002301 seconds
[2016.05.11-16.39.25:155][  0]LogFileCache: Scanning file cache for directory 'C:/Users/Uzair Hafeez/Documents/Unreal Projects/HafeezSpaceShooter/Saved/Collections/' took 0.01s
[2016.05.11-16.39.25:155][  0]LogFileCache: Scanning file cache for directory 'C:/Users/Uzair Hafeez/Documents/Unreal Projects/HafeezSpaceShooter/Content/Developers/UzairHafeez/Collections/' took 0.01s
[2016.05.11-16.39.25:155][  0]LogFileCache: Scanning file cache for directory 'C:/Users/Uzair Hafeez/Documents/Unreal Projects/HafeezSpaceShooter/Content/Collections/' took 0.01s
[2016.05.11-16.39.25:155][  0]LogCollectionManager: Rebuilt the GUID cache for 0 collections in 0.000003 seconds
[2016.05.11-16.39.25:165][  0]LogContentBrowser: Native class hierarchy populated in 0.0096 seconds. Added 1979 classes and 343 folders.
[2016.05.11-16.39.25:171][  0]LogStats: UGameplayTagsManager::ConstructGameplayTagTree: Construct from data asset -  0.000 s
[2016.05.11-16.39.25:171][  0]LogStats: UGameplayTagsManager::ConstructGameplayTagTree: GameplayTagTreeChangedEvent.Broadcast -  0.000 s
[2016.05.11-16.39.25:172][  0]LogContentBrowser: Native class hierarchy updated for 'GameplayTags' in 0.0006 seconds. Added 12 classes and 0 folders.
[2016.05.11-16.39.25:179][  0]LogContentBrowser: Native class hierarchy updated for 'WidgetCarousel' in 0.0004 seconds. Added 0 classes and 0 folders.
[2016.05.11-16.39.25:249][  0]LogContentBrowser: Native class hierarchy updated for 'SuperSearch' in 0.0004 seconds. Added 1 classes and 2 folders.
[2016.05.11-16.39.26:068][  0]LogContentBrowser: Native class hierarchy updated for 'AddContentDialog' in 0.0005 seconds. Added 0 classes and 0 folders.
[2016.05.11-16.39.26:081][  0]LogContentBrowser: Native class hierarchy updated for 'SceneOutliner' in 0.0004 seconds. Added 1 classes and 2 folders.
[2016.05.11-16.39.26:181][  0]LogCrashTracker: Crashtracker disabled due to settings.
[2016.05.11-16.39.26:186][  0]LogUObjectGlobals:Warning: Failed to find object 'Class None.'
[2016.05.11-16.39.26:226][  0]LogContentBrowser: Native class hierarchy updated for 'HierarchicalLODOutliner' in 0.0008 seconds. Added 1 classes and 2 folders.
[2016.05.11-16.39.26:226][  0]LogLoad: Full Startup: 19.71 seconds (BP compile: 0.26 seconds)
[2016.05.11-16.39.26:226][  0]LogExternalProfiler: Found external profiler: VSPerf
[2016.05.11-16.39.26:226][  0]LogExternalProfiler: Using external profiler: VSPerf
[2016.05.11-16.39.26:244][  0]LogOcInput: OculusInput pre-init called
[2016.05.11-16.39.26:341][  0]LogContentStreaming: Texture pool size now 200 MB
[2016.05.11-16.39.26:645][  0]LogRenderer: Reallocating scene render targets to support 876x380 (Frame:2).
[2016.05.11-16.39.27:534][  1]LogAssetRegistry: Asset discovery search completed in 9.4409 seconds
[2016.05.11-16.39.27:534][  1]LogCollectionManager: Rebuilt the object cache for 0 collections in 0.000001 seconds (found 0 objects)
[2016.05.11-16.39.27:534][  1]LogCollectionManager: Fixed up redirectors for 0 collections in 0.000035 seconds (updated 0 objects)
[2016.05.11-16.39.45:465][ 61]LogPlayLevel: PlayLevel: No blueprints needed recompiling
[2016.05.11-16.39.45:468][ 61]PIE: New page: PIE session: Main (May 11, 2016, 7:39:45 AM)
[2016.05.11-16.39.45:468][ 61]LogPlayLevel: Creating play world package: /Game/Maps/UEDPIE_0_Main
[2016.05.11-16.39.45:470][ 61]LogPlayLevel: PIE: StaticDuplicateObject took: (0.002506s)
[2016.05.11-16.39.45:472][ 61]LogAIModule: Creating AISystem for world Main
[2016.05.11-16.39.45:472][ 61]LogPlayLevel: PIE: World Init took: (0.001569s)
[2016.05.11-16.39.45:472][ 61]LogPlayLevel: PIE: Created PIE world by copying editor world from /Game/Maps/Main.Main to /Game/Maps/UEDPIE_0_Main.Main (0.004421s)
[2016.05.11-16.39.45:526][ 61]LogInit: XAudio2 using 'Speakers (High Definition Audio Device)' : 2 channels at 44.1 kHz using 16 bits per sample (channel mask 0x3)
[2016.05.11-16.39.45:533][ 61]LogInit: FAudioDevice initialized.
[2016.05.11-16.39.45:652][ 61]LogWorld: Game class is 'Shooter_C'
[2016.05.11-16.39.45:656][ 61]LogWorld: Bringing World /Game/Maps/UEDPIE_0_Main.Main up for play (max tick rate 60) at 2016.05.11-12.39.45
[2016.05.11-16.39.45:656][ 61]LogWorld: Bringing up level for play took: 0.002680
[2016.05.11-16.39.45:661][ 61]LogContentBrowser: Native class hierarchy updated for 'MovieSceneCapture' in 0.0005 seconds. Added 9 classes and 0 folders.
[2016.05.11-16.39.45:662][ 61]PIE: Info Play in editor start time for /Game/Maps/UEDPIE_0_Main -0.028
[2016.05.11-16.39.49:824][289]Cmd: OBJ SAVEPACKAGE PACKAGE="/Game/Maps/Main" FILE="../../../../../../Users/Uzair Hafeez/Documents/Unreal Projects/HafeezSpaceShooter/Content/Maps/Main.umap" SILENT=true AUTOSAVING=false KEEPDIRTY=false
[2016.05.11-16.39.49:913][289]LogSavePackage: Save=34.42ms
[2016.05.11-16.39.49:913][289]LogSavePackage: Moving '../../../../../../Users/Uzair Hafeez/Documents/Unreal Projects/HafeezSpaceShooter/Saved/Main6AC10C8D4C707AE3F6180999889DB857.tmp' to '../../../../../../Users/Uzair Hafeez/Documents/Unreal Projects/HafeezSpaceShooter/Content/Maps/Main.umap'
[2016.05.11-16.39.49:915][289]LogSavePackage: Total save time: 68.03ms
[2016.05.11-16.39.49:915][289]LogSavePackage:Display: Finished SavePackage ../../../../../../Users/Uzair Hafeez/Documents/Unreal Projects/HafeezSpaceShooter/Content/Maps/Main.umap
[2016.05.11-16.39.50:769][336]Cmd: OBJ SAVEPACKAGE PACKAGE="/Game/Maps/Main" FILE="../../../../../../Users/Uzair Hafeez/Documents/Unreal Projects/HafeezSpaceShooter/Content/Maps/Main.umap" SILENT=true AUTOSAVING=false KEEPDIRTY=false
[2016.05.11-16.39.50:848][336]LogSavePackage: Save=30.73ms
[2016.05.11-16.39.50:848][336]LogSavePackage: Moving '../../../../../../Users/Uzair Hafeez/Documents/Unreal Projects/HafeezSpaceShooter/Saved/MainC28DE2A8498FACFEAE988A86EA759D84.tmp' to '../../../../../../Users/Uzair Hafeez/Documents/Unreal Projects/HafeezSpaceShooter/Content/Maps/Main.umap'
[2016.05.11-16.39.50:850][336]LogSavePackage: Total save time: 56.56ms
[2016.05.11-16.39.50:850][336]LogSavePackage:Display: Finished SavePackage ../../../../../../Users/Uzair Hafeez/Documents/Unreal Projects/HafeezSpaceShooter/Content/Maps/Main.umap
[2016.05.11-16.39.53:153][469]Cmd: OBJ SAVEPACKAGE PACKAGE="/Game/Maps/Main" FILE="../../../../../../Users/Uzair Hafeez/Documents/Unreal Projects/HafeezSpaceShooter/Content/Maps/Main.umap" SILENT=true AUTOSAVING=false KEEPDIRTY=false
[2016.05.11-16.39.53:228][469]LogSavePackage: Save=33.59ms
[2016.05.11-16.39.53:228][469]LogSavePackage: Moving '../../../../../../Users/Uzair Hafeez/Documents/Unreal Projects/HafeezSpaceShooter/Saved/MainD3E8DA9541DC3533BF64999C2986866A.tmp' to '../../../../../../Users/Uzair Hafeez/Documents/Unreal Projects/HafeezSpaceShooter/Content/Maps/Main.umap'
[2016.05.11-16.39.53:230][469]LogSavePackage: Total save time: 57.31ms
[2016.05.11-16.39.53:230][469]LogSavePackage:Display: Finished SavePackage ../../../../../../Users/Uzair Hafeez/Documents/Unreal Projects/HafeezSpaceShooter/Content/Maps/Main.umap
[2016.05.11-16.40.06:419][248]LogPlayLevel: PlayLevel: No blueprints needed recompiling
[2016.05.11-16.40.06:419][248]PIE: New page: PIE session: Main (May 11, 2016, 7:40:06 AM)
[2016.05.11-16.40.06:419][248]LogPlayLevel: Creating play world package: /Game/Maps/UEDPIE_0_Main
[2016.05.11-16.40.06:425][248]LogPlayLevel: PIE: StaticDuplicateObject took: (0.005512s)
[2016.05.11-16.40.06:426][248]LogAIModule: Creating AISystem for world Main
[2016.05.11-16.40.06:426][248]LogPlayLevel: PIE: World Init took: (0.001165s)
[2016.05.11-16.40.06:426][248]LogPlayLevel: PIE: Created PIE world by copying editor world from /Game/Maps/Main.Main to /Game/Maps/UEDPIE_0_Main.Main (0.006998s)
[2016.05.11-16.40.06:448][248]LogInit: XAudio2 using 'Speakers (High Definition Audio Device)' : 2 channels at 44.1 kHz using 16 bits per sample (channel mask 0x3)
[2016.05.11-16.40.06:458][248]LogInit: FAudioDevice initialized.
[2016.05.11-16.40.06:493][248]LogWorld: Game class is 'Shooter_C'
[2016.05.11-16.40.06:496][248]LogWorld: Bringing World /Game/Maps/UEDPIE_0_Main.Main up for play (max tick rate 60) at 2016.05.11-12.40.06
[2016.05.11-16.40.06:497][248]LogWorld: Bringing up level for play took: 0.002812
[2016.05.11-16.40.06:499][248]PIE: Info Play in editor start time for /Game/Maps/UEDPIE_0_Main 0.808
[2016.05.11-16.43.19:171][287]LogContentBrowser: Native class hierarchy updated for 'BlueprintGraph' in 0.0011 seconds. Added 108 classes and 0 folders.
[2016.05.11-16.45.09:493][806]BlueprintLog: New page: Compile BPEnemy
[2016.05.11-16.45.09:681][806]BlueprintEditorCompileResults: Info [0363.17] Compile of BPEnemy successful! [in 188 ms]
[2016.05.11-16.45.11:254][897]LogPlayLevel: PlayLevel: No blueprints needed recompiling
[2016.05.11-16.45.11:254][897]PIE: New page: PIE session: Main (May 11, 2016, 7:45:11 AM)
[2016.05.11-16.45.11:254][897]LogPlayLevel: Creating play world package: /Game/Maps/UEDPIE_0_Main
[2016.05.11-16.45.11:256][897]LogPlayLevel: PIE: StaticDuplicateObject took: (0.001977s)
[2016.05.11-16.45.11:257][897]LogAIModule: Creating AISystem for world Main
[2016.05.11-16.45.11:257][897]LogPlayLevel: PIE: World Init took: (0.000987s)
[2016.05.11-16.45.11:257][897]LogPlayLevel: PIE: Created PIE world by copying editor world from /Game/Maps/Main.Main to /Game/Maps/UEDPIE_0_Main.Main (0.003249s)
[2016.05.11-16.45.11:322][897]LogInit: XAudio2 using 'Speakers (High Definition Audio Device)' : 2 channels at 44.1 kHz using 16 bits per sample (channel mask 0x3)
[2016.05.11-16.45.11:332][897]LogInit: FAudioDevice initialized.
[2016.05.11-16.45.11:373][897]LogWorld: Game class is 'Shooter_C'
[2016.05.11-16.45.11:376][897]LogWorld: Bringing World /Game/Maps/UEDPIE_0_Main.Main up for play (max tick rate 60) at 2016.05.11-12.45.11
[2016.05.11-16.45.11:377][897]LogWorld: Bringing up level for play took: 0.002881
[2016.05.11-16.45.11:379][897]PIE: Info Play in editor start time for /Game/Maps/UEDPIE_0_Main -0.311
[2016.05.11-16.45.37:766][360]BlueprintLog: New page: Compile BPEnemy2
[2016.05.11-16.45.37:936][360]BlueprintEditorCompileResults: Info [0391.42] Compile of BPEnemy2 successful! [in 170 ms]
[2016.05.11-16.45.49:651][ 57]BlueprintLog: New page: Compile BPEnemy2
[2016.05.11-16.45.49:820][ 57]BlueprintEditorCompileResults: Info [0403.31] Compile of BPEnemy2 successful! [in 168 ms]
[2016.05.11-16.45.55:137][202]LogPlayLevel: PlayLevel: No blueprints needed recompiling
[2016.05.11-16.45.55:137][202]PIE: New page: PIE session: Main (May 11, 2016, 7:45:55 AM)
[2016.05.11-16.45.55:138][202]LogPlayLevel: Creating play world package: /Game/Maps/UEDPIE_0_Main
[2016.05.11-16.45.55:140][202]LogPlayLevel: PIE: StaticDuplicateObject took: (0.002248s)
[2016.05.11-16.45.55:141][202]LogAIModule: Creating AISystem for world Main
[2016.05.11-16.45.55:141][202]LogPlayLevel: PIE: World Init took: (0.001039s)
[2016.05.11-16.45.55:141][202]LogPlayLevel: PIE: Created PIE world by copying editor world from /Game/Maps/Main.Main to /Game/Maps/UEDPIE_0_Main.Main (0.003788s)
[2016.05.11-16.45.55:190][202]LogInit: XAudio2 using 'Speakers (High Definition Audio Device)' : 2 channels at 44.1 kHz using 16 bits per sample (channel mask 0x3)
[2016.05.11-16.45.55:201][202]LogInit: FAudioDevice initialized.
[2016.05.11-16.45.55:236][202]LogWorld: Game class is 'Shooter_C'
[2016.05.11-16.45.55:238][202]LogWorld: Bringing World /Game/Maps/UEDPIE_0_Main.Main up for play (max tick rate 60) at 2016.05.11-12.45.55
[2016.05.11-16.45.55:239][202]LogWorld: Bringing up level for play took: 0.002845
[2016.05.11-16.45.55:241][202]PIE: Info Play in editor start time for /Game/Maps/UEDPIE_0_Main -0.449
[2016.05.11-16.46.30:013][229]BlueprintLog: New page: Compile BPEnemy2
[2016.05.11-16.46.30:189][229]BlueprintEditorCompileResults: Info [0443.68] Compile of BPEnemy2 successful! [in 175 ms]
[2016.05.11-16.46.31:551][305]Cmd: OBJ SAVEPACKAGE PACKAGE="/Game/Blueprints/BPEnemy2" FILE="../../../../../../Users/Uzair Hafeez/Documents/Unreal Projects/HafeezSpaceShooter/Content/Blueprints/BPEnemy2.uasset" SILENT=true
[2016.05.11-16.46.31:844][305]LogSavePackage: Save=197.18ms
[2016.05.11-16.46.31:845][305]LogSavePackage: Moving '../../../../../../Users/Uzair Hafeez/Documents/Unreal Projects/HafeezSpaceShooter/Saved/BPEnemy27E996D5F4C6D0B1FBDDF9F941B6E8714.tmp' to '../../../../../../Users/Uzair Hafeez/Documents/Unreal Projects/HafeezSpaceShooter/Content/Blueprints/BPEnemy2.uasset'
[2016.05.11-16.46.31:850][305]LogSavePackage: Total save time: 297.32ms
[2016.05.11-16.46.31:850][305]LogSavePackage:Display: Finished SavePackage ../../../../../../Users/Uzair Hafeez/Documents/Unreal Projects/HafeezSpaceShooter/Content/Blueprints/BPEnemy2.uasset
[2016.05.11-16.46.32:947][371]BlueprintLog: New page: Compile BPEnemy
[2016.05.11-16.46.33:120][371]BlueprintEditorCompileResults: Info [0446.61] Compile of BPEnemy successful! [in 172 ms]
[2016.05.11-16.46.33:810][408]Cmd: OBJ SAVEPACKAGE PACKAGE="/Game/Blueprints/BPEnemy" FILE="../../../../../../Users/Uzair Hafeez/Documents/Unreal Projects/HafeezSpaceShooter/Content/Blueprints/BPEnemy.uasset" SILENT=true
[2016.05.11-16.46.34:062][408]LogSavePackage: Save=189.82ms
[2016.05.11-16.46.34:062][408]LogSavePackage: Moving '../../../../../../Users/Uzair Hafeez/Documents/Unreal Projects/HafeezSpaceShooter/Saved/BPEnemy49D8581D431705F0D14BE79C264E50C3.tmp' to '../../../../../../Users/Uzair Hafeez/Documents/Unreal Projects/HafeezSpaceShooter/Content/Blueprints/BPEnemy.uasset'
[2016.05.11-16.46.34:067][408]LogSavePackage: Total save time: 255.11ms
[2016.05.11-16.46.34:067][408]LogSavePackage:Display: Finished SavePackage ../../../../../../Users/Uzair Hafeez/Documents/Unreal Projects/HafeezSpaceShooter/Content/Blueprints/BPEnemy.uasset
[2016.05.11-16.46.35:846][513]LogPlayLevel: PlayLevel: No blueprints needed recompiling
[2016.05.11-16.46.35:846][513]PIE: New page: PIE session: Main (May 11, 2016, 7:46:35 AM)
[2016.05.11-16.46.35:846][513]LogPlayLevel: Creating play world package: /Game/Maps/UEDPIE_0_Main
[2016.05.11-16.46.35:848][513]LogPlayLevel: PIE: StaticDuplicateObject took: (0.001828s)
[2016.05.11-16.46.35:849][513]LogAIModule: Creating AISystem for world Main
[2016.05.11-16.46.35:849][513]LogPlayLevel: PIE: World Init took: (0.000764s)
[2016.05.11-16.46.35:849][513]LogPlayLevel: PIE: Created PIE world by copying editor world from /Game/Maps/Main.Main to /Game/Maps/UEDPIE_0_Main.Main (0.002846s)
[2016.05.11-16.46.35:894][513]LogInit: XAudio2 using 'Speakers (High Definition Audio Device)' : 2 channels at 44.1 kHz using 16 bits per sample (channel mask 0x3)
[2016.05.11-16.46.35:900][513]LogInit: FAudioDevice initialized.
[2016.05.11-16.46.35:933][513]LogWorld: Game class is 'Shooter_C'
[2016.05.11-16.46.35:936][513]LogWorld: Bringing World /Game/Maps/UEDPIE_0_Main.Main up for play (max tick rate 60) at 2016.05.11-12.46.35
[2016.05.11-16.46.35:936][513]LogWorld: Bringing up level for play took: 0.002874
[2016.05.11-16.46.35:939][513]PIE: Info Play in editor start time for /Game/Maps/UEDPIE_0_Main 0.248
[2016.05.11-16.46.52:941][466]Cmd: OBJ SAVEPACKAGE PACKAGE="/Game/Blueprints/BPEnemy" FILE="../../../../../../Users/Uzair Hafeez/Documents/Unreal Projects/HafeezSpaceShooter/Content/Blueprints/BPEnemy.uasset" SILENT=true
[2016.05.11-16.46.53:154][466]LogSavePackage: Save=187.69ms
[2016.05.11-16.46.53:154][466]LogSavePackage: Moving '../../../../../../Users/Uzair Hafeez/Documents/Unreal Projects/HafeezSpaceShooter/Saved/BPEnemy59161DEE43A828A275FC0B9AFF27F2F2.tmp' to '../../../../../../Users/Uzair Hafeez/Documents/Unreal Projects/HafeezSpaceShooter/Content/Blueprints/BPEnemy.uasset'
[2016.05.11-16.46.53:157][466]LogSavePackage: Total save time: 214.55ms
[2016.05.11-16.46.53:157][466]LogSavePackage:Display: Finished SavePackage ../../../../../../Users/Uzair Hafeez/Documents/Unreal Projects/HafeezSpaceShooter/Content/Blueprints/BPEnemy.uasset
[2016.05.11-16.46.54:491][543]Cmd: OBJ SAVEPACKAGE PACKAGE="/Game/Blueprints/BPEnemy2" FILE="../../../../../../Users/Uzair Hafeez/Documents/Unreal Projects/HafeezSpaceShooter/Content/Blueprints/BPEnemy2.uasset" SILENT=true
[2016.05.11-16.46.54:695][543]LogSavePackage: Save=180.38ms
[2016.05.11-16.46.54:695][543]LogSavePackage: Moving '../../../../../../Users/Uzair Hafeez/Documents/Unreal Projects/HafeezSpaceShooter/Saved/BPEnemy27DBFCD6F43A1ABA5A0CB96B68B5E9546.tmp' to '../../../../../../Users/Uzair Hafeez/Documents/Unreal Projects/HafeezSpaceShooter/Content/Blueprints/BPEnemy2.uasset'
[2016.05.11-16.46.54:700][543]LogSavePackage: Total save time: 207.59ms
[2016.05.11-16.46.54:700][543]LogSavePackage:Display: Finished SavePackage ../../../../../../Users/Uzair Hafeez/Documents/Unreal Projects/HafeezSpaceShooter/Content/Blueprints/BPEnemy2.uasset
[2016.05.11-16.46.59:771][839]LogActorComponent: UnregisterComponent: (/Engine/Transient.EditorFloorComp) Not registered. Aborting.
[2016.05.11-16.47.00:953][904]Cmd: OBJ SAVEPACKAGE PACKAGE="/Game/Maps/Main" FILE="../../../../../../Users/Uzair Hafeez/Documents/Unreal Projects/HafeezSpaceShooter/Content/Maps/Main.umap" SILENT=true AUTOSAVING=false KEEPDIRTY=false
[2016.05.11-16.47.01:051][904]LogSavePackage: Save=37.34ms
[2016.05.11-16.47.01:051][904]LogSavePackage: Moving '../../../../../../Users/Uzair Hafeez/Documents/Unreal Projects/HafeezSpaceShooter/Saved/MainAA9E652E429C94CA23C068A43C9ECC57.tmp' to '../../../../../../Users/Uzair Hafeez/Documents/Unreal Projects/HafeezSpaceShooter/Content/Maps/Main.umap'
[2016.05.11-16.47.01:053][904]LogSavePackage: Total save time: 62.01ms
[2016.05.11-16.47.01:053][904]LogSavePackage:Display: Finished SavePackage ../../../../../../Users/Uzair Hafeez/Documents/Unreal Projects/HafeezSpaceShooter/Content/Maps/Main.umap
[2016.05.11-16.47.02:385][980]Cmd: OBJ SAVEPACKAGE PACKAGE="/Game/Maps/Main" FILE="../../../../../../Users/Uzair Hafeez/Documents/Unreal Projects/HafeezSpaceShooter/Content/Maps/Main.umap" SILENT=true AUTOSAVING=false KEEPDIRTY=false
[2016.05.11-16.47.02:484][980]LogSavePackage: Save=33.32ms
[2016.05.11-16.47.02:484][980]LogSavePackage: Moving '../../../../../../Users/Uzair Hafeez/Documents/Unreal Projects/HafeezSpaceShooter/Saved/Main6097C4794EBB5CA00BB920A30A0B5BDC.tmp' to '../../../../../../Users/Uzair Hafeez/Documents/Unreal Projects/HafeezSpaceShooter/Content/Maps/Main.umap'
[2016.05.11-16.47.02:486][980]LogSavePackage: Total save time: 59.35ms
[2016.05.11-16.47.02:486][980]LogSavePackage:Display: Finished SavePackage ../../../../../../Users/Uzair Hafeez/Documents/Unreal Projects/HafeezSpaceShooter/Content/Maps/Main.umap
[2016.05.11-16.47.23:412][499]Cmd: OBJ SAVEPACKAGE PACKAGE="/Game/Maps/Main" FILE="../../../../../../Users/Uzair Hafeez/Documents/Unreal Projects/HafeezSpaceShooter/Content/Maps/Main.umap" SILENT=true AUTOSAVING=false KEEPDIRTY=false
[2016.05.11-16.47.23:502][499]LogSavePackage: Save=30.77ms
[2016.05.11-16.47.23:502][499]LogSavePackage: Moving '../../../../../../Users/Uzair Hafeez/Documents/Unreal Projects/HafeezSpaceShooter/Saved/Main7CE7B08A45A3222214C05DB11C667556.tmp' to '../../../../../../Users/Uzair Hafeez/Documents/Unreal Projects/HafeezSpaceShooter/Content/Maps/Main.umap'
[2016.05.11-16.47.23:505][499]LogSavePackage: Total save time: 54.07ms
[2016.05.11-16.47.23:505][499]LogSavePackage:Display: Finished SavePackage ../../../../../../Users/Uzair Hafeez/Documents/Unreal Projects/HafeezSpaceShooter/Content/Maps/Main.umap
[2016.05.11-16.47.27:646][738]LogWindowsTextInputMethodSystem:Display: IME system now deactivated.
[2016.05.11-16.47.27:855][739]Cmd: QUIT_EDITOR
[2016.05.11-16.47.27:979][739]LogExit: Preparing to exit.
[2016.05.11-16.47.29:166][739]LogExit: Editor shut down
[2016.05.11-16.47.29:167][739]LogExit: Transaction tracking system shut down
[2016.05.11-16.47.29:358][739]LogObj: Freed 0b from 0 cluster array pools.
[2016.05.11-16.47.29:358][739]LogExit: Object subsystem successfully closed.
[2016.05.11-16.47.29:380][739]LogD3D11RHI: Shutdown
[2016.05.11-16.47.29:380][739]LogD3D11RHI: CleanupD3DDevice
[2016.05.11-16.47.29:459][739]LogD3D11RHI: ~FD3D11DynamicRHI
[2016.05.11-16.47.29:542][739]LogDerivedDataCache: Shutdown
[2016.05.11-16.47.29:542][739]LogModuleManager: Shutting down and abandoning module BlueprintGraph (206)
[2016.05.11-16.47.29:542][739]LogModuleManager: Shutting down and abandoning module MovieSceneCapture (205)
[2016.05.11-16.47.29:542][739]LogModuleManager: Shutting down and abandoning module HierarchicalLODOutliner (204)
[2016.05.11-16.47.29:542][739]LogModuleManager: Shutting down and abandoning module CrashTracker (203)
[2016.05.11-16.47.29:542][739]LogModuleManager: Shutting down and abandoning module SceneOutliner (202)
[2016.05.11-16.47.29:543][739]LogModuleManager: Shutting down and abandoning module SuperSearch (201)
[2016.05.11-16.47.29:543][739]LogModuleManager: Shutting down and abandoning module WidgetCarousel (200)
[2016.05.11-16.47.29:543][739]LogModuleManager: Shutting down and abandoning module AddContentDialog (199)
[2016.05.11-16.47.29:545][739]LogModuleManager: Shutting down and abandoning module GameplayTags (198)
[2016.05.11-16.47.29:545][739]LogModuleManager: Shutting down and abandoning module EditorWidgets (197)
[2016.05.11-16.47.29:545][739]LogModuleManager: Shutting down and abandoning module CollectionManager (196)
[2016.05.11-16.47.29:545][739]LogModuleManager: Shutting down and abandoning module StatsViewer (195)
[2016.05.11-16.47.29:546][739]LogModuleManager: Shutting down and abandoning module FoliageEdit (194)
[2016.05.11-16.47.29:546][739]LogModuleManager: Shutting down and abandoning module LandscapeEditor (193)
[2016.05.11-16.47.29:546][739]LogModuleManager: Shutting down and abandoning module ActorPickerMode (192)
[2016.05.11-16.47.29:546][739]LogModuleManager: Shutting down and abandoning module GeometryMode (191)
[2016.05.11-16.47.29:546][739]LogModuleManager: Shutting down and abandoning module TextureAlignMode (190)
[2016.05.11-16.47.29:546][739]LogModuleManager: Shutting down and abandoning module BspMode (189)
[2016.05.11-16.47.29:546][739]LogModuleManager: Shutting down and abandoning module PlacementMode (188)
[2016.05.11-16.47.29:546][739]LogModuleManager: Shutting down and abandoning module AutomationWorker (187)
[2016.05.11-16.47.29:546][739]LogModuleManager: Shutting down and abandoning module CharacterAI (186)
[2016.05.11-16.47.29:546][739]LogModuleManager: Shutting down and abandoning module SmartSnapping (185)
[2016.05.11-16.47.29:546][739]LogModuleManager: Shutting down and abandoning module ViewportSnapping (184)
[2016.05.11-16.47.29:546][739]LogModuleManager: Shutting down and abandoning module LogVisualizer (183)
[2016.05.11-16.47.29:546][739]LogModuleManager: Shutting down and abandoning module GameProjectGeneration (182)
[2016.05.11-16.47.29:546][739]LogModuleManager: Shutting down and abandoning module IntroTutorials (181)
[2016.05.11-16.47.29:546][739]LogModuleManager: Shutting down and abandoning module EditorLiveStreaming (180)
[2016.05.11-16.47.29:546][739]LogModuleManager: Shutting down and abandoning module IOSPlatformEditor (179)
[2016.05.11-16.47.29:546][739]LogModuleManager: Shutting down and abandoning module HTML5PlatformEditor (178)
[2016.05.11-16.47.29:546][739]LogModuleManager: Shutting down and abandoning module AndroidDeviceDetection (177)
[2016.05.11-16.47.30:207][739]LogModuleManager: Shutting down and abandoning module AndroidPlatformEditor (176)
[2016.05.11-16.47.30:207][739]LogModuleManager: Shutting down and abandoning module IOSRuntimeSettings (175)
[2016.05.11-16.47.30:207][739]LogModuleManager: Shutting down and abandoning module AndroidRuntimeSettings (174)
[2016.05.11-16.47.30:207][739]LogModuleManager: Shutting down and abandoning module MergeActors (173)
[2016.05.11-16.47.30:207][739]LogModuleManager: Shutting down and abandoning module SizeMap (172)
[2016.05.11-16.47.30:207][739]LogModuleManager: Shutting down and abandoning module TreeMap (171)
[2016.05.11-16.47.30:207][739]LogModuleManager: Shutting down and abandoning module ReferenceViewer (170)
[2016.05.11-16.47.30:207][739]LogModuleManager: Shutting down and abandoning module LocalizationService (169)
[2016.05.11-16.47.30:207][739]LogModuleManager: Shutting down and abandoning module LocalizationDashboard (168)
[2016.05.11-16.47.30:207][739]LogModuleManager: Shutting down and abandoning module HardwareTargeting (167)
[2016.05.11-16.47.30:207][739]LogModuleManager: Shutting down and abandoning module DeviceProfileEditor (166)
[2016.05.11-16.47.30:207][739]LogModuleManager: Shutting down and abandoning module UndoHistory (165)
[2016.05.11-16.47.30:207][739]LogModuleManager: Shutting down and abandoning module UserFeedback (164)
[2016.05.11-16.47.30:207][739]LogModuleManager: Shutting down and abandoning module XmlParser (163)
[2016.05.11-16.47.30:207][739]LogModuleManager: Shutting down and abandoning module Blutility (162)
[2016.05.11-16.47.30:207][739]LogModuleManager: Shutting down and abandoning module ProjectTargetPlatformEditor (161)
[2016.05.11-16.47.30:208][739]LogModuleManager: Shutting down and abandoning module ProjectSettingsViewer (160)
[2016.05.11-16.47.30:208][739]LogModuleManager: Shutting down and abandoning module InputBindingEditor (159)
[2016.05.11-16.47.30:208][739]LogModuleManager: Shutting down and abandoning module EditorSettingsViewer (158)
[2016.05.11-16.47.30:208][739]LogModuleManager: Shutting down and abandoning module SettingsEditor (157)
[2016.05.11-16.47.30:208][739]LogModuleManager: Shutting down and abandoning module ProjectLauncher (156)
[2016.05.11-16.47.30:208][739]LogModuleManager: Shutting down and abandoning module SessionFrontend (155)
[2016.05.11-16.47.30:208][739]LogModuleManager: Shutting down and abandoning module ProfilerClient (154)
[2016.05.11-16.47.30:208][739]LogModuleManager: Shutting down and abandoning module TargetDeviceServices (153)
[2016.05.11-16.47.30:208][739]LogModuleManager: Shutting down and abandoning module DeviceManager (152)
[2016.05.11-16.47.30:241][739]LogModuleManager: Shutting down and abandoning module AutomationController (151)
[2016.05.11-16.47.30:241][739]LogModuleManager: Shutting down and abandoning module AutomationWindow (150)
[2016.05.11-16.47.30:241][739]LogModuleManager: Shutting down and abandoning module Layers (149)
[2016.05.11-16.47.30:241][739]LogModuleManager: Shutting down and abandoning module ComponentVisualizers (148)
[2016.05.11-16.47.30:241][739]LogModuleManager: Shutting down and abandoning module DetailCustomizations (147)
[2016.05.11-16.47.30:241][739]LogModuleManager: Shutting down and abandoning module PackagesDialog (146)
[2016.05.11-16.47.30:241][739]LogModuleManager: Shutting down and abandoning module Persona (145)
[2016.05.11-16.47.30:241][739]LogModuleManager: Shutting down and abandoning module Kismet (144)
[2016.05.11-16.47.30:241][739]LogModuleManager: Shutting down and abandoning module GraphEditor (143)
[2016.05.11-16.47.30:241][739]LogModuleManager: Shutting down and abandoning module ClassViewer (142)
[2016.05.11-16.47.30:241][739]LogModuleManager: Shutting down and abandoning module Toolbox (141)
[2016.05.11-16.47.30:241][739]LogModuleManager: Shutting down and abandoning module ModuleUI (140)
[2016.05.11-16.47.30:241][739]LogModuleManager: Shutting down and abandoning module MovieSceneTools (139)
[2016.05.11-16.47.30:241][739]LogModuleManager: Shutting down and abandoning module OutputLog (138)
[2016.05.11-16.47.30:241][739]LogModuleManager: Shutting down and abandoning module GammaUI (137)
[2016.05.11-16.47.30:241][739]LogModuleManager: Shutting down and abandoning module Documentation (136)
[2016.05.11-16.47.30:241][739]LogModuleManager: Shutting down and abandoning module StreamingPauseRendering (135)
[2016.05.11-16.47.30:241][739]LogModuleManager: Shutting down and abandoning module AnalyticsET (134)
[2016.05.11-16.47.30:241][739]LogModuleManager: Shutting down and abandoning module Analytics (133)
[2016.05.11-16.47.30:241][739]LogModuleManager: Shutting down and abandoning module PortalServices (132)
[2016.05.11-16.47.30:241][739]LogModuleManager: Shutting down and abandoning module PortalRpc (131)
[2016.05.11-16.47.30:241][739]LogModuleManager: Shutting down and abandoning module MessagingRpc (130)
[2016.05.11-16.47.30:241][739]LogModuleManager: Shutting down and abandoning module AITestSuite (129)
[2016.05.11-16.47.30:241][739]LogModuleManager: Shutting down and abandoning module GameplayDebugger (128)
[2016.05.11-16.47.30:241][739]LogModuleManager: Shutting down and abandoning module AIModule (127)
[2016.05.11-16.47.30:241][739]LogModuleManager: Shutting down and abandoning module ProfilerService (126)
[2016.05.11-16.47.30:479][739]LogModuleManager: Shutting down and abandoning module TaskGraph (125)
[2016.05.11-16.47.30:479][739]LogModuleManager: Shutting down and abandoning module SlateRemote (124)
[2016.05.11-16.47.30:479][739]LogModuleManager: Shutting down and abandoning module SteamVRController (123)
[2016.05.11-16.47.30:479][739]LogModuleManager: Shutting down and abandoning module SteamVR (122)
[2016.05.11-16.47.30:479][739]LogModuleManager: Shutting down and abandoning module ProceduralMeshComponent (121)
[2016.05.11-16.47.30:479][739]LogModuleManager: Shutting down and abandoning module OculusLibrary (120)
[2016.05.11-16.47.30:479][739]LogModuleManager: Shutting down and abandoning module OculusInput (119)
[2016.05.11-16.47.30:479][739]LogModuleManager: Shutting down and abandoning module CustomMeshComponent (118)
[2016.05.11-16.47.30:479][739]LogModuleManager: Shutting down and abandoning module CableComponent (117)
[2016.05.11-16.47.30:479][739]LogModuleManager: Shutting down and abandoning module ArchVisCharacter (116)
[2016.05.11-16.47.30:479][739]LogModuleManager: Shutting down and abandoning module MediaPlayerEditor (115)
[2016.05.11-16.47.30:479][739]LogModuleManager: Shutting down and abandoning module HTML5Networking (114)
[2016.05.11-16.47.30:479][739]LogModuleManager: Shutting down and abandoning module SpeedTreeImporter (113)
[2016.05.11-16.47.30:479][739]LogModuleManager: Shutting down and abandoning module PluginBrowser (112)
[2016.05.11-16.47.30:479][739]LogModuleManager: Shutting down and abandoning module EpicSurvey (111)
[2016.05.11-16.47.30:480][739]LogModuleManager: Shutting down and abandoning module DesktopPlatform (110)
[2016.05.11-16.47.30:480][739]LogModuleManager: Shutting down and abandoning module VisualStudioSourceCodeAccess (109)
[2016.05.11-16.47.30:480][739]LogModuleManager: Shutting down and abandoning module UObjectPlugin (108)
[2016.05.11-16.47.30:480][739]LogModuleManager: Shutting down and abandoning module SubversionSourceControl (107)
[2016.05.11-16.47.30:480][739]LogModuleManager: Shutting down and abandoning module PerforceSourceControl (106)
[2016.05.11-16.47.30:480][739]LogModuleManager: Shutting down and abandoning module SourceControl (105)
[2016.05.11-16.47.30:480][739]LogModuleManager: Shutting down and abandoning module GitSourceControl (104)
[2016.05.11-16.47.30:480][739]LogModuleManager: Shutting down and abandoning module LightPropagationVolumeEditor (103)
[2016.05.11-16.47.30:480][739]LogModuleManager: Shutting down and abandoning module PaperTiledImporter (102)
[2016.05.11-16.47.30:480][739]LogModuleManager: Shutting down and abandoning module PaperSpriteSheetImporter (101)
[2016.05.11-16.47.30:480][739]LogModuleManager: Shutting down and abandoning module MeshPaint (100)
[2016.05.11-16.47.30:480][739]LogModuleManager: Shutting down and abandoning module HotReload (99)
[2016.05.11-16.47.30:480][739]LogModuleManager: Shutting down and abandoning module MainFrame (98)
[2016.05.11-16.47.30:480][739]LogModuleManager: Shutting down and abandoning module LevelEditor (97)
[2016.05.11-16.47.30:481][739]LogModuleManager: Shutting down and abandoning module DirectoryWatcher (96)
[2016.05.11-16.47.30:485][739]LogModuleManager: Shutting down and abandoning module AssetRegistry (95)
[2016.05.11-16.47.30:693][739]LogModuleManager: Shutting down and abandoning module ContentBrowser (94)
[2016.05.11-16.47.30:694][739]LogModuleManager: Shutting down and abandoning module Paper2DEditor (93)
[2016.05.11-16.47.30:694][739]LogModuleManager: Shutting down and abandoning module UdpMessaging (92)
[2016.05.11-16.47.30:796][739]LogModuleManager: Shutting down and abandoning module LightPropagationVolumeRuntime (91)
[2016.05.11-16.47.30:796][739]LogModuleManager: Shutting down and abandoning module Paper2D (90)
[2016.05.11-16.47.30:796][739]LogModuleManager: Shutting down and abandoning module WindowsMoviePlayer (89)
[2016.05.11-16.47.30:796][739]LogModuleManager: Shutting down and abandoning module Media (88)
[2016.05.11-16.47.30:796][739]LogModuleManager: Shutting down and abandoning module WmfMedia (87)
[2016.05.11-16.47.30:796][739]LogModuleManager: Shutting down and abandoning module MediaAssets (86)
[2016.05.11-16.47.30:796][739]LogModuleManager: Shutting down and abandoning module GameLiveStreaming (85)
[2016.05.11-16.47.30:796][739]LogModuleManager: Shutting down and abandoning module GameplayTagsEditor (84)
[2016.05.11-16.47.30:796][739]LogModuleManager: Shutting down and abandoning module OnlineBlueprintSupport (83)
[2016.05.11-16.47.30:796][739]LogModuleManager: Shutting down and abandoning module GameplayTasksEditor (82)
[2016.05.11-16.47.30:796][739]LogModuleManager: Shutting down and abandoning module PropertyEditor (81)
[2016.05.11-16.47.30:796][739]LogModuleManager: Shutting down and abandoning module BehaviorTreeEditor (80)
[2016.05.11-16.47.30:796][739]LogModuleManager: Shutting down and abandoning module FunctionalTesting (79)
[2016.05.11-16.47.30:796][739]LogModuleManager: Shutting down and abandoning module CollisionAnalyzer (78)
[2016.05.11-16.47.30:796][739]LogModuleManager: Shutting down and abandoning module WorkspaceMenuStructure (77)
[2016.05.11-16.47.30:796][739]LogModuleManager: Shutting down and abandoning module MessageLog (76)
[2016.05.11-16.47.30:796][739]LogModuleManager: Shutting down and abandoning module Sequencer (75)
[2016.05.11-16.47.30:796][739]LogModuleManager: Shutting down and abandoning module AssetTools (74)
[2016.05.11-16.47.30:796][739]LogModuleManager: Shutting down and abandoning module UMGEditor (73)
[2016.05.11-16.47.30:796][739]LogModuleManager: Shutting down and abandoning module UMG (72)
[2016.05.11-16.47.30:796][739]LogModuleManager: Shutting down and abandoning module SlateReflector (71)
[2016.05.11-16.47.30:796][739]LogModuleManager: Shutting down and abandoning module Slate (70)
[2016.05.11-16.47.30:796][739]LogModuleManager: Shutting down and abandoning module EditorStyle (69)
[2016.05.11-16.47.30:802][739]LogModuleManager: Shutting down and abandoning module SessionServices (68)
[2016.05.11-16.47.30:802][739]LogModuleManager: Shutting down and abandoning module SourceCodeAccess (67)
[2016.05.11-16.47.30:802][739]LogModuleManager: Shutting down and abandoning module HeadMountedDisplay (66)
[2016.05.11-16.47.30:802][739]LogModuleManager: Shutting down and abandoning module XAudio2 (65)
[2016.05.11-16.47.30:802][739]LogModuleManager: Shutting down and abandoning module Networking (63)
[2016.05.11-16.47.30:802][739]LogModuleManager: Shutting down and abandoning module Core (62)
[2016.05.11-16.47.30:802][739]LogModuleManager: Shutting down and abandoning module KismetCompiler (61)
[2016.05.11-16.47.30:802][739]LogModuleManager: Shutting down and abandoning module PhysXFormats (60)
[2016.05.11-16.47.30:802][739]LogModuleManager: Shutting down and abandoning module MeshUtilities (59)
[2016.05.11-16.47.30:802][739]LogModuleManager: Shutting down and abandoning module CookingStats (58)
[2016.05.11-16.47.30:802][739]LogModuleManager: Shutting down and abandoning module DerivedDataCache (57)
[2016.05.11-16.47.30:802][739]LogDerivedDataCache: Shutdown
[2016.05.11-16.47.30:802][739]LogModuleManager: Shutting down and abandoning module ShaderFormatOpenGL (56)
[2016.05.11-16.47.30:802][739]LogModuleManager: Shutting down and abandoning module ShaderFormatD3D (55)
[2016.05.11-16.47.30:802][739]LogModuleManager: Shutting down and abandoning module MetalShaderFormat (54)
[2016.05.11-16.47.30:802][739]LogModuleManager: Shutting down and abandoning module TextureFormatUncompressed (53)
[2016.05.11-16.47.30:802][739]LogModuleManager: Shutting down and abandoning module TextureFormatPVR (52)
[2016.05.11-16.47.30:802][739]LogModuleManager: Shutting down and abandoning module TextureFormatIntelISPCTexComp (51)
[2016.05.11-16.47.30:802][739]LogModuleManager: Shutting down and abandoning module TextureFormatDXT (50)
[2016.05.11-16.47.30:802][739]LogModuleManager: Shutting down and abandoning module ImageWrapper (49)
[2016.05.11-16.47.30:802][739]LogModuleManager: Shutting down and abandoning module TextureFormatASTC (48)
[2016.05.11-16.47.30:802][739]LogModuleManager: Shutting down and abandoning module TextureFormatAndroid (47)
[2016.05.11-16.47.30:802][739]LogModuleManager: Shutting down and abandoning module AudioFormatOpus (46)
[2016.05.11-16.47.30:802][739]LogModuleManager: Shutting down and abandoning module AudioFormatOgg (45)
[2016.05.11-16.47.30:802][739]LogModuleManager: Shutting down and abandoning module AudioFormatADPCM (44)
[2016.05.11-16.47.30:802][739]LogModuleManager: Shutting down and abandoning module LinuxTargetPlatform (43)
[2016.05.11-16.47.30:802][739]LogModuleManager: Shutting down and abandoning module LinuxServerTargetPlatform (42)
[2016.05.11-16.47.30:802][739]LogModuleManager: Shutting down and abandoning module LinuxNoEditorTargetPlatform (41)
[2016.05.11-16.47.30:802][739]LogModuleManager: Shutting down and abandoning module TVOSTargetPlatform (40)
[2016.05.11-16.47.30:802][739]LogModuleManager: Shutting down and abandoning module Messaging (39)
[2016.05.11-16.47.30:802][739]LogModuleManager: Shutting down and abandoning module IOSTargetPlatform (38)
[2016.05.11-16.47.30:802][739]LogModuleManager: Shutting down and abandoning module HTML5TargetPlatform (37)
[2016.05.11-16.47.30:802][739]LogModuleManager: Shutting down and abandoning module Android_PVRTCTargetPlatform (36)
[2016.05.11-16.47.30:802][739]LogModuleManager: Shutting down and abandoning module Android_MultiTargetPlatform (35)
[2016.05.11-16.47.30:802][739]LogModuleManager: Shutting down and abandoning module Android_ETC2TargetPlatform (34)
[2016.05.11-16.47.30:802][739]LogModuleManager: Shutting down and abandoning module Android_ETC1TargetPlatform (33)
[2016.05.11-16.47.30:802][739]LogModuleManager: Shutting down and abandoning module Android_DXTTargetPlatform (32)
[2016.05.11-16.47.30:802][739]LogModuleManager: Shutting down and abandoning module Android_ATCTargetPlatform (31)
[2016.05.11-16.47.30:802][739]LogModuleManager: Shutting down and abandoning module Android_ASTCTargetPlatform (30)
[2016.05.11-16.47.30:802][739]LogModuleManager: Shutting down and abandoning module AndroidTargetPlatform (29)
[2016.05.11-16.47.30:802][739]LogModuleManager: Shutting down and abandoning module WindowsTargetPlatform (28)
[2016.05.11-16.47.30:802][739]LogModuleManager: Shutting down and abandoning module WindowsServerTargetPlatform (27)
[2016.05.11-16.47.30:802][739]LogModuleManager: Shutting down and abandoning module WindowsNoEditorTargetPlatform (26)
[2016.05.11-16.47.30:802][739]LogModuleManager: Shutting down and abandoning module WindowsClientTargetPlatform (25)
[2016.05.11-16.47.30:802][739]LogModuleManager: Shutting down and abandoning module AllDesktopTargetPlatform (24)
[2016.05.11-16.47.30:802][739]LogModuleManager: Shutting down and abandoning module TargetPlatform (23)
[2016.05.11-16.47.30:802][739]LogModuleManager: Shutting down and abandoning module InputCore (22)
[2016.05.11-16.47.30:802][739]LogModuleManager: Shutting down and abandoning module Settings (21)
[2016.05.11-16.47.30:802][739]LogModuleManager: Shutting down and abandoning module OnlineSubsystem (19)
[2016.05.11-16.47.30:802][739]LogModuleManager: Shutting down and abandoning module HTTP (18)
[2016.05.11-16.47.31:803][739]LogModuleManager: Shutting down and abandoning module XMPP (17)
[2016.05.11-16.47.31:803][739]LogModuleManager: Shutting down and abandoning module OculusRift (16)
[2016.05.11-16.47.31:803][739]LogModuleManager: Shutting down and abandoning module ExampleDeviceProfileSelector (15)
[2016.05.11-16.47.31:803][739]LogModuleManager: Shutting down and abandoning module TextureCompressor (14)
[2016.05.11-16.47.31:803][739]LogModuleManager: Shutting down and abandoning module ShaderCore (13)
[2016.05.11-16.47.31:803][739]LogModuleManager: Shutting down and abandoning module Landscape (12)
[2016.05.11-16.47.31:803][739]LogModuleManager: Shutting down and abandoning module SlateRHIRenderer (11)
[2016.05.11-16.47.31:806][739]LogModuleManager: Shutting down and abandoning module OpenGLDrv (10)
[2016.05.11-16.47.31:806][739]LogModuleManager: Shutting down and abandoning module D3D11RHI (9)
[2016.05.11-16.47.31:806][739]LogModuleManager: Shutting down and abandoning module AnimGraphRuntime (8)
[2016.05.11-16.47.31:806][739]LogModuleManager: Shutting down and abandoning module Renderer (7)
[2016.05.11-16.47.31:806][739]LogModuleManager: Shutting down and abandoning module Engine (6)
[2016.05.11-16.47.31:806][739]LogModuleManager: Shutting down and abandoning module CoreUObject (5)
[2016.05.11-16.47.31:806][739]LogModuleManager: Shutting down and abandoning module NetworkFile (4)
[2016.05.11-16.47.31:806][739]LogModuleManager: Shutting down and abandoning module StreamingFile (3)
[2016.05.11-16.47.31:807][739]LogModuleManager: Shutting down and abandoning module SandboxFile (2)
[2016.05.11-16.47.31:807][739]LogModuleManager: Shutting down and abandoning module PakFile (1)
[2016.05.11-16.47.31:808][739]LogExit: Exiting.
[2016.05.11-16.47.31:809][739]Log file closed, 05/11/16 12:47:31
