Log file open, 05/10/16 16:41:35
LogInit:Display: Running engine for game: HafeezSpaceShooter
LogPlatformFile: Not using cached read wrapper
LogInit:Display: RandInit(410362761) SRandInit(410362763).
LogTaskGraph: Started task graph with 4 named threads and 5 total threads.
LogStats: Stats thread started at 0.085788
LogInit: Version: 4.11.2-2946394+++UE4+Release-4.11
LogInit: API Version: 2927265
LogInit: Compiled (64-bit): Apr 18 2016 02:18:46
LogInit: Compiled with Visual C++: 19.00.23026.00
LogInit: Build Configuration: Development
LogInit: Branch Name: ++UE4+Release-4.11
LogInit: Command line:  
LogInit: Base directory: C:/Program Files (x86)/Epic Games/4.11/Engine/Binaries/Win64/
LogInit: Installed Engine Build: 1
LogInit: Using libcurl 7.41.0
LogInit:  - built for x86_64-pc-win32
LogInit:  - supports SSL with WinSSL
LogInit:  - other features:
LogInit:      CURL_VERSION_SSL
LogInit:      CURL_VERSION_IPV6
LogInit:      CURL_VERSION_ASYNCHDNS
LogInit:      CURL_VERSION_LARGEFILE
LogInit:      CURL_VERSION_IDN
LogInit:  CurlRequestOptions (configurable via config and command line):
LogInit:  - bVerifyPeer = true  - Libcurl will verify peer certificate
LogInit:  - bUseHttpProxy = false  - Libcurl will NOT use HTTP proxy
LogInit:  - bDontReuseConnections = false  - Libcurl will reuse connections
LogInit:  - CertBundlePath = nullptr  - Libcurl will use whatever was configured at build time.
LogInit: Presizing for max 16777216 objects, including 0 objects not considered by GC, pre-allocating 0 bytes for permanent pool.
LogInit: Object subsystem initialized
[2016.05.10-20.41.35:971][  0]LogInit: Selected Device Profile: [Windows]
[2016.05.10-20.41.35:971][  0]LogInit: Applying CVar settings loaded from the selected device profile: [Windows]
[2016.05.10-20.41.36:002][  0]LogInit: Computer: UZAIR_HAFEEZ
[2016.05.10-20.41.36:002][  0]LogInit: User: UzairHafeez
[2016.05.10-20.41.36:002][  0]LogInit: CPU Page size=65536, Cores=2
[2016.05.10-20.41.36:002][  0]LogInit: High frequency timer resolution =2.240908 MHz
[2016.05.10-20.41.36:002][  0]LogMemory: Memory total: Physical=3.9GB (4GB approx)
[2016.05.10-20.41.36:002][  0]LogMemory: Platform Memory Stats for Windows
[2016.05.10-20.41.36:002][  0]LogMemory: Process Physical Memory: 310.47 MB used, 310.47 MB peak
[2016.05.10-20.41.36:002][  0]LogMemory: Process Virtual Memory: 315.22 MB used, 315.22 MB peak
[2016.05.10-20.41.36:002][  0]LogMemory: Physical Memory: 1447.50 MB used, 3979.78 MB total
[2016.05.10-20.41.36:002][  0]LogMemory: Virtual Memory: 633.80 MB used, 134217728.00 MB total
[2016.05.10-20.41.36:051][  0]LogTextLocalizationManager: No specific translations for ('en-US') exist, so ('en') translations will be used.
[2016.05.10-20.41.36:745][  0]LogD3D11RHI: D3D11 adapters:
[2016.05.10-20.41.36:753][  0]LogD3D11RHI:    0. 'Intel(R) HD Graphics Family' (Feature Level 11_0)
[2016.05.10-20.41.36:754][  0]LogD3D11RHI:       32MB of dedicated video memory, 0MB of dedicated system memory, and 1760MB of shared system memory, 1 output[s]
[2016.05.10-20.41.36:758][  0]LogD3D11RHI:    1. 'Microsoft Basic Render Driver' (Feature Level 11_0)
[2016.05.10-20.41.36:758][  0]LogD3D11RHI:       0MB of dedicated video memory, 0MB of dedicated system memory, and 256MB of shared system memory, 0 output[s]
[2016.05.10-20.41.36:758][  0]LogD3D11RHI: Chosen D3D11 Adapter: 0
[2016.05.10-20.41.36:764][  0]LogD3D11RHI: Creating new Direct3DDevice
[2016.05.10-20.41.36:764][  0]LogD3D11RHI:     Adapter Name: Intel(R) HD Graphics Family
[2016.05.10-20.41.36:764][  0]LogD3D11RHI:   Driver Version: 10.18.14.4062 (internal 10.18.14.4062)
[2016.05.10-20.41.36:764][  0]LogD3D11RHI:      Driver Date: 12-15-2014
[2016.05.10-20.41.36:764][  0]LogRHI: Texture pool is 638 MB (70% of 912 MB)
[2016.05.10-20.41.36:774][  0]LogD3D11RHI: Async texture creation enabled
[2016.05.10-20.41.36:780][  0]LogShaderCompilers: Guid format shader working directory is -32 characters bigger than the processId version (../../../../../../Users/Uzair Hafeez/Documents/Unreal Projects/HafeezSpaceShooter/Intermediate/Shaders/WorkingDirectory/3980/).
[2016.05.10-20.41.36:781][  0]LogShaderCompilers: Cleaned the shader compiler working directory 'C:/Users/UZAIRH~1/AppData/Local/Temp/UnrealShaderWorkingDir/B674EDEB43A69C5693DE5EB0A551684B/'.
[2016.05.10-20.41.36:781][  0]LogShaderCompilers:Display: Using Local Shader Compiler.
[2016.05.10-20.41.39:553][  0]LogTemp:Display: Loaded TP AllDesktopTargetPlatform
[2016.05.10-20.41.39:565][  0]LogTemp:Display: Loaded TP WindowsClientTargetPlatform
[2016.05.10-20.41.39:573][  0]LogTemp:Display: Loaded TP WindowsNoEditorTargetPlatform
[2016.05.10-20.41.39:579][  0]LogTemp:Display: Loaded TP WindowsServerTargetPlatform
[2016.05.10-20.41.39:586][  0]LogTemp:Display: Loaded TP WindowsTargetPlatform
[2016.05.10-20.41.39:592][  0]LogTemp:Display: Loaded TP AndroidTargetPlatform
[2016.05.10-20.41.39:597][  0]LogTemp:Display: Loaded TP Android_ASTCTargetPlatform
[2016.05.10-20.41.39:601][  0]LogTemp:Display: Loaded TP Android_ATCTargetPlatform
[2016.05.10-20.41.39:606][  0]LogTemp:Display: Loaded TP Android_DXTTargetPlatform
[2016.05.10-20.41.39:610][  0]LogTemp:Display: Loaded TP Android_ETC1TargetPlatform
[2016.05.10-20.41.39:615][  0]LogTemp:Display: Loaded TP Android_ETC2TargetPlatform
[2016.05.10-20.41.39:627][  0]LogTemp:Display: Loaded TP Android_MultiTargetPlatform
[2016.05.10-20.41.39:627][  0]LogTemp:Display: Loaded TP Android_PVRTCTargetPlatform
[2016.05.10-20.41.39:628][  0]LogTemp:Display: Loaded TP HTML5TargetPlatform
[2016.05.10-20.41.39:648][  0]LogTemp:Display: Loaded TP IOSTargetPlatform
[2016.05.10-20.41.39:652][  0]LogTemp:Display: Loaded TP TVOSTargetPlatform
[2016.05.10-20.41.39:660][  0]LogTemp:Display: Loaded TP LinuxNoEditorTargetPlatform
[2016.05.10-20.41.39:664][  0]LogTemp:Display: Loaded TP LinuxServerTargetPlatform
[2016.05.10-20.41.39:670][  0]LogTemp:Display: Loaded TP LinuxTargetPlatform
[2016.05.10-20.41.39:670][  0]LogTargetPlatformManager:Display: Building Assets For Windows
[2016.05.10-20.41.39:775][  0]LogDerivedDataCache:Display: Max Cache Size: 512 MB
[2016.05.10-20.41.40:521][  0]LogDerivedDataCache: Loaded boot cache 0.75s 46MB C:/Users/Uzair Hafeez/AppData/Local/UnrealEngine/4.11/DerivedDataCache/Boot.ddc.
[2016.05.10-20.41.40:521][  0]LogDerivedDataCache:Display: Loaded Boot cache: C:/Users/Uzair Hafeez/AppData/Local/UnrealEngine/4.11/DerivedDataCache/Boot.ddc
[2016.05.10-20.41.40:521][  0]LogDerivedDataCache: FDerivedDataBackendGraph:  Pak pak cache file ../../../../../../Users/Uzair Hafeez/Documents/Unreal Projects/HafeezSpaceShooter/DerivedDataCache/DDC.ddp not found, will not use a pak cache.
[2016.05.10-20.41.40:521][  0]LogDerivedDataCache: Unable to find inner node Pak for hierarchical cache Hierarchy.
[2016.05.10-20.41.40:521][  0]LogDerivedDataCache: FDerivedDataBackendGraph:  CompressedPak pak cache file ../../../../../../Users/Uzair Hafeez/Documents/Unreal Projects/HafeezSpaceShooter/DerivedDataCache/Compressed.ddp not found, will not use a pak cache.
[2016.05.10-20.41.40:522][  0]LogDerivedDataCache: Unable to find inner node CompressedPak for hierarchical cache Hierarchy.
[2016.05.10-20.41.40:544][  0]LogDerivedDataCache:Display: Pak cache opened for reading ../../../Engine/DerivedDataCache/Compressed.ddp.
[2016.05.10-20.41.40:557][  0]LogDerivedDataCache: Using Local data cache path C:/Users/Uzair Hafeez/AppData/Local/UnrealEngine/Common/DerivedDataCache: Writable
[2016.05.10-20.41.43:756][  0]LogInit: Selected Device Profile: [Windows]
[2016.05.10-20.41.43:758][  0]LogContentStreaming: Texture pool size is 0.00 MB
[2016.05.10-20.41.43:850][  0]LogMaterial: Uniform references updated for custom material expression Custom.
[2016.05.10-20.41.44:058][  0]LogMeshUtilities: No automatic mesh reduction module available
[2016.05.10-20.41.44:058][  0]LogMeshUtilities: No automatic mesh merging module available
[2016.05.10-20.41.44:058][  0]LogMeshUtilities: No distributed automatic mesh merging module available
[2016.05.10-20.41.44:557][  0]LogUObjectArray: 27679 objects as part of root set at end of initial load.
[2016.05.10-20.41.44:557][  0]LogUObjectAllocator: 5591592 out of 0 bytes used by permanent object pool.
[2016.05.10-20.41.44:557][  0]LogUObjectArray: CloseDisregardForGC: 0/0 objects in disregard for GC pool
[2016.05.10-20.41.44:567][  0]LogInit: WinSock: version 1.1 (2.2), MaxSocks=32767, MaxUdp=65467
[2016.05.10-20.41.45:310][  0]LogSlate: SlateFontCache - WITH_FREETYPE: 1, WITH_HARFBUZZ: 1
[2016.05.10-20.41.45:310][  0]LogSlate: SlateFontCache - WITH_FREETYPE: 1, WITH_HARFBUZZ: 1
[2016.05.10-20.41.49:287][  0]LogStreaming:Warning: Failed to read file '../../../Engine/Content/Editor/Slate/Common/Selection_16x.png' error.
[2016.05.10-20.41.49:287][  0]LogSlate: Could not find file for Slate resource: ../../../Engine/Content/Editor/Slate/Common/Selection_16x.png
[2016.05.10-20.41.49:287][  0]LogStreaming:Warning: Failed to read file '../../../Engine/Content/Editor/Slate/Common/Selection_16x.png' error.
[2016.05.10-20.41.49:287][  0]LogSlate: Could not find file for Slate resource: ../../../Engine/Content/Editor/Slate/Common/Selection_16x.png
[2016.05.10-20.41.49:287][  0]LogStreaming:Warning: Failed to read file '../../../Engine/Content/Editor/Slate/Common/Selection_16x.png' error.
[2016.05.10-20.41.49:287][  0]LogSlate: Could not find file for Slate resource: ../../../Engine/Content/Editor/Slate/Common/Selection_16x.png
[2016.05.10-20.42.03:363][  0]LogUdpMessaging: Initializing bridge on interface 0.0.0.0:0 to multicast group 230.0.0.1:6666.
[2016.05.10-20.42.03:770][  0]LogAssetRegistry: FAssetRegistry took 0.0220 seconds to start up
[2016.05.10-20.42.04:254][  0]SourceControl: Info Source control is disabled
[2016.05.10-20.42.04:255][  0]SourceControl: Info Source control is disabled
[2016.05.10-20.42.04:337][  0]SourceControl: Info Source control is disabled
[2016.05.10-20.42.04:374][  0]SourceControl: Info Source control is disabled
[2016.05.10-20.42.04:908][  0]LogHMD: Failed to initialize OpenVR with code 110
[2016.05.10-20.42.05:077][  0]LogEngine: Initializing Engine...
[2016.05.10-20.42.05:307][  0]LogAIModule: Creating AISystem for world NewWorld
[2016.05.10-20.42.05:320][  0]LogInit: XAudio2 using 'Speakers (High Definition Audio Device)' : 2 channels at 44.1 kHz using 16 bits per sample (channel mask 0x3)
[2016.05.10-20.42.05:335][  0]LogInit: FAudioDevice initialized.
[2016.05.10-20.42.05:390][  0]LogDerivedDataCache: Saved boot cache 0.06s 46MB C:/Users/Uzair Hafeez/AppData/Local/UnrealEngine/4.11/DerivedDataCache/Boot.ddc.
[2016.05.10-20.42.05:396][  0]LogInit: Texture streaming: Enabled
[2016.05.10-20.42.05:496][  0]LogInit: Transaction tracking system initialized
[2016.05.10-20.42.05:589][  0]BlueprintLog: New page: Editor Load
[2016.05.10-20.42.06:035][  0]LocalizationService: Info Localization service is disabled
[2016.05.10-20.42.07:039][  0]LogConsoleResponse:Display: 
[2016.05.10-20.42.08:184][  0]LogCook:Display: Max memory allowance for cook 8192mb
[2016.05.10-20.42.08:184][  0]LogCook:Display: Mobile HDR setting 1
[2016.05.10-20.42.08:184][  0]LogCook:Display: Done creating registry. It took  0.00s.
[2016.05.10-20.42.08:941][  0]LogFileCache: Scanning file cache for directory 'C:/Users/Uzair Hafeez/Documents/Unreal Projects/HafeezSpaceShooter/Content/' took 0.02s
[2016.05.10-20.42.08:941][  0]SourceControl: Info Source control is disabled
[2016.05.10-20.42.08:941][  0]Cmd: MAP LOAD FILE="../../../../../../Users/Uzair Hafeez/Documents/Unreal Projects/HafeezSpaceShooter/Content/Maps/Main.umap" TEMPLATE=0 SHOWPROGRESS=1 FEATURELEVEL=3
[2016.05.10-20.42.08:942][  0]LightingResults: New page: Lighting Build
[2016.05.10-20.42.08:945][  0]MapCheck: New page: Map Check
[2016.05.10-20.42.08:945][  0]LightingResults: New page: Lighting Build
[2016.05.10-20.42.09:953][  0]LogAIModule: Creating AISystem for world Main
[2016.05.10-20.42.10:006][  0]LogEditorServer: Finished looking for orphan Actors (0.000 secs)
[2016.05.10-20.42.10:007][  0]Cmd: MAP CHECKDEP NOCLEARLOG
[2016.05.10-20.42.10:143][  0]MapCheck: Info Map check complete: 0 Error(s), 0 Warning(s), took 136.549ms to complete.
[2016.05.10-20.42.10:144][  0]LogFileHelpers: Loading map 'Main' took 1.202
[2016.05.10-20.42.10:347][  0]LogCollectionManager: Loaded 0 collections in 0.003132 seconds
[2016.05.10-20.42.10:389][  0]LogFileCache: Scanning file cache for directory 'C:/Users/Uzair Hafeez/Documents/Unreal Projects/HafeezSpaceShooter/Saved/Collections/' took 0.01s
[2016.05.10-20.42.10:389][  0]LogFileCache: Scanning file cache for directory 'C:/Users/Uzair Hafeez/Documents/Unreal Projects/HafeezSpaceShooter/Content/Developers/UzairHafeez/Collections/' took 0.01s
[2016.05.10-20.42.10:389][  0]LogFileCache: Scanning file cache for directory 'C:/Users/Uzair Hafeez/Documents/Unreal Projects/HafeezSpaceShooter/Content/Collections/' took 0.01s
[2016.05.10-20.42.10:389][  0]LogCollectionManager: Rebuilt the GUID cache for 0 collections in 0.000003 seconds
[2016.05.10-20.42.10:398][  0]LogContentBrowser: Native class hierarchy populated in 0.0083 seconds. Added 1979 classes and 343 folders.
[2016.05.10-20.42.10:402][  0]LogStats: UGameplayTagsManager::ConstructGameplayTagTree: Construct from data asset -  0.000 s
[2016.05.10-20.42.10:402][  0]LogStats: UGameplayTagsManager::ConstructGameplayTagTree: GameplayTagTreeChangedEvent.Broadcast -  0.000 s
[2016.05.10-20.42.10:403][  0]LogContentBrowser: Native class hierarchy updated for 'GameplayTags' in 0.0005 seconds. Added 12 classes and 0 folders.
[2016.05.10-20.42.10:410][  0]LogContentBrowser: Native class hierarchy updated for 'WidgetCarousel' in 0.0007 seconds. Added 0 classes and 0 folders.
[2016.05.10-20.42.10:492][  0]LogContentBrowser: Native class hierarchy updated for 'SuperSearch' in 0.0005 seconds. Added 1 classes and 2 folders.
[2016.05.10-20.42.11:678][  0]LogContentBrowser: Native class hierarchy updated for 'AddContentDialog' in 0.0006 seconds. Added 0 classes and 0 folders.
[2016.05.10-20.42.11:711][  0]LogContentBrowser: Native class hierarchy updated for 'SceneOutliner' in 0.0005 seconds. Added 1 classes and 2 folders.
[2016.05.10-20.42.11:803][  0]LogCrashTracker: Crashtracker disabled due to settings.
[2016.05.10-20.42.11:809][  0]LogUObjectGlobals:Warning: Failed to find object 'Class None.'
[2016.05.10-20.42.11:875][  0]LogContentBrowser: Native class hierarchy updated for 'HierarchicalLODOutliner' in 0.0006 seconds. Added 1 classes and 2 folders.
[2016.05.10-20.42.11:875][  0]LogLoad: Full Startup: 37.14 seconds (BP compile: 0.32 seconds)
[2016.05.10-20.42.11:875][  0]LogExternalProfiler: Found external profiler: VSPerf
[2016.05.10-20.42.11:875][  0]LogExternalProfiler: Using external profiler: VSPerf
[2016.05.10-20.42.11:885][  0]LogOcInput: OculusInput pre-init called
[2016.05.10-20.42.11:997][  0]LogContentStreaming: Texture pool size now 200 MB
[2016.05.10-20.42.12:273][  0]LogRenderer: Reallocating scene render targets to support 768x380 (Frame:2).
[2016.05.10-20.42.12:706][  1]LogAssetRegistry: Asset discovery search completed in 8.9588 seconds
[2016.05.10-20.42.12:706][  1]LogCollectionManager: Rebuilt the object cache for 0 collections in 0.000002 seconds (found 0 objects)
[2016.05.10-20.42.12:706][  1]LogCollectionManager: Fixed up redirectors for 0 collections in 0.000058 seconds (updated 0 objects)
[2016.05.10-20.42.59:344][508]LogPlayLevel: PlayLevel: No blueprints needed recompiling
[2016.05.10-20.42.59:351][508]PIE: New page: PIE session: Main (May 10, 2016, 11:42:59 AM)
[2016.05.10-20.42.59:351][508]LogPlayLevel: Creating play world package: /Game/Maps/UEDPIE_0_Main
[2016.05.10-20.42.59:353][508]LogPlayLevel: PIE: StaticDuplicateObject took: (0.002067s)
[2016.05.10-20.42.59:354][508]LogAIModule: Creating AISystem for world Main
[2016.05.10-20.42.59:354][508]LogPlayLevel: PIE: World Init took: (0.000886s)
[2016.05.10-20.42.59:354][508]LogPlayLevel: PIE: Created PIE world by copying editor world from /Game/Maps/Main.Main to /Game/Maps/UEDPIE_0_Main.Main (0.003272s)
[2016.05.10-20.42.59:419][508]LogInit: XAudio2 using 'Speakers (High Definition Audio Device)' : 2 channels at 44.1 kHz using 16 bits per sample (channel mask 0x3)
[2016.05.10-20.42.59:428][508]LogInit: FAudioDevice initialized.
[2016.05.10-20.42.59:485][508]LogWorld: Game class is 'Shooter_C'
[2016.05.10-20.42.59:488][508]LogWorld: Bringing World /Game/Maps/UEDPIE_0_Main.Main up for play (max tick rate 0) at 2016.05.10-16.42.59
[2016.05.10-20.42.59:488][508]LogWorld: Bringing up level for play took: 0.002265
[2016.05.10-20.42.59:494][508]LogContentBrowser: Native class hierarchy updated for 'MovieSceneCapture' in 0.0005 seconds. Added 9 classes and 0 folders.
[2016.05.10-20.42.59:495][508]PIE: Info Play in editor start time for /Game/Maps/UEDPIE_0_Main 0.445
[2016.05.10-20.43.55:069][462]LogContentBrowser: Native class hierarchy updated for 'BlueprintGraph' in 0.0012 seconds. Added 108 classes and 0 folders.
[2016.05.10-20.44.22:087][ 34]BlueprintLog: New page: Compile BPProjectile
[2016.05.10-20.44.22:329][ 34]BlueprintEditorCompileResults: Info [0167.60] Compile of BPProjectile successful! [in 241 ms]
[2016.05.10-20.44.56:447][226]BlueprintLog: New page: Compile BPProjectileEnemy
[2016.05.10-20.44.56:677][226]BlueprintEditorCompileResults: Info [0201.95] Compile of BPProjectileEnemy successful! [in 230 ms]
[2016.05.10-20.45.08:366][ 79]LogPlayLevel: PlayLevel: No blueprints needed recompiling
[2016.05.10-20.45.08:366][ 79]PIE: New page: PIE session: Main (May 10, 2016, 11:45:08 AM)
[2016.05.10-20.45.08:366][ 79]LogPlayLevel: Creating play world package: /Game/Maps/UEDPIE_0_Main
[2016.05.10-20.45.08:368][ 79]LogPlayLevel: PIE: StaticDuplicateObject took: (0.001743s)
[2016.05.10-20.45.08:369][ 79]LogAIModule: Creating AISystem for world Main
[2016.05.10-20.45.08:369][ 79]LogPlayLevel: PIE: World Init took: (0.001034s)
[2016.05.10-20.45.08:370][ 79]LogPlayLevel: PIE: Created PIE world by copying editor world from /Game/Maps/Main.Main to /Game/Maps/UEDPIE_0_Main.Main (0.003097s)
[2016.05.10-20.45.08:424][ 79]LogInit: XAudio2 using 'Speakers (High Definition Audio Device)' : 2 channels at 44.1 kHz using 16 bits per sample (channel mask 0x3)
[2016.05.10-20.45.08:431][ 79]LogInit: FAudioDevice initialized.
[2016.05.10-20.45.08:471][ 79]LogWorld: Game class is 'Shooter_C'
[2016.05.10-20.45.08:477][ 79]LogWorld: Bringing World /Game/Maps/UEDPIE_0_Main.Main up for play (max tick rate 0) at 2016.05.10-16.45.08
[2016.05.10-20.45.08:477][ 79]LogWorld: Bringing up level for play took: 0.005940
[2016.05.10-20.45.08:479][ 79]PIE: Info Play in editor start time for /Game/Maps/UEDPIE_0_Main -0.571
[2016.05.10-20.46.02:926][739]BlueprintLog: New page: Compile BPProjectile
[2016.05.10-20.46.03:140][739]BlueprintEditorCompileResults: Info [0268.41] Compile of BPProjectile successful! [in 214 ms]
[2016.05.10-20.46.10:209][191]BlueprintLog: New page: Compile BPProjectileEnemy
[2016.05.10-20.46.10:421][191]BlueprintEditorCompileResults: Info [0275.69] Compile of BPProjectileEnemy successful! [in 211 ms]
[2016.05.10-20.46.13:346][402]LogActorComponent: UnregisterComponent: (/Engine/Transient.EditorFloorComp) Not registered. Aborting.
[2016.05.10-20.46.15:144][545]LogPlayLevel: PlayLevel: No blueprints needed recompiling
[2016.05.10-20.46.15:145][545]PIE: New page: PIE session: Main (May 10, 2016, 11:46:15 AM)
[2016.05.10-20.46.15:145][545]LogPlayLevel: Creating play world package: /Game/Maps/UEDPIE_0_Main
[2016.05.10-20.46.15:147][545]LogPlayLevel: PIE: StaticDuplicateObject took: (0.002417s)
[2016.05.10-20.46.15:148][545]LogAIModule: Creating AISystem for world Main
[2016.05.10-20.46.15:148][545]LogPlayLevel: PIE: World Init took: (0.001117s)
[2016.05.10-20.46.15:149][545]LogPlayLevel: PIE: Created PIE world by copying editor world from /Game/Maps/Main.Main to /Game/Maps/UEDPIE_0_Main.Main (0.003878s)
[2016.05.10-20.46.15:192][545]LogInit: XAudio2 using 'Speakers (High Definition Audio Device)' : 2 channels at 44.1 kHz using 16 bits per sample (channel mask 0x3)
[2016.05.10-20.46.15:202][545]LogInit: FAudioDevice initialized.
[2016.05.10-20.46.15:236][545]LogWorld: Game class is 'Shooter_C'
[2016.05.10-20.46.15:239][545]LogWorld: Bringing World /Game/Maps/UEDPIE_0_Main.Main up for play (max tick rate 0) at 2016.05.10-16.46.15
[2016.05.10-20.46.15:239][545]LogWorld: Bringing up level for play took: 0.002878
[2016.05.10-20.46.15:242][545]PIE: Info Play in editor start time for /Game/Maps/UEDPIE_0_Main 0.192
[2016.05.10-20.47.47:288][754]Cmd: OBJ SAVEPACKAGE PACKAGE="/Game/Maps/Main" FILE="../../../../../../Users/Uzair Hafeez/Documents/Unreal Projects/HafeezSpaceShooter/Content/Maps/Main.umap" SILENT=true AUTOSAVING=false KEEPDIRTY=false
[2016.05.10-20.47.47:382][754]LogSavePackage: Save=33.24ms
[2016.05.10-20.47.47:382][754]LogSavePackage: Moving '../../../../../../Users/Uzair Hafeez/Documents/Unreal Projects/HafeezSpaceShooter/Saved/MainFA14507446C1FA751B3AF0B44357AAC8.tmp' to '../../../../../../Users/Uzair Hafeez/Documents/Unreal Projects/HafeezSpaceShooter/Content/Maps/Main.umap'
[2016.05.10-20.47.47:384][754]LogSavePackage: Total save time: 56.70ms
[2016.05.10-20.47.47:384][754]LogSavePackage:Display: Finished SavePackage ../../../../../../Users/Uzair Hafeez/Documents/Unreal Projects/HafeezSpaceShooter/Content/Maps/Main.umap
[2016.05.10-20.51.08:769][796]Cmd: TRANSACTION UNDO
[2016.05.10-20.51.08:830][796]LogEditorTransaction: Undo Create Pin Link
[2016.05.10-20.55.31:529][125]Cmd: OBJ SAVEPACKAGE PACKAGE="/Game/Maps/Main" FILE="../../../../../../Users/Uzair Hafeez/Documents/Unreal Projects/HafeezSpaceShooter/Content/Maps/Main.umap" SILENT=true AUTOSAVING=false KEEPDIRTY=false
[2016.05.10-20.55.31:653][125]LogSavePackage: Save=27.91ms
[2016.05.10-20.55.31:653][125]LogSavePackage: Moving '../../../../../../Users/Uzair Hafeez/Documents/Unreal Projects/HafeezSpaceShooter/Saved/Main575A897F4DF09FEF623CA3890CA6D43B.tmp' to '../../../../../../Users/Uzair Hafeez/Documents/Unreal Projects/HafeezSpaceShooter/Content/Maps/Main.umap'
[2016.05.10-20.55.31:655][125]LogSavePackage: Total save time: 84.16ms
[2016.05.10-20.55.31:655][125]LogSavePackage:Display: Finished SavePackage ../../../../../../Users/Uzair Hafeez/Documents/Unreal Projects/HafeezSpaceShooter/Content/Maps/Main.umap
[2016.05.10-20.55.42:778][194]LogSavePackage: Save=186.47ms
[2016.05.10-20.55.42:778][194]LogSavePackage: Moving '../../../../../../Users/Uzair Hafeez/Documents/Unreal Projects/HafeezSpaceShooter/Saved/BPGameControllerFAAE97D2415BB344173D6C9720AFAE93.tmp' to '../../../../../../Users/Uzair Hafeez/Documents/Unreal Projects/HafeezSpaceShooter/Content/Blueprints/BPGameController.uasset'
[2016.05.10-20.55.42:783][194]LogSavePackage: Total save time: 291.03ms
[2016.05.10-20.55.42:783][194]LogSavePackage:Display: Finished SavePackage ../../../../../../Users/Uzair Hafeez/Documents/Unreal Projects/HafeezSpaceShooter/Content/Blueprints/BPGameController.uasset
[2016.05.10-20.55.42:813][194]Cmd: OBJ SAVEPACKAGE PACKAGE="/Game/Blueprints/BPPlayer" FILE="../../../../../../Users/Uzair Hafeez/Documents/Unreal Projects/HafeezSpaceShooter/Content/Blueprints/BPPlayer.uasset" SILENT=true
[2016.05.10-20.55.43:002][194]LogSavePackage: Save=172.79ms
[2016.05.10-20.55.43:002][194]LogSavePackage: Moving '../../../../../../Users/Uzair Hafeez/Documents/Unreal Projects/HafeezSpaceShooter/Saved/BPPlayer37A5F4D344B8A3E735A59AA9DAE1AF88.tmp' to '../../../../../../Users/Uzair Hafeez/Documents/Unreal Projects/HafeezSpaceShooter/Content/Blueprints/BPPlayer.uasset'
[2016.05.10-20.55.43:006][194]LogSavePackage: Total save time: 191.49ms
[2016.05.10-20.55.43:006][194]LogSavePackage:Display: Finished SavePackage ../../../../../../Users/Uzair Hafeez/Documents/Unreal Projects/HafeezSpaceShooter/Content/Blueprints/BPPlayer.uasset
[2016.05.10-20.55.43:033][194]Cmd: OBJ SAVEPACKAGE PACKAGE="/Game/Blueprints/BPProjectile" FILE="../../../../../../Users/Uzair Hafeez/Documents/Unreal Projects/HafeezSpaceShooter/Content/Blueprints/BPProjectile.uasset" SILENT=true
[2016.05.10-20.55.43:106][194]LogSavePackage: Save=57.81ms
[2016.05.10-20.55.43:106][194]LogSavePackage: Moving '../../../../../../Users/Uzair Hafeez/Documents/Unreal Projects/HafeezSpaceShooter/Saved/BPProjectileDDFA1A8643AD008121DDC7A763479606.tmp' to '../../../../../../Users/Uzair Hafeez/Documents/Unreal Projects/HafeezSpaceShooter/Content/Blueprints/BPProjectile.uasset'
[2016.05.10-20.55.43:111][194]LogSavePackage: Total save time: 76.94ms
[2016.05.10-20.55.43:111][194]LogSavePackage:Display: Finished SavePackage ../../../../../../Users/Uzair Hafeez/Documents/Unreal Projects/HafeezSpaceShooter/Content/Blueprints/BPProjectile.uasset
[2016.05.10-20.55.43:224][194]LogSavePackage: Save=58.77ms
[2016.05.10-20.55.43:224][194]LogSavePackage: Moving '../../../../../../Users/Uzair Hafeez/Documents/Unreal Projects/HafeezSpaceShooter/Saved/BPProjectileEnemy7184A15D44B3188DF5755D99C8D7895D.tmp' to '../../../../../../Users/Uzair Hafeez/Documents/Unreal Projects/HafeezSpaceShooter/Content/Blueprints/BPProjectileEnemy.uasset'
[2016.05.10-20.55.43:228][194]LogSavePackage: Total save time: 82.93ms
[2016.05.10-20.55.43:228][194]LogSavePackage:Display: Finished SavePackage ../../../../../../Users/Uzair Hafeez/Documents/Unreal Projects/HafeezSpaceShooter/Content/Blueprints/BPProjectileEnemy.uasset
[2016.05.10-20.55.43:299][194]LogWindowsTextInputMethodSystem:Display: IME system now deactivated.
[2016.05.10-20.55.43:503][195]Cmd: QUIT_EDITOR
[2016.05.10-20.55.44:396][195]LogExit: Preparing to exit.
[2016.05.10-20.55.45:234][195]LogExit: Editor shut down
[2016.05.10-20.55.45:234][195]LogExit: Transaction tracking system shut down
[2016.05.10-20.55.45:397][195]LogObj: Freed 0b from 0 cluster array pools.
[2016.05.10-20.55.45:397][195]LogExit: Object subsystem successfully closed.
[2016.05.10-20.55.45:420][195]LogD3D11RHI: Shutdown
[2016.05.10-20.55.45:420][195]LogD3D11RHI: CleanupD3DDevice
[2016.05.10-20.55.45:472][195]LogD3D11RHI: ~FD3D11DynamicRHI
[2016.05.10-20.55.45:578][195]LogDerivedDataCache: Shutdown
[2016.05.10-20.55.45:579][195]LogModuleManager: Shutting down and abandoning module BlueprintGraph (206)
[2016.05.10-20.55.45:579][195]LogModuleManager: Shutting down and abandoning module MovieSceneCapture (205)
[2016.05.10-20.55.45:579][195]LogModuleManager: Shutting down and abandoning module HierarchicalLODOutliner (204)
[2016.05.10-20.55.45:579][195]LogModuleManager: Shutting down and abandoning module CrashTracker (203)
[2016.05.10-20.55.45:579][195]LogModuleManager: Shutting down and abandoning module SceneOutliner (202)
[2016.05.10-20.55.45:579][195]LogModuleManager: Shutting down and abandoning module SuperSearch (201)
[2016.05.10-20.55.45:579][195]LogModuleManager: Shutting down and abandoning module WidgetCarousel (200)
[2016.05.10-20.55.45:579][195]LogModuleManager: Shutting down and abandoning module AddContentDialog (199)
[2016.05.10-20.55.45:580][195]LogModuleManager: Shutting down and abandoning module GameplayTags (198)
[2016.05.10-20.55.45:580][195]LogModuleManager: Shutting down and abandoning module EditorWidgets (197)
[2016.05.10-20.55.45:580][195]LogModuleManager: Shutting down and abandoning module CollectionManager (196)
[2016.05.10-20.55.45:580][195]LogModuleManager: Shutting down and abandoning module StatsViewer (195)
[2016.05.10-20.55.45:580][195]LogModuleManager: Shutting down and abandoning module FoliageEdit (194)
[2016.05.10-20.55.45:580][195]LogModuleManager: Shutting down and abandoning module LandscapeEditor (193)
[2016.05.10-20.55.45:581][195]LogModuleManager: Shutting down and abandoning module ActorPickerMode (192)
[2016.05.10-20.55.45:581][195]LogModuleManager: Shutting down and abandoning module GeometryMode (191)
[2016.05.10-20.55.45:581][195]LogModuleManager: Shutting down and abandoning module TextureAlignMode (190)
[2016.05.10-20.55.45:581][195]LogModuleManager: Shutting down and abandoning module BspMode (189)
[2016.05.10-20.55.45:581][195]LogModuleManager: Shutting down and abandoning module PlacementMode (188)
[2016.05.10-20.55.45:581][195]LogModuleManager: Shutting down and abandoning module AutomationWorker (187)
[2016.05.10-20.55.45:581][195]LogModuleManager: Shutting down and abandoning module CharacterAI (186)
[2016.05.10-20.55.45:581][195]LogModuleManager: Shutting down and abandoning module SmartSnapping (185)
[2016.05.10-20.55.45:581][195]LogModuleManager: Shutting down and abandoning module ViewportSnapping (184)
[2016.05.10-20.55.45:581][195]LogModuleManager: Shutting down and abandoning module LogVisualizer (183)
[2016.05.10-20.55.45:581][195]LogModuleManager: Shutting down and abandoning module GameProjectGeneration (182)
[2016.05.10-20.55.45:581][195]LogModuleManager: Shutting down and abandoning module IntroTutorials (181)
[2016.05.10-20.55.45:581][195]LogModuleManager: Shutting down and abandoning module EditorLiveStreaming (180)
[2016.05.10-20.55.45:581][195]LogModuleManager: Shutting down and abandoning module IOSPlatformEditor (179)
[2016.05.10-20.55.45:581][195]LogModuleManager: Shutting down and abandoning module HTML5PlatformEditor (178)
[2016.05.10-20.55.45:581][195]LogModuleManager: Shutting down and abandoning module AndroidDeviceDetection (177)
[2016.05.10-20.55.45:970][195]LogModuleManager: Shutting down and abandoning module AndroidPlatformEditor (176)
[2016.05.10-20.55.45:970][195]LogModuleManager: Shutting down and abandoning module IOSRuntimeSettings (175)
[2016.05.10-20.55.45:971][195]LogModuleManager: Shutting down and abandoning module AndroidRuntimeSettings (174)
[2016.05.10-20.55.45:971][195]LogModuleManager: Shutting down and abandoning module MergeActors (173)
[2016.05.10-20.55.45:971][195]LogModuleManager: Shutting down and abandoning module SizeMap (172)
[2016.05.10-20.55.45:971][195]LogModuleManager: Shutting down and abandoning module TreeMap (171)
[2016.05.10-20.55.45:971][195]LogModuleManager: Shutting down and abandoning module ReferenceViewer (170)
[2016.05.10-20.55.45:971][195]LogModuleManager: Shutting down and abandoning module LocalizationService (169)
[2016.05.10-20.55.45:971][195]LogModuleManager: Shutting down and abandoning module LocalizationDashboard (168)
[2016.05.10-20.55.45:971][195]LogModuleManager: Shutting down and abandoning module HardwareTargeting (167)
[2016.05.10-20.55.45:971][195]LogModuleManager: Shutting down and abandoning module DeviceProfileEditor (166)
[2016.05.10-20.55.45:971][195]LogModuleManager: Shutting down and abandoning module UndoHistory (165)
[2016.05.10-20.55.45:971][195]LogModuleManager: Shutting down and abandoning module UserFeedback (164)
[2016.05.10-20.55.45:971][195]LogModuleManager: Shutting down and abandoning module XmlParser (163)
[2016.05.10-20.55.45:971][195]LogModuleManager: Shutting down and abandoning module Blutility (162)
[2016.05.10-20.55.45:971][195]LogModuleManager: Shutting down and abandoning module ProjectTargetPlatformEditor (161)
[2016.05.10-20.55.45:971][195]LogModuleManager: Shutting down and abandoning module ProjectSettingsViewer (160)
[2016.05.10-20.55.45:971][195]LogModuleManager: Shutting down and abandoning module InputBindingEditor (159)
[2016.05.10-20.55.45:971][195]LogModuleManager: Shutting down and abandoning module EditorSettingsViewer (158)
[2016.05.10-20.55.45:972][195]LogModuleManager: Shutting down and abandoning module SettingsEditor (157)
[2016.05.10-20.55.45:972][195]LogModuleManager: Shutting down and abandoning module ProjectLauncher (156)
[2016.05.10-20.55.45:972][195]LogModuleManager: Shutting down and abandoning module SessionFrontend (155)
[2016.05.10-20.55.45:972][195]LogModuleManager: Shutting down and abandoning module ProfilerClient (154)
[2016.05.10-20.55.45:972][195]LogModuleManager: Shutting down and abandoning module TargetDeviceServices (153)
[2016.05.10-20.55.45:972][195]LogModuleManager: Shutting down and abandoning module DeviceManager (152)
[2016.05.10-20.55.46:005][195]LogModuleManager: Shutting down and abandoning module AutomationController (151)
[2016.05.10-20.55.46:005][195]LogModuleManager: Shutting down and abandoning module AutomationWindow (150)
[2016.05.10-20.55.46:005][195]LogModuleManager: Shutting down and abandoning module Layers (149)
[2016.05.10-20.55.46:005][195]LogModuleManager: Shutting down and abandoning module ComponentVisualizers (148)
[2016.05.10-20.55.46:005][195]LogModuleManager: Shutting down and abandoning module DetailCustomizations (147)
[2016.05.10-20.55.46:005][195]LogModuleManager: Shutting down and abandoning module PackagesDialog (146)
[2016.05.10-20.55.46:005][195]LogModuleManager: Shutting down and abandoning module Persona (145)
[2016.05.10-20.55.46:005][195]LogModuleManager: Shutting down and abandoning module Kismet (144)
[2016.05.10-20.55.46:005][195]LogModuleManager: Shutting down and abandoning module GraphEditor (143)
[2016.05.10-20.55.46:005][195]LogModuleManager: Shutting down and abandoning module ClassViewer (142)
[2016.05.10-20.55.46:005][195]LogModuleManager: Shutting down and abandoning module Toolbox (141)
[2016.05.10-20.55.46:005][195]LogModuleManager: Shutting down and abandoning module ModuleUI (140)
[2016.05.10-20.55.46:005][195]LogModuleManager: Shutting down and abandoning module MovieSceneTools (139)
[2016.05.10-20.55.46:005][195]LogModuleManager: Shutting down and abandoning module OutputLog (138)
[2016.05.10-20.55.46:005][195]LogModuleManager: Shutting down and abandoning module GammaUI (137)
[2016.05.10-20.55.46:005][195]LogModuleManager: Shutting down and abandoning module Documentation (136)
[2016.05.10-20.55.46:005][195]LogModuleManager: Shutting down and abandoning module StreamingPauseRendering (135)
[2016.05.10-20.55.46:005][195]LogModuleManager: Shutting down and abandoning module AnalyticsET (134)
[2016.05.10-20.55.46:005][195]LogModuleManager: Shutting down and abandoning module Analytics (133)
[2016.05.10-20.55.46:005][195]LogModuleManager: Shutting down and abandoning module PortalServices (132)
[2016.05.10-20.55.46:005][195]LogModuleManager: Shutting down and abandoning module PortalRpc (131)
[2016.05.10-20.55.46:005][195]LogModuleManager: Shutting down and abandoning module MessagingRpc (130)
[2016.05.10-20.55.46:005][195]LogModuleManager: Shutting down and abandoning module AITestSuite (129)
[2016.05.10-20.55.46:005][195]LogModuleManager: Shutting down and abandoning module GameplayDebugger (128)
[2016.05.10-20.55.46:005][195]LogModuleManager: Shutting down and abandoning module AIModule (127)
[2016.05.10-20.55.46:005][195]LogModuleManager: Shutting down and abandoning module ProfilerService (126)
[2016.05.10-20.55.46:106][195]LogModuleManager: Shutting down and abandoning module TaskGraph (125)
[2016.05.10-20.55.46:106][195]LogModuleManager: Shutting down and abandoning module SlateRemote (124)
[2016.05.10-20.55.46:106][195]LogModuleManager: Shutting down and abandoning module SteamVRController (123)
[2016.05.10-20.55.46:106][195]LogModuleManager: Shutting down and abandoning module SteamVR (122)
[2016.05.10-20.55.46:106][195]LogModuleManager: Shutting down and abandoning module ProceduralMeshComponent (121)
[2016.05.10-20.55.46:106][195]LogModuleManager: Shutting down and abandoning module OculusLibrary (120)
[2016.05.10-20.55.46:106][195]LogModuleManager: Shutting down and abandoning module OculusInput (119)
[2016.05.10-20.55.46:106][195]LogModuleManager: Shutting down and abandoning module CustomMeshComponent (118)
[2016.05.10-20.55.46:106][195]LogModuleManager: Shutting down and abandoning module CableComponent (117)
[2016.05.10-20.55.46:106][195]LogModuleManager: Shutting down and abandoning module ArchVisCharacter (116)
[2016.05.10-20.55.46:106][195]LogModuleManager: Shutting down and abandoning module MediaPlayerEditor (115)
[2016.05.10-20.55.46:106][195]LogModuleManager: Shutting down and abandoning module HTML5Networking (114)
[2016.05.10-20.55.46:106][195]LogModuleManager: Shutting down and abandoning module SpeedTreeImporter (113)
[2016.05.10-20.55.46:106][195]LogModuleManager: Shutting down and abandoning module PluginBrowser (112)
[2016.05.10-20.55.46:106][195]LogModuleManager: Shutting down and abandoning module EpicSurvey (111)
[2016.05.10-20.55.46:106][195]LogModuleManager: Shutting down and abandoning module DesktopPlatform (110)
[2016.05.10-20.55.46:106][195]LogModuleManager: Shutting down and abandoning module VisualStudioSourceCodeAccess (109)
[2016.05.10-20.55.46:106][195]LogModuleManager: Shutting down and abandoning module UObjectPlugin (108)
[2016.05.10-20.55.46:106][195]LogModuleManager: Shutting down and abandoning module SubversionSourceControl (107)
[2016.05.10-20.55.46:107][195]LogModuleManager: Shutting down and abandoning module PerforceSourceControl (106)
[2016.05.10-20.55.46:107][195]LogModuleManager: Shutting down and abandoning module SourceControl (105)
[2016.05.10-20.55.46:107][195]LogModuleManager: Shutting down and abandoning module GitSourceControl (104)
[2016.05.10-20.55.46:107][195]LogModuleManager: Shutting down and abandoning module LightPropagationVolumeEditor (103)
[2016.05.10-20.55.46:107][195]LogModuleManager: Shutting down and abandoning module PaperTiledImporter (102)
[2016.05.10-20.55.46:107][195]LogModuleManager: Shutting down and abandoning module PaperSpriteSheetImporter (101)
[2016.05.10-20.55.46:107][195]LogModuleManager: Shutting down and abandoning module MeshPaint (100)
[2016.05.10-20.55.46:107][195]LogModuleManager: Shutting down and abandoning module HotReload (99)
[2016.05.10-20.55.46:107][195]LogModuleManager: Shutting down and abandoning module MainFrame (98)
[2016.05.10-20.55.46:107][195]LogModuleManager: Shutting down and abandoning module LevelEditor (97)
[2016.05.10-20.55.46:108][195]LogModuleManager: Shutting down and abandoning module DirectoryWatcher (96)
[2016.05.10-20.55.46:109][195]LogModuleManager: Shutting down and abandoning module AssetRegistry (95)
[2016.05.10-20.55.46:299][195]LogModuleManager: Shutting down and abandoning module ContentBrowser (94)
[2016.05.10-20.55.46:300][195]LogModuleManager: Shutting down and abandoning module Paper2DEditor (93)
[2016.05.10-20.55.46:300][195]LogModuleManager: Shutting down and abandoning module UdpMessaging (92)
[2016.05.10-20.55.46:402][195]LogModuleManager: Shutting down and abandoning module LightPropagationVolumeRuntime (91)
[2016.05.10-20.55.46:402][195]LogModuleManager: Shutting down and abandoning module Paper2D (90)
[2016.05.10-20.55.46:402][195]LogModuleManager: Shutting down and abandoning module WindowsMoviePlayer (89)
[2016.05.10-20.55.46:402][195]LogModuleManager: Shutting down and abandoning module Media (88)
[2016.05.10-20.55.46:402][195]LogModuleManager: Shutting down and abandoning module WmfMedia (87)
[2016.05.10-20.55.46:402][195]LogModuleManager: Shutting down and abandoning module MediaAssets (86)
[2016.05.10-20.55.46:402][195]LogModuleManager: Shutting down and abandoning module GameLiveStreaming (85)
[2016.05.10-20.55.46:402][195]LogModuleManager: Shutting down and abandoning module GameplayTagsEditor (84)
[2016.05.10-20.55.46:402][195]LogModuleManager: Shutting down and abandoning module OnlineBlueprintSupport (83)
[2016.05.10-20.55.46:402][195]LogModuleManager: Shutting down and abandoning module GameplayTasksEditor (82)
[2016.05.10-20.55.46:402][195]LogModuleManager: Shutting down and abandoning module PropertyEditor (81)
[2016.05.10-20.55.46:402][195]LogModuleManager: Shutting down and abandoning module BehaviorTreeEditor (80)
[2016.05.10-20.55.46:402][195]LogModuleManager: Shutting down and abandoning module FunctionalTesting (79)
[2016.05.10-20.55.46:402][195]LogModuleManager: Shutting down and abandoning module CollisionAnalyzer (78)
[2016.05.10-20.55.46:402][195]LogModuleManager: Shutting down and abandoning module WorkspaceMenuStructure (77)
[2016.05.10-20.55.46:402][195]LogModuleManager: Shutting down and abandoning module MessageLog (76)
[2016.05.10-20.55.46:402][195]LogModuleManager: Shutting down and abandoning module Sequencer (75)
[2016.05.10-20.55.46:402][195]LogModuleManager: Shutting down and abandoning module AssetTools (74)
[2016.05.10-20.55.46:402][195]LogModuleManager: Shutting down and abandoning module UMGEditor (73)
[2016.05.10-20.55.46:402][195]LogModuleManager: Shutting down and abandoning module UMG (72)
[2016.05.10-20.55.46:402][195]LogModuleManager: Shutting down and abandoning module SlateReflector (71)
[2016.05.10-20.55.46:402][195]LogModuleManager: Shutting down and abandoning module Slate (70)
[2016.05.10-20.55.46:402][195]LogModuleManager: Shutting down and abandoning module EditorStyle (69)
[2016.05.10-20.55.46:406][195]LogModuleManager: Shutting down and abandoning module SessionServices (68)
[2016.05.10-20.55.46:406][195]LogModuleManager: Shutting down and abandoning module SourceCodeAccess (67)
[2016.05.10-20.55.46:406][195]LogModuleManager: Shutting down and abandoning module HeadMountedDisplay (66)
[2016.05.10-20.55.46:406][195]LogModuleManager: Shutting down and abandoning module XAudio2 (65)
[2016.05.10-20.55.46:406][195]LogModuleManager: Shutting down and abandoning module Networking (63)
[2016.05.10-20.55.46:406][195]LogModuleManager: Shutting down and abandoning module Core (62)
[2016.05.10-20.55.46:406][195]LogModuleManager: Shutting down and abandoning module KismetCompiler (61)
[2016.05.10-20.55.46:406][195]LogModuleManager: Shutting down and abandoning module PhysXFormats (60)
[2016.05.10-20.55.46:406][195]LogModuleManager: Shutting down and abandoning module MeshUtilities (59)
[2016.05.10-20.55.46:406][195]LogModuleManager: Shutting down and abandoning module CookingStats (58)
[2016.05.10-20.55.46:406][195]LogModuleManager: Shutting down and abandoning module DerivedDataCache (57)
[2016.05.10-20.55.46:406][195]LogDerivedDataCache: Shutdown
[2016.05.10-20.55.46:406][195]LogModuleManager: Shutting down and abandoning module ShaderFormatOpenGL (56)
[2016.05.10-20.55.46:406][195]LogModuleManager: Shutting down and abandoning module ShaderFormatD3D (55)
[2016.05.10-20.55.46:406][195]LogModuleManager: Shutting down and abandoning module MetalShaderFormat (54)
[2016.05.10-20.55.46:406][195]LogModuleManager: Shutting down and abandoning module TextureFormatUncompressed (53)
[2016.05.10-20.55.46:406][195]LogModuleManager: Shutting down and abandoning module TextureFormatPVR (52)
[2016.05.10-20.55.46:406][195]LogModuleManager: Shutting down and abandoning module TextureFormatIntelISPCTexComp (51)
[2016.05.10-20.55.46:407][195]LogModuleManager: Shutting down and abandoning module TextureFormatDXT (50)
[2016.05.10-20.55.46:407][195]LogModuleManager: Shutting down and abandoning module ImageWrapper (49)
[2016.05.10-20.55.46:407][195]LogModuleManager: Shutting down and abandoning module TextureFormatASTC (48)
[2016.05.10-20.55.46:407][195]LogModuleManager: Shutting down and abandoning module TextureFormatAndroid (47)
[2016.05.10-20.55.46:407][195]LogModuleManager: Shutting down and abandoning module AudioFormatOpus (46)
[2016.05.10-20.55.46:407][195]LogModuleManager: Shutting down and abandoning module AudioFormatOgg (45)
[2016.05.10-20.55.46:407][195]LogModuleManager: Shutting down and abandoning module AudioFormatADPCM (44)
[2016.05.10-20.55.46:407][195]LogModuleManager: Shutting down and abandoning module LinuxTargetPlatform (43)
[2016.05.10-20.55.46:407][195]LogModuleManager: Shutting down and abandoning module LinuxServerTargetPlatform (42)
[2016.05.10-20.55.46:407][195]LogModuleManager: Shutting down and abandoning module LinuxNoEditorTargetPlatform (41)
[2016.05.10-20.55.46:407][195]LogModuleManager: Shutting down and abandoning module TVOSTargetPlatform (40)
[2016.05.10-20.55.46:407][195]LogModuleManager: Shutting down and abandoning module Messaging (39)
[2016.05.10-20.55.46:407][195]LogModuleManager: Shutting down and abandoning module IOSTargetPlatform (38)
[2016.05.10-20.55.46:407][195]LogModuleManager: Shutting down and abandoning module HTML5TargetPlatform (37)
[2016.05.10-20.55.46:407][195]LogModuleManager: Shutting down and abandoning module Android_PVRTCTargetPlatform (36)
[2016.05.10-20.55.46:407][195]LogModuleManager: Shutting down and abandoning module Android_MultiTargetPlatform (35)
[2016.05.10-20.55.46:407][195]LogModuleManager: Shutting down and abandoning module Android_ETC2TargetPlatform (34)
[2016.05.10-20.55.46:407][195]LogModuleManager: Shutting down and abandoning module Android_ETC1TargetPlatform (33)
[2016.05.10-20.55.46:407][195]LogModuleManager: Shutting down and abandoning module Android_DXTTargetPlatform (32)
[2016.05.10-20.55.46:407][195]LogModuleManager: Shutting down and abandoning module Android_ATCTargetPlatform (31)
[2016.05.10-20.55.46:407][195]LogModuleManager: Shutting down and abandoning module Android_ASTCTargetPlatform (30)
[2016.05.10-20.55.46:407][195]LogModuleManager: Shutting down and abandoning module AndroidTargetPlatform (29)
[2016.05.10-20.55.46:407][195]LogModuleManager: Shutting down and abandoning module WindowsTargetPlatform (28)
[2016.05.10-20.55.46:407][195]LogModuleManager: Shutting down and abandoning module WindowsServerTargetPlatform (27)
[2016.05.10-20.55.46:407][195]LogModuleManager: Shutting down and abandoning module WindowsNoEditorTargetPlatform (26)
[2016.05.10-20.55.46:407][195]LogModuleManager: Shutting down and abandoning module WindowsClientTargetPlatform (25)
[2016.05.10-20.55.46:407][195]LogModuleManager: Shutting down and abandoning module AllDesktopTargetPlatform (24)
[2016.05.10-20.55.46:407][195]LogModuleManager: Shutting down and abandoning module TargetPlatform (23)
[2016.05.10-20.55.46:407][195]LogModuleManager: Shutting down and abandoning module InputCore (22)
[2016.05.10-20.55.46:407][195]LogModuleManager: Shutting down and abandoning module Settings (21)
[2016.05.10-20.55.46:407][195]LogModuleManager: Shutting down and abandoning module OnlineSubsystem (19)
[2016.05.10-20.55.46:407][195]LogModuleManager: Shutting down and abandoning module HTTP (18)
[2016.05.10-20.55.48:409][195]LogModuleManager: Shutting down and abandoning module XMPP (17)
[2016.05.10-20.55.48:409][195]LogModuleManager: Shutting down and abandoning module OculusRift (16)
[2016.05.10-20.55.48:409][195]LogModuleManager: Shutting down and abandoning module ExampleDeviceProfileSelector (15)
[2016.05.10-20.55.48:409][195]LogModuleManager: Shutting down and abandoning module TextureCompressor (14)
[2016.05.10-20.55.48:409][195]LogModuleManager: Shutting down and abandoning module ShaderCore (13)
[2016.05.10-20.55.48:409][195]LogModuleManager: Shutting down and abandoning module Landscape (12)
[2016.05.10-20.55.48:409][195]LogModuleManager: Shutting down and abandoning module SlateRHIRenderer (11)
[2016.05.10-20.55.48:413][195]LogModuleManager: Shutting down and abandoning module OpenGLDrv (10)
[2016.05.10-20.55.48:413][195]LogModuleManager: Shutting down and abandoning module D3D11RHI (9)
[2016.05.10-20.55.48:413][195]LogModuleManager: Shutting down and abandoning module AnimGraphRuntime (8)
[2016.05.10-20.55.48:413][195]LogModuleManager: Shutting down and abandoning module Renderer (7)
[2016.05.10-20.55.48:413][195]LogModuleManager: Shutting down and abandoning module Engine (6)
[2016.05.10-20.55.48:413][195]LogModuleManager: Shutting down and abandoning module CoreUObject (5)
[2016.05.10-20.55.48:413][195]LogModuleManager: Shutting down and abandoning module NetworkFile (4)
[2016.05.10-20.55.48:413][195]LogModuleManager: Shutting down and abandoning module StreamingFile (3)
[2016.05.10-20.55.48:413][195]LogModuleManager: Shutting down and abandoning module SandboxFile (2)
[2016.05.10-20.55.48:413][195]LogModuleManager: Shutting down and abandoning module PakFile (1)
[2016.05.10-20.55.48:414][195]LogExit: Exiting.
[2016.05.10-20.55.48:416][195]Log file closed, 05/10/16 16:55:48
