Log file open, 05/11/16 16:08:45
LogInit:Display: Running engine for game: HafeezSpaceShooter
LogPlatformFile: Not using cached read wrapper
LogInit:Display: RandInit(-184456851) SRandInit(-184456850).
LogTaskGraph: Started task graph with 4 named threads and 5 total threads.
LogStats: Stats thread started at 0.061358
LogInit: Version: 4.11.2-2946394+++UE4+Release-4.11
LogInit: API Version: 2927265
LogInit: Compiled (64-bit): Apr 18 2016 02:18:46
LogInit: Compiled with Visual C++: 19.00.23026.00
LogInit: Build Configuration: Development
LogInit: Branch Name: ++UE4+Release-4.11
LogInit: Command line:  
LogInit: Base directory: C:/Program Files (x86)/Epic Games/4.11/Engine/Binaries/Win64/
LogInit: Installed Engine Build: 1
LogInit: Using libcurl 7.41.0
LogInit:  - built for x86_64-pc-win32
LogInit:  - supports SSL with WinSSL
LogInit:  - other features:
LogInit:      CURL_VERSION_SSL
LogInit:      CURL_VERSION_IPV6
LogInit:      CURL_VERSION_ASYNCHDNS
LogInit:      CURL_VERSION_LARGEFILE
LogInit:      CURL_VERSION_IDN
LogInit:  CurlRequestOptions (configurable via config and command line):
LogInit:  - bVerifyPeer = true  - Libcurl will verify peer certificate
LogInit:  - bUseHttpProxy = false  - Libcurl will NOT use HTTP proxy
LogInit:  - bDontReuseConnections = false  - Libcurl will reuse connections
LogInit:  - CertBundlePath = nullptr  - Libcurl will use whatever was configured at build time.
LogInit: Presizing for max 16777216 objects, including 0 objects not considered by GC, pre-allocating 0 bytes for permanent pool.
LogInit: Object subsystem initialized
[2016.05.11-20.08.45:646][  0]LogInit: Selected Device Profile: [Windows]
[2016.05.11-20.08.45:646][  0]LogInit: Applying CVar settings loaded from the selected device profile: [Windows]
[2016.05.11-20.08.45:671][  0]LogInit: Computer: UZAIR_HAFEEZ
[2016.05.11-20.08.45:671][  0]LogInit: User: UzairHafeez
[2016.05.11-20.08.45:671][  0]LogInit: CPU Page size=65536, Cores=2
[2016.05.11-20.08.45:671][  0]LogInit: High frequency timer resolution =2.240905 MHz
[2016.05.11-20.08.45:672][  0]LogMemory: Memory total: Physical=3.9GB (4GB approx)
[2016.05.11-20.08.45:672][  0]LogMemory: Platform Memory Stats for Windows
[2016.05.11-20.08.45:672][  0]LogMemory: Process Physical Memory: 310.48 MB used, 310.48 MB peak
[2016.05.11-20.08.45:672][  0]LogMemory: Process Virtual Memory: 315.21 MB used, 315.21 MB peak
[2016.05.11-20.08.45:672][  0]LogMemory: Physical Memory: 2034.79 MB used, 3979.78 MB total
[2016.05.11-20.08.45:672][  0]LogMemory: Virtual Memory: 629.86 MB used, 134217728.00 MB total
[2016.05.11-20.08.45:703][  0]LogTextLocalizationManager: No specific translations for ('en-US') exist, so ('en') translations will be used.
[2016.05.11-20.08.46:183][  0]LogD3D11RHI: D3D11 adapters:
[2016.05.11-20.08.46:192][  0]LogD3D11RHI:    0. 'Intel(R) HD Graphics Family' (Feature Level 11_0)
[2016.05.11-20.08.46:192][  0]LogD3D11RHI:       32MB of dedicated video memory, 0MB of dedicated system memory, and 1760MB of shared system memory, 1 output[s]
[2016.05.11-20.08.46:194][  0]LogD3D11RHI:    1. 'Microsoft Basic Render Driver' (Feature Level 11_0)
[2016.05.11-20.08.46:194][  0]LogD3D11RHI:       0MB of dedicated video memory, 0MB of dedicated system memory, and 256MB of shared system memory, 0 output[s]
[2016.05.11-20.08.46:194][  0]LogD3D11RHI: Chosen D3D11 Adapter: 0
[2016.05.11-20.08.46:198][  0]LogD3D11RHI: Creating new Direct3DDevice
[2016.05.11-20.08.46:198][  0]LogD3D11RHI:     Adapter Name: Intel(R) HD Graphics Family
[2016.05.11-20.08.46:198][  0]LogD3D11RHI:   Driver Version: 10.18.14.4062 (internal 10.18.14.4062)
[2016.05.11-20.08.46:198][  0]LogD3D11RHI:      Driver Date: 12-15-2014
[2016.05.11-20.08.46:198][  0]LogRHI: Texture pool is 638 MB (70% of 912 MB)
[2016.05.11-20.08.46:207][  0]LogD3D11RHI: Async texture creation enabled
[2016.05.11-20.08.46:214][  0]LogShaderCompilers: Guid format shader working directory is -41 characters bigger than the processId version (../../../../../../Users/Uzair Hafeez/Downloads/SpaceShooterFinalVersion/HafeezSpaceShooter/Intermediate/Shaders/WorkingDirectory/3812/).
[2016.05.11-20.08.46:215][  0]LogShaderCompilers: Cleaned the shader compiler working directory 'C:/Users/UZAIRH~1/AppData/Local/Temp/UnrealShaderWorkingDir/9C69E51C4592719413972292AABC8BAE/'.
[2016.05.11-20.08.46:215][  0]LogShaderCompilers:Display: Using Local Shader Compiler.
[2016.05.11-20.08.47:520][  0]LogTemp:Display: Loaded TP AllDesktopTargetPlatform
[2016.05.11-20.08.47:526][  0]LogTemp:Display: Loaded TP WindowsClientTargetPlatform
[2016.05.11-20.08.47:532][  0]LogTemp:Display: Loaded TP WindowsNoEditorTargetPlatform
[2016.05.11-20.08.47:538][  0]LogTemp:Display: Loaded TP WindowsServerTargetPlatform
[2016.05.11-20.08.47:544][  0]LogTemp:Display: Loaded TP WindowsTargetPlatform
[2016.05.11-20.08.47:548][  0]LogTemp:Display: Loaded TP AndroidTargetPlatform
[2016.05.11-20.08.47:553][  0]LogTemp:Display: Loaded TP Android_ASTCTargetPlatform
[2016.05.11-20.08.47:558][  0]LogTemp:Display: Loaded TP Android_ATCTargetPlatform
[2016.05.11-20.08.47:562][  0]LogTemp:Display: Loaded TP Android_DXTTargetPlatform
[2016.05.11-20.08.47:567][  0]LogTemp:Display: Loaded TP Android_ETC1TargetPlatform
[2016.05.11-20.08.47:572][  0]LogTemp:Display: Loaded TP Android_ETC2TargetPlatform
[2016.05.11-20.08.47:582][  0]LogTemp:Display: Loaded TP Android_MultiTargetPlatform
[2016.05.11-20.08.47:582][  0]LogTemp:Display: Loaded TP Android_PVRTCTargetPlatform
[2016.05.11-20.08.47:583][  0]LogTemp:Display: Loaded TP HTML5TargetPlatform
[2016.05.11-20.08.47:603][  0]LogTemp:Display: Loaded TP IOSTargetPlatform
[2016.05.11-20.08.47:607][  0]LogTemp:Display: Loaded TP TVOSTargetPlatform
[2016.05.11-20.08.47:612][  0]LogTemp:Display: Loaded TP LinuxNoEditorTargetPlatform
[2016.05.11-20.08.47:616][  0]LogTemp:Display: Loaded TP LinuxServerTargetPlatform
[2016.05.11-20.08.47:621][  0]LogTemp:Display: Loaded TP LinuxTargetPlatform
[2016.05.11-20.08.47:621][  0]LogTargetPlatformManager:Display: Building Assets For Windows
[2016.05.11-20.08.47:714][  0]LogDerivedDataCache:Display: Max Cache Size: 512 MB
[2016.05.11-20.08.47:785][  0]LogDerivedDataCache: Loaded boot cache 0.07s 46MB C:/Users/Uzair Hafeez/AppData/Local/UnrealEngine/4.11/DerivedDataCache/Boot.ddc.
[2016.05.11-20.08.47:785][  0]LogDerivedDataCache:Display: Loaded Boot cache: C:/Users/Uzair Hafeez/AppData/Local/UnrealEngine/4.11/DerivedDataCache/Boot.ddc
[2016.05.11-20.08.47:785][  0]LogDerivedDataCache: FDerivedDataBackendGraph:  Pak pak cache file ../../../../../../Users/Uzair Hafeez/Downloads/SpaceShooterFinalVersion/HafeezSpaceShooter/DerivedDataCache/DDC.ddp not found, will not use a pak cache.
[2016.05.11-20.08.47:785][  0]LogDerivedDataCache: Unable to find inner node Pak for hierarchical cache Hierarchy.
[2016.05.11-20.08.47:785][  0]LogDerivedDataCache: FDerivedDataBackendGraph:  CompressedPak pak cache file ../../../../../../Users/Uzair Hafeez/Downloads/SpaceShooterFinalVersion/HafeezSpaceShooter/DerivedDataCache/Compressed.ddp not found, will not use a pak cache.
[2016.05.11-20.08.47:785][  0]LogDerivedDataCache: Unable to find inner node CompressedPak for hierarchical cache Hierarchy.
[2016.05.11-20.08.47:812][  0]LogDerivedDataCache:Display: Pak cache opened for reading ../../../Engine/DerivedDataCache/Compressed.ddp.
[2016.05.11-20.08.47:824][  0]LogDerivedDataCache: Using Local data cache path C:/Users/Uzair Hafeez/AppData/Local/UnrealEngine/Common/DerivedDataCache: Writable
[2016.05.11-20.08.48:027][  0]LogInit: Selected Device Profile: [Windows]
[2016.05.11-20.08.48:028][  0]LogContentStreaming: Texture pool size is 0.00 MB
[2016.05.11-20.08.48:102][  0]LogMaterial: Uniform references updated for custom material expression Custom.
[2016.05.11-20.08.48:257][  0]LogMeshUtilities: No automatic mesh reduction module available
[2016.05.11-20.08.48:257][  0]LogMeshUtilities: No automatic mesh merging module available
[2016.05.11-20.08.48:257][  0]LogMeshUtilities: No distributed automatic mesh merging module available
[2016.05.11-20.08.48:619][  0]LogUObjectArray: 27679 objects as part of root set at end of initial load.
[2016.05.11-20.08.48:620][  0]LogUObjectAllocator: 5591592 out of 0 bytes used by permanent object pool.
[2016.05.11-20.08.48:620][  0]LogUObjectArray: CloseDisregardForGC: 0/0 objects in disregard for GC pool
[2016.05.11-20.08.48:627][  0]LogInit: WinSock: version 1.1 (2.2), MaxSocks=32767, MaxUdp=65467
[2016.05.11-20.08.48:737][  0]LogSlate: SlateFontCache - WITH_FREETYPE: 1, WITH_HARFBUZZ: 1
[2016.05.11-20.08.48:737][  0]LogSlate: SlateFontCache - WITH_FREETYPE: 1, WITH_HARFBUZZ: 1
[2016.05.11-20.08.48:898][  0]LogStreaming:Warning: Failed to read file '../../../Engine/Content/Editor/Slate/Common/Selection_16x.png' error.
[2016.05.11-20.08.48:898][  0]LogSlate: Could not find file for Slate resource: ../../../Engine/Content/Editor/Slate/Common/Selection_16x.png
[2016.05.11-20.08.48:898][  0]LogStreaming:Warning: Failed to read file '../../../Engine/Content/Editor/Slate/Common/Selection_16x.png' error.
[2016.05.11-20.08.48:898][  0]LogSlate: Could not find file for Slate resource: ../../../Engine/Content/Editor/Slate/Common/Selection_16x.png
[2016.05.11-20.08.48:898][  0]LogStreaming:Warning: Failed to read file '../../../Engine/Content/Editor/Slate/Common/Selection_16x.png' error.
[2016.05.11-20.08.48:898][  0]LogSlate: Could not find file for Slate resource: ../../../Engine/Content/Editor/Slate/Common/Selection_16x.png
[2016.05.11-20.08.49:743][  0]LogUdpMessaging: Initializing bridge on interface 0.0.0.0:0 to multicast group 230.0.0.1:6666.
[2016.05.11-20.08.49:858][  0]LogAssetRegistry: FAssetRegistry took 0.0219 seconds to start up
[2016.05.11-20.08.50:079][  0]SourceControl: Info Source control is disabled
[2016.05.11-20.08.50:080][  0]SourceControl: Info Source control is disabled
[2016.05.11-20.08.50:091][  0]SourceControl: Info Source control is disabled
[2016.05.11-20.08.50:101][  0]SourceControl: Info Source control is disabled
[2016.05.11-20.08.50:292][  0]LogHMD: Failed to initialize OpenVR with code 110
[2016.05.11-20.08.50:379][  0]LogEngine: Initializing Engine...
[2016.05.11-20.08.50:563][  0]LogAIModule: Creating AISystem for world NewWorld
[2016.05.11-20.08.50:569][  0]LogInit: XAudio2 using 'Speakers (High Definition Audio Device)' : 2 channels at 44.1 kHz using 16 bits per sample (channel mask 0x3)
[2016.05.11-20.08.50:577][  0]LogInit: FAudioDevice initialized.
[2016.05.11-20.08.50:607][  0]LogDerivedDataCache: Saved boot cache 0.03s 46MB C:/Users/Uzair Hafeez/AppData/Local/UnrealEngine/4.11/DerivedDataCache/Boot.ddc.
[2016.05.11-20.08.50:612][  0]LogInit: Texture streaming: Enabled
[2016.05.11-20.08.51:947][  0]LogInit: Transaction tracking system initialized
[2016.05.11-20.08.51:979][  0]BlueprintLog: New page: Editor Load
[2016.05.11-20.08.52:103][  0]LocalizationService: Info Localization service is disabled
[2016.05.11-20.08.52:412][  0]LogConsoleResponse:Display: 
[2016.05.11-20.08.52:631][  0]LogCook:Display: Max memory allowance for cook 8192mb
[2016.05.11-20.08.52:631][  0]LogCook:Display: Mobile HDR setting 1
[2016.05.11-20.08.52:631][  0]LogCook:Display: Done creating registry. It took  0.00s.
[2016.05.11-20.08.52:756][  0]LogFileCache: Scanning file cache for directory 'C:/Users/Uzair Hafeez/Downloads/SpaceShooterFinalVersion/HafeezSpaceShooter/Content/' took 0.03s
[2016.05.11-20.08.52:756][  0]SourceControl: Info Source control is disabled
[2016.05.11-20.08.52:756][  0]Cmd: MAP LOAD FILE="../../../../../../Users/Uzair Hafeez/Downloads/SpaceShooterFinalVersion/HafeezSpaceShooter/Content/Maps/Main.umap" TEMPLATE=0 SHOWPROGRESS=1 FEATURELEVEL=3
[2016.05.11-20.08.52:799][  0]LightingResults: New page: Lighting Build
[2016.05.11-20.08.52:804][  0]MapCheck: New page: Map Check
[2016.05.11-20.08.52:804][  0]LightingResults: New page: Lighting Build
[2016.05.11-20.08.54:496][  0]LogAIModule: Creating AISystem for world Main
[2016.05.11-20.08.54:510][  0]LogEditorServer: Finished looking for orphan Actors (0.000 secs)
[2016.05.11-20.08.54:511][  0]Cmd: MAP CHECKDEP NOCLEARLOG
[2016.05.11-20.08.54:671][  0]MapCheck: Info Map check complete: 0 Error(s), 0 Warning(s), took 159.777ms to complete.
[2016.05.11-20.08.54:671][  0]LogFileHelpers: Loading map 'Main' took 1.915
[2016.05.11-20.08.54:878][  0]LogCollectionManager: Loaded 0 collections in 0.005210 seconds
[2016.05.11-20.08.54:924][  0]LogFileCache: Scanning file cache for directory 'C:/Users/Uzair Hafeez/Downloads/SpaceShooterFinalVersion/HafeezSpaceShooter/Saved/Collections/' took 0.01s
[2016.05.11-20.08.54:924][  0]LogFileCache: Scanning file cache for directory 'C:/Users/Uzair Hafeez/Downloads/SpaceShooterFinalVersion/HafeezSpaceShooter/Content/Developers/UzairHafeez/Collections/' took 0.01s
[2016.05.11-20.08.54:924][  0]LogFileCache: Scanning file cache for directory 'C:/Users/Uzair Hafeez/Downloads/SpaceShooterFinalVersion/HafeezSpaceShooter/Content/Collections/' took 0.01s
[2016.05.11-20.08.54:924][  0]LogCollectionManager: Rebuilt the GUID cache for 0 collections in 0.000004 seconds
[2016.05.11-20.08.54:938][  0]LogContentBrowser: Native class hierarchy populated in 0.0134 seconds. Added 1979 classes and 343 folders.
[2016.05.11-20.08.54:945][  0]LogStats: UGameplayTagsManager::ConstructGameplayTagTree: Construct from data asset -  0.000 s
[2016.05.11-20.08.54:945][  0]LogStats: UGameplayTagsManager::ConstructGameplayTagTree: GameplayTagTreeChangedEvent.Broadcast -  0.000 s
[2016.05.11-20.08.54:946][  0]LogContentBrowser: Native class hierarchy updated for 'GameplayTags' in 0.0009 seconds. Added 12 classes and 0 folders.
[2016.05.11-20.08.54:954][  0]LogContentBrowser: Native class hierarchy updated for 'WidgetCarousel' in 0.0007 seconds. Added 0 classes and 0 folders.
[2016.05.11-20.08.54:966][  0]LogContentBrowser: Native class hierarchy updated for 'SuperSearch' in 0.0006 seconds. Added 1 classes and 2 folders.
[2016.05.11-20.08.55:093][  0]LogContentBrowser: Native class hierarchy updated for 'AddContentDialog' in 0.0006 seconds. Added 0 classes and 0 folders.
[2016.05.11-20.08.55:099][  0]LogContentBrowser: Native class hierarchy updated for 'SceneOutliner' in 0.0006 seconds. Added 1 classes and 2 folders.
[2016.05.11-20.08.55:135][  0]LogCrashTracker: Crashtracker disabled due to settings.
[2016.05.11-20.08.55:141][  0]LogUObjectGlobals:Warning: Failed to find object 'Class None.'
[2016.05.11-20.08.55:171][  0]LogContentBrowser: Native class hierarchy updated for 'HierarchicalLODOutliner' in 0.0007 seconds. Added 1 classes and 2 folders.
[2016.05.11-20.08.55:171][  0]LogLoad: Full Startup: 10.60 seconds (BP compile: 0.29 seconds)
[2016.05.11-20.08.55:171][  0]LogExternalProfiler: Found external profiler: VSPerf
[2016.05.11-20.08.55:171][  0]LogExternalProfiler: Using external profiler: VSPerf
[2016.05.11-20.08.55:181][  0]LogOcInput: OculusInput pre-init called
[2016.05.11-20.08.55:255][  0]LogContentStreaming: Texture pool size now 200 MB
[2016.05.11-20.08.55:524][  0]LogRenderer: Reallocating scene render targets to support 876x380 (Frame:2).
[2016.05.11-20.08.56:083][  2]LogAssetRegistry: Asset discovery search completed in 6.2482 seconds
[2016.05.11-20.08.56:084][  2]LogCollectionManager: Rebuilt the object cache for 0 collections in 0.000001 seconds (found 0 objects)
[2016.05.11-20.08.56:084][  2]LogCollectionManager: Fixed up redirectors for 0 collections in 0.000035 seconds (updated 0 objects)
[2016.05.11-20.08.59:098][197]LogPlayLevel: PlayLevel: No blueprints needed recompiling
[2016.05.11-20.08.59:334][197]PIE: New page: PIE session: Main (May 11, 2016, 11:08:59 AM)
[2016.05.11-20.08.59:334][197]LogPlayLevel: Creating play world package: /Game/Maps/UEDPIE_0_Main
[2016.05.11-20.08.59:371][197]LogPlayLevel: PIE: StaticDuplicateObject took: (0.036228s)
[2016.05.11-20.08.59:371][197]LogAIModule: Creating AISystem for world Main
[2016.05.11-20.08.59:372][197]LogPlayLevel: PIE: World Init took: (0.000876s)
[2016.05.11-20.08.59:372][197]LogPlayLevel: PIE: Created PIE world by copying editor world from /Game/Maps/Main.Main to /Game/Maps/UEDPIE_0_Main.Main (0.037405s)
[2016.05.11-20.08.59:617][197]LogInit: XAudio2 using 'Speakers (High Definition Audio Device)' : 2 channels at 44.1 kHz using 16 bits per sample (channel mask 0x3)
[2016.05.11-20.08.59:627][197]LogInit: FAudioDevice initialized.
[2016.05.11-20.08.59:969][197]LogWorld: Game class is 'Shooter_C'
[2016.05.11-20.09.00:120][197]LogWorld: Bringing World /Game/Maps/UEDPIE_0_Main.Main up for play (max tick rate 0) at 2016.05.11-16.09.00
[2016.05.11-20.09.00:220][197]LogWorld: Bringing up level for play took: 0.102277
[2016.05.11-20.09.00:485][197]LogContentBrowser: Native class hierarchy updated for 'MovieSceneCapture' in 0.0006 seconds. Added 9 classes and 0 folders.
[2016.05.11-20.09.00:662][197]PIE: Info Play in editor start time for /Game/Maps/UEDPIE_0_Main 1.469
[2016.05.11-20.09.11:635][620]LogPlayLevel: PlayLevel: No blueprints needed recompiling
[2016.05.11-20.09.11:635][620]PIE: New page: PIE session: Main (May 11, 2016, 11:09:11 AM)
[2016.05.11-20.09.11:635][620]LogPlayLevel: Creating play world package: /Game/Maps/UEDPIE_0_Main
[2016.05.11-20.09.11:638][620]LogPlayLevel: PIE: StaticDuplicateObject took: (0.002235s)
[2016.05.11-20.09.11:639][620]LogAIModule: Creating AISystem for world Main
[2016.05.11-20.09.11:639][620]LogPlayLevel: PIE: World Init took: (0.001152s)
[2016.05.11-20.09.11:639][620]LogPlayLevel: PIE: Created PIE world by copying editor world from /Game/Maps/Main.Main to /Game/Maps/UEDPIE_0_Main.Main (0.003669s)
[2016.05.11-20.09.11:663][620]LogInit: XAudio2 using 'Speakers (High Definition Audio Device)' : 2 channels at 44.1 kHz using 16 bits per sample (channel mask 0x3)
[2016.05.11-20.09.11:671][620]LogInit: FAudioDevice initialized.
[2016.05.11-20.09.11:724][620]LogWorld: Game class is 'Shooter_C'
[2016.05.11-20.09.11:727][620]LogWorld: Bringing World /Game/Maps/UEDPIE_0_Main.Main up for play (max tick rate 0) at 2016.05.11-16.09.11
[2016.05.11-20.09.11:727][620]LogWorld: Bringing up level for play took: 0.003110
[2016.05.11-20.09.11:729][620]PIE: Info Play in editor start time for /Game/Maps/UEDPIE_0_Main 0.536
[2016.05.11-20.10.07:176][968]LogScript:Warning: FLatentActionManager::ProcessLatentActions: CallbackTarget is None.
[2016.05.11-20.10.48:630][574]LogSavePackage: Save=164.23ms
[2016.05.11-20.10.48:630][574]LogSavePackage: Moving '../../../../../../Users/Uzair Hafeez/Downloads/SpaceShooterFinalVersion/HafeezSpaceShooter/Saved/MainF74E451D4AD8DF3BD61F1997302D6A6F.tmp' to '../../../../../../Users/Uzair Hafeez/Downloads/SpaceShooterFinalVersion/HafeezSpaceShooter/Content/Maps/Main.umap'
[2016.05.11-20.10.48:637][574]LogSavePackage: Total save time: 448.11ms
[2016.05.11-20.10.48:637][574]LogSavePackage:Display: Finished SavePackage ../../../../../../Users/Uzair Hafeez/Downloads/SpaceShooterFinalVersion/HafeezSpaceShooter/Content/Maps/Main.umap
[2016.05.11-20.10.51:228][798]LogWindowsTextInputMethodSystem:Display: IME system now deactivated.
[2016.05.11-20.10.51:778][799]Cmd: QUIT_EDITOR
[2016.05.11-20.10.52:371][799]LogExit: Preparing to exit.
[2016.05.11-20.10.53:773][799]LogExit: Editor shut down
[2016.05.11-20.10.53:773][799]LogExit: Transaction tracking system shut down
[2016.05.11-20.10.55:137][799]LogObj: Freed 0b from 0 cluster array pools.
[2016.05.11-20.10.55:137][799]LogExit: Object subsystem successfully closed.
[2016.05.11-20.10.55:268][799]LogD3D11RHI: Shutdown
[2016.05.11-20.10.55:268][799]LogD3D11RHI: CleanupD3DDevice
[2016.05.11-20.10.55:353][799]LogD3D11RHI: ~FD3D11DynamicRHI
[2016.05.11-20.10.55:438][799]LogDerivedDataCache: Shutdown
[2016.05.11-20.10.55:948][799]LogModuleManager: Shutting down and abandoning module MovieSceneCapture (205)
[2016.05.11-20.10.55:963][799]LogModuleManager: Shutting down and abandoning module HierarchicalLODOutliner (204)
[2016.05.11-20.10.55:988][799]LogModuleManager: Shutting down and abandoning module CrashTracker (203)
[2016.05.11-20.10.55:988][799]LogModuleManager: Shutting down and abandoning module SceneOutliner (202)
[2016.05.11-20.10.55:988][799]LogModuleManager: Shutting down and abandoning module SuperSearch (201)
[2016.05.11-20.10.55:988][799]LogModuleManager: Shutting down and abandoning module WidgetCarousel (200)
[2016.05.11-20.10.55:988][799]LogModuleManager: Shutting down and abandoning module AddContentDialog (199)
[2016.05.11-20.10.55:991][799]LogModuleManager: Shutting down and abandoning module GameplayTags (198)
[2016.05.11-20.10.55:992][799]LogModuleManager: Shutting down and abandoning module EditorWidgets (197)
[2016.05.11-20.10.55:992][799]LogModuleManager: Shutting down and abandoning module CollectionManager (196)
[2016.05.11-20.10.56:004][799]LogModuleManager: Shutting down and abandoning module StatsViewer (195)
[2016.05.11-20.10.56:042][799]LogModuleManager: Shutting down and abandoning module FoliageEdit (194)
[2016.05.11-20.10.56:137][799]LogModuleManager: Shutting down and abandoning module LandscapeEditor (193)
[2016.05.11-20.10.56:226][799]LogModuleManager: Shutting down and abandoning module ActorPickerMode (192)
[2016.05.11-20.10.56:226][799]LogModuleManager: Shutting down and abandoning module GeometryMode (191)
[2016.05.11-20.10.56:226][799]LogModuleManager: Shutting down and abandoning module TextureAlignMode (190)
[2016.05.11-20.10.56:226][799]LogModuleManager: Shutting down and abandoning module BspMode (189)
[2016.05.11-20.10.56:226][799]LogModuleManager: Shutting down and abandoning module PlacementMode (188)
[2016.05.11-20.10.56:226][799]LogModuleManager: Shutting down and abandoning module AutomationWorker (187)
[2016.05.11-20.10.56:226][799]LogModuleManager: Shutting down and abandoning module CharacterAI (186)
[2016.05.11-20.10.56:226][799]LogModuleManager: Shutting down and abandoning module SmartSnapping (185)
[2016.05.11-20.10.56:226][799]LogModuleManager: Shutting down and abandoning module ViewportSnapping (184)
[2016.05.11-20.10.56:226][799]LogModuleManager: Shutting down and abandoning module LogVisualizer (183)
[2016.05.11-20.10.56:264][799]LogModuleManager: Shutting down and abandoning module GameProjectGeneration (182)
[2016.05.11-20.10.56:282][799]LogModuleManager: Shutting down and abandoning module IntroTutorials (181)
[2016.05.11-20.10.56:316][799]LogModuleManager: Shutting down and abandoning module EditorLiveStreaming (180)
[2016.05.11-20.10.56:316][799]LogModuleManager: Shutting down and abandoning module IOSPlatformEditor (179)
[2016.05.11-20.10.56:331][799]LogModuleManager: Shutting down and abandoning module HTML5PlatformEditor (178)
[2016.05.11-20.10.56:332][799]LogModuleManager: Shutting down and abandoning module AndroidDeviceDetection (177)
[2016.05.11-20.10.57:246][799]LogModuleManager: Shutting down and abandoning module AndroidPlatformEditor (176)
[2016.05.11-20.10.57:246][799]LogModuleManager: Shutting down and abandoning module IOSRuntimeSettings (175)
[2016.05.11-20.10.57:246][799]LogModuleManager: Shutting down and abandoning module AndroidRuntimeSettings (174)
[2016.05.11-20.10.57:246][799]LogModuleManager: Shutting down and abandoning module MergeActors (173)
[2016.05.11-20.10.57:275][799]LogModuleManager: Shutting down and abandoning module SizeMap (172)
[2016.05.11-20.10.57:289][799]LogModuleManager: Shutting down and abandoning module TreeMap (171)
[2016.05.11-20.10.57:300][799]LogModuleManager: Shutting down and abandoning module ReferenceViewer (170)
[2016.05.11-20.10.57:300][799]LogModuleManager: Shutting down and abandoning module LocalizationService (169)
[2016.05.11-20.10.57:316][799]LogModuleManager: Shutting down and abandoning module LocalizationDashboard (168)
[2016.05.11-20.10.57:326][799]LogModuleManager: Shutting down and abandoning module HardwareTargeting (167)
[2016.05.11-20.10.57:342][799]LogModuleManager: Shutting down and abandoning module DeviceProfileEditor (166)
[2016.05.11-20.10.57:360][799]LogModuleManager: Shutting down and abandoning module UndoHistory (165)
[2016.05.11-20.10.57:373][799]LogModuleManager: Shutting down and abandoning module UserFeedback (164)
[2016.05.11-20.10.57:373][799]LogModuleManager: Shutting down and abandoning module XmlParser (163)
[2016.05.11-20.10.57:373][799]LogModuleManager: Shutting down and abandoning module Blutility (162)
[2016.05.11-20.10.57:373][799]LogModuleManager: Shutting down and abandoning module ProjectTargetPlatformEditor (161)
[2016.05.11-20.10.57:374][799]LogModuleManager: Shutting down and abandoning module ProjectSettingsViewer (160)
[2016.05.11-20.10.57:374][799]LogModuleManager: Shutting down and abandoning module InputBindingEditor (159)
[2016.05.11-20.10.57:399][799]LogModuleManager: Shutting down and abandoning module EditorSettingsViewer (158)
[2016.05.11-20.10.57:399][799]LogModuleManager: Shutting down and abandoning module SettingsEditor (157)
[2016.05.11-20.10.57:417][799]LogModuleManager: Shutting down and abandoning module ProjectLauncher (156)
[2016.05.11-20.10.57:435][799]LogModuleManager: Shutting down and abandoning module SessionFrontend (155)
[2016.05.11-20.10.57:448][799]LogModuleManager: Shutting down and abandoning module ProfilerClient (154)
[2016.05.11-20.10.57:461][799]LogModuleManager: Shutting down and abandoning module TargetDeviceServices (153)
[2016.05.11-20.10.57:470][799]LogModuleManager: Shutting down and abandoning module DeviceManager (152)
[2016.05.11-20.10.57:518][799]LogModuleManager: Shutting down and abandoning module AutomationController (151)
[2016.05.11-20.10.57:535][799]LogModuleManager: Shutting down and abandoning module AutomationWindow (150)
[2016.05.11-20.10.57:552][799]LogModuleManager: Shutting down and abandoning module Layers (149)
[2016.05.11-20.10.57:570][799]LogModuleManager: Shutting down and abandoning module ComponentVisualizers (148)
[2016.05.11-20.10.57:570][799]LogModuleManager: Shutting down and abandoning module DetailCustomizations (147)
[2016.05.11-20.10.57:584][799]LogModuleManager: Shutting down and abandoning module PackagesDialog (146)
[2016.05.11-20.10.57:596][799]LogModuleManager: Shutting down and abandoning module Persona (145)
[2016.05.11-20.10.57:635][799]LogModuleManager: Shutting down and abandoning module Kismet (144)
[2016.05.11-20.10.57:640][799]LogModuleManager: Shutting down and abandoning module GraphEditor (143)
[2016.05.11-20.10.57:640][799]LogModuleManager: Shutting down and abandoning module ClassViewer (142)
[2016.05.11-20.10.57:641][799]LogModuleManager: Shutting down and abandoning module Toolbox (141)
[2016.05.11-20.10.57:650][799]LogModuleManager: Shutting down and abandoning module ModuleUI (140)
[2016.05.11-20.10.57:664][799]LogModuleManager: Shutting down and abandoning module MovieSceneTools (139)
[2016.05.11-20.10.57:670][799]LogModuleManager: Shutting down and abandoning module OutputLog (138)
[2016.05.11-20.10.57:670][799]LogModuleManager: Shutting down and abandoning module GammaUI (137)
[2016.05.11-20.10.57:688][799]LogModuleManager: Shutting down and abandoning module Documentation (136)
[2016.05.11-20.10.57:688][799]LogModuleManager: Shutting down and abandoning module StreamingPauseRendering (135)
[2016.05.11-20.10.57:688][799]LogModuleManager: Shutting down and abandoning module AnalyticsET (134)
[2016.05.11-20.10.57:688][799]LogModuleManager: Shutting down and abandoning module Analytics (133)
[2016.05.11-20.10.57:688][799]LogModuleManager: Shutting down and abandoning module PortalServices (132)
[2016.05.11-20.10.57:688][799]LogModuleManager: Shutting down and abandoning module PortalRpc (131)
[2016.05.11-20.10.57:688][799]LogModuleManager: Shutting down and abandoning module MessagingRpc (130)
[2016.05.11-20.10.57:688][799]LogModuleManager: Shutting down and abandoning module AITestSuite (129)
[2016.05.11-20.10.57:688][799]LogModuleManager: Shutting down and abandoning module GameplayDebugger (128)
[2016.05.11-20.10.57:700][799]LogModuleManager: Shutting down and abandoning module AIModule (127)
[2016.05.11-20.10.57:700][799]LogModuleManager: Shutting down and abandoning module ProfilerService (126)
[2016.05.11-20.10.57:917][799]LogModuleManager: Shutting down and abandoning module TaskGraph (125)
[2016.05.11-20.10.57:945][799]LogModuleManager: Shutting down and abandoning module SlateRemote (124)
[2016.05.11-20.10.57:946][799]LogModuleManager: Shutting down and abandoning module SteamVRController (123)
[2016.05.11-20.10.57:946][799]LogModuleManager: Shutting down and abandoning module SteamVR (122)
[2016.05.11-20.10.57:946][799]LogModuleManager: Shutting down and abandoning module ProceduralMeshComponent (121)
[2016.05.11-20.10.57:946][799]LogModuleManager: Shutting down and abandoning module OculusLibrary (120)
[2016.05.11-20.10.57:946][799]LogModuleManager: Shutting down and abandoning module OculusInput (119)
[2016.05.11-20.10.57:946][799]LogModuleManager: Shutting down and abandoning module CustomMeshComponent (118)
[2016.05.11-20.10.57:946][799]LogModuleManager: Shutting down and abandoning module CableComponent (117)
[2016.05.11-20.10.57:946][799]LogModuleManager: Shutting down and abandoning module ArchVisCharacter (116)
[2016.05.11-20.10.57:946][799]LogModuleManager: Shutting down and abandoning module MediaPlayerEditor (115)
[2016.05.11-20.10.57:962][799]LogModuleManager: Shutting down and abandoning module HTML5Networking (114)
[2016.05.11-20.10.57:963][799]LogModuleManager: Shutting down and abandoning module SpeedTreeImporter (113)
[2016.05.11-20.10.57:963][799]LogModuleManager: Shutting down and abandoning module PluginBrowser (112)
[2016.05.11-20.10.57:982][799]LogModuleManager: Shutting down and abandoning module EpicSurvey (111)
[2016.05.11-20.10.57:996][799]LogModuleManager: Shutting down and abandoning module DesktopPlatform (110)
[2016.05.11-20.10.58:012][799]LogModuleManager: Shutting down and abandoning module VisualStudioSourceCodeAccess (109)
[2016.05.11-20.10.58:022][799]LogModuleManager: Shutting down and abandoning module UObjectPlugin (108)
[2016.05.11-20.10.58:022][799]LogModuleManager: Shutting down and abandoning module SubversionSourceControl (107)
[2016.05.11-20.10.58:037][799]LogModuleManager: Shutting down and abandoning module PerforceSourceControl (106)
[2016.05.11-20.10.58:048][799]LogModuleManager: Shutting down and abandoning module SourceControl (105)
[2016.05.11-20.10.58:060][799]LogModuleManager: Shutting down and abandoning module GitSourceControl (104)
[2016.05.11-20.10.58:073][799]LogModuleManager: Shutting down and abandoning module LightPropagationVolumeEditor (103)
[2016.05.11-20.10.58:073][799]LogModuleManager: Shutting down and abandoning module PaperTiledImporter (102)
[2016.05.11-20.10.58:073][799]LogModuleManager: Shutting down and abandoning module PaperSpriteSheetImporter (101)
[2016.05.11-20.10.58:083][799]LogModuleManager: Shutting down and abandoning module MeshPaint (100)
[2016.05.11-20.10.58:093][799]LogModuleManager: Shutting down and abandoning module HotReload (99)
[2016.05.11-20.10.58:095][799]LogModuleManager: Shutting down and abandoning module MainFrame (98)
[2016.05.11-20.10.58:095][799]LogModuleManager: Shutting down and abandoning module LevelEditor (97)
[2016.05.11-20.10.58:097][799]LogModuleManager: Shutting down and abandoning module DirectoryWatcher (96)
[2016.05.11-20.10.58:099][799]LogModuleManager: Shutting down and abandoning module AssetRegistry (95)
[2016.05.11-20.10.58:293][799]LogModuleManager: Shutting down and abandoning module ContentBrowser (94)
[2016.05.11-20.10.58:296][799]LogModuleManager: Shutting down and abandoning module Paper2DEditor (93)
[2016.05.11-20.10.58:325][799]LogModuleManager: Shutting down and abandoning module UdpMessaging (92)
[2016.05.11-20.10.58:426][799]LogModuleManager: Shutting down and abandoning module LightPropagationVolumeRuntime (91)
[2016.05.11-20.10.58:426][799]LogModuleManager: Shutting down and abandoning module Paper2D (90)
[2016.05.11-20.10.58:443][799]LogModuleManager: Shutting down and abandoning module WindowsMoviePlayer (89)
[2016.05.11-20.10.58:470][799]LogModuleManager: Shutting down and abandoning module Media (88)
[2016.05.11-20.10.58:470][799]LogModuleManager: Shutting down and abandoning module WmfMedia (87)
[2016.05.11-20.10.58:480][799]LogModuleManager: Shutting down and abandoning module MediaAssets (86)
[2016.05.11-20.10.58:480][799]LogModuleManager: Shutting down and abandoning module GameLiveStreaming (85)
[2016.05.11-20.10.58:501][799]LogModuleManager: Shutting down and abandoning module GameplayTagsEditor (84)
[2016.05.11-20.10.58:501][799]LogModuleManager: Shutting down and abandoning module OnlineBlueprintSupport (83)
[2016.05.11-20.10.58:501][799]LogModuleManager: Shutting down and abandoning module GameplayTasksEditor (82)
[2016.05.11-20.10.58:501][799]LogModuleManager: Shutting down and abandoning module PropertyEditor (81)
[2016.05.11-20.10.58:501][799]LogModuleManager: Shutting down and abandoning module BehaviorTreeEditor (80)
[2016.05.11-20.10.58:506][799]LogModuleManager: Shutting down and abandoning module FunctionalTesting (79)
[2016.05.11-20.10.58:506][799]LogModuleManager: Shutting down and abandoning module CollisionAnalyzer (78)
[2016.05.11-20.10.58:531][799]LogModuleManager: Shutting down and abandoning module WorkspaceMenuStructure (77)
[2016.05.11-20.10.58:532][799]LogModuleManager: Shutting down and abandoning module MessageLog (76)
[2016.05.11-20.10.58:532][799]LogModuleManager: Shutting down and abandoning module Sequencer (75)
[2016.05.11-20.10.58:570][799]LogModuleManager: Shutting down and abandoning module AssetTools (74)
[2016.05.11-20.10.58:586][799]LogModuleManager: Shutting down and abandoning module UMGEditor (73)
[2016.05.11-20.10.58:618][799]LogModuleManager: Shutting down and abandoning module UMG (72)
[2016.05.11-20.10.58:652][799]LogModuleManager: Shutting down and abandoning module SlateReflector (71)
[2016.05.11-20.10.58:675][799]LogModuleManager: Shutting down and abandoning module Slate (70)
[2016.05.11-20.10.58:675][799]LogModuleManager: Shutting down and abandoning module EditorStyle (69)
[2016.05.11-20.10.58:690][799]LogModuleManager: Shutting down and abandoning module SessionServices (68)
[2016.05.11-20.10.58:690][799]LogModuleManager: Shutting down and abandoning module SourceCodeAccess (67)
[2016.05.11-20.10.58:690][799]LogModuleManager: Shutting down and abandoning module HeadMountedDisplay (66)
[2016.05.11-20.10.58:690][799]LogModuleManager: Shutting down and abandoning module XAudio2 (65)
[2016.05.11-20.10.58:690][799]LogModuleManager: Shutting down and abandoning module Networking (63)
[2016.05.11-20.10.58:690][799]LogModuleManager: Shutting down and abandoning module Core (62)
[2016.05.11-20.10.58:690][799]LogModuleManager: Shutting down and abandoning module KismetCompiler (61)
[2016.05.11-20.10.58:705][799]LogModuleManager: Shutting down and abandoning module PhysXFormats (60)
[2016.05.11-20.10.58:705][799]LogModuleManager: Shutting down and abandoning module MeshUtilities (59)
[2016.05.11-20.10.58:730][799]LogModuleManager: Shutting down and abandoning module CookingStats (58)
[2016.05.11-20.10.58:730][799]LogModuleManager: Shutting down and abandoning module DerivedDataCache (57)
[2016.05.11-20.10.58:731][799]LogDerivedDataCache: Shutdown
[2016.05.11-20.10.58:731][799]LogModuleManager: Shutting down and abandoning module ShaderFormatOpenGL (56)
[2016.05.11-20.10.58:731][799]LogModuleManager: Shutting down and abandoning module ShaderFormatD3D (55)
[2016.05.11-20.10.58:731][799]LogModuleManager: Shutting down and abandoning module MetalShaderFormat (54)
[2016.05.11-20.10.58:740][799]LogModuleManager: Shutting down and abandoning module TextureFormatUncompressed (53)
[2016.05.11-20.10.58:740][799]LogModuleManager: Shutting down and abandoning module TextureFormatPVR (52)
[2016.05.11-20.10.58:740][799]LogModuleManager: Shutting down and abandoning module TextureFormatIntelISPCTexComp (51)
[2016.05.11-20.10.58:740][799]LogModuleManager: Shutting down and abandoning module TextureFormatDXT (50)
[2016.05.11-20.10.58:740][799]LogModuleManager: Shutting down and abandoning module ImageWrapper (49)
[2016.05.11-20.10.58:740][799]LogModuleManager: Shutting down and abandoning module TextureFormatASTC (48)
[2016.05.11-20.10.58:740][799]LogModuleManager: Shutting down and abandoning module TextureFormatAndroid (47)
[2016.05.11-20.10.58:741][799]LogModuleManager: Shutting down and abandoning module AudioFormatOpus (46)
[2016.05.11-20.10.58:746][799]LogModuleManager: Shutting down and abandoning module AudioFormatOgg (45)
[2016.05.11-20.10.58:746][799]LogModuleManager: Shutting down and abandoning module AudioFormatADPCM (44)
[2016.05.11-20.10.58:746][799]LogModuleManager: Shutting down and abandoning module LinuxTargetPlatform (43)
[2016.05.11-20.10.58:746][799]LogModuleManager: Shutting down and abandoning module LinuxServerTargetPlatform (42)
[2016.05.11-20.10.58:746][799]LogModuleManager: Shutting down and abandoning module LinuxNoEditorTargetPlatform (41)
[2016.05.11-20.10.58:746][799]LogModuleManager: Shutting down and abandoning module TVOSTargetPlatform (40)
[2016.05.11-20.10.58:746][799]LogModuleManager: Shutting down and abandoning module Messaging (39)
[2016.05.11-20.10.58:746][799]LogModuleManager: Shutting down and abandoning module IOSTargetPlatform (38)
[2016.05.11-20.10.58:746][799]LogModuleManager: Shutting down and abandoning module HTML5TargetPlatform (37)
[2016.05.11-20.10.58:746][799]LogModuleManager: Shutting down and abandoning module Android_PVRTCTargetPlatform (36)
[2016.05.11-20.10.58:746][799]LogModuleManager: Shutting down and abandoning module Android_MultiTargetPlatform (35)
[2016.05.11-20.10.58:768][799]LogModuleManager: Shutting down and abandoning module Android_ETC2TargetPlatform (34)
[2016.05.11-20.10.58:769][799]LogModuleManager: Shutting down and abandoning module Android_ETC1TargetPlatform (33)
[2016.05.11-20.10.58:769][799]LogModuleManager: Shutting down and abandoning module Android_DXTTargetPlatform (32)
[2016.05.11-20.10.58:769][799]LogModuleManager: Shutting down and abandoning module Android_ATCTargetPlatform (31)
[2016.05.11-20.10.58:769][799]LogModuleManager: Shutting down and abandoning module Android_ASTCTargetPlatform (30)
[2016.05.11-20.10.58:769][799]LogModuleManager: Shutting down and abandoning module AndroidTargetPlatform (29)
[2016.05.11-20.10.58:769][799]LogModuleManager: Shutting down and abandoning module WindowsTargetPlatform (28)
[2016.05.11-20.10.58:769][799]LogModuleManager: Shutting down and abandoning module WindowsServerTargetPlatform (27)
[2016.05.11-20.10.58:770][799]LogModuleManager: Shutting down and abandoning module WindowsNoEditorTargetPlatform (26)
[2016.05.11-20.10.58:770][799]LogModuleManager: Shutting down and abandoning module WindowsClientTargetPlatform (25)
[2016.05.11-20.10.58:770][799]LogModuleManager: Shutting down and abandoning module AllDesktopTargetPlatform (24)
[2016.05.11-20.10.58:770][799]LogModuleManager: Shutting down and abandoning module TargetPlatform (23)
[2016.05.11-20.10.58:770][799]LogModuleManager: Shutting down and abandoning module InputCore (22)
[2016.05.11-20.10.58:770][799]LogModuleManager: Shutting down and abandoning module Settings (21)
[2016.05.11-20.10.58:770][799]LogModuleManager: Shutting down and abandoning module OnlineSubsystem (19)
[2016.05.11-20.10.58:779][799]LogModuleManager: Shutting down and abandoning module HTTP (18)
[2016.05.11-20.11.00:794][799]LogModuleManager: Shutting down and abandoning module XMPP (17)
[2016.05.11-20.11.00:839][799]LogModuleManager: Shutting down and abandoning module OculusRift (16)
[2016.05.11-20.11.00:868][799]LogModuleManager: Shutting down and abandoning module ExampleDeviceProfileSelector (15)
[2016.05.11-20.11.00:868][799]LogModuleManager: Shutting down and abandoning module TextureCompressor (14)
[2016.05.11-20.11.00:869][799]LogModuleManager: Shutting down and abandoning module ShaderCore (13)
[2016.05.11-20.11.00:869][799]LogModuleManager: Shutting down and abandoning module Landscape (12)
[2016.05.11-20.11.00:869][799]LogModuleManager: Shutting down and abandoning module SlateRHIRenderer (11)
[2016.05.11-20.11.00:886][799]LogModuleManager: Shutting down and abandoning module OpenGLDrv (10)
[2016.05.11-20.11.00:912][799]LogModuleManager: Shutting down and abandoning module D3D11RHI (9)
[2016.05.11-20.11.00:912][799]LogModuleManager: Shutting down and abandoning module AnimGraphRuntime (8)
[2016.05.11-20.11.00:912][799]LogModuleManager: Shutting down and abandoning module Renderer (7)
[2016.05.11-20.11.00:912][799]LogModuleManager: Shutting down and abandoning module Engine (6)
[2016.05.11-20.11.00:912][799]LogModuleManager: Shutting down and abandoning module CoreUObject (5)
[2016.05.11-20.11.00:912][799]LogModuleManager: Shutting down and abandoning module NetworkFile (4)
[2016.05.11-20.11.00:921][799]LogModuleManager: Shutting down and abandoning module StreamingFile (3)
[2016.05.11-20.11.00:921][799]LogModuleManager: Shutting down and abandoning module SandboxFile (2)
[2016.05.11-20.11.00:952][799]LogModuleManager: Shutting down and abandoning module PakFile (1)
[2016.05.11-20.11.00:953][799]LogExit: Exiting.
[2016.05.11-20.11.00:963][799]Log file closed, 05/11/16 16:11:00
