Log file open, 05/11/16 13:11:00
LogInit:Display: Running engine for game: HafeezSpaceShooter
LogPlatformFile: Not using cached read wrapper
LogInit:Display: RandInit(1679585679) SRandInit(1679585680).
LogTaskGraph: Started task graph with 4 named threads and 5 total threads.
LogStats: Stats thread started at 0.065120
LogInit: Version: 4.11.2-2946394+++UE4+Release-4.11
LogInit: API Version: 2927265
LogInit: Compiled (64-bit): Apr 18 2016 02:18:46
LogInit: Compiled with Visual C++: 19.00.23026.00
LogInit: Build Configuration: Development
LogInit: Branch Name: ++UE4+Release-4.11
LogInit: Command line:  -game
LogInit: Base directory: C:/Program Files (x86)/Epic Games/4.11/Engine/Binaries/Win64/
LogInit: Installed Engine Build: 1
LogInit: Using libcurl 7.41.0
LogInit:  - built for x86_64-pc-win32
LogInit:  - supports SSL with WinSSL
LogInit:  - other features:
LogInit:      CURL_VERSION_SSL
LogInit:      CURL_VERSION_IPV6
LogInit:      CURL_VERSION_ASYNCHDNS
LogInit:      CURL_VERSION_LARGEFILE
LogInit:      CURL_VERSION_IDN
LogInit:  CurlRequestOptions (configurable via config and command line):
LogInit:  - bVerifyPeer = true  - Libcurl will verify peer certificate
LogInit:  - bUseHttpProxy = false  - Libcurl will NOT use HTTP proxy
LogInit:  - bDontReuseConnections = false  - Libcurl will reuse connections
LogInit:  - CertBundlePath = nullptr  - Libcurl will use whatever was configured at build time.
LogInit: Presizing for max 16777216 objects, including 0 objects not considered by GC, pre-allocating 0 bytes for permanent pool.
LogInit: Object subsystem initialized
[2016.05.11-17.11.00:353][  0]LogInit: Selected Device Profile: [Windows]
[2016.05.11-17.11.00:353][  0]LogInit: Applying CVar settings loaded from the selected device profile: [Windows]
[2016.05.11-17.11.00:363][  0]LogInit: Computer: UZAIR_HAFEEZ
[2016.05.11-17.11.00:363][  0]LogInit: User: UzairHafeez
[2016.05.11-17.11.00:363][  0]LogInit: CPU Page size=65536, Cores=2
[2016.05.11-17.11.00:363][  0]LogInit: High frequency timer resolution =2.240905 MHz
[2016.05.11-17.11.00:363][  0]LogMemory: Memory total: Physical=3.9GB (4GB approx)
[2016.05.11-17.11.00:363][  0]LogMemory: Platform Memory Stats for Windows
[2016.05.11-17.11.00:363][  0]LogMemory: Process Physical Memory: 310.45 MB used, 310.45 MB peak
[2016.05.11-17.11.00:363][  0]LogMemory: Process Virtual Memory: 315.16 MB used, 315.16 MB peak
[2016.05.11-17.11.00:363][  0]LogMemory: Physical Memory: 2258.36 MB used, 3979.78 MB total
[2016.05.11-17.11.00:363][  0]LogMemory: Virtual Memory: 629.86 MB used, 134217728.00 MB total
[2016.05.11-17.11.00:405][  0]LogTextLocalizationManager: No specific translations for ('en-US') exist, so ('en') translations will be used.
[2016.05.11-17.11.00:983][  0]LogD3D11RHI: D3D11 adapters:
[2016.05.11-17.11.00:993][  0]LogD3D11RHI:    0. 'Intel(R) HD Graphics Family' (Feature Level 11_0)
[2016.05.11-17.11.00:993][  0]LogD3D11RHI:       32MB of dedicated video memory, 0MB of dedicated system memory, and 1760MB of shared system memory, 1 output[s]
[2016.05.11-17.11.00:995][  0]LogD3D11RHI:    1. 'Microsoft Basic Render Driver' (Feature Level 11_0)
[2016.05.11-17.11.00:995][  0]LogD3D11RHI:       0MB of dedicated video memory, 0MB of dedicated system memory, and 256MB of shared system memory, 0 output[s]
[2016.05.11-17.11.00:995][  0]LogD3D11RHI: Chosen D3D11 Adapter: 0
[2016.05.11-17.11.00:999][  0]LogD3D11RHI: Creating new Direct3DDevice
[2016.05.11-17.11.01:000][  0]LogD3D11RHI:     Adapter Name: Intel(R) HD Graphics Family
[2016.05.11-17.11.01:000][  0]LogD3D11RHI:   Driver Version: 10.18.14.4062 (internal 10.18.14.4062)
[2016.05.11-17.11.01:000][  0]LogD3D11RHI:      Driver Date: 12-15-2014
[2016.05.11-17.11.01:000][  0]LogRHI: Texture pool is 638 MB (70% of 912 MB)
[2016.05.11-17.11.01:009][  0]LogD3D11RHI: Async texture creation enabled
[2016.05.11-17.11.01:016][  0]LogShaderCompilers: Guid format shader working directory is -41 characters bigger than the processId version (../../../../../../Users/Uzair Hafeez/Downloads/SpaceShooterFinalVersion/HafeezSpaceShooter/Intermediate/Shaders/WorkingDirectory/2968/).
[2016.05.11-17.11.01:016][  0]LogShaderCompilers: Cleaned the shader compiler working directory 'C:/Users/UZAIRH~1/AppData/Local/Temp/UnrealShaderWorkingDir/E8EA726D40984F3769A902B5588FC26A/'.
[2016.05.11-17.11.01:016][  0]LogShaderCompilers:Display: Using Local Shader Compiler.
[2016.05.11-17.11.02:372][  0]LogTemp:Display: Loaded TP AllDesktopTargetPlatform
[2016.05.11-17.11.02:379][  0]LogTemp:Display: Loaded TP WindowsClientTargetPlatform
[2016.05.11-17.11.02:385][  0]LogTemp:Display: Loaded TP WindowsNoEditorTargetPlatform
[2016.05.11-17.11.02:391][  0]LogTemp:Display: Loaded TP WindowsServerTargetPlatform
[2016.05.11-17.11.02:397][  0]LogTemp:Display: Loaded TP WindowsTargetPlatform
[2016.05.11-17.11.02:402][  0]LogTemp:Display: Loaded TP AndroidTargetPlatform
[2016.05.11-17.11.02:406][  0]LogTemp:Display: Loaded TP Android_ASTCTargetPlatform
[2016.05.11-17.11.02:410][  0]LogTemp:Display: Loaded TP Android_ATCTargetPlatform
[2016.05.11-17.11.02:414][  0]LogTemp:Display: Loaded TP Android_DXTTargetPlatform
[2016.05.11-17.11.02:418][  0]LogTemp:Display: Loaded TP Android_ETC1TargetPlatform
[2016.05.11-17.11.02:422][  0]LogTemp:Display: Loaded TP Android_ETC2TargetPlatform
[2016.05.11-17.11.02:431][  0]LogTemp:Display: Loaded TP Android_MultiTargetPlatform
[2016.05.11-17.11.02:431][  0]LogTemp:Display: Loaded TP Android_PVRTCTargetPlatform
[2016.05.11-17.11.02:432][  0]LogTemp:Display: Loaded TP HTML5TargetPlatform
[2016.05.11-17.11.02:451][  0]LogTemp:Display: Loaded TP IOSTargetPlatform
[2016.05.11-17.11.02:455][  0]LogTemp:Display: Loaded TP TVOSTargetPlatform
[2016.05.11-17.11.02:459][  0]LogTemp:Display: Loaded TP LinuxNoEditorTargetPlatform
[2016.05.11-17.11.02:463][  0]LogTemp:Display: Loaded TP LinuxServerTargetPlatform
[2016.05.11-17.11.02:468][  0]LogTemp:Display: Loaded TP LinuxTargetPlatform
[2016.05.11-17.11.02:468][  0]LogTargetPlatformManager:Display: Building Assets For Windows
[2016.05.11-17.11.02:612][  0]LogDerivedDataCache:Display: Max Cache Size: 512 MB
[2016.05.11-17.11.02:673][  0]LogDerivedDataCache: Loaded boot cache 0.06s 46MB C:/Users/Uzair Hafeez/AppData/Local/UnrealEngine/4.11/DerivedDataCache/Boot.ddc.
[2016.05.11-17.11.02:673][  0]LogDerivedDataCache:Display: Loaded Boot cache: C:/Users/Uzair Hafeez/AppData/Local/UnrealEngine/4.11/DerivedDataCache/Boot.ddc
[2016.05.11-17.11.02:673][  0]LogDerivedDataCache: FDerivedDataBackendGraph:  Pak pak cache file ../../../../../../Users/Uzair Hafeez/Downloads/SpaceShooterFinalVersion/HafeezSpaceShooter/DerivedDataCache/DDC.ddp not found, will not use a pak cache.
[2016.05.11-17.11.02:673][  0]LogDerivedDataCache: Unable to find inner node Pak for hierarchical cache Hierarchy.
[2016.05.11-17.11.02:673][  0]LogDerivedDataCache: FDerivedDataBackendGraph:  CompressedPak pak cache file ../../../../../../Users/Uzair Hafeez/Downloads/SpaceShooterFinalVersion/HafeezSpaceShooter/DerivedDataCache/Compressed.ddp not found, will not use a pak cache.
[2016.05.11-17.11.02:673][  0]LogDerivedDataCache: Unable to find inner node CompressedPak for hierarchical cache Hierarchy.
[2016.05.11-17.11.02:691][  0]LogDerivedDataCache:Display: Pak cache opened for reading ../../../Engine/DerivedDataCache/Compressed.ddp.
[2016.05.11-17.11.02:704][  0]LogDerivedDataCache: Using Local data cache path C:/Users/Uzair Hafeez/AppData/Local/UnrealEngine/Common/DerivedDataCache: Writable
[2016.05.11-17.11.02:937][  0]LogInit: Selected Device Profile: [Windows]
[2016.05.11-17.11.02:968][  0]LogMaterial: Uniform references updated for custom material expression Custom.
[2016.05.11-17.11.02:968][  0]LogContentStreaming: Texture pool size is 1000.00 MB
[2016.05.11-17.11.03:124][  0]LogMeshUtilities: No automatic mesh reduction module available
[2016.05.11-17.11.03:124][  0]LogMeshUtilities: No automatic mesh merging module available
[2016.05.11-17.11.03:124][  0]LogMeshUtilities: No distributed automatic mesh merging module available
[2016.05.11-17.11.03:467][  0]LogInit: WinSock: version 1.1 (2.2), MaxSocks=32767, MaxUdp=65467
[2016.05.11-17.11.03:550][  0]LogSlate: SlateFontCache - WITH_FREETYPE: 1, WITH_HARFBUZZ: 1
[2016.05.11-17.11.03:550][  0]LogSlate: SlateFontCache - WITH_FREETYPE: 1, WITH_HARFBUZZ: 1
[2016.05.11-17.11.03:843][  0]LogWindowsMoviePlayer: Unable to load movie: ../../../../../../Users/Uzair Hafeez/Downloads/SpaceShooterFinalVersion/HafeezSpaceShooter/Content/Movies/Default_Startup.mp4
[2016.05.11-17.11.03:979][  0]SourceControl: Info Source control is disabled
[2016.05.11-17.11.03:980][  0]SourceControl: Info Source control is disabled
[2016.05.11-17.11.03:995][  0]SourceControl: Info Source control is disabled
[2016.05.11-17.11.04:133][  0]LogHMD: Failed to initialize OpenVR with code 110
[2016.05.11-17.11.04:162][  0]LogUObjectArray: 29224 objects as part of root set at end of initial load.
[2016.05.11-17.11.04:162][  0]LogUObjectAllocator: 6081368 out of 0 bytes used by permanent object pool.
[2016.05.11-17.11.04:162][  0]LogUObjectArray: CloseDisregardForGC: 0/0 objects in disregard for GC pool
[2016.05.11-17.11.04:231][  0]LogEngine: Initializing Engine...
[2016.05.11-17.11.04:398][  0]LogInit: XAudio2 using 'Speakers (High Definition Audio Device)' : 2 channels at 44.1 kHz using 16 bits per sample (channel mask 0x3)
[2016.05.11-17.11.04:416][  0]LogInit: FAudioDevice initialized.
[2016.05.11-17.11.04:450][  0]LogDerivedDataCache: Saved boot cache 0.03s 46MB C:/Users/Uzair Hafeez/AppData/Local/UnrealEngine/4.11/DerivedDataCache/Boot.ddc.
[2016.05.11-17.11.04:458][  0]LogInit: Texture streaming: Enabled
[2016.05.11-17.11.04:801][  0]LogNet: Browse: /Game/Maps/Main?Name=Player
[2016.05.11-17.11.04:802][  0]LogLoad: LoadMap: /Game/Maps/Main?Name=Player
[2016.05.11-17.11.04:831][  0]LogMemory: Platform Memory Stats for Windows
[2016.05.11-17.11.04:831][  0]LogMemory: Process Physical Memory: 625.41 MB used, 628.21 MB peak
[2016.05.11-17.11.04:831][  0]LogMemory: Process Virtual Memory: 609.75 MB used, 616.15 MB peak
[2016.05.11-17.11.04:831][  0]LogMemory: Physical Memory: 1903.60 MB used, 3979.78 MB total
[2016.05.11-17.11.04:831][  0]LogMemory: Virtual Memory: 1149.88 MB used, 134217728.00 MB total
[2016.05.11-17.11.04:831][  0]LogMemory: 
[2016.05.11-17.11.04:831][  0]Allocator Stats for TBB: (not implemented)
[2016.05.11-17.11.05:437][  0]LogAIModule: Creating AISystem for world Main
[2016.05.11-17.11.05:441][  0]LogWorld: Game class is 'Shooter_C'
[2016.05.11-17.11.05:446][  0]LogWorld: Bringing World /Game/Maps/Main.Main up for play (max tick rate 0) at 2016.05.11-13.11.05
[2016.05.11-17.11.05:447][  0]LogWorld: Bringing up level for play took: 0.004811
[2016.05.11-17.11.05:447][  0]LogGameMode: Warning - PATHS NOT DEFINED or NO PLAYERSTART with positive rating
[2016.05.11-17.11.05:449][  0]LogInit:Display: Game Engine Initialized.
[2016.05.11-17.11.05:679][  0]LogLoad: Full Startup: 6.16 seconds (BP compile: 0.17 seconds)
[2016.05.11-17.11.05:679][  0]LogExternalProfiler: Found external profiler: VSPerf
[2016.05.11-17.11.05:679][  0]LogExternalProfiler: Using external profiler: VSPerf
[2016.05.11-17.11.05:696][  0]LogOcInput: OculusInput pre-init called
[2016.05.11-17.11.05:804][  2]LogRenderer: Reallocating scene render targets to support 1280x720 (Frame:2).
[2016.05.11-17.11.20:741][228]LogWindowsTextInputMethodSystem:Display: IME system now deactivated.
[2016.05.11-17.11.20:750][228]LogEngine: All Windows Closed
[2016.05.11-17.11.20:750][228]LogWindows: FPlatformMisc::RequestExit(0)
[2016.05.11-17.11.21:295][229]LogExit: Preparing to exit.
[2016.05.11-17.11.21:382][229]LogExit: Game engine shut down
[2016.05.11-17.11.21:493][229]LogObj: Freed 0b from 0 cluster array pools.
[2016.05.11-17.11.21:493][229]LogExit: Object subsystem successfully closed.
[2016.05.11-17.11.21:510][229]LogD3D11RHI: Shutdown
[2016.05.11-17.11.21:510][229]LogD3D11RHI: CleanupD3DDevice
[2016.05.11-17.11.21:563][229]LogD3D11RHI: ~FD3D11DynamicRHI
[2016.05.11-17.11.21:708][229]LogDerivedDataCache: Shutdown
[2016.05.11-17.11.21:708][229]LogModuleManager: Shutting down and abandoning module AndroidDeviceDetection (124)
[2016.05.11-17.11.21:767][229]LogModuleManager: Shutting down and abandoning module AutomationController (123)
[2016.05.11-17.11.21:767][229]LogModuleManager: Shutting down and abandoning module AutomationWorker (122)
[2016.05.11-17.11.21:767][229]LogModuleManager: Shutting down and abandoning module CharacterAI (121)
[2016.05.11-17.11.21:767][229]LogModuleManager: Shutting down and abandoning module AITestSuite (120)
[2016.05.11-17.11.21:767][229]LogModuleManager: Shutting down and abandoning module GameplayDebugger (119)
[2016.05.11-17.11.21:767][229]LogModuleManager: Shutting down and abandoning module AIModule (118)
[2016.05.11-17.11.21:767][229]LogModuleManager: Shutting down and abandoning module MovieSceneCapture (117)
[2016.05.11-17.11.21:767][229]LogModuleManager: Shutting down and abandoning module StreamingPauseRendering (116)
[2016.05.11-17.11.21:767][229]LogModuleManager: Shutting down and abandoning module PortalServices (115)
[2016.05.11-17.11.21:767][229]LogModuleManager: Shutting down and abandoning module PortalRpc (114)
[2016.05.11-17.11.21:767][229]LogModuleManager: Shutting down and abandoning module MessagingRpc (113)
[2016.05.11-17.11.21:767][229]LogModuleManager: Shutting down and abandoning module ProfilerService (112)
[2016.05.11-17.11.21:938][229]LogModuleManager: Shutting down and abandoning module TaskGraph (111)
[2016.05.11-17.11.21:938][229]LogModuleManager: Shutting down and abandoning module SlateRemote (110)
[2016.05.11-17.11.21:938][229]LogModuleManager: Shutting down and abandoning module SteamVRController (109)
[2016.05.11-17.11.21:938][229]LogModuleManager: Shutting down and abandoning module SteamVR (108)
[2016.05.11-17.11.21:938][229]LogModuleManager: Shutting down and abandoning module ProceduralMeshComponent (107)
[2016.05.11-17.11.21:938][229]LogModuleManager: Shutting down and abandoning module OculusLibrary (106)
[2016.05.11-17.11.21:938][229]LogModuleManager: Shutting down and abandoning module OculusInput (105)
[2016.05.11-17.11.21:938][229]LogModuleManager: Shutting down and abandoning module CustomMeshComponent (104)
[2016.05.11-17.11.21:938][229]LogModuleManager: Shutting down and abandoning module CableComponent (103)
[2016.05.11-17.11.21:938][229]LogModuleManager: Shutting down and abandoning module ArchVisCharacter (102)
[2016.05.11-17.11.21:938][229]LogModuleManager: Shutting down and abandoning module HTML5Networking (101)
[2016.05.11-17.11.21:938][229]LogModuleManager: Shutting down and abandoning module DesktopPlatform (100)
[2016.05.11-17.11.21:938][229]LogModuleManager: Shutting down and abandoning module DirectoryWatcher (99)
[2016.05.11-17.11.21:938][229]LogModuleManager: Shutting down and abandoning module HotReload (98)
[2016.05.11-17.11.21:938][229]LogModuleManager: Shutting down and abandoning module VisualStudioSourceCodeAccess (97)
[2016.05.11-17.11.21:938][229]LogModuleManager: Shutting down and abandoning module UObjectPlugin (96)
[2016.05.11-17.11.21:938][229]LogModuleManager: Shutting down and abandoning module SubversionSourceControl (95)
[2016.05.11-17.11.21:938][229]LogModuleManager: Shutting down and abandoning module SourceControl (94)
[2016.05.11-17.11.21:938][229]LogModuleManager: Shutting down and abandoning module PerforceSourceControl (93)
[2016.05.11-17.11.21:938][229]LogModuleManager: Shutting down and abandoning module UdpMessaging (92)
[2016.05.11-17.11.21:938][229]LogModuleManager: Shutting down and abandoning module LightPropagationVolumeRuntime (91)
[2016.05.11-17.11.21:939][229]LogModuleManager: Shutting down and abandoning module Paper2D (90)
[2016.05.11-17.11.21:939][229]LogModuleManager: Shutting down and abandoning module WindowsMoviePlayer (89)
[2016.05.11-17.11.21:939][229]LogModuleManager: Shutting down and abandoning module Media (88)
[2016.05.11-17.11.21:939][229]LogModuleManager: Shutting down and abandoning module WmfMedia (87)
[2016.05.11-17.11.21:939][229]LogModuleManager: Shutting down and abandoning module MediaAssets (86)
[2016.05.11-17.11.21:939][229]LogModuleManager: Shutting down and abandoning module GameLiveStreaming (85)
[2016.05.11-17.11.21:939][229]LogModuleManager: Shutting down and abandoning module GameplayTagsEditor (84)
[2016.05.11-17.11.21:939][229]LogModuleManager: Shutting down and abandoning module OnlineBlueprintSupport (83)
[2016.05.11-17.11.21:939][229]LogModuleManager: Shutting down and abandoning module GameplayTasksEditor (82)
[2016.05.11-17.11.21:939][229]LogModuleManager: Shutting down and abandoning module PropertyEditor (81)
[2016.05.11-17.11.21:939][229]LogModuleManager: Shutting down and abandoning module BehaviorTreeEditor (80)
[2016.05.11-17.11.21:939][229]LogModuleManager: Shutting down and abandoning module FunctionalTesting (79)
[2016.05.11-17.11.21:939][229]LogModuleManager: Shutting down and abandoning module CollisionAnalyzer (78)
[2016.05.11-17.11.21:939][229]LogModuleManager: Shutting down and abandoning module WorkspaceMenuStructure (77)
[2016.05.11-17.11.21:939][229]LogModuleManager: Shutting down and abandoning module MessageLog (76)
[2016.05.11-17.11.21:939][229]LogModuleManager: Shutting down and abandoning module Sequencer (75)
[2016.05.11-17.11.21:939][229]LogModuleManager: Shutting down and abandoning module AssetTools (74)
[2016.05.11-17.11.21:939][229]LogModuleManager: Shutting down and abandoning module UMGEditor (73)
[2016.05.11-17.11.21:939][229]LogModuleManager: Shutting down and abandoning module UMG (72)
[2016.05.11-17.11.21:939][229]LogModuleManager: Shutting down and abandoning module SlateReflector (71)
[2016.05.11-17.11.21:939][229]LogModuleManager: Shutting down and abandoning module Slate (70)
[2016.05.11-17.11.21:939][229]LogModuleManager: Shutting down and abandoning module EditorStyle (69)
[2016.05.11-17.11.21:943][229]LogModuleManager: Shutting down and abandoning module SessionServices (68)
[2016.05.11-17.11.21:943][229]LogModuleManager: Shutting down and abandoning module SourceCodeAccess (67)
[2016.05.11-17.11.21:943][229]LogModuleManager: Shutting down and abandoning module HeadMountedDisplay (66)
[2016.05.11-17.11.21:943][229]LogModuleManager: Shutting down and abandoning module XAudio2 (65)
[2016.05.11-17.11.21:943][229]LogModuleManager: Shutting down and abandoning module Networking (63)
[2016.05.11-17.11.21:943][229]LogModuleManager: Shutting down and abandoning module Core (62)
[2016.05.11-17.11.21:943][229]LogModuleManager: Shutting down and abandoning module KismetCompiler (61)
[2016.05.11-17.11.21:943][229]LogModuleManager: Shutting down and abandoning module PhysXFormats (60)
[2016.05.11-17.11.21:943][229]LogModuleManager: Shutting down and abandoning module MeshUtilities (59)
[2016.05.11-17.11.21:943][229]LogModuleManager: Shutting down and abandoning module CookingStats (58)
[2016.05.11-17.11.21:943][229]LogModuleManager: Shutting down and abandoning module DerivedDataCache (57)
[2016.05.11-17.11.21:943][229]LogDerivedDataCache: Shutdown
[2016.05.11-17.11.21:943][229]LogModuleManager: Shutting down and abandoning module ShaderFormatOpenGL (56)
[2016.05.11-17.11.21:943][229]LogModuleManager: Shutting down and abandoning module ShaderFormatD3D (55)
[2016.05.11-17.11.21:943][229]LogModuleManager: Shutting down and abandoning module MetalShaderFormat (54)
[2016.05.11-17.11.21:943][229]LogModuleManager: Shutting down and abandoning module TextureFormatUncompressed (53)
[2016.05.11-17.11.21:943][229]LogModuleManager: Shutting down and abandoning module TextureFormatPVR (52)
[2016.05.11-17.11.21:943][229]LogModuleManager: Shutting down and abandoning module TextureFormatIntelISPCTexComp (51)
[2016.05.11-17.11.21:943][229]LogModuleManager: Shutting down and abandoning module TextureFormatDXT (50)
[2016.05.11-17.11.21:943][229]LogModuleManager: Shutting down and abandoning module ImageWrapper (49)
[2016.05.11-17.11.21:943][229]LogModuleManager: Shutting down and abandoning module TextureFormatASTC (48)
[2016.05.11-17.11.21:943][229]LogModuleManager: Shutting down and abandoning module TextureFormatAndroid (47)
[2016.05.11-17.11.21:943][229]LogModuleManager: Shutting down and abandoning module AudioFormatOpus (46)
[2016.05.11-17.11.21:943][229]LogModuleManager: Shutting down and abandoning module AudioFormatOgg (45)
[2016.05.11-17.11.21:943][229]LogModuleManager: Shutting down and abandoning module AudioFormatADPCM (44)
[2016.05.11-17.11.21:943][229]LogModuleManager: Shutting down and abandoning module LinuxTargetPlatform (43)
[2016.05.11-17.11.21:943][229]LogModuleManager: Shutting down and abandoning module LinuxServerTargetPlatform (42)
[2016.05.11-17.11.21:943][229]LogModuleManager: Shutting down and abandoning module LinuxNoEditorTargetPlatform (41)
[2016.05.11-17.11.21:943][229]LogModuleManager: Shutting down and abandoning module TVOSTargetPlatform (40)
[2016.05.11-17.11.21:943][229]LogModuleManager: Shutting down and abandoning module Messaging (39)
[2016.05.11-17.11.21:943][229]LogModuleManager: Shutting down and abandoning module IOSTargetPlatform (38)
[2016.05.11-17.11.21:943][229]LogModuleManager: Shutting down and abandoning module HTML5TargetPlatform (37)
[2016.05.11-17.11.21:943][229]LogModuleManager: Shutting down and abandoning module Android_PVRTCTargetPlatform (36)
[2016.05.11-17.11.21:943][229]LogModuleManager: Shutting down and abandoning module Android_MultiTargetPlatform (35)
[2016.05.11-17.11.21:943][229]LogModuleManager: Shutting down and abandoning module Android_ETC2TargetPlatform (34)
[2016.05.11-17.11.21:943][229]LogModuleManager: Shutting down and abandoning module Android_ETC1TargetPlatform (33)
[2016.05.11-17.11.21:943][229]LogModuleManager: Shutting down and abandoning module Android_DXTTargetPlatform (32)
[2016.05.11-17.11.21:943][229]LogModuleManager: Shutting down and abandoning module Android_ATCTargetPlatform (31)
[2016.05.11-17.11.21:943][229]LogModuleManager: Shutting down and abandoning module Android_ASTCTargetPlatform (30)
[2016.05.11-17.11.21:943][229]LogModuleManager: Shutting down and abandoning module AndroidTargetPlatform (29)
[2016.05.11-17.11.21:943][229]LogModuleManager: Shutting down and abandoning module WindowsTargetPlatform (28)
[2016.05.11-17.11.21:943][229]LogModuleManager: Shutting down and abandoning module WindowsServerTargetPlatform (27)
[2016.05.11-17.11.21:943][229]LogModuleManager: Shutting down and abandoning module WindowsNoEditorTargetPlatform (26)
[2016.05.11-17.11.21:943][229]LogModuleManager: Shutting down and abandoning module WindowsClientTargetPlatform (25)
[2016.05.11-17.11.21:943][229]LogModuleManager: Shutting down and abandoning module AllDesktopTargetPlatform (24)
[2016.05.11-17.11.21:943][229]LogModuleManager: Shutting down and abandoning module TargetPlatform (23)
[2016.05.11-17.11.21:943][229]LogModuleManager: Shutting down and abandoning module InputCore (22)
[2016.05.11-17.11.21:943][229]LogModuleManager: Shutting down and abandoning module Settings (21)
[2016.05.11-17.11.21:943][229]LogModuleManager: Shutting down and abandoning module OnlineSubsystem (19)
[2016.05.11-17.11.21:943][229]LogModuleManager: Shutting down and abandoning module HTTP (18)
[2016.05.11-17.11.21:944][229]LogModuleManager: Shutting down and abandoning module XMPP (17)
[2016.05.11-17.11.21:944][229]LogModuleManager: Shutting down and abandoning module OculusRift (16)
[2016.05.11-17.11.21:944][229]LogModuleManager: Shutting down and abandoning module ExampleDeviceProfileSelector (15)
[2016.05.11-17.11.21:944][229]LogModuleManager: Shutting down and abandoning module TextureCompressor (14)
[2016.05.11-17.11.21:944][229]LogModuleManager: Shutting down and abandoning module ShaderCore (13)
[2016.05.11-17.11.21:944][229]LogModuleManager: Shutting down and abandoning module Landscape (12)
[2016.05.11-17.11.21:944][229]LogModuleManager: Shutting down and abandoning module SlateRHIRenderer (11)
[2016.05.11-17.11.21:944][229]LogModuleManager: Shutting down and abandoning module OpenGLDrv (10)
[2016.05.11-17.11.21:944][229]LogModuleManager: Shutting down and abandoning module D3D11RHI (9)
[2016.05.11-17.11.21:944][229]LogModuleManager: Shutting down and abandoning module AnimGraphRuntime (8)
[2016.05.11-17.11.21:944][229]LogModuleManager: Shutting down and abandoning module Renderer (7)
[2016.05.11-17.11.21:944][229]LogModuleManager: Shutting down and abandoning module Engine (6)
[2016.05.11-17.11.21:944][229]LogModuleManager: Shutting down and abandoning module CoreUObject (5)
[2016.05.11-17.11.21:944][229]LogModuleManager: Shutting down and abandoning module NetworkFile (4)
[2016.05.11-17.11.21:944][229]LogModuleManager: Shutting down and abandoning module StreamingFile (3)
[2016.05.11-17.11.21:944][229]LogModuleManager: Shutting down and abandoning module SandboxFile (2)
[2016.05.11-17.11.21:944][229]LogModuleManager: Shutting down and abandoning module PakFile (1)
[2016.05.11-17.11.21:945][229]LogExit: Exiting.
[2016.05.11-17.11.21:946][229]Log file closed, 05/11/16 13:11:21
