Log file open, 05/10/16 16:15:48
LogInit:Display: Running engine for game: HafeezSpaceShooter
LogPlatformFile: Not using cached read wrapper
LogInit:Display: RandInit(1236671842) SRandInit(1236671843).
LogTaskGraph: Started task graph with 4 named threads and 5 total threads.
LogStats: Stats thread started at 0.063290
LogInit: Version: 4.11.2-2946394+++UE4+Release-4.11
LogInit: API Version: 2927265
LogInit: Compiled (64-bit): Apr 18 2016 02:18:46
LogInit: Compiled with Visual C++: 19.00.23026.00
LogInit: Build Configuration: Development
LogInit: Branch Name: ++UE4+Release-4.11
LogInit: Command line:  
LogInit: Base directory: C:/Program Files (x86)/Epic Games/4.11/Engine/Binaries/Win64/
LogInit: Installed Engine Build: 1
LogInit: Using libcurl 7.41.0
LogInit:  - built for x86_64-pc-win32
LogInit:  - supports SSL with WinSSL
LogInit:  - other features:
LogInit:      CURL_VERSION_SSL
LogInit:      CURL_VERSION_IPV6
LogInit:      CURL_VERSION_ASYNCHDNS
LogInit:      CURL_VERSION_LARGEFILE
LogInit:      CURL_VERSION_IDN
LogInit:  CurlRequestOptions (configurable via config and command line):
LogInit:  - bVerifyPeer = true  - Libcurl will verify peer certificate
LogInit:  - bUseHttpProxy = false  - Libcurl will NOT use HTTP proxy
LogInit:  - bDontReuseConnections = false  - Libcurl will reuse connections
LogInit:  - CertBundlePath = nullptr  - Libcurl will use whatever was configured at build time.
LogInit: Presizing for max 16777216 objects, including 0 objects not considered by GC, pre-allocating 0 bytes for permanent pool.
LogInit: Object subsystem initialized
[2016.05.10-20.15.48:431][  0]LogInit: Selected Device Profile: [Windows]
[2016.05.10-20.15.48:431][  0]LogInit: Applying CVar settings loaded from the selected device profile: [Windows]
[2016.05.10-20.15.48:477][  0]LogInit: Computer: UZAIR_HAFEEZ
[2016.05.10-20.15.48:477][  0]LogInit: User: UzairHafeez
[2016.05.10-20.15.48:477][  0]LogInit: CPU Page size=65536, Cores=2
[2016.05.10-20.15.48:477][  0]LogInit: High frequency timer resolution =2.240908 MHz
[2016.05.10-20.15.48:477][  0]LogMemory: Memory total: Physical=3.9GB (4GB approx)
[2016.05.10-20.15.48:477][  0]LogMemory: Platform Memory Stats for Windows
[2016.05.10-20.15.48:477][  0]LogMemory: Process Physical Memory: 310.48 MB used, 310.48 MB peak
[2016.05.10-20.15.48:477][  0]LogMemory: Process Virtual Memory: 314.27 MB used, 314.27 MB peak
[2016.05.10-20.15.48:477][  0]LogMemory: Physical Memory: 1669.12 MB used, 3979.78 MB total
[2016.05.10-20.15.48:477][  0]LogMemory: Virtual Memory: 632.86 MB used, 134217728.00 MB total
[2016.05.10-20.15.48:521][  0]LogTextLocalizationManager: No specific translations for ('en-US') exist, so ('en') translations will be used.
[2016.05.10-20.15.49:071][  0]LogD3D11RHI: D3D11 adapters:
[2016.05.10-20.15.49:084][  0]LogD3D11RHI:    0. 'Intel(R) HD Graphics Family' (Feature Level 11_0)
[2016.05.10-20.15.49:084][  0]LogD3D11RHI:       32MB of dedicated video memory, 0MB of dedicated system memory, and 1760MB of shared system memory, 1 output[s]
[2016.05.10-20.15.49:087][  0]LogD3D11RHI:    1. 'Microsoft Basic Render Driver' (Feature Level 11_0)
[2016.05.10-20.15.49:087][  0]LogD3D11RHI:       0MB of dedicated video memory, 0MB of dedicated system memory, and 256MB of shared system memory, 0 output[s]
[2016.05.10-20.15.49:087][  0]LogD3D11RHI: Chosen D3D11 Adapter: 0
[2016.05.10-20.15.49:092][  0]LogD3D11RHI: Creating new Direct3DDevice
[2016.05.10-20.15.49:092][  0]LogD3D11RHI:     Adapter Name: Intel(R) HD Graphics Family
[2016.05.10-20.15.49:092][  0]LogD3D11RHI:   Driver Version: 10.18.14.4062 (internal 10.18.14.4062)
[2016.05.10-20.15.49:092][  0]LogD3D11RHI:      Driver Date: 12-15-2014
[2016.05.10-20.15.49:092][  0]LogRHI: Texture pool is 638 MB (70% of 912 MB)
[2016.05.10-20.15.49:100][  0]LogD3D11RHI: Async texture creation enabled
[2016.05.10-20.15.49:108][  0]LogShaderCompilers: Guid format shader working directory is -32 characters bigger than the processId version (../../../../../../Users/Uzair Hafeez/Documents/Unreal Projects/HafeezSpaceShooter/Intermediate/Shaders/WorkingDirectory/1180/).
[2016.05.10-20.15.49:108][  0]LogShaderCompilers: Cleaned the shader compiler working directory 'C:/Users/UZAIRH~1/AppData/Local/Temp/UnrealShaderWorkingDir/E8EFCE0B43248CCFCA07D5AE381C0A42/'.
[2016.05.10-20.15.49:108][  0]LogShaderCompilers:Display: Using Local Shader Compiler.
[2016.05.10-20.15.50:671][  0]LogTemp:Display: Loaded TP AllDesktopTargetPlatform
[2016.05.10-20.15.50:677][  0]LogTemp:Display: Loaded TP WindowsClientTargetPlatform
[2016.05.10-20.15.50:688][  0]LogTemp:Display: Loaded TP WindowsNoEditorTargetPlatform
[2016.05.10-20.15.50:694][  0]LogTemp:Display: Loaded TP WindowsServerTargetPlatform
[2016.05.10-20.15.50:701][  0]LogTemp:Display: Loaded TP WindowsTargetPlatform
[2016.05.10-20.15.50:706][  0]LogTemp:Display: Loaded TP AndroidTargetPlatform
[2016.05.10-20.15.50:711][  0]LogTemp:Display: Loaded TP Android_ASTCTargetPlatform
[2016.05.10-20.15.50:719][  0]LogTemp:Display: Loaded TP Android_ATCTargetPlatform
[2016.05.10-20.15.50:724][  0]LogTemp:Display: Loaded TP Android_DXTTargetPlatform
[2016.05.10-20.15.50:728][  0]LogTemp:Display: Loaded TP Android_ETC1TargetPlatform
[2016.05.10-20.15.50:732][  0]LogTemp:Display: Loaded TP Android_ETC2TargetPlatform
[2016.05.10-20.15.50:742][  0]LogTemp:Display: Loaded TP Android_MultiTargetPlatform
[2016.05.10-20.15.50:742][  0]LogTemp:Display: Loaded TP Android_PVRTCTargetPlatform
[2016.05.10-20.15.50:744][  0]LogTemp:Display: Loaded TP HTML5TargetPlatform
[2016.05.10-20.15.50:766][  0]LogTemp:Display: Loaded TP IOSTargetPlatform
[2016.05.10-20.15.50:770][  0]LogTemp:Display: Loaded TP TVOSTargetPlatform
[2016.05.10-20.15.50:774][  0]LogTemp:Display: Loaded TP LinuxNoEditorTargetPlatform
[2016.05.10-20.15.50:792][  0]LogTemp:Display: Loaded TP LinuxServerTargetPlatform
[2016.05.10-20.15.50:797][  0]LogTemp:Display: Loaded TP LinuxTargetPlatform
[2016.05.10-20.15.50:797][  0]LogTargetPlatformManager:Display: Building Assets For Windows
[2016.05.10-20.15.50:903][  0]LogDerivedDataCache:Display: Max Cache Size: 512 MB
[2016.05.10-20.15.50:976][  0]LogDerivedDataCache: Loaded boot cache 0.07s 46MB C:/Users/Uzair Hafeez/AppData/Local/UnrealEngine/4.11/DerivedDataCache/Boot.ddc.
[2016.05.10-20.15.50:977][  0]LogDerivedDataCache:Display: Loaded Boot cache: C:/Users/Uzair Hafeez/AppData/Local/UnrealEngine/4.11/DerivedDataCache/Boot.ddc
[2016.05.10-20.15.50:977][  0]LogDerivedDataCache: FDerivedDataBackendGraph:  Pak pak cache file ../../../../../../Users/Uzair Hafeez/Documents/Unreal Projects/HafeezSpaceShooter/DerivedDataCache/DDC.ddp not found, will not use a pak cache.
[2016.05.10-20.15.50:977][  0]LogDerivedDataCache: Unable to find inner node Pak for hierarchical cache Hierarchy.
[2016.05.10-20.15.50:977][  0]LogDerivedDataCache: FDerivedDataBackendGraph:  CompressedPak pak cache file ../../../../../../Users/Uzair Hafeez/Documents/Unreal Projects/HafeezSpaceShooter/DerivedDataCache/Compressed.ddp not found, will not use a pak cache.
[2016.05.10-20.15.50:977][  0]LogDerivedDataCache: Unable to find inner node CompressedPak for hierarchical cache Hierarchy.
[2016.05.10-20.15.51:003][  0]LogDerivedDataCache:Display: Pak cache opened for reading ../../../Engine/DerivedDataCache/Compressed.ddp.
[2016.05.10-20.15.51:015][  0]LogDerivedDataCache: Using Local data cache path C:/Users/Uzair Hafeez/AppData/Local/UnrealEngine/Common/DerivedDataCache: Writable
[2016.05.10-20.15.51:252][  0]LogInit: Selected Device Profile: [Windows]
[2016.05.10-20.15.51:254][  0]LogContentStreaming: Texture pool size is 0.00 MB
[2016.05.10-20.15.51:343][  0]LogMaterial: Uniform references updated for custom material expression Custom.
[2016.05.10-20.15.51:522][  0]LogMeshUtilities: No automatic mesh reduction module available
[2016.05.10-20.15.51:522][  0]LogMeshUtilities: No automatic mesh merging module available
[2016.05.10-20.15.51:522][  0]LogMeshUtilities: No distributed automatic mesh merging module available
[2016.05.10-20.15.51:934][  0]LogUObjectArray: 27679 objects as part of root set at end of initial load.
[2016.05.10-20.15.51:934][  0]LogUObjectAllocator: 5591592 out of 0 bytes used by permanent object pool.
[2016.05.10-20.15.51:934][  0]LogUObjectArray: CloseDisregardForGC: 0/0 objects in disregard for GC pool
[2016.05.10-20.15.51:942][  0]LogInit: WinSock: version 1.1 (2.2), MaxSocks=32767, MaxUdp=65467
[2016.05.10-20.15.52:069][  0]LogSlate: SlateFontCache - WITH_FREETYPE: 1, WITH_HARFBUZZ: 1
[2016.05.10-20.15.52:069][  0]LogSlate: SlateFontCache - WITH_FREETYPE: 1, WITH_HARFBUZZ: 1
[2016.05.10-20.15.52:299][  0]LogStreaming:Warning: Failed to read file '../../../Engine/Content/Editor/Slate/Common/Selection_16x.png' error.
[2016.05.10-20.15.52:299][  0]LogSlate: Could not find file for Slate resource: ../../../Engine/Content/Editor/Slate/Common/Selection_16x.png
[2016.05.10-20.15.52:299][  0]LogStreaming:Warning: Failed to read file '../../../Engine/Content/Editor/Slate/Common/Selection_16x.png' error.
[2016.05.10-20.15.52:299][  0]LogSlate: Could not find file for Slate resource: ../../../Engine/Content/Editor/Slate/Common/Selection_16x.png
[2016.05.10-20.15.52:299][  0]LogStreaming:Warning: Failed to read file '../../../Engine/Content/Editor/Slate/Common/Selection_16x.png' error.
[2016.05.10-20.15.52:299][  0]LogSlate: Could not find file for Slate resource: ../../../Engine/Content/Editor/Slate/Common/Selection_16x.png
[2016.05.10-20.15.53:289][  0]LogUdpMessaging: Initializing bridge on interface 0.0.0.0:0 to multicast group 230.0.0.1:6666.
[2016.05.10-20.15.53:408][  0]LogAssetRegistry: FAssetRegistry took 0.0226 seconds to start up
[2016.05.10-20.15.53:691][  0]SourceControl: Info Source control is disabled
[2016.05.10-20.15.53:692][  0]SourceControl: Info Source control is disabled
[2016.05.10-20.15.53:704][  0]SourceControl: Info Source control is disabled
[2016.05.10-20.15.53:719][  0]SourceControl: Info Source control is disabled
[2016.05.10-20.15.53:935][  0]LogHMD: Failed to initialize OpenVR with code 110
[2016.05.10-20.15.54:046][  0]LogEngine: Initializing Engine...
[2016.05.10-20.15.54:256][  0]LogAIModule: Creating AISystem for world NewWorld
[2016.05.10-20.15.54:261][  0]LogInit: XAudio2 using 'Speakers (High Definition Audio Device)' : 2 channels at 44.1 kHz using 16 bits per sample (channel mask 0x3)
[2016.05.10-20.15.54:279][  0]LogInit: FAudioDevice initialized.
[2016.05.10-20.15.54:316][  0]LogDerivedDataCache: Saved boot cache 0.04s 46MB C:/Users/Uzair Hafeez/AppData/Local/UnrealEngine/4.11/DerivedDataCache/Boot.ddc.
[2016.05.10-20.15.54:321][  0]LogInit: Texture streaming: Enabled
[2016.05.10-20.15.54:351][  0]LogInit: Transaction tracking system initialized
[2016.05.10-20.15.54:382][  0]BlueprintLog: New page: Editor Load
[2016.05.10-20.15.54:567][  0]LocalizationService: Info Localization service is disabled
[2016.05.10-20.15.54:845][  0]LogConsoleResponse:Display: 
[2016.05.10-20.15.55:106][  0]LogCook:Display: Max memory allowance for cook 8192mb
[2016.05.10-20.15.55:106][  0]LogCook:Display: Mobile HDR setting 1
[2016.05.10-20.15.55:106][  0]LogCook:Display: Done creating registry. It took  0.00s.
[2016.05.10-20.15.55:186][  0]LogFileCache: Scanning file cache for directory 'C:/Users/Uzair Hafeez/Documents/Unreal Projects/HafeezSpaceShooter/Content/' took 0.01s
[2016.05.10-20.15.55:186][  0]SourceControl: Info Source control is disabled
[2016.05.10-20.15.55:186][  0]Cmd: MAP LOAD FILE="../../../../../../Users/Uzair Hafeez/Documents/Unreal Projects/HafeezSpaceShooter/Content/Maps/Main.umap" TEMPLATE=0 SHOWPROGRESS=1 FEATURELEVEL=3
[2016.05.10-20.15.55:212][  0]LightingResults: New page: Lighting Build
[2016.05.10-20.15.55:217][  0]MapCheck: New page: Map Check
[2016.05.10-20.15.55:217][  0]LightingResults: New page: Lighting Build
[2016.05.10-20.15.56:400][  0]LogAIModule: Creating AISystem for world Main
[2016.05.10-20.15.56:407][  0]LogEditorServer: Finished looking for orphan Actors (0.000 secs)
[2016.05.10-20.15.56:407][  0]Cmd: MAP CHECKDEP NOCLEARLOG
[2016.05.10-20.15.56:523][  0]MapCheck: Info Map check complete: 0 Error(s), 0 Warning(s), took 114.408ms to complete.
[2016.05.10-20.15.56:523][  0]LogFileHelpers: Loading map 'Main' took 1.337
[2016.05.10-20.15.56:638][  0]LogCollectionManager: Loaded 0 collections in 0.002370 seconds
[2016.05.10-20.15.56:684][  0]LogFileCache: Scanning file cache for directory 'C:/Users/Uzair Hafeez/Documents/Unreal Projects/HafeezSpaceShooter/Saved/Collections/' took 0.01s
[2016.05.10-20.15.56:684][  0]LogFileCache: Scanning file cache for directory 'C:/Users/Uzair Hafeez/Documents/Unreal Projects/HafeezSpaceShooter/Content/Developers/UzairHafeez/Collections/' took 0.01s
[2016.05.10-20.15.56:684][  0]LogFileCache: Scanning file cache for directory 'C:/Users/Uzair Hafeez/Documents/Unreal Projects/HafeezSpaceShooter/Content/Collections/' took 0.01s
[2016.05.10-20.15.56:684][  0]LogCollectionManager: Rebuilt the GUID cache for 0 collections in 0.000003 seconds
[2016.05.10-20.15.56:692][  0]LogContentBrowser: Native class hierarchy populated in 0.0085 seconds. Added 1979 classes and 343 folders.
[2016.05.10-20.15.56:700][  0]LogStats: UGameplayTagsManager::ConstructGameplayTagTree: Construct from data asset -  0.000 s
[2016.05.10-20.15.56:700][  0]LogStats: UGameplayTagsManager::ConstructGameplayTagTree: GameplayTagTreeChangedEvent.Broadcast -  0.000 s
[2016.05.10-20.15.56:701][  0]LogContentBrowser: Native class hierarchy updated for 'GameplayTags' in 0.0005 seconds. Added 12 classes and 0 folders.
[2016.05.10-20.15.56:707][  0]LogContentBrowser: Native class hierarchy updated for 'WidgetCarousel' in 0.0004 seconds. Added 0 classes and 0 folders.
[2016.05.10-20.15.56:715][  0]LogContentBrowser: Native class hierarchy updated for 'SuperSearch' in 0.0004 seconds. Added 1 classes and 2 folders.
[2016.05.10-20.15.56:790][  0]LogContentBrowser: Native class hierarchy updated for 'AddContentDialog' in 0.0005 seconds. Added 0 classes and 0 folders.
[2016.05.10-20.15.56:797][  0]LogContentBrowser: Native class hierarchy updated for 'SceneOutliner' in 0.0016 seconds. Added 1 classes and 2 folders.
[2016.05.10-20.15.56:827][  0]LogCrashTracker: Crashtracker disabled due to settings.
[2016.05.10-20.15.56:835][  0]LogUObjectGlobals:Warning: Failed to find object 'Class None.'
[2016.05.10-20.15.56:868][  0]LogContentBrowser: Native class hierarchy updated for 'HierarchicalLODOutliner' in 0.0005 seconds. Added 1 classes and 2 folders.
[2016.05.10-20.15.56:868][  0]LogLoad: Full Startup: 10.00 seconds (BP compile: 0.26 seconds)
[2016.05.10-20.15.56:869][  0]LogExternalProfiler: Found external profiler: VSPerf
[2016.05.10-20.15.56:869][  0]LogExternalProfiler: Using external profiler: VSPerf
[2016.05.10-20.15.56:899][  0]LogOcInput: OculusInput pre-init called
[2016.05.10-20.15.56:968][  0]LogContentStreaming: Texture pool size now 200 MB
[2016.05.10-20.15.57:135][  0]LogRenderer: Reallocating scene render targets to support 768x380 (Frame:2).
[2016.05.10-20.15.57:624][  1]LogAssetRegistry: Asset discovery search completed in 4.2384 seconds
[2016.05.10-20.15.57:624][  1]LogCollectionManager: Rebuilt the object cache for 0 collections in 0.000001 seconds (found 0 objects)
[2016.05.10-20.15.57:624][  1]LogCollectionManager: Fixed up redirectors for 0 collections in 0.000027 seconds (updated 0 objects)
[2016.05.10-20.16.15:061][993]LogPlayLevel: PlayLevel: No blueprints needed recompiling
[2016.05.10-20.16.15:064][993]PIE: New page: PIE session: Main (May 10, 2016, 11:16:15 AM)
[2016.05.10-20.16.15:064][993]LogPlayLevel: Creating play world package: /Game/Maps/UEDPIE_0_Main
[2016.05.10-20.16.15:066][993]LogPlayLevel: PIE: StaticDuplicateObject took: (0.001950s)
[2016.05.10-20.16.15:067][993]LogAIModule: Creating AISystem for world Main
[2016.05.10-20.16.15:067][993]LogPlayLevel: PIE: World Init took: (0.001000s)
[2016.05.10-20.16.15:067][993]LogPlayLevel: PIE: Created PIE world by copying editor world from /Game/Maps/Main.Main to /Game/Maps/UEDPIE_0_Main.Main (0.003267s)
[2016.05.10-20.16.15:114][993]LogInit: XAudio2 using 'Speakers (High Definition Audio Device)' : 2 channels at 44.1 kHz using 16 bits per sample (channel mask 0x3)
[2016.05.10-20.16.15:121][993]LogInit: FAudioDevice initialized.
[2016.05.10-20.16.15:423][993]LogWorld: Game class is 'Shooter_C'
[2016.05.10-20.16.15:427][993]LogWorld: Bringing World /Game/Maps/UEDPIE_0_Main.Main up for play (max tick rate 60) at 2016.05.10-16.16.15
[2016.05.10-20.16.15:427][993]LogWorld: Bringing up level for play took: 0.002564
[2016.05.10-20.16.15:432][993]LogContentBrowser: Native class hierarchy updated for 'MovieSceneCapture' in 0.0005 seconds. Added 9 classes and 0 folders.
[2016.05.10-20.16.15:434][993]PIE: Info Play in editor start time for /Game/Maps/UEDPIE_0_Main 0.383
[2016.05.10-20.19.00:969][589]Cmd: OBJ SAVEPACKAGE PACKAGE="/Game/Maps/Main" FILE="../../../../../../Users/Uzair Hafeez/Documents/Unreal Projects/HafeezSpaceShooter/Content/Maps/Main.umap" SILENT=true AUTOSAVING=false KEEPDIRTY=false
[2016.05.10-20.19.01:689][589]LogSavePackage: Save=203.36ms
[2016.05.10-20.19.01:689][589]LogSavePackage: Moving '../../../../../../Users/Uzair Hafeez/Documents/Unreal Projects/HafeezSpaceShooter/Saved/MainEF5B5C5B4727ED8D022D35A152DF2391.tmp' to '../../../../../../Users/Uzair Hafeez/Documents/Unreal Projects/HafeezSpaceShooter/Content/Maps/Main.umap'
[2016.05.10-20.19.01:703][589]LogSavePackage: Total save time: 671.43ms
[2016.05.10-20.19.01:703][589]LogSavePackage:Display: Finished SavePackage ../../../../../../Users/Uzair Hafeez/Documents/Unreal Projects/HafeezSpaceShooter/Content/Maps/Main.umap
[2016.05.10-20.19.20:031][642]LogContentBrowser: Native class hierarchy updated for 'BlueprintGraph' in 0.0009 seconds. Added 108 classes and 0 folders.
[2016.05.10-20.20.31:612][ 68]BlueprintLog: New page: Compile BPEnemy3
[2016.05.10-20.20.31:893][ 68]BlueprintEditorCompileResults: Info [0284.99] Compile of BPEnemy3 successful! [in 251 ms]
[2016.05.10-20.20.35:959][305]LogPlayLevel: PlayLevel: No blueprints needed recompiling
[2016.05.10-20.20.35:959][305]PIE: New page: PIE session: Main (May 10, 2016, 11:20:35 AM)
[2016.05.10-20.20.35:959][305]LogPlayLevel: Creating play world package: /Game/Maps/UEDPIE_0_Main
[2016.05.10-20.20.35:961][305]LogPlayLevel: PIE: StaticDuplicateObject took: (0.001641s)
[2016.05.10-20.20.35:961][305]LogAIModule: Creating AISystem for world Main
[2016.05.10-20.20.35:961][305]LogPlayLevel: PIE: World Init took: (0.000732s)
[2016.05.10-20.20.35:962][305]LogPlayLevel: PIE: Created PIE world by copying editor world from /Game/Maps/Main.Main to /Game/Maps/UEDPIE_0_Main.Main (0.002612s)
[2016.05.10-20.20.35:997][305]LogInit: XAudio2 using 'Speakers (High Definition Audio Device)' : 2 channels at 44.1 kHz using 16 bits per sample (channel mask 0x3)
[2016.05.10-20.20.36:023][305]LogInit: FAudioDevice initialized.
[2016.05.10-20.20.36:067][305]LogWorld: Game class is 'Shooter_C'
[2016.05.10-20.20.36:070][305]LogWorld: Bringing World /Game/Maps/UEDPIE_0_Main.Main up for play (max tick rate 60) at 2016.05.10-16.20.36
[2016.05.10-20.20.36:070][305]LogWorld: Bringing up level for play took: 0.003132
[2016.05.10-20.20.36:074][305]PIE: Info Play in editor start time for /Game/Maps/UEDPIE_0_Main 1.024
[2016.05.10-20.21.25:804][178]BlueprintLog: New page: Compile BPPlayer
[2016.05.10-20.21.26:064][178]BlueprintEditorCompileResults: Info [0339.19] Compile of BPPlayer successful! [in 259 ms]
[2016.05.10-20.21.28:331][310]LogPlayLevel: PlayLevel: No blueprints needed recompiling
[2016.05.10-20.21.28:331][310]PIE: New page: PIE session: Main (May 10, 2016, 11:21:28 AM)
[2016.05.10-20.21.28:331][310]LogPlayLevel: Creating play world package: /Game/Maps/UEDPIE_0_Main
[2016.05.10-20.21.28:333][310]LogPlayLevel: PIE: StaticDuplicateObject took: (0.001680s)
[2016.05.10-20.21.28:333][310]LogAIModule: Creating AISystem for world Main
[2016.05.10-20.21.28:334][310]LogPlayLevel: PIE: World Init took: (0.000957s)
[2016.05.10-20.21.28:334][310]LogPlayLevel: PIE: Created PIE world by copying editor world from /Game/Maps/Main.Main to /Game/Maps/UEDPIE_0_Main.Main (0.002951s)
[2016.05.10-20.21.28:374][310]LogInit: XAudio2 using 'Speakers (High Definition Audio Device)' : 2 channels at 44.1 kHz using 16 bits per sample (channel mask 0x3)
[2016.05.10-20.21.28:381][310]LogInit: FAudioDevice initialized.
[2016.05.10-20.21.28:411][310]LogWorld: Game class is 'Shooter_C'
[2016.05.10-20.21.28:414][310]LogWorld: Bringing World /Game/Maps/UEDPIE_0_Main.Main up for play (max tick rate 60) at 2016.05.10-16.21.28
[2016.05.10-20.21.28:415][310]LogWorld: Bringing up level for play took: 0.003429
[2016.05.10-20.21.28:417][310]PIE: Info Play in editor start time for /Game/Maps/UEDPIE_0_Main -0.633
[2016.05.10-20.21.52:229][723]BlueprintLog: New page: Compile BPPlayer
[2016.05.10-20.21.52:427][723]BlueprintEditorCompileResults: Info [0365.56] Compile of BPPlayer successful! [in 197 ms]
[2016.05.10-20.21.58:805][ 98]BlueprintLog: New page: Compile BPPlayer
[2016.05.10-20.21.58:998][ 98]BlueprintEditorCompileResults: Info [0372.13] Compile of BPPlayer successful! [in 192 ms]
[2016.05.10-20.22.09:862][739]LogPlayLevel: PlayLevel: No blueprints needed recompiling
[2016.05.10-20.22.09:862][739]PIE: New page: PIE session: Main (May 10, 2016, 11:22:09 AM)
[2016.05.10-20.22.09:862][739]LogPlayLevel: Creating play world package: /Game/Maps/UEDPIE_0_Main
[2016.05.10-20.22.09:864][739]LogPlayLevel: PIE: StaticDuplicateObject took: (0.001846s)
[2016.05.10-20.22.09:865][739]LogAIModule: Creating AISystem for world Main
[2016.05.10-20.22.09:865][739]LogPlayLevel: PIE: World Init took: (0.000830s)
[2016.05.10-20.22.09:865][739]LogPlayLevel: PIE: Created PIE world by copying editor world from /Game/Maps/Main.Main to /Game/Maps/UEDPIE_0_Main.Main (0.002951s)
[2016.05.10-20.22.09:909][739]LogInit: XAudio2 using 'Speakers (High Definition Audio Device)' : 2 channels at 44.1 kHz using 16 bits per sample (channel mask 0x3)
[2016.05.10-20.22.09:915][739]LogInit: FAudioDevice initialized.
[2016.05.10-20.22.09:945][739]LogWorld: Game class is 'Shooter_C'
[2016.05.10-20.22.09:947][739]LogWorld: Bringing World /Game/Maps/UEDPIE_0_Main.Main up for play (max tick rate 60) at 2016.05.10-16.22.09
[2016.05.10-20.22.09:948][739]LogWorld: Bringing up level for play took: 0.002677
[2016.05.10-20.22.09:950][739]PIE: Info Play in editor start time for /Game/Maps/UEDPIE_0_Main 0.9
[2016.05.10-20.24.15:966][878]LogPlayLevel: PlayLevel: No blueprints needed recompiling
[2016.05.10-20.24.15:966][878]PIE: New page: PIE session: Main (May 10, 2016, 11:24:15 AM)
[2016.05.10-20.24.15:966][878]LogPlayLevel: Creating play world package: /Game/Maps/UEDPIE_0_Main
[2016.05.10-20.24.15:968][878]LogPlayLevel: PIE: StaticDuplicateObject took: (0.001880s)
[2016.05.10-20.24.15:969][878]LogAIModule: Creating AISystem for world Main
[2016.05.10-20.24.15:969][878]LogPlayLevel: PIE: World Init took: (0.001057s)
[2016.05.10-20.24.15:969][878]LogPlayLevel: PIE: Created PIE world by copying editor world from /Game/Maps/Main.Main to /Game/Maps/UEDPIE_0_Main.Main (0.003243s)
[2016.05.10-20.24.16:018][878]LogInit: XAudio2 using 'Speakers (High Definition Audio Device)' : 2 channels at 44.1 kHz using 16 bits per sample (channel mask 0x3)
[2016.05.10-20.24.16:026][878]LogInit: FAudioDevice initialized.
[2016.05.10-20.24.16:055][878]LogWorld: Game class is 'Shooter_C'
[2016.05.10-20.24.16:057][878]LogWorld: Bringing World /Game/Maps/UEDPIE_0_Main.Main up for play (max tick rate 60) at 2016.05.10-16.24.16
[2016.05.10-20.24.16:058][878]LogWorld: Bringing up level for play took: 0.002739
[2016.05.10-20.24.16:060][878]PIE: Info Play in editor start time for /Game/Maps/UEDPIE_0_Main 1.01
[2016.05.10-20.25.55:363][198]LogActorComponent: UnregisterComponent: (/Engine/Transient.EditorFloorComp) Not registered. Aborting.
[2016.05.10-20.25.59:380][415]Cmd: OBJ SAVEPACKAGE PACKAGE="/Game/Maps/Main" FILE="../../../../../../Users/Uzair Hafeez/Documents/Unreal Projects/HafeezSpaceShooter/Content/Maps/Main.umap" SILENT=true AUTOSAVING=false KEEPDIRTY=false
[2016.05.10-20.25.59:487][415]LogSavePackage: Save=38.46ms
[2016.05.10-20.25.59:487][415]LogSavePackage: Moving '../../../../../../Users/Uzair Hafeez/Documents/Unreal Projects/HafeezSpaceShooter/Saved/Main712CCF314CF632763978BD84846A4CA1.tmp' to '../../../../../../Users/Uzair Hafeez/Documents/Unreal Projects/HafeezSpaceShooter/Content/Maps/Main.umap'
[2016.05.10-20.25.59:489][415]LogSavePackage: Total save time: 64.32ms
[2016.05.10-20.25.59:489][415]LogSavePackage:Display: Finished SavePackage ../../../../../../Users/Uzair Hafeez/Documents/Unreal Projects/HafeezSpaceShooter/Content/Maps/Main.umap
[2016.05.10-20.27.40:086][247]LogRenderer: Reallocating scene render targets to support 768x472 (Frame:17550).
[2016.05.10-20.28.07:940][879]BlueprintLog: New page: Compile BPEnemy3
[2016.05.10-20.28.08:129][879]BlueprintEditorCompileResults: Info [0741.26] Compile of BPEnemy3 successful! [in 188 ms]
[2016.05.10-20.28.11:468][ 67]Cmd: OBJ SAVEPACKAGE PACKAGE="/Game/Blueprints/BPEnemy3" FILE="../../../../../../Users/Uzair Hafeez/Documents/Unreal Projects/HafeezSpaceShooter/Content/Blueprints/BPEnemy3.uasset" SILENT=true
[2016.05.10-20.28.11:691][ 67]LogSavePackage: Save=221.18ms
[2016.05.10-20.28.11:691][ 67]LogSavePackage: Moving '../../../../../../Users/Uzair Hafeez/Documents/Unreal Projects/HafeezSpaceShooter/Saved/BPEnemy36729C0834E96EF4D79E2E1A421ED113C.tmp' to '../../../../../../Users/Uzair Hafeez/Documents/Unreal Projects/HafeezSpaceShooter/Content/Blueprints/BPEnemy3.uasset'
[2016.05.10-20.28.11:695][ 67]LogSavePackage: Total save time: 225.05ms
[2016.05.10-20.28.11:695][ 67]LogSavePackage:Display: Finished SavePackage ../../../../../../Users/Uzair Hafeez/Documents/Unreal Projects/HafeezSpaceShooter/Content/Blueprints/BPEnemy3.uasset
[2016.05.10-20.28.14:265][218]Cmd: OBJ SAVEPACKAGE PACKAGE="/Game/Blueprints/BPEnemy" FILE="../../../../../../Users/Uzair Hafeez/Documents/Unreal Projects/HafeezSpaceShooter/Content/Blueprints/BPEnemy.uasset" SILENT=true
[2016.05.10-20.28.14:518][218]LogSavePackage: Save=162.87ms
[2016.05.10-20.28.14:518][218]LogSavePackage: Moving '../../../../../../Users/Uzair Hafeez/Documents/Unreal Projects/HafeezSpaceShooter/Saved/BPEnemy6C28D38F4DEB25A5994E7DA9C0F0D01D.tmp' to '../../../../../../Users/Uzair Hafeez/Documents/Unreal Projects/HafeezSpaceShooter/Content/Blueprints/BPEnemy.uasset'
[2016.05.10-20.28.14:521][218]LogSavePackage: Total save time: 196.33ms
[2016.05.10-20.28.14:521][218]LogSavePackage:Display: Finished SavePackage ../../../../../../Users/Uzair Hafeez/Documents/Unreal Projects/HafeezSpaceShooter/Content/Blueprints/BPEnemy.uasset
[2016.05.10-20.28.16:562][338]Cmd: OBJ SAVEPACKAGE PACKAGE="/Game/Maps/Main" FILE="../../../../../../Users/Uzair Hafeez/Documents/Unreal Projects/HafeezSpaceShooter/Content/Maps/Main.umap" SILENT=true AUTOSAVING=false KEEPDIRTY=false
[2016.05.10-20.28.16:696][338]LogSavePackage: Save=26.10ms
[2016.05.10-20.28.16:696][338]LogSavePackage: Moving '../../../../../../Users/Uzair Hafeez/Documents/Unreal Projects/HafeezSpaceShooter/Saved/Main79EFFBFB4E0D52F2993FA8A3773DA392.tmp' to '../../../../../../Users/Uzair Hafeez/Documents/Unreal Projects/HafeezSpaceShooter/Content/Maps/Main.umap'
[2016.05.10-20.28.16:698][338]LogSavePackage: Total save time: 40.14ms
[2016.05.10-20.28.16:698][338]LogSavePackage:Display: Finished SavePackage ../../../../../../Users/Uzair Hafeez/Documents/Unreal Projects/HafeezSpaceShooter/Content/Maps/Main.umap
[2016.05.10-20.28.17:872][401]LogPlayLevel: PlayLevel: No blueprints needed recompiling
[2016.05.10-20.28.17:872][401]PIE: New page: PIE session: Main (May 10, 2016, 11:28:17 AM)
[2016.05.10-20.28.17:872][401]LogPlayLevel: Creating play world package: /Game/Maps/UEDPIE_0_Main
[2016.05.10-20.28.17:874][401]LogPlayLevel: PIE: StaticDuplicateObject took: (0.002246s)
[2016.05.10-20.28.17:875][401]LogAIModule: Creating AISystem for world Main
[2016.05.10-20.28.17:875][401]LogPlayLevel: PIE: World Init took: (0.001004s)
[2016.05.10-20.28.17:875][401]LogPlayLevel: PIE: Created PIE world by copying editor world from /Game/Maps/Main.Main to /Game/Maps/UEDPIE_0_Main.Main (0.003530s)
[2016.05.10-20.28.17:914][401]LogInit: XAudio2 using 'Speakers (High Definition Audio Device)' : 2 channels at 44.1 kHz using 16 bits per sample (channel mask 0x3)
[2016.05.10-20.28.17:921][401]LogInit: FAudioDevice initialized.
[2016.05.10-20.28.17:952][401]LogWorld: Game class is 'Shooter_C'
[2016.05.10-20.28.17:955][401]LogWorld: Bringing World /Game/Maps/UEDPIE_0_Main.Main up for play (max tick rate 60) at 2016.05.10-16.28.17
[2016.05.10-20.28.17:955][401]LogWorld: Bringing up level for play took: 0.002603
[2016.05.10-20.28.17:957][401]PIE: Info Play in editor start time for /Game/Maps/UEDPIE_0_Main 0.907
[2016.05.10-20.30.25:954][404]BlueprintLog: New page: Compile BPEnemy3
[2016.05.10-20.30.26:117][404]BlueprintEditorCompileResults: Info [0879.24] Compile of BPEnemy3 successful! [in 162 ms]
[2016.05.10-20.31.22:902][341]LogPlayLevel: PlayLevel: No blueprints needed recompiling
[2016.05.10-20.31.22:902][341]PIE: New page: PIE session: Main (May 10, 2016, 11:31:22 AM)
[2016.05.10-20.31.22:902][341]LogPlayLevel: Creating play world package: /Game/Maps/UEDPIE_0_Main
[2016.05.10-20.31.22:903][341]LogPlayLevel: PIE: StaticDuplicateObject took: (0.001590s)
[2016.05.10-20.31.22:904][341]LogAIModule: Creating AISystem for world Main
[2016.05.10-20.31.22:904][341]LogPlayLevel: PIE: World Init took: (0.000939s)
[2016.05.10-20.31.22:905][341]LogPlayLevel: PIE: Created PIE world by copying editor world from /Game/Maps/Main.Main to /Game/Maps/UEDPIE_0_Main.Main (0.002774s)
[2016.05.10-20.31.22:942][341]LogInit: XAudio2 using 'Speakers (High Definition Audio Device)' : 2 channels at 44.1 kHz using 16 bits per sample (channel mask 0x3)
[2016.05.10-20.31.22:949][341]LogInit: FAudioDevice initialized.
[2016.05.10-20.31.22:984][341]LogWorld: Game class is 'Shooter_C'
[2016.05.10-20.31.22:989][341]LogWorld: Bringing World /Game/Maps/UEDPIE_0_Main.Main up for play (max tick rate 60) at 2016.05.10-16.31.22
[2016.05.10-20.31.22:989][341]LogWorld: Bringing up level for play took: 0.004401
[2016.05.10-20.31.22:993][341]PIE: Info Play in editor start time for /Game/Maps/UEDPIE_0_Main -0.057
[2016.05.10-20.31.46:467][717]LogActorComponent: UnregisterComponent: (/Engine/Transient.EditorFloorComp) Not registered. Aborting.
[2016.05.10-20.33.19:634][813]Cmd: OBJ SAVEPACKAGE PACKAGE="/Game/Maps/Main" FILE="../../../../../../Users/Uzair Hafeez/Documents/Unreal Projects/HafeezSpaceShooter/Content/Maps/Main.umap" SILENT=true AUTOSAVING=false KEEPDIRTY=false
[2016.05.10-20.33.19:780][813]LogSavePackage: Save=26.77ms
[2016.05.10-20.33.19:780][813]LogSavePackage: Moving '../../../../../../Users/Uzair Hafeez/Documents/Unreal Projects/HafeezSpaceShooter/Saved/MainBC366D6A486D092BA6CD37A1D4022764.tmp' to '../../../../../../Users/Uzair Hafeez/Documents/Unreal Projects/HafeezSpaceShooter/Content/Maps/Main.umap'
[2016.05.10-20.33.19:783][813]LogSavePackage: Total save time: 46.48ms
[2016.05.10-20.33.19:783][813]LogSavePackage:Display: Finished SavePackage ../../../../../../Users/Uzair Hafeez/Documents/Unreal Projects/HafeezSpaceShooter/Content/Maps/Main.umap
[2016.05.10-20.33.45:161][124]LogPlayLevel: PlayLevel: No blueprints needed recompiling
[2016.05.10-20.33.45:162][124]PIE: New page: PIE session: Main (May 10, 2016, 11:33:45 AM)
[2016.05.10-20.33.45:162][124]LogPlayLevel: Creating play world package: /Game/Maps/UEDPIE_0_Main
[2016.05.10-20.33.45:163][124]LogPlayLevel: PIE: StaticDuplicateObject took: (0.001438s)
[2016.05.10-20.33.45:164][124]LogAIModule: Creating AISystem for world Main
[2016.05.10-20.33.45:164][124]LogPlayLevel: PIE: World Init took: (0.000711s)
[2016.05.10-20.33.45:164][124]LogPlayLevel: PIE: Created PIE world by copying editor world from /Game/Maps/Main.Main to /Game/Maps/UEDPIE_0_Main.Main (0.002363s)
[2016.05.10-20.33.45:206][124]LogInit: XAudio2 using 'Speakers (High Definition Audio Device)' : 2 channels at 44.1 kHz using 16 bits per sample (channel mask 0x3)
[2016.05.10-20.33.45:214][124]LogInit: FAudioDevice initialized.
[2016.05.10-20.33.45:293][124]LogWorld: Game class is 'Shooter_C'
[2016.05.10-20.33.45:296][124]LogWorld: Bringing World /Game/Maps/UEDPIE_0_Main.Main up for play (max tick rate 60) at 2016.05.10-16.33.45
[2016.05.10-20.33.45:296][124]LogWorld: Bringing up level for play took: 0.002710
[2016.05.10-20.33.45:297][124]LogGameMode: Warning - PATHS NOT DEFINED or NO PLAYERSTART with positive rating
[2016.05.10-20.33.45:331][124]PIE: Info Play in editor start time for /Game/Maps/UEDPIE_0_Main 0.281
[2016.05.10-20.34.21:007][444]LogScript:Warning: FLatentActionManager::ProcessLatentActions: CallbackTarget is None.
[2016.05.10-20.36.52:341][ 63]LogActorComponent: UnregisterComponent: (/Engine/Transient.EditorFloorComp) Not registered. Aborting.
[2016.05.10-20.36.57:181][342]Cmd: OBJ SAVEPACKAGE PACKAGE="/Game/Blueprints/BPEnemy3" FILE="../../../../../../Users/Uzair Hafeez/Documents/Unreal Projects/HafeezSpaceShooter/Content/Blueprints/BPEnemy3.uasset" SILENT=true
[2016.05.10-20.36.57:427][342]LogSavePackage: Save=163.63ms
[2016.05.10-20.36.57:427][342]LogSavePackage: Moving '../../../../../../Users/Uzair Hafeez/Documents/Unreal Projects/HafeezSpaceShooter/Saved/BPEnemy3B75CA03E4541FCBF740E0B8321AF5FE9.tmp' to '../../../../../../Users/Uzair Hafeez/Documents/Unreal Projects/HafeezSpaceShooter/Content/Blueprints/BPEnemy3.uasset'
[2016.05.10-20.36.57:431][342]LogSavePackage: Total save time: 185.96ms
[2016.05.10-20.36.57:431][342]LogSavePackage:Display: Finished SavePackage ../../../../../../Users/Uzair Hafeez/Documents/Unreal Projects/HafeezSpaceShooter/Content/Blueprints/BPEnemy3.uasset
[2016.05.10-20.37.17:646][510]LogActorComponent: UnregisterComponent: (/Engine/Transient.EditorFloorComp) Not registered. Aborting.
[2016.05.10-20.38.33:724][936]BlueprintLog: New page: Compile BPEnemy3
[2016.05.10-20.38.34:049][936]BlueprintEditorCompileResults: Info [1367.18] Compile of BPEnemy3 successful! [in 324 ms]
[2016.05.10-20.38.41:274][361]LogPlayLevel: PlayLevel: No blueprints needed recompiling
[2016.05.10-20.38.41:274][361]PIE: New page: PIE session: Main (May 10, 2016, 11:38:41 AM)
[2016.05.10-20.38.41:274][361]LogPlayLevel: Creating play world package: /Game/Maps/UEDPIE_0_Main
[2016.05.10-20.38.41:276][361]LogPlayLevel: PIE: StaticDuplicateObject took: (0.002195s)
[2016.05.10-20.38.41:277][361]LogAIModule: Creating AISystem for world Main
[2016.05.10-20.38.41:277][361]LogPlayLevel: PIE: World Init took: (0.000928s)
[2016.05.10-20.38.41:278][361]LogPlayLevel: PIE: Created PIE world by copying editor world from /Game/Maps/Main.Main to /Game/Maps/UEDPIE_0_Main.Main (0.003465s)
[2016.05.10-20.38.41:324][361]LogInit: XAudio2 using 'Speakers (High Definition Audio Device)' : 2 channels at 44.1 kHz using 16 bits per sample (channel mask 0x3)
[2016.05.10-20.38.41:332][361]LogInit: FAudioDevice initialized.
[2016.05.10-20.38.41:366][361]LogWorld: Game class is 'Shooter_C'
[2016.05.10-20.38.41:368][361]LogWorld: Bringing World /Game/Maps/UEDPIE_0_Main.Main up for play (max tick rate 60) at 2016.05.10-16.38.41
[2016.05.10-20.38.41:369][361]LogWorld: Bringing up level for play took: 0.002804
[2016.05.10-20.38.41:371][361]PIE: Info Play in editor start time for /Game/Maps/UEDPIE_0_Main 0.321
[2016.05.10-20.40.17:500][252]LogActorComponent: UnregisterComponent: (/Engine/Transient.EditorFloorComp) Not registered. Aborting.
[2016.05.10-20.40.18:055][298]LogActorComponent: UnregisterComponent: (/Engine/Transient.EditorFloorComp) Not registered. Aborting.
[2016.05.10-20.40.22:634][699]Cmd: OBJ SAVEPACKAGE PACKAGE="/Game/Maps/Main" FILE="../../../../../../Users/Uzair Hafeez/Documents/Unreal Projects/HafeezSpaceShooter/Content/Maps/Main.umap" SILENT=true AUTOSAVING=false KEEPDIRTY=false
[2016.05.10-20.40.22:767][699]LogSavePackage: Save=28.92ms
[2016.05.10-20.40.22:767][699]LogSavePackage: Moving '../../../../../../Users/Uzair Hafeez/Documents/Unreal Projects/HafeezSpaceShooter/Saved/Main3CFAAA5140F4732E7BC122AB6A78E0A1.tmp' to '../../../../../../Users/Uzair Hafeez/Documents/Unreal Projects/HafeezSpaceShooter/Content/Maps/Main.umap'
[2016.05.10-20.40.22:770][699]LogSavePackage: Total save time: 48.39ms
[2016.05.10-20.40.22:770][699]LogSavePackage:Display: Finished SavePackage ../../../../../../Users/Uzair Hafeez/Documents/Unreal Projects/HafeezSpaceShooter/Content/Maps/Main.umap
[2016.05.10-20.40.28:347][  0]Cmd: OBJ SAVEPACKAGE PACKAGE="/Game/Blueprints/BPEnemy3" FILE="../../../../../../Users/Uzair Hafeez/Documents/Unreal Projects/HafeezSpaceShooter/Content/Blueprints/BPEnemy3.uasset" SILENT=true
[2016.05.10-20.40.28:544][  0]LogSavePackage: Save=180.21ms
[2016.05.10-20.40.28:544][  0]LogSavePackage: Moving '../../../../../../Users/Uzair Hafeez/Documents/Unreal Projects/HafeezSpaceShooter/Saved/BPEnemy3FA1E1A4A47A0764305B5DB949C18C028.tmp' to '../../../../../../Users/Uzair Hafeez/Documents/Unreal Projects/HafeezSpaceShooter/Content/Blueprints/BPEnemy3.uasset'
[2016.05.10-20.40.28:548][  0]LogSavePackage: Total save time: 198.56ms
[2016.05.10-20.40.28:548][  0]LogSavePackage:Display: Finished SavePackage ../../../../../../Users/Uzair Hafeez/Documents/Unreal Projects/HafeezSpaceShooter/Content/Blueprints/BPEnemy3.uasset
[2016.05.10-20.40.28:576][  0]Cmd: OBJ SAVEPACKAGE PACKAGE="/Game/Blueprints/BPPlayer" FILE="../../../../../../Users/Uzair Hafeez/Documents/Unreal Projects/HafeezSpaceShooter/Content/Blueprints/BPPlayer.uasset" SILENT=true
[2016.05.10-20.40.28:789][  0]LogSavePackage: Save=184.26ms
[2016.05.10-20.40.28:789][  0]LogSavePackage: Moving '../../../../../../Users/Uzair Hafeez/Documents/Unreal Projects/HafeezSpaceShooter/Saved/BPPlayer8A45992B4D9AC4BB96FF138A6A1F016E.tmp' to '../../../../../../Users/Uzair Hafeez/Documents/Unreal Projects/HafeezSpaceShooter/Content/Blueprints/BPPlayer.uasset'
[2016.05.10-20.40.28:792][  0]LogSavePackage: Total save time: 214.91ms
[2016.05.10-20.40.28:792][  0]LogSavePackage:Display: Finished SavePackage ../../../../../../Users/Uzair Hafeez/Documents/Unreal Projects/HafeezSpaceShooter/Content/Blueprints/BPPlayer.uasset
[2016.05.10-20.40.28:941][  0]LogWindowsTextInputMethodSystem:Display: IME system now deactivated.
[2016.05.10-20.40.29:160][  1]Cmd: QUIT_EDITOR
[2016.05.10-20.40.29:543][  1]LogExit: Preparing to exit.
[2016.05.10-20.40.30:892][  1]LogExit: Editor shut down
[2016.05.10-20.40.30:893][  1]LogExit: Transaction tracking system shut down
[2016.05.10-20.40.32:900][  1]LogObj: Freed 0b from 0 cluster array pools.
[2016.05.10-20.40.32:901][  1]LogExit: Object subsystem successfully closed.
[2016.05.10-20.40.33:055][  1]LogD3D11RHI: Shutdown
[2016.05.10-20.40.33:055][  1]LogD3D11RHI: CleanupD3DDevice
[2016.05.10-20.40.33:226][  1]LogD3D11RHI: ~FD3D11DynamicRHI
[2016.05.10-20.40.33:345][  1]LogDerivedDataCache: Shutdown
[2016.05.10-20.40.33:732][  1]LogModuleManager: Shutting down and abandoning module ExternalImagePicker (207)
[2016.05.10-20.40.33:732][  1]LogModuleManager: Shutting down and abandoning module BlueprintGraph (206)
[2016.05.10-20.40.33:732][  1]LogModuleManager: Shutting down and abandoning module MovieSceneCapture (205)
[2016.05.10-20.40.33:742][  1]LogModuleManager: Shutting down and abandoning module HierarchicalLODOutliner (204)
[2016.05.10-20.40.33:742][  1]LogModuleManager: Shutting down and abandoning module CrashTracker (203)
[2016.05.10-20.40.33:742][  1]LogModuleManager: Shutting down and abandoning module SceneOutliner (202)
[2016.05.10-20.40.33:748][  1]LogModuleManager: Shutting down and abandoning module SuperSearch (201)
[2016.05.10-20.40.33:749][  1]LogModuleManager: Shutting down and abandoning module WidgetCarousel (200)
[2016.05.10-20.40.33:749][  1]LogModuleManager: Shutting down and abandoning module AddContentDialog (199)
[2016.05.10-20.40.33:770][  1]LogModuleManager: Shutting down and abandoning module GameplayTags (198)
[2016.05.10-20.40.33:770][  1]LogModuleManager: Shutting down and abandoning module EditorWidgets (197)
[2016.05.10-20.40.33:770][  1]LogModuleManager: Shutting down and abandoning module CollectionManager (196)
[2016.05.10-20.40.33:786][  1]LogModuleManager: Shutting down and abandoning module StatsViewer (195)
[2016.05.10-20.40.33:796][  1]LogModuleManager: Shutting down and abandoning module FoliageEdit (194)
[2016.05.10-20.40.33:815][  1]LogModuleManager: Shutting down and abandoning module LandscapeEditor (193)
[2016.05.10-20.40.33:815][  1]LogModuleManager: Shutting down and abandoning module ActorPickerMode (192)
[2016.05.10-20.40.33:815][  1]LogModuleManager: Shutting down and abandoning module GeometryMode (191)
[2016.05.10-20.40.33:815][  1]LogModuleManager: Shutting down and abandoning module TextureAlignMode (190)
[2016.05.10-20.40.33:815][  1]LogModuleManager: Shutting down and abandoning module BspMode (189)
[2016.05.10-20.40.33:815][  1]LogModuleManager: Shutting down and abandoning module PlacementMode (188)
[2016.05.10-20.40.33:815][  1]LogModuleManager: Shutting down and abandoning module AutomationWorker (187)
[2016.05.10-20.40.33:815][  1]LogModuleManager: Shutting down and abandoning module CharacterAI (186)
[2016.05.10-20.40.33:815][  1]LogModuleManager: Shutting down and abandoning module SmartSnapping (185)
[2016.05.10-20.40.33:815][  1]LogModuleManager: Shutting down and abandoning module ViewportSnapping (184)
[2016.05.10-20.40.33:815][  1]LogModuleManager: Shutting down and abandoning module LogVisualizer (183)
[2016.05.10-20.40.33:861][  1]LogModuleManager: Shutting down and abandoning module GameProjectGeneration (182)
[2016.05.10-20.40.33:877][  1]LogModuleManager: Shutting down and abandoning module IntroTutorials (181)
[2016.05.10-20.40.33:922][  1]LogModuleManager: Shutting down and abandoning module EditorLiveStreaming (180)
[2016.05.10-20.40.33:935][  1]LogModuleManager: Shutting down and abandoning module IOSPlatformEditor (179)
[2016.05.10-20.40.33:953][  1]LogModuleManager: Shutting down and abandoning module HTML5PlatformEditor (178)
[2016.05.10-20.40.33:953][  1]LogModuleManager: Shutting down and abandoning module AndroidDeviceDetection (177)
[2016.05.10-20.40.34:674][  1]LogModuleManager: Shutting down and abandoning module AndroidPlatformEditor (176)
[2016.05.10-20.40.34:674][  1]LogModuleManager: Shutting down and abandoning module IOSRuntimeSettings (175)
[2016.05.10-20.40.34:674][  1]LogModuleManager: Shutting down and abandoning module AndroidRuntimeSettings (174)
[2016.05.10-20.40.34:674][  1]LogModuleManager: Shutting down and abandoning module MergeActors (173)
[2016.05.10-20.40.34:674][  1]LogModuleManager: Shutting down and abandoning module SizeMap (172)
[2016.05.10-20.40.34:674][  1]LogModuleManager: Shutting down and abandoning module TreeMap (171)
[2016.05.10-20.40.34:680][  1]LogModuleManager: Shutting down and abandoning module ReferenceViewer (170)
[2016.05.10-20.40.34:694][  1]LogModuleManager: Shutting down and abandoning module LocalizationService (169)
[2016.05.10-20.40.34:698][  1]LogModuleManager: Shutting down and abandoning module LocalizationDashboard (168)
[2016.05.10-20.40.34:712][  1]LogModuleManager: Shutting down and abandoning module HardwareTargeting (167)
[2016.05.10-20.40.34:712][  1]LogModuleManager: Shutting down and abandoning module DeviceProfileEditor (166)
[2016.05.10-20.40.34:719][  1]LogModuleManager: Shutting down and abandoning module UndoHistory (165)
[2016.05.10-20.40.34:724][  1]LogModuleManager: Shutting down and abandoning module UserFeedback (164)
[2016.05.10-20.40.34:724][  1]LogModuleManager: Shutting down and abandoning module XmlParser (163)
[2016.05.10-20.40.34:730][  1]LogModuleManager: Shutting down and abandoning module Blutility (162)
[2016.05.10-20.40.34:741][  1]LogModuleManager: Shutting down and abandoning module ProjectTargetPlatformEditor (161)
[2016.05.10-20.40.34:741][  1]LogModuleManager: Shutting down and abandoning module ProjectSettingsViewer (160)
[2016.05.10-20.40.34:741][  1]LogModuleManager: Shutting down and abandoning module InputBindingEditor (159)
[2016.05.10-20.40.34:763][  1]LogModuleManager: Shutting down and abandoning module EditorSettingsViewer (158)
[2016.05.10-20.40.34:763][  1]LogModuleManager: Shutting down and abandoning module SettingsEditor (157)
[2016.05.10-20.40.34:763][  1]LogModuleManager: Shutting down and abandoning module ProjectLauncher (156)
[2016.05.10-20.40.34:790][  1]LogModuleManager: Shutting down and abandoning module SessionFrontend (155)
[2016.05.10-20.40.34:795][  1]LogModuleManager: Shutting down and abandoning module ProfilerClient (154)
[2016.05.10-20.40.34:807][  1]LogModuleManager: Shutting down and abandoning module TargetDeviceServices (153)
[2016.05.10-20.40.34:807][  1]LogModuleManager: Shutting down and abandoning module DeviceManager (152)
[2016.05.10-20.40.34:853][  1]LogModuleManager: Shutting down and abandoning module AutomationController (151)
[2016.05.10-20.40.34:863][  1]LogModuleManager: Shutting down and abandoning module AutomationWindow (150)
[2016.05.10-20.40.34:889][  1]LogModuleManager: Shutting down and abandoning module Layers (149)
[2016.05.10-20.40.34:902][  1]LogModuleManager: Shutting down and abandoning module ComponentVisualizers (148)
[2016.05.10-20.40.34:902][  1]LogModuleManager: Shutting down and abandoning module DetailCustomizations (147)
[2016.05.10-20.40.34:902][  1]LogModuleManager: Shutting down and abandoning module PackagesDialog (146)
[2016.05.10-20.40.34:903][  1]LogModuleManager: Shutting down and abandoning module Persona (145)
[2016.05.10-20.40.34:931][  1]LogModuleManager: Shutting down and abandoning module Kismet (144)
[2016.05.10-20.40.34:945][  1]LogModuleManager: Shutting down and abandoning module GraphEditor (143)
[2016.05.10-20.40.34:945][  1]LogModuleManager: Shutting down and abandoning module ClassViewer (142)
[2016.05.10-20.40.34:955][  1]LogModuleManager: Shutting down and abandoning module Toolbox (141)
[2016.05.10-20.40.34:955][  1]LogModuleManager: Shutting down and abandoning module ModuleUI (140)
[2016.05.10-20.40.34:966][  1]LogModuleManager: Shutting down and abandoning module MovieSceneTools (139)
[2016.05.10-20.40.34:980][  1]LogModuleManager: Shutting down and abandoning module OutputLog (138)
[2016.05.10-20.40.34:986][  1]LogModuleManager: Shutting down and abandoning module GammaUI (137)
[2016.05.10-20.40.34:997][  1]LogModuleManager: Shutting down and abandoning module Documentation (136)
[2016.05.10-20.40.34:997][  1]LogModuleManager: Shutting down and abandoning module StreamingPauseRendering (135)
[2016.05.10-20.40.34:997][  1]LogModuleManager: Shutting down and abandoning module AnalyticsET (134)
[2016.05.10-20.40.34:997][  1]LogModuleManager: Shutting down and abandoning module Analytics (133)
[2016.05.10-20.40.34:997][  1]LogModuleManager: Shutting down and abandoning module PortalServices (132)
[2016.05.10-20.40.34:997][  1]LogModuleManager: Shutting down and abandoning module PortalRpc (131)
[2016.05.10-20.40.34:997][  1]LogModuleManager: Shutting down and abandoning module MessagingRpc (130)
[2016.05.10-20.40.34:997][  1]LogModuleManager: Shutting down and abandoning module AITestSuite (129)
[2016.05.10-20.40.35:006][  1]LogModuleManager: Shutting down and abandoning module GameplayDebugger (128)
[2016.05.10-20.40.35:012][  1]LogModuleManager: Shutting down and abandoning module AIModule (127)
[2016.05.10-20.40.35:012][  1]LogModuleManager: Shutting down and abandoning module ProfilerService (126)
[2016.05.10-20.40.35:062][  1]LogModuleManager: Shutting down and abandoning module TaskGraph (125)
[2016.05.10-20.40.35:062][  1]LogModuleManager: Shutting down and abandoning module SlateRemote (124)
[2016.05.10-20.40.35:062][  1]LogModuleManager: Shutting down and abandoning module SteamVRController (123)
[2016.05.10-20.40.35:062][  1]LogModuleManager: Shutting down and abandoning module SteamVR (122)
[2016.05.10-20.40.35:062][  1]LogModuleManager: Shutting down and abandoning module ProceduralMeshComponent (121)
[2016.05.10-20.40.35:062][  1]LogModuleManager: Shutting down and abandoning module OculusLibrary (120)
[2016.05.10-20.40.35:062][  1]LogModuleManager: Shutting down and abandoning module OculusInput (119)
[2016.05.10-20.40.35:062][  1]LogModuleManager: Shutting down and abandoning module CustomMeshComponent (118)
[2016.05.10-20.40.35:062][  1]LogModuleManager: Shutting down and abandoning module CableComponent (117)
[2016.05.10-20.40.35:062][  1]LogModuleManager: Shutting down and abandoning module ArchVisCharacter (116)
[2016.05.10-20.40.35:062][  1]LogModuleManager: Shutting down and abandoning module MediaPlayerEditor (115)
[2016.05.10-20.40.35:062][  1]LogModuleManager: Shutting down and abandoning module HTML5Networking (114)
[2016.05.10-20.40.35:062][  1]LogModuleManager: Shutting down and abandoning module SpeedTreeImporter (113)
[2016.05.10-20.40.35:062][  1]LogModuleManager: Shutting down and abandoning module PluginBrowser (112)
[2016.05.10-20.40.35:067][  1]LogModuleManager: Shutting down and abandoning module EpicSurvey (111)
[2016.05.10-20.40.35:078][  1]LogModuleManager: Shutting down and abandoning module DesktopPlatform (110)
[2016.05.10-20.40.35:087][  1]LogModuleManager: Shutting down and abandoning module VisualStudioSourceCodeAccess (109)
[2016.05.10-20.40.35:087][  1]LogModuleManager: Shutting down and abandoning module UObjectPlugin (108)
[2016.05.10-20.40.35:087][  1]LogModuleManager: Shutting down and abandoning module SubversionSourceControl (107)
[2016.05.10-20.40.35:087][  1]LogModuleManager: Shutting down and abandoning module PerforceSourceControl (106)
[2016.05.10-20.40.35:098][  1]LogModuleManager: Shutting down and abandoning module SourceControl (105)
[2016.05.10-20.40.35:106][  1]LogModuleManager: Shutting down and abandoning module GitSourceControl (104)
[2016.05.10-20.40.35:120][  1]LogModuleManager: Shutting down and abandoning module LightPropagationVolumeEditor (103)
[2016.05.10-20.40.35:120][  1]LogModuleManager: Shutting down and abandoning module PaperTiledImporter (102)
[2016.05.10-20.40.35:120][  1]LogModuleManager: Shutting down and abandoning module PaperSpriteSheetImporter (101)
[2016.05.10-20.40.35:129][  1]LogModuleManager: Shutting down and abandoning module MeshPaint (100)
[2016.05.10-20.40.35:142][  1]LogModuleManager: Shutting down and abandoning module HotReload (99)
[2016.05.10-20.40.35:161][  1]LogModuleManager: Shutting down and abandoning module MainFrame (98)
[2016.05.10-20.40.35:161][  1]LogModuleManager: Shutting down and abandoning module LevelEditor (97)
[2016.05.10-20.40.35:163][  1]LogModuleManager: Shutting down and abandoning module DirectoryWatcher (96)
[2016.05.10-20.40.35:165][  1]LogModuleManager: Shutting down and abandoning module AssetRegistry (95)
[2016.05.10-20.40.35:383][  1]LogModuleManager: Shutting down and abandoning module ContentBrowser (94)
[2016.05.10-20.40.35:387][  1]LogModuleManager: Shutting down and abandoning module Paper2DEditor (93)
[2016.05.10-20.40.35:456][  1]LogModuleManager: Shutting down and abandoning module UdpMessaging (92)
[2016.05.10-20.40.35:558][  1]LogModuleManager: Shutting down and abandoning module LightPropagationVolumeRuntime (91)
[2016.05.10-20.40.35:558][  1]LogModuleManager: Shutting down and abandoning module Paper2D (90)
[2016.05.10-20.40.35:558][  1]LogModuleManager: Shutting down and abandoning module WindowsMoviePlayer (89)
[2016.05.10-20.40.35:558][  1]LogModuleManager: Shutting down and abandoning module Media (88)
[2016.05.10-20.40.35:558][  1]LogModuleManager: Shutting down and abandoning module WmfMedia (87)
[2016.05.10-20.40.35:626][  1]LogModuleManager: Shutting down and abandoning module MediaAssets (86)
[2016.05.10-20.40.35:626][  1]LogModuleManager: Shutting down and abandoning module GameLiveStreaming (85)
[2016.05.10-20.40.35:626][  1]LogModuleManager: Shutting down and abandoning module GameplayTagsEditor (84)
[2016.05.10-20.40.35:626][  1]LogModuleManager: Shutting down and abandoning module OnlineBlueprintSupport (83)
[2016.05.10-20.40.35:626][  1]LogModuleManager: Shutting down and abandoning module GameplayTasksEditor (82)
[2016.05.10-20.40.35:626][  1]LogModuleManager: Shutting down and abandoning module PropertyEditor (81)
[2016.05.10-20.40.35:626][  1]LogModuleManager: Shutting down and abandoning module BehaviorTreeEditor (80)
[2016.05.10-20.40.35:654][  1]LogModuleManager: Shutting down and abandoning module FunctionalTesting (79)
[2016.05.10-20.40.35:654][  1]LogModuleManager: Shutting down and abandoning module CollisionAnalyzer (78)
[2016.05.10-20.40.35:705][  1]LogModuleManager: Shutting down and abandoning module WorkspaceMenuStructure (77)
[2016.05.10-20.40.35:705][  1]LogModuleManager: Shutting down and abandoning module MessageLog (76)
[2016.05.10-20.40.35:705][  1]LogModuleManager: Shutting down and abandoning module Sequencer (75)
[2016.05.10-20.40.35:784][  1]LogModuleManager: Shutting down and abandoning module AssetTools (74)
[2016.05.10-20.40.35:846][  1]LogModuleManager: Shutting down and abandoning module UMGEditor (73)
[2016.05.10-20.40.35:912][  1]LogModuleManager: Shutting down and abandoning module UMG (72)
[2016.05.10-20.40.35:927][  1]LogModuleManager: Shutting down and abandoning module SlateReflector (71)
[2016.05.10-20.40.36:056][  1]LogModuleManager: Shutting down and abandoning module Slate (70)
[2016.05.10-20.40.36:056][  1]LogModuleManager: Shutting down and abandoning module EditorStyle (69)
[2016.05.10-20.40.36:060][  1]LogModuleManager: Shutting down and abandoning module SessionServices (68)
[2016.05.10-20.40.36:060][  1]LogModuleManager: Shutting down and abandoning module SourceCodeAccess (67)
[2016.05.10-20.40.36:060][  1]LogModuleManager: Shutting down and abandoning module HeadMountedDisplay (66)
[2016.05.10-20.40.36:060][  1]LogModuleManager: Shutting down and abandoning module XAudio2 (65)
[2016.05.10-20.40.36:060][  1]LogModuleManager: Shutting down and abandoning module Networking (63)
[2016.05.10-20.40.36:060][  1]LogModuleManager: Shutting down and abandoning module Core (62)
[2016.05.10-20.40.36:060][  1]LogModuleManager: Shutting down and abandoning module KismetCompiler (61)
[2016.05.10-20.40.36:075][  1]LogModuleManager: Shutting down and abandoning module PhysXFormats (60)
[2016.05.10-20.40.36:084][  1]LogModuleManager: Shutting down and abandoning module MeshUtilities (59)
[2016.05.10-20.40.36:104][  1]LogModuleManager: Shutting down and abandoning module CookingStats (58)
[2016.05.10-20.40.36:104][  1]LogModuleManager: Shutting down and abandoning module DerivedDataCache (57)
[2016.05.10-20.40.36:104][  1]LogDerivedDataCache: Shutdown
[2016.05.10-20.40.36:104][  1]LogModuleManager: Shutting down and abandoning module ShaderFormatOpenGL (56)
[2016.05.10-20.40.36:165][  1]LogModuleManager: Shutting down and abandoning module ShaderFormatD3D (55)
[2016.05.10-20.40.36:165][  1]LogModuleManager: Shutting down and abandoning module MetalShaderFormat (54)
[2016.05.10-20.40.36:182][  1]LogModuleManager: Shutting down and abandoning module TextureFormatUncompressed (53)
[2016.05.10-20.40.36:182][  1]LogModuleManager: Shutting down and abandoning module TextureFormatPVR (52)
[2016.05.10-20.40.36:182][  1]LogModuleManager: Shutting down and abandoning module TextureFormatIntelISPCTexComp (51)
[2016.05.10-20.40.36:216][  1]LogModuleManager: Shutting down and abandoning module TextureFormatDXT (50)
[2016.05.10-20.40.36:216][  1]LogModuleManager: Shutting down and abandoning module ImageWrapper (49)
[2016.05.10-20.40.36:216][  1]LogModuleManager: Shutting down and abandoning module TextureFormatASTC (48)
[2016.05.10-20.40.36:216][  1]LogModuleManager: Shutting down and abandoning module TextureFormatAndroid (47)
[2016.05.10-20.40.36:217][  1]LogModuleManager: Shutting down and abandoning module AudioFormatOpus (46)
[2016.05.10-20.40.36:221][  1]LogModuleManager: Shutting down and abandoning module AudioFormatOgg (45)
[2016.05.10-20.40.36:221][  1]LogModuleManager: Shutting down and abandoning module AudioFormatADPCM (44)
[2016.05.10-20.40.36:221][  1]LogModuleManager: Shutting down and abandoning module LinuxTargetPlatform (43)
[2016.05.10-20.40.36:221][  1]LogModuleManager: Shutting down and abandoning module LinuxServerTargetPlatform (42)
[2016.05.10-20.40.36:221][  1]LogModuleManager: Shutting down and abandoning module LinuxNoEditorTargetPlatform (41)
[2016.05.10-20.40.36:221][  1]LogModuleManager: Shutting down and abandoning module TVOSTargetPlatform (40)
[2016.05.10-20.40.36:221][  1]LogModuleManager: Shutting down and abandoning module Messaging (39)
[2016.05.10-20.40.36:221][  1]LogModuleManager: Shutting down and abandoning module IOSTargetPlatform (38)
[2016.05.10-20.40.36:221][  1]LogModuleManager: Shutting down and abandoning module HTML5TargetPlatform (37)
[2016.05.10-20.40.36:221][  1]LogModuleManager: Shutting down and abandoning module Android_PVRTCTargetPlatform (36)
[2016.05.10-20.40.36:221][  1]LogModuleManager: Shutting down and abandoning module Android_MultiTargetPlatform (35)
[2016.05.10-20.40.36:229][  1]LogModuleManager: Shutting down and abandoning module Android_ETC2TargetPlatform (34)
[2016.05.10-20.40.36:229][  1]LogModuleManager: Shutting down and abandoning module Android_ETC1TargetPlatform (33)
[2016.05.10-20.40.36:229][  1]LogModuleManager: Shutting down and abandoning module Android_DXTTargetPlatform (32)
[2016.05.10-20.40.36:229][  1]LogModuleManager: Shutting down and abandoning module Android_ATCTargetPlatform (31)
[2016.05.10-20.40.36:229][  1]LogModuleManager: Shutting down and abandoning module Android_ASTCTargetPlatform (30)
[2016.05.10-20.40.36:229][  1]LogModuleManager: Shutting down and abandoning module AndroidTargetPlatform (29)
[2016.05.10-20.40.36:229][  1]LogModuleManager: Shutting down and abandoning module WindowsTargetPlatform (28)
[2016.05.10-20.40.36:229][  1]LogModuleManager: Shutting down and abandoning module WindowsServerTargetPlatform (27)
[2016.05.10-20.40.36:229][  1]LogModuleManager: Shutting down and abandoning module WindowsNoEditorTargetPlatform (26)
[2016.05.10-20.40.36:229][  1]LogModuleManager: Shutting down and abandoning module WindowsClientTargetPlatform (25)
[2016.05.10-20.40.36:229][  1]LogModuleManager: Shutting down and abandoning module AllDesktopTargetPlatform (24)
[2016.05.10-20.40.36:229][  1]LogModuleManager: Shutting down and abandoning module TargetPlatform (23)
[2016.05.10-20.40.36:229][  1]LogModuleManager: Shutting down and abandoning module InputCore (22)
[2016.05.10-20.40.36:229][  1]LogModuleManager: Shutting down and abandoning module Settings (21)
[2016.05.10-20.40.36:230][  1]LogModuleManager: Shutting down and abandoning module OnlineSubsystem (19)
[2016.05.10-20.40.36:261][  1]LogModuleManager: Shutting down and abandoning module HTTP (18)
[2016.05.10-20.40.38:265][  1]LogModuleManager: Shutting down and abandoning module XMPP (17)
[2016.05.10-20.40.38:311][  1]LogModuleManager: Shutting down and abandoning module OculusRift (16)
[2016.05.10-20.40.38:317][  1]LogModuleManager: Shutting down and abandoning module ExampleDeviceProfileSelector (15)
[2016.05.10-20.40.38:317][  1]LogModuleManager: Shutting down and abandoning module TextureCompressor (14)
[2016.05.10-20.40.38:317][  1]LogModuleManager: Shutting down and abandoning module ShaderCore (13)
[2016.05.10-20.40.38:317][  1]LogModuleManager: Shutting down and abandoning module Landscape (12)
[2016.05.10-20.40.38:317][  1]LogModuleManager: Shutting down and abandoning module SlateRHIRenderer (11)
[2016.05.10-20.40.38:331][  1]LogModuleManager: Shutting down and abandoning module OpenGLDrv (10)
[2016.05.10-20.40.38:335][  1]LogModuleManager: Shutting down and abandoning module D3D11RHI (9)
[2016.05.10-20.40.38:335][  1]LogModuleManager: Shutting down and abandoning module AnimGraphRuntime (8)
[2016.05.10-20.40.38:335][  1]LogModuleManager: Shutting down and abandoning module Renderer (7)
[2016.05.10-20.40.38:335][  1]LogModuleManager: Shutting down and abandoning module Engine (6)
[2016.05.10-20.40.38:335][  1]LogModuleManager: Shutting down and abandoning module CoreUObject (5)
[2016.05.10-20.40.38:335][  1]LogModuleManager: Shutting down and abandoning module NetworkFile (4)
[2016.05.10-20.40.38:363][  1]LogModuleManager: Shutting down and abandoning module StreamingFile (3)
[2016.05.10-20.40.38:363][  1]LogModuleManager: Shutting down and abandoning module SandboxFile (2)
[2016.05.10-20.40.38:363][  1]LogModuleManager: Shutting down and abandoning module PakFile (1)
[2016.05.10-20.40.38:698][  1]LogExit: Exiting.
[2016.05.10-20.40.38:699][  1]Log file closed, 05/10/16 16:40:38
