Log file open, 05/12/16 17:40:58
LogInit:Display: Running engine for game: HafeezSpaceShooter
LogPlatformFile: Not using cached read wrapper
LogInit:Display: RandInit(-316421389) SRandInit(-316421388).
LogTaskGraph: Started task graph with 4 named threads and 5 total threads.
LogStats: Stats thread started at 0.058020
LogInit: Version: 4.11.2-2946394+++UE4+Release-4.11
LogInit: API Version: 2927265
LogInit: Compiled (64-bit): Apr 18 2016 02:18:46
LogInit: Compiled with Visual C++: 19.00.23026.00
LogInit: Build Configuration: Development
LogInit: Branch Name: ++UE4+Release-4.11
LogInit: Command line:  
LogInit: Base directory: C:/Program Files (x86)/Epic Games/4.11/Engine/Binaries/Win64/
LogInit: Installed Engine Build: 1
LogInit: Using libcurl 7.41.0
LogInit:  - built for x86_64-pc-win32
LogInit:  - supports SSL with WinSSL
LogInit:  - other features:
LogInit:      CURL_VERSION_SSL
LogInit:      CURL_VERSION_IPV6
LogInit:      CURL_VERSION_ASYNCHDNS
LogInit:      CURL_VERSION_LARGEFILE
LogInit:      CURL_VERSION_IDN
LogInit:  CurlRequestOptions (configurable via config and command line):
LogInit:  - bVerifyPeer = true  - Libcurl will verify peer certificate
LogInit:  - bUseHttpProxy = false  - Libcurl will NOT use HTTP proxy
LogInit:  - bDontReuseConnections = false  - Libcurl will reuse connections
LogInit:  - CertBundlePath = nullptr  - Libcurl will use whatever was configured at build time.
LogInit: Presizing for max 16777216 objects, including 0 objects not considered by GC, pre-allocating 0 bytes for permanent pool.
LogInit: Object subsystem initialized
[2016.05.12-21.40.58:460][  0]LogInit: Selected Device Profile: [Windows]
[2016.05.12-21.40.58:460][  0]LogInit: Applying CVar settings loaded from the selected device profile: [Windows]
[2016.05.12-21.40.58:517][  0]LogInit: Computer: UZAIR_HAFEEZ
[2016.05.12-21.40.58:517][  0]LogInit: User: UzairHafeez
[2016.05.12-21.40.58:517][  0]LogInit: CPU Page size=65536, Cores=2
[2016.05.12-21.40.58:517][  0]LogInit: High frequency timer resolution =2.240905 MHz
[2016.05.12-21.40.58:517][  0]LogMemory: Memory total: Physical=3.9GB (4GB approx)
[2016.05.12-21.40.58:517][  0]LogMemory: Platform Memory Stats for Windows
[2016.05.12-21.40.58:517][  0]LogMemory: Process Physical Memory: 310.48 MB used, 310.48 MB peak
[2016.05.12-21.40.58:517][  0]LogMemory: Process Virtual Memory: 315.22 MB used, 315.22 MB peak
[2016.05.12-21.40.58:517][  0]LogMemory: Physical Memory: 2582.40 MB used, 3979.78 MB total
[2016.05.12-21.40.58:517][  0]LogMemory: Virtual Memory: 629.86 MB used, 134217728.00 MB total
[2016.05.12-21.40.58:574][  0]LogTextLocalizationManager: No specific translations for ('en-US') exist, so ('en') translations will be used.
[2016.05.12-21.40.59:090][  0]LogD3D11RHI: D3D11 adapters:
[2016.05.12-21.40.59:099][  0]LogD3D11RHI:    0. 'Intel(R) HD Graphics Family' (Feature Level 11_0)
[2016.05.12-21.40.59:099][  0]LogD3D11RHI:       32MB of dedicated video memory, 0MB of dedicated system memory, and 1760MB of shared system memory, 1 output[s]
[2016.05.12-21.40.59:101][  0]LogD3D11RHI:    1. 'Microsoft Basic Render Driver' (Feature Level 11_0)
[2016.05.12-21.40.59:101][  0]LogD3D11RHI:       0MB of dedicated video memory, 0MB of dedicated system memory, and 256MB of shared system memory, 0 output[s]
[2016.05.12-21.40.59:101][  0]LogD3D11RHI: Chosen D3D11 Adapter: 0
[2016.05.12-21.40.59:105][  0]LogD3D11RHI: Creating new Direct3DDevice
[2016.05.12-21.40.59:105][  0]LogD3D11RHI:     Adapter Name: Intel(R) HD Graphics Family
[2016.05.12-21.40.59:105][  0]LogD3D11RHI:   Driver Version: 10.18.14.4062 (internal 10.18.14.4062)
[2016.05.12-21.40.59:105][  0]LogD3D11RHI:      Driver Date: 12-15-2014
[2016.05.12-21.40.59:105][  0]LogRHI: Texture pool is 638 MB (70% of 912 MB)
[2016.05.12-21.40.59:114][  0]LogD3D11RHI: Async texture creation enabled
[2016.05.12-21.40.59:121][  0]LogShaderCompilers: Guid format shader working directory is -39 characters bigger than the processId version (../../../../../../Users/Uzair Hafeez/Desktop/SpaceShooterFinalVersion/HafeezSpaceShooter/Intermediate/Shaders/WorkingDirectory/3144/).
[2016.05.12-21.40.59:122][  0]LogShaderCompilers: Cleaned the shader compiler working directory 'C:/Users/UZAIRH~1/AppData/Local/Temp/UnrealShaderWorkingDir/8D302005413CE9C8FD1E5DB873322F87/'.
[2016.05.12-21.40.59:122][  0]LogShaderCompilers:Display: Using Local Shader Compiler.
[2016.05.12-21.41.03:082][  0]LogTemp:Display: Loaded TP AllDesktopTargetPlatform
[2016.05.12-21.41.03:100][  0]LogTemp:Display: Loaded TP WindowsClientTargetPlatform
[2016.05.12-21.41.03:141][  0]LogTemp:Display: Loaded TP WindowsNoEditorTargetPlatform
[2016.05.12-21.41.03:160][  0]LogTemp:Display: Loaded TP WindowsServerTargetPlatform
[2016.05.12-21.41.03:173][  0]LogTemp:Display: Loaded TP WindowsTargetPlatform
[2016.05.12-21.41.03:189][  0]LogTemp:Display: Loaded TP AndroidTargetPlatform
[2016.05.12-21.41.03:207][  0]LogTemp:Display: Loaded TP Android_ASTCTargetPlatform
[2016.05.12-21.41.03:219][  0]LogTemp:Display: Loaded TP Android_ATCTargetPlatform
[2016.05.12-21.41.03:237][  0]LogTemp:Display: Loaded TP Android_DXTTargetPlatform
[2016.05.12-21.41.03:253][  0]LogTemp:Display: Loaded TP Android_ETC1TargetPlatform
[2016.05.12-21.41.03:270][  0]LogTemp:Display: Loaded TP Android_ETC2TargetPlatform
[2016.05.12-21.41.03:299][  0]LogTemp:Display: Loaded TP Android_MultiTargetPlatform
[2016.05.12-21.41.03:299][  0]LogTemp:Display: Loaded TP Android_PVRTCTargetPlatform
[2016.05.12-21.41.03:317][  0]LogTemp:Display: Loaded TP HTML5TargetPlatform
[2016.05.12-21.41.03:408][  0]LogTemp:Display: Loaded TP IOSTargetPlatform
[2016.05.12-21.41.03:412][  0]LogTemp:Display: Loaded TP TVOSTargetPlatform
[2016.05.12-21.41.03:434][  0]LogTemp:Display: Loaded TP LinuxNoEditorTargetPlatform
[2016.05.12-21.41.03:456][  0]LogTemp:Display: Loaded TP LinuxServerTargetPlatform
[2016.05.12-21.41.03:483][  0]LogTemp:Display: Loaded TP LinuxTargetPlatform
[2016.05.12-21.41.03:483][  0]LogTargetPlatformManager:Display: Building Assets For Windows
[2016.05.12-21.41.03:980][  0]LogDerivedDataCache:Display: Max Cache Size: 512 MB
[2016.05.12-21.41.04:665][  0]LogDerivedDataCache: Loaded boot cache 0.67s 46MB C:/Users/Uzair Hafeez/AppData/Local/UnrealEngine/4.11/DerivedDataCache/Boot.ddc.
[2016.05.12-21.41.04:665][  0]LogDerivedDataCache:Display: Loaded Boot cache: C:/Users/Uzair Hafeez/AppData/Local/UnrealEngine/4.11/DerivedDataCache/Boot.ddc
[2016.05.12-21.41.04:665][  0]LogDerivedDataCache: FDerivedDataBackendGraph:  Pak pak cache file ../../../../../../Users/Uzair Hafeez/Desktop/SpaceShooterFinalVersion/HafeezSpaceShooter/DerivedDataCache/DDC.ddp not found, will not use a pak cache.
[2016.05.12-21.41.04:665][  0]LogDerivedDataCache: Unable to find inner node Pak for hierarchical cache Hierarchy.
[2016.05.12-21.41.04:665][  0]LogDerivedDataCache: FDerivedDataBackendGraph:  CompressedPak pak cache file ../../../../../../Users/Uzair Hafeez/Desktop/SpaceShooterFinalVersion/HafeezSpaceShooter/DerivedDataCache/Compressed.ddp not found, will not use a pak cache.
[2016.05.12-21.41.04:665][  0]LogDerivedDataCache: Unable to find inner node CompressedPak for hierarchical cache Hierarchy.
[2016.05.12-21.41.04:697][  0]LogDerivedDataCache:Display: Pak cache opened for reading ../../../Engine/DerivedDataCache/Compressed.ddp.
[2016.05.12-21.41.04:709][  0]LogDerivedDataCache: Using Local data cache path C:/Users/Uzair Hafeez/AppData/Local/UnrealEngine/Common/DerivedDataCache: Writable
[2016.05.12-21.41.08:495][  0]LogInit: Selected Device Profile: [Windows]
[2016.05.12-21.41.08:500][  0]LogContentStreaming: Texture pool size is 0.00 MB
[2016.05.12-21.41.08:729][  0]LogMaterial: Uniform references updated for custom material expression Custom.
[2016.05.12-21.41.09:395][  0]LogMeshUtilities: No automatic mesh reduction module available
[2016.05.12-21.41.09:395][  0]LogMeshUtilities: No automatic mesh merging module available
[2016.05.12-21.41.09:395][  0]LogMeshUtilities: No distributed automatic mesh merging module available
[2016.05.12-21.41.11:484][  0]LogUObjectArray: 27679 objects as part of root set at end of initial load.
[2016.05.12-21.41.11:484][  0]LogUObjectAllocator: 5591592 out of 0 bytes used by permanent object pool.
[2016.05.12-21.41.11:484][  0]LogUObjectArray: CloseDisregardForGC: 0/0 objects in disregard for GC pool
[2016.05.12-21.41.11:492][  0]LogInit: WinSock: version 1.1 (2.2), MaxSocks=32767, MaxUdp=65467
[2016.05.12-21.41.16:016][  0]LogSlate: SlateFontCache - WITH_FREETYPE: 1, WITH_HARFBUZZ: 1
[2016.05.12-21.41.16:016][  0]LogSlate: SlateFontCache - WITH_FREETYPE: 1, WITH_HARFBUZZ: 1
[2016.05.12-21.41.21:712][  0]LogStreaming:Warning: Failed to read file '../../../Engine/Content/Editor/Slate/Common/Selection_16x.png' error.
[2016.05.12-21.41.21:712][  0]LogSlate: Could not find file for Slate resource: ../../../Engine/Content/Editor/Slate/Common/Selection_16x.png
[2016.05.12-21.41.21:712][  0]LogStreaming:Warning: Failed to read file '../../../Engine/Content/Editor/Slate/Common/Selection_16x.png' error.
[2016.05.12-21.41.21:712][  0]LogSlate: Could not find file for Slate resource: ../../../Engine/Content/Editor/Slate/Common/Selection_16x.png
[2016.05.12-21.41.21:713][  0]LogStreaming:Warning: Failed to read file '../../../Engine/Content/Editor/Slate/Common/Selection_16x.png' error.
[2016.05.12-21.41.21:713][  0]LogSlate: Could not find file for Slate resource: ../../../Engine/Content/Editor/Slate/Common/Selection_16x.png
[2016.05.12-21.41.39:312][  0]LogUdpMessaging: Initializing bridge on interface 0.0.0.0:0 to multicast group 230.0.0.1:6666.
[2016.05.12-21.41.40:015][  0]LogAssetRegistry: FAssetRegistry took 0.0220 seconds to start up
[2016.05.12-21.41.43:081][  0]SourceControl: Info Source control is disabled
[2016.05.12-21.41.43:125][  0]SourceControl: Info Source control is disabled
[2016.05.12-21.41.43:336][  0]SourceControl: Info Source control is disabled
[2016.05.12-21.41.43:462][  0]SourceControl: Info Source control is disabled
[2016.05.12-21.41.44:916][  0]LogHMD: Failed to initialize OpenVR with code 110
[2016.05.12-21.41.45:457][  0]LogEngine: Initializing Engine...
[2016.05.12-21.41.46:550][  0]LogAIModule: Creating AISystem for world NewWorld
[2016.05.12-21.41.46:586][  0]LogInit: XAudio2 using 'Speakers (High Definition Audio Device)' : 2 channels at 44.1 kHz using 16 bits per sample (channel mask 0x3)
[2016.05.12-21.41.46:708][  0]LogInit: FAudioDevice initialized.
[2016.05.12-21.41.46:786][  0]LogDerivedDataCache: Saved boot cache 0.08s 46MB C:/Users/Uzair Hafeez/AppData/Local/UnrealEngine/4.11/DerivedDataCache/Boot.ddc.
[2016.05.12-21.41.46:792][  0]LogInit: Texture streaming: Enabled
[2016.05.12-21.42.00:875][  0]LogInit: Transaction tracking system initialized
[2016.05.12-21.42.15:267][  0]BlueprintLog: New page: Editor Load
[2016.05.12-21.42.40:356][  0]LocalizationService: Info Localization service is disabled
[2016.05.12-21.43.03:850][  0]LogConsoleResponse:Display: 
[2016.05.12-21.43.14:438][  0]LogFileCache: Scanning file cache for directory 'C:/Users/Uzair Hafeez/Desktop/SpaceShooterFinalVersion/HafeezSpaceShooter/Content/' took 0.06s
[2016.05.12-21.43.14:438][  0]LogCook:Display: Max memory allowance for cook 8192mb
[2016.05.12-21.43.14:440][  0]LogCook:Display: Mobile HDR setting 1
[2016.05.12-21.43.14:446][  0]LogCook:Display: Done creating registry. It took  0.00s.
[2016.05.12-21.43.15:334][  0]SourceControl: Info Source control is disabled
[2016.05.12-21.43.15:360][  0]Cmd: MAP LOAD FILE="../../../../../../Users/Uzair Hafeez/Desktop/SpaceShooterFinalVersion/HafeezSpaceShooter/Content/Maps/Main.umap" TEMPLATE=0 SHOWPROGRESS=1 FEATURELEVEL=3
[2016.05.12-21.43.15:413][  0]LightingResults: New page: Lighting Build
[2016.05.12-21.43.15:512][  0]MapCheck: New page: Map Check
[2016.05.12-21.43.15:512][  0]LightingResults: New page: Lighting Build
[2016.05.12-21.43.20:647][  0]LogAIModule: Creating AISystem for world Main
[2016.05.12-21.43.21:774][  0]LogEditorServer: Finished looking for orphan Actors (0.014 secs)
[2016.05.12-21.43.21:872][  0]Cmd: MAP CHECKDEP NOCLEARLOG
[2016.05.12-21.43.22:011][  0]MapCheck: Info Map check complete: 0 Error(s), 0 Warning(s), took 139.17ms to complete.
[2016.05.12-21.43.22:038][  0]LogFileHelpers: Loading map 'Main' took 6.677
[2016.05.12-21.43.23:466][  0]LogCollectionManager: Loaded 0 collections in 0.002744 seconds
[2016.05.12-21.43.23:693][  0]LogFileCache: Scanning file cache for directory 'C:/Users/Uzair Hafeez/Desktop/SpaceShooterFinalVersion/HafeezSpaceShooter/Saved/Collections/' took 0.01s
[2016.05.12-21.43.23:693][  0]LogFileCache: Scanning file cache for directory 'C:/Users/Uzair Hafeez/Desktop/SpaceShooterFinalVersion/HafeezSpaceShooter/Content/Developers/UzairHafeez/Collections/' took 0.01s
[2016.05.12-21.43.23:693][  0]LogFileCache: Scanning file cache for directory 'C:/Users/Uzair Hafeez/Desktop/SpaceShooterFinalVersion/HafeezSpaceShooter/Content/Collections/' took 0.01s
[2016.05.12-21.43.23:693][  0]LogCollectionManager: Rebuilt the GUID cache for 0 collections in 0.000005 seconds
[2016.05.12-21.43.23:744][  0]LogContentBrowser: Native class hierarchy populated in 0.0497 seconds. Added 1979 classes and 343 folders.
[2016.05.12-21.43.23:911][  0]LogStats: UGameplayTagsManager::ConstructGameplayTagTree: Construct from data asset -  0.013 s
[2016.05.12-21.43.23:911][  0]LogStats: UGameplayTagsManager::ConstructGameplayTagTree: GameplayTagTreeChangedEvent.Broadcast -  0.000 s
[2016.05.12-21.43.23:947][  0]LogContentBrowser: Native class hierarchy updated for 'GameplayTags' in 0.0333 seconds. Added 12 classes and 0 folders.
[2016.05.12-21.43.24:000][  0]LogContentBrowser: Native class hierarchy updated for 'WidgetCarousel' in 0.0004 seconds. Added 0 classes and 0 folders.
[2016.05.12-21.43.24:244][  0]LogContentBrowser: Native class hierarchy updated for 'SuperSearch' in 0.0005 seconds. Added 1 classes and 2 folders.
[2016.05.12-21.43.25:530][  0]LogContentBrowser: Native class hierarchy updated for 'AddContentDialog' in 0.0005 seconds. Added 0 classes and 0 folders.
[2016.05.12-21.43.25:650][  0]LogContentBrowser: Native class hierarchy updated for 'SceneOutliner' in 0.0006 seconds. Added 1 classes and 2 folders.
[2016.05.12-21.43.26:421][  0]LogCrashTracker: Crashtracker disabled due to settings.
[2016.05.12-21.43.26:725][  0]LogUObjectGlobals:Warning: Failed to find object 'Class None.'
[2016.05.12-21.43.26:863][  0]LogContentBrowser: Native class hierarchy updated for 'HierarchicalLODOutliner' in 0.0006 seconds. Added 1 classes and 2 folders.
[2016.05.12-21.43.26:882][  0]LogLoad: Full Startup: 149.47 seconds (BP compile: 1.01 seconds)
[2016.05.12-21.43.26:882][  0]LogExternalProfiler: Found external profiler: VSPerf
[2016.05.12-21.43.26:882][  0]LogExternalProfiler: Using external profiler: VSPerf
[2016.05.12-21.43.26:907][  0]LogOcInput: OculusInput pre-init called
[2016.05.12-21.43.27:550][  0]LogContentStreaming: Texture pool size now 200 MB
[2016.05.12-21.43.28:729][  0]LogRenderer: Reallocating scene render targets to support 800x380 (Frame:2).
[2016.05.12-21.43.32:328][  6]LogAssetRegistry: Asset discovery search completed in 112.3347 seconds
[2016.05.12-21.43.32:383][  6]LogCollectionManager: Rebuilt the object cache for 0 collections in 0.000001 seconds (found 0 objects)
[2016.05.12-21.43.32:427][  6]LogCollectionManager: Fixed up redirectors for 0 collections in 0.086573 seconds (updated 0 objects)
[2016.05.12-21.46.52:430][857]LogContentBrowser: Native class hierarchy updated for 'BlueprintGraph' in 0.0010 seconds. Added 108 classes and 0 folders.
[2016.05.12-23.46.29:978][423]LogEditorViewport: Clicking on Actor (double click): StaticMeshActor (EditorPlane)
[2016.05.12-23.58.37:716][894]Cmd: OBJ SAVEPACKAGE PACKAGE="/Game/Blueprints/BPPlayer" FILE="../../../../../../Users/Uzair Hafeez/Desktop/SpaceShooterFinalVersion/HafeezSpaceShooter/Content/Blueprints/BPPlayer.uasset" SILENT=true
[2016.05.12-23.58.38:917][894]LogSavePackage: Save=649.61ms
[2016.05.12-23.58.38:917][894]LogSavePackage: Moving '../../../../../../Users/Uzair Hafeez/Desktop/SpaceShooterFinalVersion/HafeezSpaceShooter/Saved/BPPlayer1135F26D443338092D858688BDADB55C.tmp' to '../../../../../../Users/Uzair Hafeez/Desktop/SpaceShooterFinalVersion/HafeezSpaceShooter/Content/Blueprints/BPPlayer.uasset'
[2016.05.12-23.58.38:986][894]LogSavePackage: Total save time: 1192.17ms
[2016.05.12-23.58.38:986][894]LogSavePackage:Display: Finished SavePackage ../../../../../../Users/Uzair Hafeez/Desktop/SpaceShooterFinalVersion/HafeezSpaceShooter/Content/Blueprints/BPPlayer.uasset
[2016.05.12-23.58.46:131][169]LogSavePackage: Save=259.19ms
[2016.05.12-23.58.46:131][169]LogSavePackage: Moving '../../../../../../Users/Uzair Hafeez/Desktop/SpaceShooterFinalVersion/HafeezSpaceShooter/Saved/BPGameController0245C72E48B1A64DF675EC9149B795BC.tmp' to '../../../../../../Users/Uzair Hafeez/Desktop/SpaceShooterFinalVersion/HafeezSpaceShooter/Content/Blueprints/BPGameController.uasset'
[2016.05.12-23.58.46:134][169]LogSavePackage: Total save time: 345.10ms
[2016.05.12-23.58.46:134][169]LogSavePackage:Display: Finished SavePackage ../../../../../../Users/Uzair Hafeez/Desktop/SpaceShooterFinalVersion/HafeezSpaceShooter/Content/Blueprints/BPGameController.uasset
[2016.05.12-23.58.47:751][263]LogActorComponent: UnregisterComponent: (/Engine/Transient.EditorFloorComp) Not registered. Aborting.
[2016.05.12-23.58.50:605][339]LogPlayLevel: PlayLevel: No blueprints needed recompiling
[2016.05.12-23.58.50:906][339]PIE: New page: PIE session: Main (May 12, 2016, 2:58:50 PM)
[2016.05.12-23.58.50:921][339]LogPlayLevel: Creating play world package: /Game/Maps/UEDPIE_0_Main
[2016.05.12-23.58.51:205][339]LogPlayLevel: PIE: StaticDuplicateObject took: (0.283756s)
[2016.05.12-23.58.51:265][339]LogAIModule: Creating AISystem for world Main
[2016.05.12-23.58.51:273][339]LogPlayLevel: PIE: World Init took: (0.068336s)
[2016.05.12-23.58.51:287][339]LogPlayLevel: PIE: Created PIE world by copying editor world from /Game/Maps/Main.Main to /Game/Maps/UEDPIE_0_Main.Main (0.366561s)
[2016.05.12-23.58.52:712][339]LogInit: XAudio2 using 'Headphones (High Definition Audio Device)' : 2 channels at 44.1 kHz using 16 bits per sample (channel mask 0x3)
[2016.05.12-23.58.52:837][339]LogInit: FAudioDevice initialized.
[2016.05.12-23.58.53:698][339]LogWorld: Game class is 'Shooter_C'
[2016.05.12-23.58.53:938][339]LogWorld: Bringing World /Game/Maps/UEDPIE_0_Main.Main up for play (max tick rate 60) at 2016.05.12-19.58.53
[2016.05.12-23.58.53:973][339]LogWorld: Bringing up level for play took: 0.154316
[2016.05.12-23.58.54:535][339]LogContentBrowser: Native class hierarchy updated for 'MovieSceneCapture' in 0.2019 seconds. Added 9 classes and 0 folders.
[2016.05.12-23.58.54:769][339]PIE: Info Play in editor start time for /Game/Maps/UEDPIE_0_Main 3.694
[2016.05.12-23.59.10:609][ 85]LogScript:Warning: Accessed None trying to read property CallFunc_GetPlayerPawn_ReturnValue
	BPEnemy_C /Game/Maps/UEDPIE_0_Main.Main:PersistentLevel.BPEnemy_C_0
	Function /Game/Blueprints/BPEnemy.BPEnemy_C:ExecuteUbergraph_BPEnemy:0467
[2016.05.12-23.59.10:609][ 85]PIE:Error: Error Blueprint Runtime Error: Accessed None trying to read property CallFunc_GetPlayerPawn_ReturnValue from function: 'ExecuteUbergraph_BPEnemy' from node: Branch in graph: EventGraph in object: BPEnemy
[2016.05.12-23.59.10:610][ 85]LogScript:Warning: Accessed None trying to read property CallFunc_GetPlayerPawn_ReturnValue
	BPEnemy_C /Game/Maps/UEDPIE_0_Main.Main:PersistentLevel.BPEnemy_C_3
	Function /Game/Blueprints/BPEnemy.BPEnemy_C:ExecuteUbergraph_BPEnemy:0467
[2016.05.12-23.59.10:610][ 85]PIE:Error: Error Blueprint Runtime Error: Accessed None trying to read property CallFunc_GetPlayerPawn_ReturnValue from function: 'ExecuteUbergraph_BPEnemy' from node: Branch in graph: EventGraph in object: BPEnemy
[2016.05.12-23.59.10:644][ 87]LogScript:Warning: Accessed None trying to read property CallFunc_GetPlayerPawn_ReturnValue
	BPEnemy_C /Game/Maps/UEDPIE_0_Main.Main:PersistentLevel.BPEnemy_C_2
	Function /Game/Blueprints/BPEnemy.BPEnemy_C:ExecuteUbergraph_BPEnemy:0467
[2016.05.12-23.59.10:644][ 87]PIE:Error: Error Blueprint Runtime Error: Accessed None trying to read property CallFunc_GetPlayerPawn_ReturnValue from function: 'ExecuteUbergraph_BPEnemy' from node: Branch in graph: EventGraph in object: BPEnemy
[2016.05.12-23.59.10:699][ 87]LogScript:Warning: Accessed None trying to read property CallFunc_GetPlayerPawn_ReturnValue
	BPEnemy_C /Game/Maps/UEDPIE_0_Main.Main:PersistentLevel.BPEnemy_C_4
	Function /Game/Blueprints/BPEnemy.BPEnemy_C:ExecuteUbergraph_BPEnemy:0467
[2016.05.12-23.59.10:699][ 87]PIE:Error: Error Blueprint Runtime Error: Accessed None trying to read property CallFunc_GetPlayerPawn_ReturnValue from function: 'ExecuteUbergraph_BPEnemy' from node: Branch in graph: EventGraph in object: BPEnemy
[2016.05.12-23.59.10:874][ 98]LogScript:Warning: Accessed None trying to read property CallFunc_GetPlayerPawn_ReturnValue
	BPEnemy2_C /Game/Maps/UEDPIE_0_Main.Main:PersistentLevel.BPEnemy2_C_0
	Function /Game/Blueprints/BPEnemy2.BPEnemy2_C:ExecuteUbergraph_BPEnemy2:0467
[2016.05.12-23.59.10:874][ 98]PIE:Error: Error Blueprint Runtime Error: Accessed None trying to read property CallFunc_GetPlayerPawn_ReturnValue from function: 'ExecuteUbergraph_BPEnemy2' from node: Branch in graph: EventGraph in object: BPEnemy2
[2016.05.12-23.59.14:447][251]LogPlayLevel: PlayLevel: No blueprints needed recompiling
[2016.05.12-23.59.14:447][251]PIE: New page: PIE session: Main (May 12, 2016, 2:59:14 PM)
[2016.05.12-23.59.14:448][251]LogPlayLevel: Creating play world package: /Game/Maps/UEDPIE_0_Main
[2016.05.12-23.59.14:450][251]LogPlayLevel: PIE: StaticDuplicateObject took: (0.002545s)
[2016.05.12-23.59.14:451][251]LogAIModule: Creating AISystem for world Main
[2016.05.12-23.59.14:451][251]LogPlayLevel: PIE: World Init took: (0.000950s)
[2016.05.12-23.59.14:451][251]LogPlayLevel: PIE: Created PIE world by copying editor world from /Game/Maps/Main.Main to /Game/Maps/UEDPIE_0_Main.Main (0.003790s)
[2016.05.12-23.59.14:490][251]LogInit: XAudio2 using 'Headphones (High Definition Audio Device)' : 2 channels at 44.1 kHz using 16 bits per sample (channel mask 0x3)
[2016.05.12-23.59.14:515][251]LogInit: FAudioDevice initialized.
[2016.05.12-23.59.14:564][251]LogWorld: Game class is 'Shooter_C'
[2016.05.12-23.59.14:567][251]LogWorld: Bringing World /Game/Maps/UEDPIE_0_Main.Main up for play (max tick rate 60) at 2016.05.12-19.59.14
[2016.05.12-23.59.14:567][251]LogWorld: Bringing up level for play took: 0.002566
[2016.05.12-23.59.14:569][251]PIE: Info Play in editor start time for /Game/Maps/UEDPIE_0_Main -0.505
[2016.05.12-23.59.33:533][861]LogPlayLevel: PlayLevel: No blueprints needed recompiling
[2016.05.12-23.59.33:534][861]PIE: New page: PIE session: Main (May 12, 2016, 2:59:33 PM)
[2016.05.12-23.59.33:534][861]LogPlayLevel: Creating play world package: /Game/Maps/UEDPIE_0_Main
[2016.05.12-23.59.33:535][861]LogPlayLevel: PIE: StaticDuplicateObject took: (0.001672s)
[2016.05.12-23.59.33:536][861]LogAIModule: Creating AISystem for world Main
[2016.05.12-23.59.33:536][861]LogPlayLevel: PIE: World Init took: (0.000785s)
[2016.05.12-23.59.33:536][861]LogPlayLevel: PIE: Created PIE world by copying editor world from /Game/Maps/Main.Main to /Game/Maps/UEDPIE_0_Main.Main (0.002677s)
[2016.05.12-23.59.33:573][861]LogInit: XAudio2 using 'Headphones (High Definition Audio Device)' : 2 channels at 44.1 kHz using 16 bits per sample (channel mask 0x3)
[2016.05.12-23.59.33:584][861]LogInit: FAudioDevice initialized.
[2016.05.12-23.59.33:616][861]LogWorld: Game class is 'Shooter_C'
[2016.05.12-23.59.33:619][861]LogWorld: Bringing World /Game/Maps/UEDPIE_0_Main.Main up for play (max tick rate 60) at 2016.05.12-19.59.33
[2016.05.12-23.59.33:619][861]LogWorld: Bringing up level for play took: 0.002757
[2016.05.12-23.59.33:622][861]PIE: Info Play in editor start time for /Game/Maps/UEDPIE_0_Main 0.548
[2016.05.13-00.02.19:267][752]LogScript:Warning: Accessed None trying to read property CallFunc_GetPlayerPawn_ReturnValue
	BPEnemy_C /Game/Maps/UEDPIE_0_Main.Main:PersistentLevel.BPEnemy_C_20
	Function /Game/Blueprints/BPEnemy.BPEnemy_C:ExecuteUbergraph_BPEnemy:0467
[2016.05.13-00.02.19:267][752]PIE:Error: Error Blueprint Runtime Error: Accessed None trying to read property CallFunc_GetPlayerPawn_ReturnValue from function: 'ExecuteUbergraph_BPEnemy' from node: Branch in graph: EventGraph in object: BPEnemy
[2016.05.13-00.02.25:271][ 66]LogSavePackage: Save=153.65ms
[2016.05.13-00.02.25:271][ 66]LogSavePackage: Moving '../../../../../../Users/Uzair Hafeez/Desktop/SpaceShooterFinalVersion/HafeezSpaceShooter/Saved/Main0FA5F4224A26CE0E341DBBAD8630528B.tmp' to '../../../../../../Users/Uzair Hafeez/Desktop/SpaceShooterFinalVersion/HafeezSpaceShooter/Content/Maps/Main.umap'
[2016.05.13-00.02.25:272][ 66]LogSavePackage: Total save time: 178.67ms
[2016.05.13-00.02.25:272][ 66]LogSavePackage:Display: Finished SavePackage ../../../../../../Users/Uzair Hafeez/Desktop/SpaceShooterFinalVersion/HafeezSpaceShooter/Content/Maps/Main.umap
[2016.05.13-00.02.31:252][403]LogPlayLevel: PlayLevel: No blueprints needed recompiling
[2016.05.13-00.02.31:252][403]PIE: New page: PIE session: Main (May 12, 2016, 3:02:31 PM)
[2016.05.13-00.02.31:252][403]LogPlayLevel: Creating play world package: /Game/Maps/UEDPIE_0_Main
[2016.05.13-00.02.31:254][403]LogPlayLevel: PIE: StaticDuplicateObject took: (0.002093s)
[2016.05.13-00.02.31:255][403]LogAIModule: Creating AISystem for world Main
[2016.05.13-00.02.31:255][403]LogPlayLevel: PIE: World Init took: (0.000872s)
[2016.05.13-00.02.31:256][403]LogPlayLevel: PIE: Created PIE world by copying editor world from /Game/Maps/Main.Main to /Game/Maps/UEDPIE_0_Main.Main (0.003246s)
[2016.05.13-00.02.31:298][403]LogInit: XAudio2 using 'Headphones (High Definition Audio Device)' : 2 channels at 44.1 kHz using 16 bits per sample (channel mask 0x3)
[2016.05.13-00.02.31:310][403]LogInit: FAudioDevice initialized.
[2016.05.13-00.02.31:344][403]LogWorld: Game class is 'Shooter_C'
[2016.05.13-00.02.31:347][403]LogWorld: Bringing World /Game/Maps/UEDPIE_0_Main.Main up for play (max tick rate 60) at 2016.05.12-20.02.31
[2016.05.13-00.02.31:347][403]LogWorld: Bringing up level for play took: 0.002794
[2016.05.13-00.02.31:349][403]PIE: Info Play in editor start time for /Game/Maps/UEDPIE_0_Main 0.275
[2016.05.13-00.02.38:011][785]LogSavePackage: Save=28.67ms
[2016.05.13-00.02.38:011][785]LogSavePackage: Moving '../../../../../../Users/Uzair Hafeez/Desktop/SpaceShooterFinalVersion/HafeezSpaceShooter/Saved/Main6644D41242D48E293E58F4B42A5601AA.tmp' to '../../../../../../Users/Uzair Hafeez/Desktop/SpaceShooterFinalVersion/HafeezSpaceShooter/Content/Maps/Main.umap'
[2016.05.13-00.02.38:013][785]LogSavePackage: Total save time: 51.46ms
[2016.05.13-00.02.38:013][785]LogSavePackage:Display: Finished SavePackage ../../../../../../Users/Uzair Hafeez/Desktop/SpaceShooterFinalVersion/HafeezSpaceShooter/Content/Maps/Main.umap
[2016.05.13-00.02.40:570][915]LogWindowsTextInputMethodSystem:Display: IME system now deactivated.
[2016.05.13-00.02.50:515][916]Cmd: QUIT_EDITOR
[2016.05.13-00.02.54:956][916]LogExit: Preparing to exit.
[2016.05.13-00.03.00:842][916]LogExit: Editor shut down
[2016.05.13-00.03.00:873][916]LogExit: Transaction tracking system shut down
[2016.05.13-00.03.13:262][916]LogObj: Freed 0b from 0 cluster array pools.
[2016.05.13-00.03.13:262][916]LogExit: Object subsystem successfully closed.
[2016.05.13-00.03.15:611][916]LogD3D11RHI: Shutdown
[2016.05.13-00.03.15:611][916]LogD3D11RHI: CleanupD3DDevice
[2016.05.13-00.03.17:833][916]LogD3D11RHI: ~FD3D11DynamicRHI
[2016.05.13-00.03.18:678][916]LogDerivedDataCache: Shutdown
[2016.05.13-00.03.20:744][916]LogModuleManager: Shutting down and abandoning module MovieSceneCapture (206)
[2016.05.13-00.03.20:744][916]LogModuleManager: Shutting down and abandoning module BlueprintGraph (205)
[2016.05.13-00.03.20:744][916]LogModuleManager: Shutting down and abandoning module HierarchicalLODOutliner (204)
[2016.05.13-00.03.20:759][916]LogModuleManager: Shutting down and abandoning module CrashTracker (203)
[2016.05.13-00.03.20:882][916]LogModuleManager: Shutting down and abandoning module SceneOutliner (202)
[2016.05.13-00.03.20:882][916]LogModuleManager: Shutting down and abandoning module SuperSearch (201)
[2016.05.13-00.03.20:905][916]LogModuleManager: Shutting down and abandoning module WidgetCarousel (200)
[2016.05.13-00.03.20:951][916]LogModuleManager: Shutting down and abandoning module AddContentDialog (199)
[2016.05.13-00.03.23:366][916]LogModuleManager: Shutting down and abandoning module GameplayTags (198)
[2016.05.13-00.03.23:366][916]LogModuleManager: Shutting down and abandoning module EditorWidgets (197)
[2016.05.13-00.03.23:366][916]LogModuleManager: Shutting down and abandoning module CollectionManager (196)
[2016.05.13-00.03.23:394][916]LogModuleManager: Shutting down and abandoning module StatsViewer (195)
[2016.05.13-00.03.23:515][916]LogModuleManager: Shutting down and abandoning module FoliageEdit (194)
[2016.05.13-00.03.23:536][916]LogModuleManager: Shutting down and abandoning module LandscapeEditor (193)
[2016.05.13-00.03.23:571][916]LogModuleManager: Shutting down and abandoning module ActorPickerMode (192)
[2016.05.13-00.03.23:571][916]LogModuleManager: Shutting down and abandoning module GeometryMode (191)
[2016.05.13-00.03.23:571][916]LogModuleManager: Shutting down and abandoning module TextureAlignMode (190)
[2016.05.13-00.03.23:571][916]LogModuleManager: Shutting down and abandoning module BspMode (189)
[2016.05.13-00.03.23:571][916]LogModuleManager: Shutting down and abandoning module PlacementMode (188)
[2016.05.13-00.03.23:571][916]LogModuleManager: Shutting down and abandoning module AutomationWorker (187)
[2016.05.13-00.03.23:724][916]LogModuleManager: Shutting down and abandoning module CharacterAI (186)
[2016.05.13-00.03.23:784][916]LogModuleManager: Shutting down and abandoning module SmartSnapping (185)
[2016.05.13-00.03.23:786][916]LogModuleManager: Shutting down and abandoning module ViewportSnapping (184)
[2016.05.13-00.03.23:786][916]LogModuleManager: Shutting down and abandoning module LogVisualizer (183)
[2016.05.13-00.03.23:894][916]LogModuleManager: Shutting down and abandoning module GameProjectGeneration (182)
[2016.05.13-00.03.24:070][916]LogModuleManager: Shutting down and abandoning module IntroTutorials (181)
[2016.05.13-00.03.24:126][916]LogModuleManager: Shutting down and abandoning module EditorLiveStreaming (180)
[2016.05.13-00.03.24:203][916]LogModuleManager: Shutting down and abandoning module IOSPlatformEditor (179)
[2016.05.13-00.03.24:265][916]LogModuleManager: Shutting down and abandoning module HTML5PlatformEditor (178)
[2016.05.13-00.03.24:265][916]LogModuleManager: Shutting down and abandoning module AndroidDeviceDetection (177)
[2016.05.13-00.03.24:546][916]LogModuleManager: Shutting down and abandoning module AndroidPlatformEditor (176)
[2016.05.13-00.03.24:584][916]LogModuleManager: Shutting down and abandoning module IOSRuntimeSettings (175)
[2016.05.13-00.03.24:584][916]LogModuleManager: Shutting down and abandoning module AndroidRuntimeSettings (174)
[2016.05.13-00.03.24:584][916]LogModuleManager: Shutting down and abandoning module MergeActors (173)
[2016.05.13-00.03.24:615][916]LogModuleManager: Shutting down and abandoning module SizeMap (172)
[2016.05.13-00.03.24:678][916]LogModuleManager: Shutting down and abandoning module TreeMap (171)
[2016.05.13-00.03.24:722][916]LogModuleManager: Shutting down and abandoning module ReferenceViewer (170)
[2016.05.13-00.03.24:731][916]LogModuleManager: Shutting down and abandoning module LocalizationService (169)
[2016.05.13-00.03.24:827][916]LogModuleManager: Shutting down and abandoning module LocalizationDashboard (168)
[2016.05.13-00.03.24:838][916]LogModuleManager: Shutting down and abandoning module HardwareTargeting (167)
[2016.05.13-00.03.24:838][916]LogModuleManager: Shutting down and abandoning module DeviceProfileEditor (166)
[2016.05.13-00.03.24:881][916]LogModuleManager: Shutting down and abandoning module UndoHistory (165)
[2016.05.13-00.03.24:940][916]LogModuleManager: Shutting down and abandoning module UserFeedback (164)
[2016.05.13-00.03.24:940][916]LogModuleManager: Shutting down and abandoning module XmlParser (163)
[2016.05.13-00.03.24:951][916]LogModuleManager: Shutting down and abandoning module Blutility (162)
[2016.05.13-00.03.24:976][916]LogModuleManager: Shutting down and abandoning module ProjectTargetPlatformEditor (161)
[2016.05.13-00.03.24:976][916]LogModuleManager: Shutting down and abandoning module ProjectSettingsViewer (160)
[2016.05.13-00.03.24:976][916]LogModuleManager: Shutting down and abandoning module InputBindingEditor (159)
[2016.05.13-00.03.24:995][916]LogModuleManager: Shutting down and abandoning module EditorSettingsViewer (158)
[2016.05.13-00.03.24:996][916]LogModuleManager: Shutting down and abandoning module SettingsEditor (157)
[2016.05.13-00.03.25:054][916]LogModuleManager: Shutting down and abandoning module ProjectLauncher (156)
[2016.05.13-00.03.25:094][916]LogModuleManager: Shutting down and abandoning module SessionFrontend (155)
[2016.05.13-00.03.25:203][916]LogModuleManager: Shutting down and abandoning module ProfilerClient (154)
[2016.05.13-00.03.25:227][916]LogModuleManager: Shutting down and abandoning module TargetDeviceServices (153)
[2016.05.13-00.03.25:227][916]LogModuleManager: Shutting down and abandoning module DeviceManager (152)
[2016.05.13-00.03.25:307][916]LogModuleManager: Shutting down and abandoning module AutomationController (151)
[2016.05.13-00.03.25:335][916]LogModuleManager: Shutting down and abandoning module AutomationWindow (150)
[2016.05.13-00.03.25:359][916]LogModuleManager: Shutting down and abandoning module Layers (149)
[2016.05.13-00.03.25:398][916]LogModuleManager: Shutting down and abandoning module ComponentVisualizers (148)
[2016.05.13-00.03.25:398][916]LogModuleManager: Shutting down and abandoning module DetailCustomizations (147)
[2016.05.13-00.03.25:406][916]LogModuleManager: Shutting down and abandoning module PackagesDialog (146)
[2016.05.13-00.03.25:449][916]LogModuleManager: Shutting down and abandoning module Persona (145)
[2016.05.13-00.03.25:616][916]LogModuleManager: Shutting down and abandoning module Kismet (144)
[2016.05.13-00.03.25:616][916]LogModuleManager: Shutting down and abandoning module GraphEditor (143)
[2016.05.13-00.03.25:616][916]LogModuleManager: Shutting down and abandoning module ClassViewer (142)
[2016.05.13-00.03.25:660][916]LogModuleManager: Shutting down and abandoning module Toolbox (141)
[2016.05.13-00.03.25:683][916]LogModuleManager: Shutting down and abandoning module ModuleUI (140)
[2016.05.13-00.03.25:713][916]LogModuleManager: Shutting down and abandoning module MovieSceneTools (139)
[2016.05.13-00.03.25:825][916]LogModuleManager: Shutting down and abandoning module OutputLog (138)
[2016.05.13-00.03.25:956][916]LogModuleManager: Shutting down and abandoning module GammaUI (137)
[2016.05.13-00.03.25:993][916]LogModuleManager: Shutting down and abandoning module Documentation (136)
[2016.05.13-00.03.25:993][916]LogModuleManager: Shutting down and abandoning module StreamingPauseRendering (135)
[2016.05.13-00.03.25:993][916]LogModuleManager: Shutting down and abandoning module AnalyticsET (134)
[2016.05.13-00.03.25:993][916]LogModuleManager: Shutting down and abandoning module Analytics (133)
[2016.05.13-00.03.25:993][916]LogModuleManager: Shutting down and abandoning module PortalServices (132)
[2016.05.13-00.03.25:994][916]LogModuleManager: Shutting down and abandoning module PortalRpc (131)
[2016.05.13-00.03.25:994][916]LogModuleManager: Shutting down and abandoning module MessagingRpc (130)
[2016.05.13-00.03.25:994][916]LogModuleManager: Shutting down and abandoning module AITestSuite (129)
[2016.05.13-00.03.26:012][916]LogModuleManager: Shutting down and abandoning module GameplayDebugger (128)
[2016.05.13-00.03.26:013][916]LogModuleManager: Shutting down and abandoning module AIModule (127)
[2016.05.13-00.03.26:013][916]LogModuleManager: Shutting down and abandoning module ProfilerService (126)
[2016.05.13-00.03.26:147][916]LogModuleManager: Shutting down and abandoning module TaskGraph (125)
[2016.05.13-00.03.26:223][916]LogModuleManager: Shutting down and abandoning module SlateRemote (124)
[2016.05.13-00.03.26:237][916]LogModuleManager: Shutting down and abandoning module SteamVRController (123)
[2016.05.13-00.03.26:237][916]LogModuleManager: Shutting down and abandoning module SteamVR (122)
[2016.05.13-00.03.26:237][916]LogModuleManager: Shutting down and abandoning module ProceduralMeshComponent (121)
[2016.05.13-00.03.26:237][916]LogModuleManager: Shutting down and abandoning module OculusLibrary (120)
[2016.05.13-00.03.26:237][916]LogModuleManager: Shutting down and abandoning module OculusInput (119)
[2016.05.13-00.03.26:237][916]LogModuleManager: Shutting down and abandoning module CustomMeshComponent (118)
[2016.05.13-00.03.26:237][916]LogModuleManager: Shutting down and abandoning module CableComponent (117)
[2016.05.13-00.03.26:237][916]LogModuleManager: Shutting down and abandoning module ArchVisCharacter (116)
[2016.05.13-00.03.26:237][916]LogModuleManager: Shutting down and abandoning module MediaPlayerEditor (115)
[2016.05.13-00.03.26:270][916]LogModuleManager: Shutting down and abandoning module HTML5Networking (114)
[2016.05.13-00.03.26:270][916]LogModuleManager: Shutting down and abandoning module SpeedTreeImporter (113)
[2016.05.13-00.03.26:270][916]LogModuleManager: Shutting down and abandoning module PluginBrowser (112)
[2016.05.13-00.03.26:313][916]LogModuleManager: Shutting down and abandoning module EpicSurvey (111)
[2016.05.13-00.03.26:372][916]LogModuleManager: Shutting down and abandoning module DesktopPlatform (110)
[2016.05.13-00.03.26:399][916]LogModuleManager: Shutting down and abandoning module VisualStudioSourceCodeAccess (109)
[2016.05.13-00.03.26:410][916]LogModuleManager: Shutting down and abandoning module UObjectPlugin (108)
[2016.05.13-00.03.26:410][916]LogModuleManager: Shutting down and abandoning module SubversionSourceControl (107)
[2016.05.13-00.03.26:425][916]LogModuleManager: Shutting down and abandoning module PerforceSourceControl (106)
[2016.05.13-00.03.26:453][916]LogModuleManager: Shutting down and abandoning module SourceControl (105)
[2016.05.13-00.03.26:453][916]LogModuleManager: Shutting down and abandoning module GitSourceControl (104)
[2016.05.13-00.03.26:565][916]LogModuleManager: Shutting down and abandoning module LightPropagationVolumeEditor (103)
[2016.05.13-00.03.26:565][916]LogModuleManager: Shutting down and abandoning module PaperTiledImporter (102)
[2016.05.13-00.03.26:583][916]LogModuleManager: Shutting down and abandoning module PaperSpriteSheetImporter (101)
[2016.05.13-00.03.26:583][916]LogModuleManager: Shutting down and abandoning module MeshPaint (100)
[2016.05.13-00.03.26:592][916]LogModuleManager: Shutting down and abandoning module HotReload (99)
[2016.05.13-00.03.26:650][916]LogModuleManager: Shutting down and abandoning module MainFrame (98)
[2016.05.13-00.03.26:650][916]LogModuleManager: Shutting down and abandoning module LevelEditor (97)
[2016.05.13-00.03.26:660][916]LogModuleManager: Shutting down and abandoning module DirectoryWatcher (96)
[2016.05.13-00.03.26:662][916]LogModuleManager: Shutting down and abandoning module AssetRegistry (95)
[2016.05.13-00.03.27:312][916]LogModuleManager: Shutting down and abandoning module ContentBrowser (94)
[2016.05.13-00.03.29:298][916]LogModuleManager: Shutting down and abandoning module Paper2DEditor (93)
[2016.05.13-00.03.29:385][916]LogModuleManager: Shutting down and abandoning module UdpMessaging (92)
[2016.05.13-00.03.29:486][916]LogModuleManager: Shutting down and abandoning module LightPropagationVolumeRuntime (91)
[2016.05.13-00.03.29:486][916]LogModuleManager: Shutting down and abandoning module Paper2D (90)
[2016.05.13-00.03.29:525][916]LogModuleManager: Shutting down and abandoning module WindowsMoviePlayer (89)
[2016.05.13-00.03.29:599][916]LogModuleManager: Shutting down and abandoning module Media (88)
[2016.05.13-00.03.29:599][916]LogModuleManager: Shutting down and abandoning module WmfMedia (87)
[2016.05.13-00.03.29:741][916]LogModuleManager: Shutting down and abandoning module MediaAssets (86)
[2016.05.13-00.03.29:741][916]LogModuleManager: Shutting down and abandoning module GameLiveStreaming (85)
[2016.05.13-00.03.29:741][916]LogModuleManager: Shutting down and abandoning module GameplayTagsEditor (84)
[2016.05.13-00.03.29:741][916]LogModuleManager: Shutting down and abandoning module OnlineBlueprintSupport (83)
[2016.05.13-00.03.29:741][916]LogModuleManager: Shutting down and abandoning module GameplayTasksEditor (82)
[2016.05.13-00.03.29:741][916]LogModuleManager: Shutting down and abandoning module PropertyEditor (81)
[2016.05.13-00.03.29:822][916]LogModuleManager: Shutting down and abandoning module BehaviorTreeEditor (80)
[2016.05.13-00.03.29:897][916]LogModuleManager: Shutting down and abandoning module FunctionalTesting (79)
[2016.05.13-00.03.29:897][916]LogModuleManager: Shutting down and abandoning module CollisionAnalyzer (78)
[2016.05.13-00.03.29:951][916]LogModuleManager: Shutting down and abandoning module WorkspaceMenuStructure (77)
[2016.05.13-00.03.30:040][916]LogModuleManager: Shutting down and abandoning module MessageLog (76)
[2016.05.13-00.03.30:040][916]LogModuleManager: Shutting down and abandoning module Sequencer (75)
[2016.05.13-00.03.30:142][916]LogModuleManager: Shutting down and abandoning module AssetTools (74)
[2016.05.13-00.03.30:282][916]LogModuleManager: Shutting down and abandoning module UMGEditor (73)
[2016.05.13-00.03.30:366][916]LogModuleManager: Shutting down and abandoning module UMG (72)
[2016.05.13-00.03.30:772][916]LogModuleManager: Shutting down and abandoning module SlateReflector (71)
[2016.05.13-00.03.30:871][916]LogModuleManager: Shutting down and abandoning module Slate (70)
[2016.05.13-00.03.30:871][916]LogModuleManager: Shutting down and abandoning module EditorStyle (69)
[2016.05.13-00.03.30:875][916]LogModuleManager: Shutting down and abandoning module SessionServices (68)
[2016.05.13-00.03.30:875][916]LogModuleManager: Shutting down and abandoning module SourceCodeAccess (67)
[2016.05.13-00.03.30:875][916]LogModuleManager: Shutting down and abandoning module HeadMountedDisplay (66)
[2016.05.13-00.03.30:875][916]LogModuleManager: Shutting down and abandoning module XAudio2 (65)
[2016.05.13-00.03.30:875][916]LogModuleManager: Shutting down and abandoning module Networking (63)
[2016.05.13-00.03.30:875][916]LogModuleManager: Shutting down and abandoning module Core (62)
[2016.05.13-00.03.30:875][916]LogModuleManager: Shutting down and abandoning module KismetCompiler (61)
[2016.05.13-00.03.30:875][916]LogModuleManager: Shutting down and abandoning module PhysXFormats (60)
[2016.05.13-00.03.30:888][916]LogModuleManager: Shutting down and abandoning module MeshUtilities (59)
[2016.05.13-00.03.30:942][916]LogModuleManager: Shutting down and abandoning module CookingStats (58)
[2016.05.13-00.03.30:942][916]LogModuleManager: Shutting down and abandoning module DerivedDataCache (57)
[2016.05.13-00.03.30:942][916]LogDerivedDataCache: Shutdown
[2016.05.13-00.03.30:942][916]LogModuleManager: Shutting down and abandoning module ShaderFormatOpenGL (56)
[2016.05.13-00.03.30:962][916]LogModuleManager: Shutting down and abandoning module ShaderFormatD3D (55)
[2016.05.13-00.03.31:060][916]LogModuleManager: Shutting down and abandoning module MetalShaderFormat (54)
[2016.05.13-00.03.31:122][916]LogModuleManager: Shutting down and abandoning module TextureFormatUncompressed (53)
[2016.05.13-00.03.31:122][916]LogModuleManager: Shutting down and abandoning module TextureFormatPVR (52)
[2016.05.13-00.03.31:139][916]LogModuleManager: Shutting down and abandoning module TextureFormatIntelISPCTexComp (51)
[2016.05.13-00.03.31:164][916]LogModuleManager: Shutting down and abandoning module TextureFormatDXT (50)
[2016.05.13-00.03.31:189][916]LogModuleManager: Shutting down and abandoning module ImageWrapper (49)
[2016.05.13-00.03.31:189][916]LogModuleManager: Shutting down and abandoning module TextureFormatASTC (48)
[2016.05.13-00.03.31:189][916]LogModuleManager: Shutting down and abandoning module TextureFormatAndroid (47)
[2016.05.13-00.03.31:189][916]LogModuleManager: Shutting down and abandoning module AudioFormatOpus (46)
[2016.05.13-00.03.31:189][916]LogModuleManager: Shutting down and abandoning module AudioFormatOgg (45)
[2016.05.13-00.03.31:246][916]LogModuleManager: Shutting down and abandoning module AudioFormatADPCM (44)
[2016.05.13-00.03.31:304][916]LogModuleManager: Shutting down and abandoning module LinuxTargetPlatform (43)
[2016.05.13-00.03.31:304][916]LogModuleManager: Shutting down and abandoning module LinuxServerTargetPlatform (42)
[2016.05.13-00.03.31:347][916]LogModuleManager: Shutting down and abandoning module LinuxNoEditorTargetPlatform (41)
[2016.05.13-00.03.31:359][916]LogModuleManager: Shutting down and abandoning module TVOSTargetPlatform (40)
[2016.05.13-00.03.31:359][916]LogModuleManager: Shutting down and abandoning module Messaging (39)
[2016.05.13-00.03.31:359][916]LogModuleManager: Shutting down and abandoning module IOSTargetPlatform (38)
[2016.05.13-00.03.31:359][916]LogModuleManager: Shutting down and abandoning module HTML5TargetPlatform (37)
[2016.05.13-00.03.31:359][916]LogModuleManager: Shutting down and abandoning module Android_PVRTCTargetPlatform (36)
[2016.05.13-00.03.31:359][916]LogModuleManager: Shutting down and abandoning module Android_MultiTargetPlatform (35)
[2016.05.13-00.03.31:420][916]LogModuleManager: Shutting down and abandoning module Android_ETC2TargetPlatform (34)
[2016.05.13-00.03.31:420][916]LogModuleManager: Shutting down and abandoning module Android_ETC1TargetPlatform (33)
[2016.05.13-00.03.31:420][916]LogModuleManager: Shutting down and abandoning module Android_DXTTargetPlatform (32)
[2016.05.13-00.03.31:420][916]LogModuleManager: Shutting down and abandoning module Android_ATCTargetPlatform (31)
[2016.05.13-00.03.31:420][916]LogModuleManager: Shutting down and abandoning module Android_ASTCTargetPlatform (30)
[2016.05.13-00.03.31:420][916]LogModuleManager: Shutting down and abandoning module AndroidTargetPlatform (29)
[2016.05.13-00.03.31:420][916]LogModuleManager: Shutting down and abandoning module WindowsTargetPlatform (28)
[2016.05.13-00.03.31:420][916]LogModuleManager: Shutting down and abandoning module WindowsServerTargetPlatform (27)
[2016.05.13-00.03.31:450][916]LogModuleManager: Shutting down and abandoning module WindowsNoEditorTargetPlatform (26)
[2016.05.13-00.03.31:499][916]LogModuleManager: Shutting down and abandoning module WindowsClientTargetPlatform (25)
[2016.05.13-00.03.31:535][916]LogModuleManager: Shutting down and abandoning module AllDesktopTargetPlatform (24)
[2016.05.13-00.03.31:535][916]LogModuleManager: Shutting down and abandoning module TargetPlatform (23)
[2016.05.13-00.03.31:535][916]LogModuleManager: Shutting down and abandoning module InputCore (22)
[2016.05.13-00.03.31:535][916]LogModuleManager: Shutting down and abandoning module Settings (21)
[2016.05.13-00.03.31:535][916]LogModuleManager: Shutting down and abandoning module OnlineSubsystem (19)
[2016.05.13-00.03.31:535][916]LogModuleManager: Shutting down and abandoning module HTTP (18)
[2016.05.13-00.03.33:537][916]LogModuleManager: Shutting down and abandoning module XMPP (17)
[2016.05.13-00.03.33:616][916]LogModuleManager: Shutting down and abandoning module OculusRift (16)
[2016.05.13-00.03.33:674][916]LogModuleManager: Shutting down and abandoning module ExampleDeviceProfileSelector (15)
[2016.05.13-00.03.33:674][916]LogModuleManager: Shutting down and abandoning module TextureCompressor (14)
[2016.05.13-00.03.33:761][916]LogModuleManager: Shutting down and abandoning module ShaderCore (13)
[2016.05.13-00.03.33:761][916]LogModuleManager: Shutting down and abandoning module Landscape (12)
[2016.05.13-00.03.33:761][916]LogModuleManager: Shutting down and abandoning module SlateRHIRenderer (11)
[2016.05.13-00.03.35:137][916]LogModuleManager: Shutting down and abandoning module OpenGLDrv (10)
[2016.05.13-00.03.35:175][916]LogModuleManager: Shutting down and abandoning module D3D11RHI (9)
[2016.05.13-00.03.35:175][916]LogModuleManager: Shutting down and abandoning module AnimGraphRuntime (8)
[2016.05.13-00.03.35:175][916]LogModuleManager: Shutting down and abandoning module Renderer (7)
[2016.05.13-00.03.35:175][916]LogModuleManager: Shutting down and abandoning module Engine (6)
[2016.05.13-00.03.35:175][916]LogModuleManager: Shutting down and abandoning module CoreUObject (5)
[2016.05.13-00.03.35:175][916]LogModuleManager: Shutting down and abandoning module NetworkFile (4)
[2016.05.13-00.03.35:199][916]LogModuleManager: Shutting down and abandoning module StreamingFile (3)
[2016.05.13-00.03.35:214][916]LogModuleManager: Shutting down and abandoning module SandboxFile (2)
[2016.05.13-00.03.35:220][916]LogModuleManager: Shutting down and abandoning module PakFile (1)
[2016.05.13-00.03.35:307][916]LogExit: Exiting.
[2016.05.13-00.03.35:398][916]Log file closed, 05/12/16 20:03:35
